Log file open, 05/17/19 13:16:58
LogInit:Display: Running engine without a game
LogPlatformFile: Not using cached read wrapper
LogInit:Display: Loading recent project file: C:/Users/Rohit Panjwani/Documents/Unreal Projects/Chess/Chess.uproject
LogInit:Display: RandInit(-323164249) SRandInit(-323164249).
LogTaskGraph: Started task graph with 5 named threads and 8 total threads with 1 sets of task threads.
LogStats: Stats thread started at 0.813416
LogPluginManager: Loaded Plugin Paper2D, From C:/Program Files/Epic Games/UE_4.14/Engine/Plugins/2D/Paper2D/Paper2D.uplugin
LogPluginManager: Loaded Plugin LightPropagationVolume, From C:/Program Files/Epic Games/UE_4.14/Engine/Plugins/Blendables/LightPropagationVolume/LightPropagationVolume.uplugin
LogPluginManager: Loaded Plugin BlankPlugin, From C:/Program Files/Epic Games/UE_4.14/Engine/Plugins/Developer/BlankPlugin/BlankPlugin.uplugin
LogPluginManager: Loaded Plugin CodeLiteSourceCodeAccess, From C:/Program Files/Epic Games/UE_4.14/Engine/Plugins/Developer/CodeLiteSourceCodeAccess/CodeLiteSourceCodeAccess.uplugin
LogPluginManager: Loaded Plugin GitSourceControl, From C:/Program Files/Epic Games/UE_4.14/Engine/Plugins/Developer/GitSourceControl/GitSourceControl.uplugin
LogPluginManager: Loaded Plugin KDevelopSourceCodeAccess, From C:/Program Files/Epic Games/UE_4.14/Engine/Plugins/Developer/KDevelopSourceCodeAccess/KDevelopSourceCodeAccess.uplugin
LogPluginManager: Loaded Plugin NullSourceCodeAccess, From C:/Program Files/Epic Games/UE_4.14/Engine/Plugins/Developer/NullSourceCodeAccess/NullSourceCodeAccess.uplugin
LogPluginManager: Loaded Plugin OneSkyLocalizationService, From C:/Program Files/Epic Games/UE_4.14/Engine/Plugins/Developer/OneSkyLocalizationService/OneSkyLocalizationService.uplugin
LogPluginManager: Loaded Plugin PerforceSourceControl, From C:/Program Files/Epic Games/UE_4.14/Engine/Plugins/Developer/PerforceSourceControl/PerforceSourceControl.uplugin
LogPluginManager: Loaded Plugin SubversionSourceControl, From C:/Program Files/Epic Games/UE_4.14/Engine/Plugins/Developer/SubversionSourceControl/SubversionSourceControl.uplugin
LogPluginManager: Loaded Plugin UObjectPlugin, From C:/Program Files/Epic Games/UE_4.14/Engine/Plugins/Developer/UObjectPlugin/UObjectPlugin.uplugin
LogPluginManager: Loaded Plugin VisualStudioSourceCodeAccess, From C:/Program Files/Epic Games/UE_4.14/Engine/Plugins/Developer/VisualStudioSourceCodeAccess/VisualStudioSourceCodeAccess.uplugin
LogPluginManager: Loaded Plugin XCodeSourceCodeAccess, From C:/Program Files/Epic Games/UE_4.14/Engine/Plugins/Developer/XCodeSourceCodeAccess/XCodeSourceCodeAccess.uplugin
LogPluginManager: Loaded Plugin AudioCapture, From C:/Program Files/Epic Games/UE_4.14/Engine/Plugins/Editor/AudioCapture/AudioCapture.uplugin
LogPluginManager: Loaded Plugin EpicSurvey, From C:/Program Files/Epic Games/UE_4.14/Engine/Plugins/Editor/EpicSurvey/EpicSurvey.uplugin
LogPluginManager: Loaded Plugin MacGraphicsSwitching, From C:/Program Files/Epic Games/UE_4.14/Engine/Plugins/Editor/MacGraphicsSwitching/MacGraphicsSwitching.uplugin
LogPluginManager: Loaded Plugin MobileLauncherProfileWizard, From C:/Program Files/Epic Games/UE_4.14/Engine/Plugins/Editor/MobileLauncherProfileWizard/MobileLauncherProfileWizard.uplugin
LogPluginManager: Loaded Plugin PluginBrowser, From C:/Program Files/Epic Games/UE_4.14/Engine/Plugins/Editor/PluginBrowser/PluginBrowser.uplugin
LogPluginManager: Loaded Plugin SpeedTreeImporter, From C:/Program Files/Epic Games/UE_4.14/Engine/Plugins/Editor/SpeedTreeImporter/SpeedTreeImporter.uplugin
LogPluginManager: Loaded Plugin SuperSearchEditor, From C:/Program Files/Epic Games/UE_4.14/Engine/Plugins/Editor/SuperSearchEditor/SuperSearchEditor.uplugin
LogPluginManager: Loaded Plugin AlembicImporter, From C:/Program Files/Epic Games/UE_4.14/Engine/Plugins/Experimental/AlembicImporter/AlembicImporter.uplugin
LogPluginManager: Loaded Plugin BlueprintStats, From C:/Program Files/Epic Games/UE_4.14/Engine/Plugins/Experimental/BlueprintStats/BlueprintStats.uplugin
LogPluginManager: Loaded Plugin CharacterAI, From C:/Program Files/Epic Games/UE_4.14/Engine/Plugins/Experimental/CharacterAI/CharacterAI.uplugin
LogPluginManager: Loaded Plugin CodeEditor, From C:/Program Files/Epic Games/UE_4.14/Engine/Plugins/Experimental/CodeEditor/CodeEditor.uplugin
LogPluginManager: Loaded Plugin CodeView, From C:/Program Files/Epic Games/UE_4.14/Engine/Plugins/Experimental/CodeView/CodeView.uplugin
LogPluginManager: Loaded Plugin HTML5Networking, From C:/Program Files/Epic Games/UE_4.14/Engine/Plugins/Experimental/HTML5Networking/HTML5Networking.uplugin
LogPluginManager: Loaded Plugin OSVR, From C:/Program Files/Epic Games/UE_4.14/Engine/Plugins/Experimental/OSVR/OSVR.uplugin
LogPluginManager: Loaded Plugin Phya, From C:/Program Files/Epic Games/UE_4.14/Engine/Plugins/Experimental/Phya/Phya.uplugin
LogPluginManager: Loaded Plugin SignificanceManager, From C:/Program Files/Epic Games/UE_4.14/Engine/Plugins/Experimental/SignificanceManager/SignificanceManager.uplugin
LogPluginManager: Loaded Plugin SimpleHMD, From C:/Program Files/Epic Games/UE_4.14/Engine/Plugins/Experimental/SimpleHMD/SimpleHMD.uplugin
LogPluginManager: Loaded Plugin StereoPanorama, From C:/Program Files/Epic Games/UE_4.14/Engine/Plugins/Experimental/StereoPanorama/StereoPanorama.uplugin
LogPluginManager: Loaded Plugin StructBox, From C:/Program Files/Epic Games/UE_4.14/Engine/Plugins/Experimental/StructBox/StructBox.uplugin
LogPluginManager: Loaded Plugin AndroidMedia, From C:/Program Files/Epic Games/UE_4.14/Engine/Plugins/Media/AndroidMedia/AndroidMedia.uplugin
LogPluginManager: Loaded Plugin AvfMedia, From C:/Program Files/Epic Games/UE_4.14/Engine/Plugins/Media/AvfMedia/AvfMedia.uplugin
LogPluginManager: Loaded Plugin MediaPlayerEditor, From C:/Program Files/Epic Games/UE_4.14/Engine/Plugins/Media/MediaPlayerEditor/MediaPlayerEditor.uplugin
LogPluginManager: Loaded Plugin WmfMedia, From C:/Program Files/Epic Games/UE_4.14/Engine/Plugins/Media/WmfMedia/WmfMedia.uplugin
LogPluginManager: Loaded Plugin MessagingDebugger, From C:/Program Files/Epic Games/UE_4.14/Engine/Plugins/Messaging/MessagingDebugger/MessagingDebugger.uplugin
LogPluginManager: Loaded Plugin TcpMessaging, From C:/Program Files/Epic Games/UE_4.14/Engine/Plugins/Messaging/TcpMessaging/TcpMessaging.uplugin
LogPluginManager: Loaded Plugin UdpMessaging, From C:/Program Files/Epic Games/UE_4.14/Engine/Plugins/Messaging/UdpMessaging/UdpMessaging.uplugin
LogPluginManager: Loaded Plugin LevelSequenceEditor, From C:/Program Files/Epic Games/UE_4.14/Engine/Plugins/MovieScene/LevelSequenceEditor/LevelSequenceEditor.uplugin
LogPluginManager: Loaded Plugin MatineeToLevelSequence, From C:/Program Files/Epic Games/UE_4.14/Engine/Plugins/MovieScene/MatineeToLevelSequence/MatineeToLevelSequence.uplugin
LogPluginManager: Loaded Plugin NetcodeUnitTest, From C:/Program Files/Epic Games/UE_4.14/Engine/Plugins/NetcodeUnitTest/NetcodeUnitTest/NetcodeUnitTest.uplugin
LogPluginManager: Loaded Plugin NUTUnrealEngine4, From C:/Program Files/Epic Games/UE_4.14/Engine/Plugins/NetcodeUnitTest/NUTUnrealEngine4/NUTUnrealEngine4.uplugin
LogPluginManager: Loaded Plugin OnlineSubsystemGameCircle, From C:/Program Files/Epic Games/UE_4.14/Engine/Plugins/Online/Android/OnlineSubsystemGameCircle/OnlineSubsystemGameCircle.uplugin
LogPluginManager: Loaded Plugin OnlineSubsystemGooglePlay, From C:/Program Files/Epic Games/UE_4.14/Engine/Plugins/Online/Android/OnlineSubsystemGooglePlay/OnlineSubsystemGooglePlay.uplugin
LogPluginManager: Loaded Plugin OnlineSubsystemIOS, From C:/Program Files/Epic Games/UE_4.14/Engine/Plugins/Online/IOS/OnlineSubsystemIOS/OnlineSubsystemIOS.uplugin
LogPluginManager: Loaded Plugin OnlineFramework, From C:/Program Files/Epic Games/UE_4.14/Engine/Plugins/Online/OnlineFramework/OnlineFramework.uplugin
LogPluginManager: Loaded Plugin OnlineSubsystem, From C:/Program Files/Epic Games/UE_4.14/Engine/Plugins/Online/OnlineSubsystem/OnlineSubsystem.uplugin
LogPluginManager: Loaded Plugin OnlineSubsystemAmazon, From C:/Program Files/Epic Games/UE_4.14/Engine/Plugins/Online/OnlineSubsystemAmazon/OnlineSubsystemAmazon.uplugin
LogPluginManager: Loaded Plugin OnlineSubsystemFacebook, From C:/Program Files/Epic Games/UE_4.14/Engine/Plugins/Online/OnlineSubsystemFacebook/OnlineSubsystemFacebook.uplugin
LogPluginManager: Loaded Plugin OnlineSubsystemNull, From C:/Program Files/Epic Games/UE_4.14/Engine/Plugins/Online/OnlineSubsystemNull/OnlineSubsystemNull.uplugin
LogPluginManager: Loaded Plugin OnlineSubsystemOculus, From C:/Program Files/Epic Games/UE_4.14/Engine/Plugins/Online/OnlineSubsystemOculus/OnlineSubsystemOculus.uplugin
LogPluginManager: Loaded Plugin OnlineSubsystemSteam, From C:/Program Files/Epic Games/UE_4.14/Engine/Plugins/Online/OnlineSubsystemSteam/OnlineSubsystemSteam.uplugin
LogPluginManager: Loaded Plugin OnlineSubsystemUtils, From C:/Program Files/Epic Games/UE_4.14/Engine/Plugins/Online/OnlineSubsystemUtils/OnlineSubsystemUtils.uplugin
LogPluginManager: Loaded Plugin IOSTapJoy, From C:/Program Files/Epic Games/UE_4.14/Engine/Plugins/Runtime/Advertising/IOSTapJoy/IOSTapJoy.uplugin
LogPluginManager: Loaded Plugin AnalyticsBlueprintLibrary, From C:/Program Files/Epic Games/UE_4.14/Engine/Plugins/Runtime/Analytics/AnalyticsBlueprintLibrary/AnalyticsBlueprintLibrary.uplugin
LogPluginManager: Loaded Plugin AnalyticsMulticast, From C:/Program Files/Epic Games/UE_4.14/Engine/Plugins/Runtime/Analytics/AnalyticsMulticast/AnalyticsMulticast.uplugin
LogPluginManager: Loaded Plugin Apsalar, From C:/Program Files/Epic Games/UE_4.14/Engine/Plugins/Runtime/Analytics/Apsalar/Apsalar.uplugin
LogPluginManager: Loaded Plugin FileLogging, From C:/Program Files/Epic Games/UE_4.14/Engine/Plugins/Runtime/Analytics/FileLogging/FileLogging.uplugin
LogPluginManager: Loaded Plugin Flurry, From C:/Program Files/Epic Games/UE_4.14/Engine/Plugins/Runtime/Analytics/Flurry/Flurry.uplugin
LogPluginManager: Loaded Plugin AndroidDeviceProfileSelector, From C:/Program Files/Epic Games/UE_4.14/Engine/Plugins/Runtime/AndroidDeviceProfileSelector/AndroidDeviceProfileSelector.uplugin
LogPluginManager: Loaded Plugin AndroidMoviePlayer, From C:/Program Files/Epic Games/UE_4.14/Engine/Plugins/Runtime/AndroidMoviePlayer/AndroidMoviePlayer.uplugin
LogPluginManager: Loaded Plugin AppleMoviePlayer, From C:/Program Files/Epic Games/UE_4.14/Engine/Plugins/Runtime/AppleMoviePlayer/AppleMoviePlayer.uplugin
LogPluginManager: Loaded Plugin ArchVisCharacter, From C:/Program Files/Epic Games/UE_4.14/Engine/Plugins/Runtime/ArchVisCharacter/ArchVisCharacter.uplugin
LogPluginManager: Loaded Plugin CableComponent, From C:/Program Files/Epic Games/UE_4.14/Engine/Plugins/Runtime/CableComponent/CableComponent.uplugin
LogPluginManager: Loaded Plugin CustomMeshComponent, From C:/Program Files/Epic Games/UE_4.14/Engine/Plugins/Runtime/CustomMeshComponent/CustomMeshComponent.uplugin
LogPluginManager: Loaded Plugin ExampleDeviceProfileSelector, From C:/Program Files/Epic Games/UE_4.14/Engine/Plugins/Runtime/ExampleDeviceProfileSelector/ExampleDeviceProfileSelector.uplugin
LogPluginManager: Loaded Plugin GearVR, From C:/Program Files/Epic Games/UE_4.14/Engine/Plugins/Runtime/GearVR/GearVR.uplugin
LogPluginManager: Loaded Plugin GoogleVRController, From C:/Program Files/Epic Games/UE_4.14/Engine/Plugins/Runtime/GoogleVR/GoogleVRController/GoogleVRController.uplugin
LogPluginManager: Loaded Plugin GoogleVRHMD, From C:/Program Files/Epic Games/UE_4.14/Engine/Plugins/Runtime/GoogleVR/GoogleVRHMD/GoogleVRHMD.uplugin
LogPluginManager: Loaded Plugin IOSDeviceProfileSelector, From C:/Program Files/Epic Games/UE_4.14/Engine/Plugins/Runtime/IOSDeviceProfileSelector/IOSDeviceProfileSelector.uplugin
LogPluginManager: Loaded Plugin LeapMotion, From C:/Program Files/Epic Games/UE_4.14/Engine/Plugins/Runtime/LeapMotion/LeapMotion.uplugin
LogPluginManager: Loaded Plugin LinuxDeviceProfileSelector, From C:/Program Files/Epic Games/UE_4.14/Engine/Plugins/Runtime/LinuxDeviceProfileSelector/LinuxDeviceProfileSelector.uplugin
LogPluginManager: Loaded Plugin MIDIDevice, From C:/Program Files/Epic Games/UE_4.14/Engine/Plugins/Runtime/MIDIDevice/MIDIDevice.uplugin
LogPluginManager: Loaded Plugin MobilePatchingUtils, From C:/Program Files/Epic Games/UE_4.14/Engine/Plugins/Runtime/MobilePatchingUtils/MobilePatchingUtils.uplugin
LogPluginManager: Loaded Plugin Ansel, From C:/Program Files/Epic Games/UE_4.14/Engine/Plugins/Runtime/Nvidia/Ansel/Ansel.uplugin
LogPluginManager: Loaded Plugin OculusAudio, From C:/Program Files/Epic Games/UE_4.14/Engine/Plugins/Runtime/OculusAudio/OculusAudio.uplugin
LogPluginManager: Loaded Plugin OculusInput, From C:/Program Files/Epic Games/UE_4.14/Engine/Plugins/Runtime/OculusInput/OculusInput.uplugin
LogPluginManager: Loaded Plugin OculusLibrary, From C:/Program Files/Epic Games/UE_4.14/Engine/Plugins/Runtime/OculusLibrary/OculusLibrary.uplugin
LogPluginManager: Loaded Plugin OculusRift, From C:/Program Files/Epic Games/UE_4.14/Engine/Plugins/Runtime/OculusRift/OculusRift.uplugin
LogPluginManager: Loaded Plugin Oodle, From C:/Program Files/Epic Games/UE_4.14/Engine/Plugins/Runtime/PacketHandlers/CompressionComponents/Oodle/Oodle.uplugin
LogPluginManager: Loaded Plugin ProceduralMeshComponent, From C:/Program Files/Epic Games/UE_4.14/Engine/Plugins/Runtime/ProceduralMeshComponent/ProceduralMeshComponent.uplugin
LogPluginManager: Loaded Plugin SoundMod, From C:/Program Files/Epic Games/UE_4.14/Engine/Plugins/Runtime/SoundMod/SoundMod.uplugin
LogPluginManager: Loaded Plugin SoundVisualizations, From C:/Program Files/Epic Games/UE_4.14/Engine/Plugins/Runtime/SoundVisualizations/SoundVisualizations.uplugin
LogPluginManager: Loaded Plugin SteamController, From C:/Program Files/Epic Games/UE_4.14/Engine/Plugins/Runtime/Steam/SteamController/SteamController.uplugin
LogPluginManager: Loaded Plugin SteamVR, From C:/Program Files/Epic Games/UE_4.14/Engine/Plugins/Runtime/Steam/SteamVR/SteamVR.uplugin
LogPluginManager: Loaded Plugin WebBrowserWidget, From C:/Program Files/Epic Games/UE_4.14/Engine/Plugins/Runtime/WebBrowserWidget/WebBrowserWidget.uplugin
LogPluginManager: Loaded Plugin WindowsDeviceProfileSelector, From C:/Program Files/Epic Games/UE_4.14/Engine/Plugins/Runtime/WindowsDeviceProfileSelector/WindowsDeviceProfileSelector.uplugin
LogPluginManager: Loaded Plugin WindowsMoviePlayer, From C:/Program Files/Epic Games/UE_4.14/Engine/Plugins/Runtime/WindowsMoviePlayer/WindowsMoviePlayer.uplugin
LogPluginManager: Loaded Plugin ScriptPlugin, From C:/Program Files/Epic Games/UE_4.14/Engine/Plugins/ScriptPlugin/ScriptPlugin.uplugin
LogPluginManager: Loaded Plugin SlateRemote, From C:/Program Files/Epic Games/UE_4.14/Engine/Plugins/Slate/SlateRemote/SlateRemote.uplugin
LogPluginManager: Loaded Plugin EditorTests, From C:/Program Files/Epic Games/UE_4.14/Engine/Plugins/Tests/EditorTests/EditorTests.uplugin
LogPluginManager: Loaded Plugin FbxAutomationTestBuilder, From C:/Program Files/Epic Games/UE_4.14/Engine/Plugins/Tests/FbxAutomationTestBuilder/FbxAutomationTestBuilder.uplugin
LogPluginManager: Loaded Plugin FunctionalTestingEditor, From C:/Program Files/Epic Games/UE_4.14/Engine/Plugins/Tests/FunctionalTestingEditor/FunctionalTestingEditor.uplugin
LogPluginManager: Loaded Plugin RuntimeTests, From C:/Program Files/Epic Games/UE_4.14/Engine/Plugins/Tests/RuntimeTests/RuntimeTests.uplugin
LogPluginManager: Loaded Plugin ScreenshotTools, From C:/Program Files/Epic Games/UE_4.14/Engine/Plugins/Tests/ScreenshotTools/ScreenshotTools.uplugin
LogInit: Using libcurl 7.47.1
LogInit:  - built for x86_64-pc-win32
LogInit:  - supports SSL with OpenSSL/1.0.2g
LogInit:  - supports HTTP deflate (compression) using libz 1.2.8
LogInit:  - other features:
LogInit:      CURL_VERSION_SSL
LogInit:      CURL_VERSION_LIBZ
LogInit:      CURL_VERSION_IPV6
LogInit:      CURL_VERSION_ASYNCHDNS
LogInit:      CURL_VERSION_LARGEFILE
LogInit:      CURL_VERSION_IDN
LogInit:  CurlRequestOptions (configurable via config and command line):
LogInit:  - bVerifyPeer = false  - Libcurl will NOT verify peer certificate
LogInit:  - bUseHttpProxy = false  - Libcurl will NOT use HTTP proxy
LogInit:  - bDontReuseConnections = false  - Libcurl will reuse connections
LogInit:  - CertBundlePath = nullptr  - Libcurl will use whatever was configured at build time.
LogInit: Build: ++UE4+Release-4.14-CL-3249277
LogInit: Engine Version: 4.14.3-3249277+++UE4+Release-4.14
LogInit: Compatible Engine Version: 4.14.0-3195953+++UE4+Release-4.14
LogInit: Net CL: 3195953
LogDevObjectVersion: Number of dev versions registered: 13
LogDevObjectVersion:   Dev-Blueprints (B0D832E4-1F89-4F0D-ACCF-7EB736FD4AA2): 7
LogDevObjectVersion:   Dev-Build (E1C64328-A22C-4D53-A36C-8E866417BD8C): 0
LogDevObjectVersion:   Dev-Core (375EC13C-06E4-48FB-B500-84F0262A717E): 1
LogDevObjectVersion:   Dev-Editor (E4B068ED-F494-42E9-A231-DA0B2E46BB41): 8
LogDevObjectVersion:   Dev-Framework (CFFC743F-43B0-4480-9391-14DF171D2073): 17
LogDevObjectVersion:   Dev-Mobile (B02B49B5-BB20-44E9-A304-32B752E40360): 0
LogDevObjectVersion:   Dev-Networking (A4E4105C-59A1-49B5-A7C5-40C4547EDFEE): 0
LogDevObjectVersion:   Dev-Online (39C831C9-5AE6-47DC-9A44-9C173E1C8E7C): 0
LogDevObjectVersion:   Dev-Physics (78F01B33-EBEA-4F98-B9B4-84EACCB95AA2): 0
LogDevObjectVersion:   Dev-Platform (6631380F-2D4D-43E0-8009-CF276956A95A): 0
LogDevObjectVersion:   Dev-Rendering (12F88B9F-8875-4AFC-A67C-D90C383ABD29): 12
LogDevObjectVersion:   Dev-Sequencer (7B5AE74C-D270-4C10-A958-57980B212A5A): 1
LogDevObjectVersion:   Dev-VR (D7296918-1DD6-4BDD-9DE2-64A83CC13884): 0
LogInit: Compiled (64-bit): Jan  6 2017 10:49:43
LogInit: Compiled with Visual C++: 19.00.23026.00
LogInit: Build Configuration: Development
LogInit: Branch Name: ++UE4+Release-4.14
LogInit: Command line: 
LogInit: Base directory: C:/Program Files/Epic Games/UE_4.14/Engine/Binaries/Win64/
LogInit: Installed Engine Build: 1
LogInit: Presizing for max 8388607 objects, including 0 objects not considered by GC, pre-allocating 0 bytes for permanent pool.
LogInit: Object subsystem initialized
[2019.05.17-07.46.58:892][  0]LogInit: Selected Device Profile: [Windows]
[2019.05.17-07.46.58:892][  0]LogInit: Applying CVar settings loaded from the selected device profile: [Windows]
[2019.05.17-07.46.58:911][  0]LogInit: Computer: ROHIT-PANJWANI
[2019.05.17-07.46.58:911][  0]LogInit: User: RohitPanjwani
[2019.05.17-07.46.58:911][  0]LogInit: CPU Page size=65536, Cores=4
[2019.05.17-07.46.58:911][  0]LogInit: High frequency timer resolution =2.531250 MHz
[2019.05.17-07.46.58:912][  0]LogMemory: Memory total: Physical=15.9GB (16GB approx)
[2019.05.17-07.46.58:912][  0]LogMemory: Platform Memory Stats for Windows
[2019.05.17-07.46.58:912][  0]LogMemory: Process Physical Memory: 266.62 MB used, 266.62 MB peak
[2019.05.17-07.46.58:912][  0]LogMemory: Process Virtual Memory: 262.72 MB used, 262.72 MB peak
[2019.05.17-07.46.58:912][  0]LogMemory: Physical Memory: 3836.89 MB used,  12445.64 MB free, 16282.52 MB total
[2019.05.17-07.46.58:912][  0]LogMemory: Virtual Memory: 4813.12 MB used,  12445.64 MB free, 134217728.00 MB total
[2019.05.17-07.46.59:184][  0]LogTextLocalizationManager: No specific translations for ('en-IN') exist, so ('en') translations will be used.
[2019.05.17-07.47.02:986][  0]LogD3D11RHI: D3D11 adapters:
[2019.05.17-07.47.02:997][  0]LogD3D11RHI:    0. 'Intel(R) HD Graphics 530' (Feature Level 11_0)
[2019.05.17-07.47.02:997][  0]LogD3D11RHI:       128/0/8141 MB DedicatedVideo/DedicatedSystem/SharedSystem, Outputs:1, VendorId:0x8086
[2019.05.17-07.47.03:078][  0]LogD3D11RHI:    1. 'NVIDIA GeForce GTX 960M' (Feature Level 11_0)
[2019.05.17-07.47.03:078][  0]LogD3D11RHI:       4055/0/8141 MB DedicatedVideo/DedicatedSystem/SharedSystem, Outputs:0, VendorId:0x10de
[2019.05.17-07.47.03:081][  0]LogD3D11RHI:    2. 'Microsoft Basic Render Driver' (Feature Level 11_0)
[2019.05.17-07.47.03:081][  0]LogD3D11RHI:       0/0/8141 MB DedicatedVideo/DedicatedSystem/SharedSystem, Outputs:0, VendorId:0x1414
[2019.05.17-07.47.03:081][  0]LogD3D11RHI: Chosen D3D11 Adapter: 1
[2019.05.17-07.47.03:089][  0]LogD3D11RHI: Creating new Direct3DDevice
[2019.05.17-07.47.03:089][  0]LogD3D11RHI:     GPU DeviceId: 0x139b (for the marketing name, search the web for "GPU Device Id")
[2019.05.17-07.47.03:089][  0]LogWindows: EnumDisplayDevices:
[2019.05.17-07.47.03:089][  0]LogWindows:    0. 'Intel(R) HD Graphics 530' (P:1 D:1)
[2019.05.17-07.47.03:089][  0]LogWindows:    1. 'Intel(R) HD Graphics 530' (P:0 D:0)
[2019.05.17-07.47.03:089][  0]LogWindows:    2. 'Intel(R) HD Graphics 530' (P:0 D:0)
[2019.05.17-07.47.03:090][  0]LogWindows: DebugString: GetVideoDriverDetailsInvalid PrimaryIsNotTheChoosenAdapter GetVideoDriverDetailsInvalid PrimaryIsNotTheChoosenAdapter GetVideoDriverDetailsInvalid PrimaryIsNotTheChoosenAdapter FoundDriverCount:0 
[2019.05.17-07.47.03:090][  0]LogD3D11RHI:     Adapter Name: NVIDIA GeForce GTX 960M
[2019.05.17-07.47.03:090][  0]LogD3D11RHI:   Driver Version: Unknown (internal:Unknown, unified:Unknown)
[2019.05.17-07.47.03:090][  0]LogD3D11RHI:      Driver Date: Unknown
[2019.05.17-07.47.03:090][  0]LogRHI: Texture pool is 1361 MB (70% of 1945 MB)
[2019.05.17-07.47.03:141][  0]LogD3D11RHI: Async texture creation enabled
[2019.05.17-07.47.03:184][  0]LogD3D11RHI: GPU Timing Frequency: 1000.000000 (Debug: 2 1)
[2019.05.17-07.47.03:184][  0]LogShaderCompilers: Guid format shader working directory is -16 characters bigger than the processId version (../../../../../../Users/Rohit Panjwani/Documents/Unreal Projects/Chess/Intermediate/Shaders/WorkingDirectory/12056/).
[2019.05.17-07.47.03:184][  0]LogShaderCompilers: Cleaned the shader compiler working directory 'C:/Users/Rohit Panjwani/AppData/Local/Temp/UnrealShaderWorkingDir/F96A3A5E4CDBA45AADE4BF842BB4CA81/'.
[2019.05.17-07.47.03:184][  0]LogShaderCompilers:Display: Using Local Shader Compiler.
[2019.05.17-07.47.07:969][  0]LogTemp:Display: Loaded TP AllDesktopTargetPlatform
[2019.05.17-07.47.08:087][  0]LogTemp:Display: Loaded TP MacClientTargetPlatform
[2019.05.17-07.47.08:187][  0]LogTemp:Display: Loaded TP MacNoEditorTargetPlatform
[2019.05.17-07.47.08:287][  0]LogTemp:Display: Loaded TP MacServerTargetPlatform
[2019.05.17-07.47.08:400][  0]LogTemp:Display: Loaded TP MacTargetPlatform
[2019.05.17-07.47.08:499][  0]LogTemp:Display: Loaded TP WindowsClientTargetPlatform
[2019.05.17-07.47.08:599][  0]LogTemp:Display: Loaded TP WindowsNoEditorTargetPlatform
[2019.05.17-07.47.08:701][  0]LogTemp:Display: Loaded TP WindowsServerTargetPlatform
[2019.05.17-07.47.08:788][  0]LogTemp:Display: Loaded TP WindowsTargetPlatform
[2019.05.17-07.47.08:897][  0]LogTemp:Display: Loaded TP AndroidTargetPlatform
[2019.05.17-07.47.09:005][  0]LogTemp:Display: Loaded TP Android_ASTCTargetPlatform
[2019.05.17-07.47.09:104][  0]LogTemp:Display: Loaded TP Android_ATCTargetPlatform
[2019.05.17-07.47.09:201][  0]LogTemp:Display: Loaded TP Android_DXTTargetPlatform
[2019.05.17-07.47.09:299][  0]LogTemp:Display: Loaded TP Android_ETC1TargetPlatform
[2019.05.17-07.47.09:397][  0]LogTemp:Display: Loaded TP Android_ETC2TargetPlatform
[2019.05.17-07.47.09:592][  0]LogTemp:Display: Loaded TP Android_MultiTargetPlatform
[2019.05.17-07.47.09:592][  0]LogTemp:Display: Loaded TP Android_PVRTCTargetPlatform
[2019.05.17-07.47.09:672][  0]LogTemp:Display: Loaded TP HTML5TargetPlatform
[2019.05.17-07.47.09:822][  0]LogTemp:Display: Loaded TP IOSTargetPlatform
[2019.05.17-07.47.09:877][  0]LogTemp:Display: Loaded TP TVOSTargetPlatform
[2019.05.17-07.47.09:974][  0]LogTemp:Display: Loaded TP LinuxClientTargetPlatform
[2019.05.17-07.47.10:074][  0]LogTemp:Display: Loaded TP LinuxNoEditorTargetPlatform
[2019.05.17-07.47.10:174][  0]LogTemp:Display: Loaded TP LinuxServerTargetPlatform
[2019.05.17-07.47.10:280][  0]LogTemp:Display: Loaded TP LinuxTargetPlatform
[2019.05.17-07.47.10:280][  0]LogTargetPlatformManager:Display: Building Assets For Windows
[2019.05.17-07.47.11:051][  0]LogDerivedDataCache:Display: Max Cache Size: 512 MB
[2019.05.17-07.47.11:133][  0]LogDerivedDataCache: Loaded boot cache 0.08s 7MB C:/Users/Rohit Panjwani/AppData/Local/UnrealEngine/4.14/DerivedDataCache/Boot.ddc.
[2019.05.17-07.47.11:133][  0]LogDerivedDataCache:Display: Loaded Boot cache: C:/Users/Rohit Panjwani/AppData/Local/UnrealEngine/4.14/DerivedDataCache/Boot.ddc
[2019.05.17-07.47.11:133][  0]LogDerivedDataCache: FDerivedDataBackendGraph:  Pak pak cache file ../../../../../../Users/Rohit Panjwani/Documents/Unreal Projects/Chess/DerivedDataCache/DDC.ddp not found, will not use a pak cache.
[2019.05.17-07.47.11:133][  0]LogDerivedDataCache: Unable to find inner node Pak for hierarchical cache Hierarchy.
[2019.05.17-07.47.11:133][  0]LogDerivedDataCache: FDerivedDataBackendGraph:  CompressedPak pak cache file ../../../../../../Users/Rohit Panjwani/Documents/Unreal Projects/Chess/DerivedDataCache/Compressed.ddp not found, will not use a pak cache.
[2019.05.17-07.47.11:133][  0]LogDerivedDataCache: Unable to find inner node CompressedPak for hierarchical cache Hierarchy.
[2019.05.17-07.47.11:177][  0]LogDerivedDataCache:Display: Pak cache opened for reading ../../../Engine/DerivedDataCache/Compressed.ddp.
[2019.05.17-07.47.11:191][  0]LogDerivedDataCache: Using Local data cache path C:/Users/Rohit Panjwani/AppData/Local/UnrealEngine/Common/DerivedDataCache: Writable
[2019.05.17-07.47.11:511][  0]LogInit: Selected Device Profile: [Windows]
[2019.05.17-07.47.11:586][  0]LogContentStreaming: Texture pool size is 0.00 MB
[2019.05.17-07.47.11:915][  0]LogMeshUtilities: Using QuadricMeshReduction for automatic static mesh reduction
[2019.05.17-07.47.12:002][  0]LogSimplygon: Simplygon DLL not present - disabling.
[2019.05.17-07.47.12:102][  0]LogMeshUtilities: Using SimplygonSwarm for distributed automatic mesh merging
[2019.05.17-07.47.12:102][  0]LogMeshUtilities: No automatic skeletal mesh reduction module available
[2019.05.17-07.47.12:102][  0]LogMeshUtilities: No automatic mesh merging module available
[2019.05.17-07.47.16:128][  0]LogNetVersion: GetLocalNetworkVersion: CL: 3195953, ProjectName: chess, ProjectVersion: , EngineNetworkVersion: 2, GameNetworkVersion: 0, NetworkChecksum: 1690184528
[2019.05.17-07.47.16:208][  0]LogAssetRegistry: FAssetRegistry took 0.0225 seconds to start up
[2019.05.17-07.47.16:296][  0]LogPackageLocalizationCache: Processed 3 localized package path(s) for 2 prioritized culture(s) in 0.039006 seconds
[2019.05.17-07.47.16:302][  0]LogUObjectArray: 31946 objects as part of root set at end of initial load.
[2019.05.17-07.47.16:302][  0]LogUObjectAllocator: 6935848 out of 0 bytes used by permanent object pool.
[2019.05.17-07.47.16:302][  0]LogUObjectArray: CloseDisregardForGC: 0/0 objects in disregard for GC pool
[2019.05.17-07.47.16:427][  0]LogInit: WinSock: version 1.1 (2.2), MaxSocks=32767, MaxUdp=65467
[2019.05.17-07.47.18:068][  0]LogSlate: Using Freetype 2.6.0
[2019.05.17-07.47.18:084][  0]LogSlate: SlateFontCache - WITH_FREETYPE: 1, WITH_HARFBUZZ: 1
[2019.05.17-07.47.18:084][  0]LogSlate: SlateFontCache - WITH_FREETYPE: 1, WITH_HARFBUZZ: 1
[2019.05.17-07.47.37:379][  0]LogTcpMessaging: Initializing TcpMessaging bridge
[2019.05.17-07.47.37:545][  0]LogUdpMessaging: Initializing bridge on interface 0.0.0.0:0 to multicast group 230.0.0.1:6666.
[2019.05.17-07.47.38:749][  0]LogMaterial: Uniform references updated for custom material expression Custom.
[2019.05.17-07.47.40:250][  0]SourceControl: Info Source control is disabled
[2019.05.17-07.47.40:435][  0]SourceControl: Info Source control is disabled
[2019.05.17-07.47.40:594][  0]SourceControl: Info Source control is disabled
[2019.05.17-07.47.40:769][  0]SourceControl: Info Source control is disabled
[2019.05.17-07.47.45:006][  0]LogEngine: Initializing Engine...
[2019.05.17-07.47.45:007][  0]LogHMD: Failed to initialize OpenVR with code 110
[2019.05.17-07.47.45:972][  0]LogAIModule: Creating AISystem for world Untitled
[2019.05.17-07.47.45:988][  0]LogInit: XAudio2 using 'Speakers (Conexant SmartAudio HD)' : 2 channels at 48 kHz using 32 bits per sample (channel mask 0x3)
[2019.05.17-07.47.46:130][  0]LogInit: FAudioDevice initialized.
[2019.05.17-07.47.46:170][  0]LogDerivedDataCache: Saved boot cache 0.04s 52MB C:/Users/Rohit Panjwani/AppData/Local/UnrealEngine/4.14/DerivedDataCache/Boot.ddc.
[2019.05.17-07.47.46:180][  0]LogInit: Texture streaming: Enabled
[2019.05.17-07.47.46:951][  0]LogInit: Transaction tracking system initialized
[2019.05.17-07.47.48:074][  0]BlueprintLog: New page: Editor Load
[2019.05.17-07.47.51:194][  0]LocalizationService: Info Localization service is disabled
[2019.05.17-07.47.54:028][  0]LogConsoleResponse:Display: 
[2019.05.17-07.47.56:478][  0]LogCook:Display: Max memory allowance for cook 16384mb min free memory 0mb
[2019.05.17-07.47.56:478][  0]LogCook:Display: Mobile HDR setting 1
[2019.05.17-07.47.57:035][  0]LogFileCache: Scanning file cache for directory 'C:/Users/Rohit Panjwani/Documents/Unreal Projects/Chess/Content/' took 0.03s
[2019.05.17-07.48.01:385][  0]SourceControl: Info Source control is disabled
[2019.05.17-07.48.01:385][  0]Cmd: MAP LOAD FILE="../../../../../../Users/Rohit Panjwani/Documents/Unreal Projects/Chess/Content/FirstLevel.umap" TEMPLATE=0 SHOWPROGRESS=1 FEATURELEVEL=3
[2019.05.17-07.48.01:387][  0]LightingResults: New page: Lighting Build
[2019.05.17-07.48.01:525][  0]MapCheck: New page: Map Check
[2019.05.17-07.48.01:525][  0]LightingResults: New page: Lighting Build
[2019.05.17-07.48.10:377][  0]LogAIModule: Creating AISystem for world FirstLevel
[2019.05.17-07.48.10:585][  0]LogEditorServer: Finished looking for orphan Actors (0.000 secs)
[2019.05.17-07.48.10:586][  0]Cmd: MAP CHECKDEP NOCLEARLOG
[2019.05.17-07.48.10:778][  0]MapCheck: Info Map check complete: 0 Error(s), 0 Warning(s), took 192.412ms to complete.
[2019.05.17-07.48.10:779][  0]LogFileHelpers: Loading map 'FirstLevel' took 9.394
[2019.05.17-07.48.11:141][  0]LogCollectionManager: Loaded 0 collections in 0.003883 seconds
[2019.05.17-07.48.11:313][  0]LogFileCache: Scanning file cache for directory 'C:/Users/Rohit Panjwani/Documents/Unreal Projects/Chess/Saved/Collections/' took 0.01s
[2019.05.17-07.48.11:313][  0]LogFileCache: Scanning file cache for directory 'C:/Users/Rohit Panjwani/Documents/Unreal Projects/Chess/Content/Developers/RohitPanjwani/Collections/' took 0.01s
[2019.05.17-07.48.11:313][  0]LogFileCache: Scanning file cache for directory 'C:/Users/Rohit Panjwani/Documents/Unreal Projects/Chess/Content/Collections/' took 0.01s
[2019.05.17-07.48.11:313][  0]LogCollectionManager: Rebuilt the GUID cache for 0 collections in 0.000004 seconds
[2019.05.17-07.48.11:329][  0]LogContentBrowser: Native class hierarchy populated in 0.0162 seconds. Added 2190 classes and 428 folders.
[2019.05.17-07.48.11:464][  0]LogStats: UGameplayTagsManager::ConstructGameplayTagTree: Construct from data asset -  0.000 s
[2019.05.17-07.48.11:464][  0]LogStats: UGameplayTagsManager::ConstructGameplayTagTree: GameplayTagTreeChangedEvent.Broadcast -  0.000 s
[2019.05.17-07.48.11:466][  0]LogContentBrowser: Native class hierarchy updated for 'GameplayTags' in 0.0011 seconds. Added 13 classes and 0 folders.
[2019.05.17-07.48.11:674][  0]LogContentBrowser: Native class hierarchy updated for 'WidgetCarousel' in 0.0010 seconds. Added 0 classes and 0 folders.
[2019.05.17-07.48.13:944][  0]LogContentBrowser: Native class hierarchy updated for 'AddContentDialog' in 0.0008 seconds. Added 0 classes and 0 folders.
[2019.05.17-07.48.14:045][  0]LogContentBrowser: Native class hierarchy updated for 'SceneOutliner' in 0.0007 seconds. Added 1 classes and 2 folders.
[2019.05.17-07.48.14:190][  0]LogCrashTracker: Crashtracker disabled due to settings.
[2019.05.17-07.48.14:202][  0]LogUObjectGlobals:Warning: Failed to find object 'Class None.'
[2019.05.17-07.48.14:350][  0]LogContentBrowser: Native class hierarchy updated for 'HierarchicalLODOutliner' in 0.0009 seconds. Added 1 classes and 2 folders.
[2019.05.17-07.48.14:351][  0]LogLoad: (Engine Initialization) Total time: 78.85 seconds
[2019.05.17-07.48.14:351][  0]LogLoad: (Engine Initialization) Total Blueprint compile time: 3.53 seconds
[2019.05.17-07.48.14:351][  0]LogExternalProfiler: Found external profiler: VSPerf
[2019.05.17-07.48.14:351][  0]LogExternalProfiler: Using external profiler: VSPerf
[2019.05.17-07.48.14:370][  0]LogOcInput: OculusInput pre-init called
[2019.05.17-07.48.14:397][  0]LogContentStreaming: Texture pool size now 3000 MB
[2019.05.17-07.48.14:814][  0]LogRenderer: Reallocating scene render targets to support 956x344 NumSamples 1 (Frame:2).
[2019.05.17-07.48.14:975][  1]LogHttp:Warning: 000001BD0F687580: request failed, libcurl error: 6 (Couldn't resolve host name)
[2019.05.17-07.48.14:975][  1]LogHttp:Warning: 000001BD0F687580: libcurl info message cache 0 (Could not resolve host: cdn.unrealengine.com)
[2019.05.17-07.48.14:975][  1]LogHttp:Warning: 000001BD0F687580: libcurl info message cache 1 (Closing connection 0)
[2019.05.17-07.48.15:057][  2]LogHttp:Warning: 000001BD0478DA80: request failed, libcurl error: 6 (Couldn't resolve host name)
[2019.05.17-07.48.15:057][  2]LogHttp:Warning: 000001BD0478DA80: libcurl info message cache 0 (Could not resolve host: cdn.unrealengine.com)
[2019.05.17-07.48.15:057][  2]LogHttp:Warning: 000001BD0478DA80: libcurl info message cache 1 (Closing connection 1)
[2019.05.17-07.48.15:062][  2]LogAssetRegistry: Asset discovery search completed in 58.8778 seconds
[2019.05.17-07.48.15:063][  2]LogCollectionManager: Rebuilt the object cache for 0 collections in 0.000001 seconds (found 0 objects)
[2019.05.17-07.48.15:063][  2]LogCollectionManager: Fixed up redirectors for 0 collections in 0.000075 seconds (updated 0 objects)
[2019.05.17-07.48.15:300][  3]LogHttp:Warning: 000001BD0479C280: request failed, libcurl error: 6 (Couldn't resolve host name)
[2019.05.17-07.48.15:300][  3]LogHttp:Warning: 000001BD0479C280: libcurl info message cache 0 (Could not resolve host: cdn.unrealengine.com)
[2019.05.17-07.48.15:300][  3]LogHttp:Warning: 000001BD0479C280: libcurl info message cache 1 (Closing connection 2)
[2019.05.17-07.49.08:038][137]LogRenderer: Reallocating scene render targets to support 956x352 NumSamples 1 (Frame:3132).
[2019.05.17-07.49.08:094][138]LogRenderer: Reallocating scene render targets to support 956x360 NumSamples 1 (Frame:3134).
[2019.05.17-07.49.08:161][139]LogRenderer: Reallocating scene render targets to support 956x380 NumSamples 1 (Frame:3136).
[2019.05.17-07.49.08:225][140]LogRenderer: Reallocating scene render targets to support 956x388 NumSamples 1 (Frame:3138).
[2019.05.17-07.49.08:302][141]LogRenderer: Reallocating scene render targets to support 956x396 NumSamples 1 (Frame:3140).
[2019.05.17-07.49.08:377][142]LogRenderer: Reallocating scene render targets to support 956x408 NumSamples 1 (Frame:3142).
[2019.05.17-07.49.08:450][143]LogRenderer: Reallocating scene render targets to support 956x428 NumSamples 1 (Frame:3144).
[2019.05.17-07.49.08:524][144]LogRenderer: Reallocating scene render targets to support 956x440 NumSamples 1 (Frame:3146).
[2019.05.17-07.49.08:590][145]LogRenderer: Reallocating scene render targets to support 956x456 NumSamples 1 (Frame:3148).
[2019.05.17-07.49.08:659][146]LogRenderer: Reallocating scene render targets to support 956x472 NumSamples 1 (Frame:3150).
[2019.05.17-07.49.08:734][147]LogRenderer: Reallocating scene render targets to support 956x484 NumSamples 1 (Frame:3152).
[2019.05.17-07.49.08:801][148]LogRenderer: Reallocating scene render targets to support 956x508 NumSamples 1 (Frame:3154).
[2019.05.17-07.49.08:859][149]LogRenderer: Reallocating scene render targets to support 956x532 NumSamples 1 (Frame:3156).
[2019.05.17-07.49.08:916][150]LogRenderer: Reallocating scene render targets to support 956x544 NumSamples 1 (Frame:3158).
[2019.05.17-07.49.08:980][151]LogRenderer: Reallocating scene render targets to support 956x556 NumSamples 1 (Frame:3160).
[2019.05.17-07.49.09:045][152]LogRenderer: Reallocating scene render targets to support 956x572 NumSamples 1 (Frame:3162).
[2019.05.17-07.49.09:103][153]LogRenderer: Reallocating scene render targets to support 956x584 NumSamples 1 (Frame:3164).
[2019.05.17-07.49.09:172][154]LogRenderer: Reallocating scene render targets to support 956x596 NumSamples 1 (Frame:3166).
[2019.05.17-07.49.09:233][155]LogRenderer: Reallocating scene render targets to support 956x604 NumSamples 1 (Frame:3168).
[2019.05.17-07.49.09:291][156]LogRenderer: Reallocating scene render targets to support 956x612 NumSamples 1 (Frame:3170).
[2019.05.17-07.49.09:345][157]LogRenderer: Reallocating scene render targets to support 956x620 NumSamples 1 (Frame:3172).
[2019.05.17-07.49.09:399][158]LogRenderer: Reallocating scene render targets to support 956x624 NumSamples 1 (Frame:3174).
[2019.05.17-07.49.09:457][159]LogRenderer: Reallocating scene render targets to support 956x628 NumSamples 1 (Frame:3176).
[2019.05.17-07.49.14:400][449]LogHttp:Warning: 000001BD04396080: request failed, libcurl error: 6 (Couldn't resolve host name)
[2019.05.17-07.49.14:400][449]LogHttp:Warning: 000001BD04396080: libcurl info message cache 0 (Could not resolve host: datarouter.ol.epicgames.com)
[2019.05.17-07.49.14:401][449]LogHttp:Warning: 000001BD04396080: libcurl info message cache 1 (Closing connection 3)
[2019.05.17-07.49.20:737][825]LogTemp: Repeting last play command: Selected Viewport
[2019.05.17-07.49.20:742][825]LogPlayLevel: PlayLevel: No blueprints needed recompiling
[2019.05.17-07.49.20:743][825]PIE: New page: PIE session: FirstLevel (17-May-2019 6:49:20 pm)
[2019.05.17-07.49.20:743][825]LogPlayLevel: Creating play world package: /Game/UEDPIE_0_FirstLevel
[2019.05.17-07.49.20:754][825]LogPlayLevel: PIE: StaticDuplicateObject took: (0.011303s)
[2019.05.17-07.49.20:755][825]LogAIModule: Creating AISystem for world FirstLevel
[2019.05.17-07.49.20:756][825]LogPlayLevel: PIE: World Init took: (0.000943s)
[2019.05.17-07.49.20:756][825]LogPlayLevel: PIE: Created PIE world by copying editor world from /Game/FirstLevel.FirstLevel to /Game/UEDPIE_0_FirstLevel.FirstLevel (0.012624s)
[2019.05.17-07.49.20:812][825]LogInit: XAudio2 using 'Speakers (Conexant SmartAudio HD)' : 2 channels at 48 kHz using 32 bits per sample (channel mask 0x3)
[2019.05.17-07.49.20:873][825]LogInit: FAudioDevice initialized.
[2019.05.17-07.49.20:989][825]LogLoad: Game class is 'ChessGameMode_C'
[2019.05.17-07.49.20:995][825]LogWorld: Bringing World /Game/UEDPIE_0_FirstLevel.FirstLevel up for play (max tick rate 60) at 2019.05.17-13.19.20
[2019.05.17-07.49.20:996][825]LogLinker:Warning: Can't find file '/Game/NewLevelSequence'
[2019.05.17-07.49.20:996][825]LogLinker:Warning: Can't find file '/Game/NewLevelSequence'
[2019.05.17-07.49.20:996][825]LogUObjectGlobals:Warning: Failed to find object 'Object /Game/NewLevelSequence.NewLevelSequence'
[2019.05.17-07.49.20:996][825]LogWorld: Bringing up level for play took: 0.005354
[2019.05.17-07.49.21:079][825]LogContentBrowser: Native class hierarchy updated for 'MovieSceneCapture' in 0.0008 seconds. Added 11 classes and 0 folders.
[2019.05.17-07.49.21:080][825]LogLinker:Warning: Can't find file '/Game/NewLevelSequence'
[2019.05.17-07.49.21:080][825]LogUObjectGlobals:Warning: Failed to find object 'Object /Game/NewLevelSequence.NewLevelSequence'
[2019.05.17-07.49.23:548][825]PIE: Info Play in editor start time for /Game/UEDPIE_0_FirstLevel 2.797
[2019.05.17-07.49.23:582][825]LogStats: FPlatformStackWalk::StackWalkAndDump -  0.019 s
[2019.05.17-07.49.23:582][825]LogOutputDevice:Error: === Handled ensure: ===
[2019.05.17-07.49.23:582][825]LogOutputDevice:Error: 
[2019.05.17-07.49.23:582][825]LogOutputDevice:Error: Ensure condition failed: ResourceSizeMode == InRHS.ResourceSizeMode [File:D:\Build\++UE4+Release-4.14+Compile\Sync\Engine\Source\Runtime\Core\Public\ProfilingDebugging\ResourceSize.h] [Line: 193]
[2019.05.17-07.49.23:582][825]LogOutputDevice:Error: The two resource sizes use different counting modes. The result of adding them together may be incorrect.
[2019.05.17-07.49.23:582][825]LogOutputDevice:Error: Stack: 
[2019.05.17-07.49.23:582][825]LogOutputDevice:Error: UE4Editor-Core.dll
[2019.05.17-07.49.23:582][825]LogOutputDevice:Error: UE4Editor-Core.dll
[2019.05.17-07.49.23:582][825]LogOutputDevice:Error: UE4Editor-Core.dll
[2019.05.17-07.49.23:582][825]LogOutputDevice:Error: UE4Editor-MediaAssets.dll
[2019.05.17-07.49.23:582][825]LogOutputDevice:Error: UE4Editor-MediaAssets.dll
[2019.05.17-07.49.23:582][825]LogOutputDevice:Error: UE4Editor-CoreUObject.dll
[2019.05.17-07.49.23:582][825]LogOutputDevice:Error: UE4Editor-SlateRHIRenderer.dll
[2019.05.17-07.49.23:582][825]LogOutputDevice:Error: UE4Editor-SlateRHIRenderer.dll
[2019.05.17-07.49.23:582][825]LogOutputDevice:Error: UE4Editor-SlateRHIRenderer.dll
[2019.05.17-07.49.23:582][825]LogOutputDevice:Error: UE4Editor-SlateRHIRenderer.dll
[2019.05.17-07.49.23:582][825]LogOutputDevice:Error: UE4Editor-SlateCore.dll
[2019.05.17-07.49.23:582][825]LogOutputDevice:Error: UE4Editor-Slate.dll
[2019.05.17-07.49.23:582][825]LogOutputDevice:Error: UE4Editor-SlateCore.dll
[2019.05.17-07.49.23:582][825]LogOutputDevice:Error: UE4Editor-Slate.dll
[2019.05.17-07.49.23:582][825]LogOutputDevice:Error: UE4Editor-SlateCore.dll
[2019.05.17-07.49.23:582][825]LogOutputDevice:Error: UE4Editor-SlateCore.dll
[2019.05.17-07.49.23:582][825]LogOutputDevice:Error: UE4Editor-UMG.dll
[2019.05.17-07.49.23:582][825]LogOutputDevice:Error: UE4Editor-SlateCore.dll
[2019.05.17-07.49.23:582][825]LogOutputDevice:Error: UE4Editor-Slate.dll
[2019.05.17-07.49.23:582][825]LogOutputDevice:Error: UE4Editor-SlateCore.dll
[2019.05.17-07.49.23:582][825]LogOutputDevice:Error: UE4Editor-SlateCore.dll
[2019.05.17-07.49.23:582][825]LogOutputDevice:Error: UE4Editor-SlateCore.dll
[2019.05.17-07.49.23:582][825]LogOutputDevice:Error: UE4Editor-SlateCore.dll
[2019.05.17-07.49.23:582][825]LogOutputDevice:Error: UE4Editor-SlateCore.dll
[2019.05.17-07.49.23:582][825]LogOutputDevice:Error: UE4Editor-SlateCore.dll
[2019.05.17-07.49.23:582][825]LogOutputDevice:Error: UE4Editor-SlateCore.dll
[2019.05.17-07.49.23:583][825]LogOutputDevice:Error: UE4Editor-SlateCore.dll
[2019.05.17-07.49.23:583][825]LogOutputDevice:Error: UE4Editor-Slate.dll
[2019.05.17-07.49.23:583][825]LogOutputDevice:Error: UE4Editor-SlateCore.dll
[2019.05.17-07.49.23:583][825]LogOutputDevice:Error: UE4Editor-SlateCore.dll
[2019.05.17-07.49.23:583][825]LogOutputDevice:Error: UE4Editor-SlateCore.dll
[2019.05.17-07.49.23:583][825]LogOutputDevice:Error: UE4Editor-SlateCore.dll
[2019.05.17-07.49.23:583][825]LogOutputDevice:Error: UE4Editor-SlateCore.dll
[2019.05.17-07.49.23:583][825]LogOutputDevice:Error: UE4Editor-SlateCore.dll
[2019.05.17-07.49.23:583][825]LogOutputDevice:Error: UE4Editor-Slate.dll
[2019.05.17-07.49.23:583][825]LogOutputDevice:Error: UE4Editor-SlateCore.dll
[2019.05.17-07.49.23:583][825]LogOutputDevice:Error: UE4Editor-SlateCore.dll
[2019.05.17-07.49.23:583][825]LogOutputDevice:Error: UE4Editor-SlateCore.dll
[2019.05.17-07.49.23:583][825]LogOutputDevice:Error: UE4Editor-SlateCore.dll
[2019.05.17-07.49.23:583][825]LogOutputDevice:Error: UE4Editor-SlateCore.dll
[2019.05.17-07.49.23:583][825]LogOutputDevice:Error: UE4Editor-Slate.dll
[2019.05.17-07.49.23:583][825]LogOutputDevice:Error: UE4Editor-SlateCore.dll
[2019.05.17-07.49.23:583][825]LogOutputDevice:Error: UE4Editor-SlateCore.dll
[2019.05.17-07.49.23:583][825]LogOutputDevice:Error: UE4Editor-SlateCore.dll
[2019.05.17-07.49.23:583][825]LogOutputDevice:Error: UE4Editor-SlateCore.dll
[2019.05.17-07.49.23:583][825]LogOutputDevice:Error: UE4Editor-SlateCore.dll
[2019.05.17-07.49.23:583][825]LogOutputDevice:Error: UE4Editor-SlateCore.dll
[2019.05.17-07.49.23:583][825]LogOutputDevice:Error: UE4Editor-Slate.dll
[2019.05.17-07.49.23:583][825]LogOutputDevice:Error: UE4Editor-SlateCore.dll
[2019.05.17-07.49.23:583][825]LogOutputDevice:Error: UE4Editor-SlateCore.dll
[2019.05.17-07.49.23:583][825]LogOutputDevice:Error: UE4Editor-SlateCore.dll
[2019.05.17-07.49.23:583][825]LogOutputDevice:Error: UE4Editor-SlateCore.dll
[2019.05.17-07.49.23:583][825]LogOutputDevice:Error: UE4Editor-SlateCore.dll
[2019.05.17-07.49.23:583][825]LogOutputDevice:Error: UE4Editor-SlateCore.dll
[2019.05.17-07.49.23:583][825]LogOutputDevice:Error: UE4Editor-SlateCore.dll
[2019.05.17-07.49.23:583][825]LogOutputDevice:Error: UE4Editor-SlateCore.dll
[2019.05.17-07.49.23:583][825]LogOutputDevice:Error: UE4Editor-SlateCore.dll
[2019.05.17-07.49.23:583][825]LogOutputDevice:Error: UE4Editor-Slate.dll
[2019.05.17-07.49.23:583][825]LogOutputDevice:Error: UE4Editor-SlateCore.dll
[2019.05.17-07.49.23:583][825]LogOutputDevice:Error: UE4Editor-SlateCore.dll
[2019.05.17-07.49.23:583][825]LogOutputDevice:Error: UE4Editor-SlateCore.dll
[2019.05.17-07.49.23:583][825]LogOutputDevice:Error: UE4Editor-SlateCore.dll
[2019.05.17-07.49.23:583][825]LogOutputDevice:Error: UE4Editor-Slate.dll
[2019.05.17-07.49.23:583][825]LogOutputDevice:Error: UE4Editor-SlateCore.dll
[2019.05.17-07.49.23:583][825]LogOutputDevice:Error: UE4Editor-SlateCore.dll
[2019.05.17-07.49.23:583][825]LogOutputDevice:Error: UE4Editor-SlateCore.dll
[2019.05.17-07.49.23:583][825]LogOutputDevice:Error: UE4Editor-SlateCore.dll
[2019.05.17-07.49.23:583][825]LogOutputDevice:Error: UE4Editor-Slate.dll
[2019.05.17-07.49.23:583][825]LogOutputDevice:Error: UE4Editor-SlateCore.dll
[2019.05.17-07.49.23:583][825]LogOutputDevice:Error: UE4Editor-SlateCore.dll
[2019.05.17-07.49.23:583][825]LogOutputDevice:Error: UE4Editor-SlateCore.dll
[2019.05.17-07.49.23:583][825]LogOutputDevice:Error: UE4Editor-SlateCore.dll
[2019.05.17-07.49.23:583][825]LogOutputDevice:Error: UE4Editor-Slate.dll
[2019.05.17-07.49.23:583][825]LogOutputDevice:Error: UE4Editor-SlateCore.dll
[2019.05.17-07.49.23:583][825]LogOutputDevice:Error: UE4Editor-SlateCore.dll
[2019.05.17-07.49.23:583][825]LogOutputDevice:Error: UE4Editor-SlateCore.dll
[2019.05.17-07.49.23:583][825]LogOutputDevice:Error: UE4Editor-SlateCore.dll
[2019.05.17-07.49.23:583][825]LogOutputDevice:Error: UE4Editor-SlateCore.dll
[2019.05.17-07.49.23:583][825]LogOutputDevice:Error: UE4Editor-SlateCore.dll
[2019.05.17-07.49.23:583][825]LogOutputDevice:Error: UE4Editor-SlateCore.dll
[2019.05.17-07.49.23:583][825]LogOutputDevice:Error: UE4Editor-SlateCore.dll
[2019.05.17-07.49.23:583][825]LogOutputDevice:Error: UE4Editor-SlateCore.dll
[2019.05.17-07.49.23:583][825]LogOutputDevice:Error: UE4Editor-SlateCore.dll
[2019.05.17-07.49.23:583][825]LogOutputDevice:Error: UE4Editor-SlateCore.dll
[2019.05.17-07.49.23:583][825]LogOutputDevice:Error: UE4Editor-Slate.dll
[2019.05.17-07.49.23:583][825]LogOutputDevice:Error: UE4Editor-SlateCore.dll
[2019.05.17-07.49.23:583][825]LogOutputDevice:Error: UE4Editor-SlateCore.dll
[2019.05.17-07.49.23:583][825]LogOutputDevice:Error: UE4Editor-SlateCore.dll
[2019.05.17-07.49.23:583][825]LogOutputDevice:Error: UE4Editor-SlateCore.dll
[2019.05.17-07.49.23:583][825]LogOutputDevice:Error: UE4Editor-SlateCore.dll
[2019.05.17-07.49.23:583][825]LogOutputDevice:Error: UE4Editor-SlateCore.dll
[2019.05.17-07.49.23:583][825]LogOutputDevice:Error: UE4Editor-SlateCore.dll
[2019.05.17-07.49.23:583][825]LogOutputDevice:Error: UE4Editor-SlateCore.dll
[2019.05.17-07.49.23:583][825]LogOutputDevice:Error: UE4Editor-SlateCore.dll
[2019.05.17-07.49.23:583][825]LogOutputDevice:Error: UE4Editor-Slate.dll
[2019.05.17-07.49.23:583][825]LogOutputDevice:Error: UE4Editor-SlateCore.dll
[2019.05.17-07.49.23:583][825]LogOutputDevice:Error: UE4Editor-SlateCore.dll
[2019.05.17-07.49.23:583][825]LogOutputDevice:Error: UE4Editor-SlateCore.dll
[2019.05.17-07.49.23:583][825]LogOutputDevice:Error: 
[2019.05.17-07.49.23:594][825]LogStats:                SubmitErrorReport -  0.000 s
