Log file open, 03/19/19 13:58:01
LogInit:Display: Running engine for game: Chess
LogPlatformFile: Not using cached read wrapper
LogInit:Display: RandInit(1384376546) SRandInit(1384376547).
LogTaskGraph: Started task graph with 5 named threads and 8 total threads with 1 sets of task threads.
LogStats: Stats thread started at 0.157061
LogPluginManager: Loaded Plugin Paper2D, From C:/Program Files/Epic Games/UE_4.14/Engine/Plugins/2D/Paper2D/Paper2D.uplugin
LogPluginManager: Loaded Plugin LightPropagationVolume, From C:/Program Files/Epic Games/UE_4.14/Engine/Plugins/Blendables/LightPropagationVolume/LightPropagationVolume.uplugin
LogPluginManager: Loaded Plugin BlankPlugin, From C:/Program Files/Epic Games/UE_4.14/Engine/Plugins/Developer/BlankPlugin/BlankPlugin.uplugin
LogPluginManager: Loaded Plugin CodeLiteSourceCodeAccess, From C:/Program Files/Epic Games/UE_4.14/Engine/Plugins/Developer/CodeLiteSourceCodeAccess/CodeLiteSourceCodeAccess.uplugin
LogPluginManager: Loaded Plugin GitSourceControl, From C:/Program Files/Epic Games/UE_4.14/Engine/Plugins/Developer/GitSourceControl/GitSourceControl.uplugin
LogPluginManager: Loaded Plugin KDevelopSourceCodeAccess, From C:/Program Files/Epic Games/UE_4.14/Engine/Plugins/Developer/KDevelopSourceCodeAccess/KDevelopSourceCodeAccess.uplugin
LogPluginManager: Loaded Plugin NullSourceCodeAccess, From C:/Program Files/Epic Games/UE_4.14/Engine/Plugins/Developer/NullSourceCodeAccess/NullSourceCodeAccess.uplugin
LogPluginManager: Loaded Plugin OneSkyLocalizationService, From C:/Program Files/Epic Games/UE_4.14/Engine/Plugins/Developer/OneSkyLocalizationService/OneSkyLocalizationService.uplugin
LogPluginManager: Loaded Plugin PerforceSourceControl, From C:/Program Files/Epic Games/UE_4.14/Engine/Plugins/Developer/PerforceSourceControl/PerforceSourceControl.uplugin
LogPluginManager: Loaded Plugin SubversionSourceControl, From C:/Program Files/Epic Games/UE_4.14/Engine/Plugins/Developer/SubversionSourceControl/SubversionSourceControl.uplugin
LogPluginManager: Loaded Plugin UObjectPlugin, From C:/Program Files/Epic Games/UE_4.14/Engine/Plugins/Developer/UObjectPlugin/UObjectPlugin.uplugin
LogPluginManager: Loaded Plugin VisualStudioSourceCodeAccess, From C:/Program Files/Epic Games/UE_4.14/Engine/Plugins/Developer/VisualStudioSourceCodeAccess/VisualStudioSourceCodeAccess.uplugin
LogPluginManager: Loaded Plugin XCodeSourceCodeAccess, From C:/Program Files/Epic Games/UE_4.14/Engine/Plugins/Developer/XCodeSourceCodeAccess/XCodeSourceCodeAccess.uplugin
LogPluginManager: Loaded Plugin AudioCapture, From C:/Program Files/Epic Games/UE_4.14/Engine/Plugins/Editor/AudioCapture/AudioCapture.uplugin
LogPluginManager: Loaded Plugin EpicSurvey, From C:/Program Files/Epic Games/UE_4.14/Engine/Plugins/Editor/EpicSurvey/EpicSurvey.uplugin
LogPluginManager: Loaded Plugin MacGraphicsSwitching, From C:/Program Files/Epic Games/UE_4.14/Engine/Plugins/Editor/MacGraphicsSwitching/MacGraphicsSwitching.uplugin
LogPluginManager: Loaded Plugin MobileLauncherProfileWizard, From C:/Program Files/Epic Games/UE_4.14/Engine/Plugins/Editor/MobileLauncherProfileWizard/MobileLauncherProfileWizard.uplugin
LogPluginManager: Loaded Plugin PluginBrowser, From C:/Program Files/Epic Games/UE_4.14/Engine/Plugins/Editor/PluginBrowser/PluginBrowser.uplugin
LogPluginManager: Loaded Plugin SpeedTreeImporter, From C:/Program Files/Epic Games/UE_4.14/Engine/Plugins/Editor/SpeedTreeImporter/SpeedTreeImporter.uplugin
LogPluginManager: Loaded Plugin SuperSearchEditor, From C:/Program Files/Epic Games/UE_4.14/Engine/Plugins/Editor/SuperSearchEditor/SuperSearchEditor.uplugin
LogPluginManager: Loaded Plugin AlembicImporter, From C:/Program Files/Epic Games/UE_4.14/Engine/Plugins/Experimental/AlembicImporter/AlembicImporter.uplugin
LogPluginManager: Loaded Plugin BlueprintStats, From C:/Program Files/Epic Games/UE_4.14/Engine/Plugins/Experimental/BlueprintStats/BlueprintStats.uplugin
LogPluginManager: Loaded Plugin CharacterAI, From C:/Program Files/Epic Games/UE_4.14/Engine/Plugins/Experimental/CharacterAI/CharacterAI.uplugin
LogPluginManager: Loaded Plugin CodeEditor, From C:/Program Files/Epic Games/UE_4.14/Engine/Plugins/Experimental/CodeEditor/CodeEditor.uplugin
LogPluginManager: Loaded Plugin CodeView, From C:/Program Files/Epic Games/UE_4.14/Engine/Plugins/Experimental/CodeView/CodeView.uplugin
LogPluginManager: Loaded Plugin HTML5Networking, From C:/Program Files/Epic Games/UE_4.14/Engine/Plugins/Experimental/HTML5Networking/HTML5Networking.uplugin
LogPluginManager: Loaded Plugin OSVR, From C:/Program Files/Epic Games/UE_4.14/Engine/Plugins/Experimental/OSVR/OSVR.uplugin
LogPluginManager: Loaded Plugin Phya, From C:/Program Files/Epic Games/UE_4.14/Engine/Plugins/Experimental/Phya/Phya.uplugin
LogPluginManager: Loaded Plugin SignificanceManager, From C:/Program Files/Epic Games/UE_4.14/Engine/Plugins/Experimental/SignificanceManager/SignificanceManager.uplugin
LogPluginManager: Loaded Plugin SimpleHMD, From C:/Program Files/Epic Games/UE_4.14/Engine/Plugins/Experimental/SimpleHMD/SimpleHMD.uplugin
LogPluginManager: Loaded Plugin StereoPanorama, From C:/Program Files/Epic Games/UE_4.14/Engine/Plugins/Experimental/StereoPanorama/StereoPanorama.uplugin
LogPluginManager: Loaded Plugin StructBox, From C:/Program Files/Epic Games/UE_4.14/Engine/Plugins/Experimental/StructBox/StructBox.uplugin
LogPluginManager: Loaded Plugin AndroidMedia, From C:/Program Files/Epic Games/UE_4.14/Engine/Plugins/Media/AndroidMedia/AndroidMedia.uplugin
LogPluginManager: Loaded Plugin AvfMedia, From C:/Program Files/Epic Games/UE_4.14/Engine/Plugins/Media/AvfMedia/AvfMedia.uplugin
LogPluginManager: Loaded Plugin MediaPlayerEditor, From C:/Program Files/Epic Games/UE_4.14/Engine/Plugins/Media/MediaPlayerEditor/MediaPlayerEditor.uplugin
LogPluginManager: Loaded Plugin WmfMedia, From C:/Program Files/Epic Games/UE_4.14/Engine/Plugins/Media/WmfMedia/WmfMedia.uplugin
LogPluginManager: Loaded Plugin MessagingDebugger, From C:/Program Files/Epic Games/UE_4.14/Engine/Plugins/Messaging/MessagingDebugger/MessagingDebugger.uplugin
LogPluginManager: Loaded Plugin TcpMessaging, From C:/Program Files/Epic Games/UE_4.14/Engine/Plugins/Messaging/TcpMessaging/TcpMessaging.uplugin
LogPluginManager: Loaded Plugin UdpMessaging, From C:/Program Files/Epic Games/UE_4.14/Engine/Plugins/Messaging/UdpMessaging/UdpMessaging.uplugin
LogPluginManager: Loaded Plugin LevelSequenceEditor, From C:/Program Files/Epic Games/UE_4.14/Engine/Plugins/MovieScene/LevelSequenceEditor/LevelSequenceEditor.uplugin
LogPluginManager: Loaded Plugin MatineeToLevelSequence, From C:/Program Files/Epic Games/UE_4.14/Engine/Plugins/MovieScene/MatineeToLevelSequence/MatineeToLevelSequence.uplugin
LogPluginManager: Loaded Plugin NetcodeUnitTest, From C:/Program Files/Epic Games/UE_4.14/Engine/Plugins/NetcodeUnitTest/NetcodeUnitTest/NetcodeUnitTest.uplugin
LogPluginManager: Loaded Plugin NUTUnrealEngine4, From C:/Program Files/Epic Games/UE_4.14/Engine/Plugins/NetcodeUnitTest/NUTUnrealEngine4/NUTUnrealEngine4.uplugin
LogPluginManager: Loaded Plugin OnlineSubsystemGameCircle, From C:/Program Files/Epic Games/UE_4.14/Engine/Plugins/Online/Android/OnlineSubsystemGameCircle/OnlineSubsystemGameCircle.uplugin
LogPluginManager: Loaded Plugin OnlineSubsystemGooglePlay, From C:/Program Files/Epic Games/UE_4.14/Engine/Plugins/Online/Android/OnlineSubsystemGooglePlay/OnlineSubsystemGooglePlay.uplugin
LogPluginManager: Loaded Plugin OnlineSubsystemIOS, From C:/Program Files/Epic Games/UE_4.14/Engine/Plugins/Online/IOS/OnlineSubsystemIOS/OnlineSubsystemIOS.uplugin
LogPluginManager: Loaded Plugin OnlineFramework, From C:/Program Files/Epic Games/UE_4.14/Engine/Plugins/Online/OnlineFramework/OnlineFramework.uplugin
LogPluginManager: Loaded Plugin OnlineSubsystem, From C:/Program Files/Epic Games/UE_4.14/Engine/Plugins/Online/OnlineSubsystem/OnlineSubsystem.uplugin
LogPluginManager: Loaded Plugin OnlineSubsystemAmazon, From C:/Program Files/Epic Games/UE_4.14/Engine/Plugins/Online/OnlineSubsystemAmazon/OnlineSubsystemAmazon.uplugin
LogPluginManager: Loaded Plugin OnlineSubsystemFacebook, From C:/Program Files/Epic Games/UE_4.14/Engine/Plugins/Online/OnlineSubsystemFacebook/OnlineSubsystemFacebook.uplugin
LogPluginManager: Loaded Plugin OnlineSubsystemNull, From C:/Program Files/Epic Games/UE_4.14/Engine/Plugins/Online/OnlineSubsystemNull/OnlineSubsystemNull.uplugin
LogPluginManager: Loaded Plugin OnlineSubsystemOculus, From C:/Program Files/Epic Games/UE_4.14/Engine/Plugins/Online/OnlineSubsystemOculus/OnlineSubsystemOculus.uplugin
LogPluginManager: Loaded Plugin OnlineSubsystemSteam, From C:/Program Files/Epic Games/UE_4.14/Engine/Plugins/Online/OnlineSubsystemSteam/OnlineSubsystemSteam.uplugin
LogPluginManager: Loaded Plugin OnlineSubsystemUtils, From C:/Program Files/Epic Games/UE_4.14/Engine/Plugins/Online/OnlineSubsystemUtils/OnlineSubsystemUtils.uplugin
LogPluginManager: Loaded Plugin IOSTapJoy, From C:/Program Files/Epic Games/UE_4.14/Engine/Plugins/Runtime/Advertising/IOSTapJoy/IOSTapJoy.uplugin
LogPluginManager: Loaded Plugin AnalyticsBlueprintLibrary, From C:/Program Files/Epic Games/UE_4.14/Engine/Plugins/Runtime/Analytics/AnalyticsBlueprintLibrary/AnalyticsBlueprintLibrary.uplugin
LogPluginManager: Loaded Plugin AnalyticsMulticast, From C:/Program Files/Epic Games/UE_4.14/Engine/Plugins/Runtime/Analytics/AnalyticsMulticast/AnalyticsMulticast.uplugin
LogPluginManager: Loaded Plugin Apsalar, From C:/Program Files/Epic Games/UE_4.14/Engine/Plugins/Runtime/Analytics/Apsalar/Apsalar.uplugin
LogPluginManager: Loaded Plugin FileLogging, From C:/Program Files/Epic Games/UE_4.14/Engine/Plugins/Runtime/Analytics/FileLogging/FileLogging.uplugin
LogPluginManager: Loaded Plugin Flurry, From C:/Program Files/Epic Games/UE_4.14/Engine/Plugins/Runtime/Analytics/Flurry/Flurry.uplugin
LogPluginManager: Loaded Plugin AndroidDeviceProfileSelector, From C:/Program Files/Epic Games/UE_4.14/Engine/Plugins/Runtime/AndroidDeviceProfileSelector/AndroidDeviceProfileSelector.uplugin
LogPluginManager: Loaded Plugin AndroidMoviePlayer, From C:/Program Files/Epic Games/UE_4.14/Engine/Plugins/Runtime/AndroidMoviePlayer/AndroidMoviePlayer.uplugin
LogPluginManager: Loaded Plugin AppleMoviePlayer, From C:/Program Files/Epic Games/UE_4.14/Engine/Plugins/Runtime/AppleMoviePlayer/AppleMoviePlayer.uplugin
LogPluginManager: Loaded Plugin ArchVisCharacter, From C:/Program Files/Epic Games/UE_4.14/Engine/Plugins/Runtime/ArchVisCharacter/ArchVisCharacter.uplugin
LogPluginManager: Loaded Plugin CableComponent, From C:/Program Files/Epic Games/UE_4.14/Engine/Plugins/Runtime/CableComponent/CableComponent.uplugin
LogPluginManager: Loaded Plugin CustomMeshComponent, From C:/Program Files/Epic Games/UE_4.14/Engine/Plugins/Runtime/CustomMeshComponent/CustomMeshComponent.uplugin
LogPluginManager: Loaded Plugin ExampleDeviceProfileSelector, From C:/Program Files/Epic Games/UE_4.14/Engine/Plugins/Runtime/ExampleDeviceProfileSelector/ExampleDeviceProfileSelector.uplugin
LogPluginManager: Loaded Plugin GearVR, From C:/Program Files/Epic Games/UE_4.14/Engine/Plugins/Runtime/GearVR/GearVR.uplugin
LogPluginManager: Loaded Plugin GoogleVRController, From C:/Program Files/Epic Games/UE_4.14/Engine/Plugins/Runtime/GoogleVR/GoogleVRController/GoogleVRController.uplugin
LogPluginManager: Loaded Plugin GoogleVRHMD, From C:/Program Files/Epic Games/UE_4.14/Engine/Plugins/Runtime/GoogleVR/GoogleVRHMD/GoogleVRHMD.uplugin
LogPluginManager: Loaded Plugin IOSDeviceProfileSelector, From C:/Program Files/Epic Games/UE_4.14/Engine/Plugins/Runtime/IOSDeviceProfileSelector/IOSDeviceProfileSelector.uplugin
LogPluginManager: Loaded Plugin LeapMotion, From C:/Program Files/Epic Games/UE_4.14/Engine/Plugins/Runtime/LeapMotion/LeapMotion.uplugin
LogPluginManager: Loaded Plugin LinuxDeviceProfileSelector, From C:/Program Files/Epic Games/UE_4.14/Engine/Plugins/Runtime/LinuxDeviceProfileSelector/LinuxDeviceProfileSelector.uplugin
LogPluginManager: Loaded Plugin MIDIDevice, From C:/Program Files/Epic Games/UE_4.14/Engine/Plugins/Runtime/MIDIDevice/MIDIDevice.uplugin
LogPluginManager: Loaded Plugin MobilePatchingUtils, From C:/Program Files/Epic Games/UE_4.14/Engine/Plugins/Runtime/MobilePatchingUtils/MobilePatchingUtils.uplugin
LogPluginManager: Loaded Plugin Ansel, From C:/Program Files/Epic Games/UE_4.14/Engine/Plugins/Runtime/Nvidia/Ansel/Ansel.uplugin
LogPluginManager: Loaded Plugin OculusAudio, From C:/Program Files/Epic Games/UE_4.14/Engine/Plugins/Runtime/OculusAudio/OculusAudio.uplugin
LogPluginManager: Loaded Plugin OculusInput, From C:/Program Files/Epic Games/UE_4.14/Engine/Plugins/Runtime/OculusInput/OculusInput.uplugin
LogPluginManager: Loaded Plugin OculusLibrary, From C:/Program Files/Epic Games/UE_4.14/Engine/Plugins/Runtime/OculusLibrary/OculusLibrary.uplugin
LogPluginManager: Loaded Plugin OculusRift, From C:/Program Files/Epic Games/UE_4.14/Engine/Plugins/Runtime/OculusRift/OculusRift.uplugin
LogPluginManager: Loaded Plugin Oodle, From C:/Program Files/Epic Games/UE_4.14/Engine/Plugins/Runtime/PacketHandlers/CompressionComponents/Oodle/Oodle.uplugin
LogPluginManager: Loaded Plugin ProceduralMeshComponent, From C:/Program Files/Epic Games/UE_4.14/Engine/Plugins/Runtime/ProceduralMeshComponent/ProceduralMeshComponent.uplugin
LogPluginManager: Loaded Plugin SoundMod, From C:/Program Files/Epic Games/UE_4.14/Engine/Plugins/Runtime/SoundMod/SoundMod.uplugin
LogPluginManager: Loaded Plugin SoundVisualizations, From C:/Program Files/Epic Games/UE_4.14/Engine/Plugins/Runtime/SoundVisualizations/SoundVisualizations.uplugin
LogPluginManager: Loaded Plugin SteamController, From C:/Program Files/Epic Games/UE_4.14/Engine/Plugins/Runtime/Steam/SteamController/SteamController.uplugin
LogPluginManager: Loaded Plugin SteamVR, From C:/Program Files/Epic Games/UE_4.14/Engine/Plugins/Runtime/Steam/SteamVR/SteamVR.uplugin
LogPluginManager: Loaded Plugin WebBrowserWidget, From C:/Program Files/Epic Games/UE_4.14/Engine/Plugins/Runtime/WebBrowserWidget/WebBrowserWidget.uplugin
LogPluginManager: Loaded Plugin WindowsDeviceProfileSelector, From C:/Program Files/Epic Games/UE_4.14/Engine/Plugins/Runtime/WindowsDeviceProfileSelector/WindowsDeviceProfileSelector.uplugin
LogPluginManager: Loaded Plugin WindowsMoviePlayer, From C:/Program Files/Epic Games/UE_4.14/Engine/Plugins/Runtime/WindowsMoviePlayer/WindowsMoviePlayer.uplugin
LogPluginManager: Loaded Plugin ScriptPlugin, From C:/Program Files/Epic Games/UE_4.14/Engine/Plugins/ScriptPlugin/ScriptPlugin.uplugin
LogPluginManager: Loaded Plugin SlateRemote, From C:/Program Files/Epic Games/UE_4.14/Engine/Plugins/Slate/SlateRemote/SlateRemote.uplugin
LogPluginManager: Loaded Plugin EditorTests, From C:/Program Files/Epic Games/UE_4.14/Engine/Plugins/Tests/EditorTests/EditorTests.uplugin
LogPluginManager: Loaded Plugin FbxAutomationTestBuilder, From C:/Program Files/Epic Games/UE_4.14/Engine/Plugins/Tests/FbxAutomationTestBuilder/FbxAutomationTestBuilder.uplugin
LogPluginManager: Loaded Plugin FunctionalTestingEditor, From C:/Program Files/Epic Games/UE_4.14/Engine/Plugins/Tests/FunctionalTestingEditor/FunctionalTestingEditor.uplugin
LogPluginManager: Loaded Plugin RuntimeTests, From C:/Program Files/Epic Games/UE_4.14/Engine/Plugins/Tests/RuntimeTests/RuntimeTests.uplugin
LogPluginManager: Loaded Plugin ScreenshotTools, From C:/Program Files/Epic Games/UE_4.14/Engine/Plugins/Tests/ScreenshotTools/ScreenshotTools.uplugin
LogInit: Using libcurl 7.47.1
LogInit:  - built for x86_64-pc-win32
LogInit:  - supports SSL with OpenSSL/1.0.2g
LogInit:  - supports HTTP deflate (compression) using libz 1.2.8
LogInit:  - other features:
LogInit:      CURL_VERSION_SSL
LogInit:      CURL_VERSION_LIBZ
LogInit:      CURL_VERSION_IPV6
LogInit:      CURL_VERSION_ASYNCHDNS
LogInit:      CURL_VERSION_LARGEFILE
LogInit:      CURL_VERSION_IDN
LogInit:  CurlRequestOptions (configurable via config and command line):
LogInit:  - bVerifyPeer = false  - Libcurl will NOT verify peer certificate
LogInit:  - bUseHttpProxy = false  - Libcurl will NOT use HTTP proxy
LogInit:  - bDontReuseConnections = false  - Libcurl will reuse connections
LogInit:  - CertBundlePath = nullptr  - Libcurl will use whatever was configured at build time.
LogInit: Build: ++UE4+Release-4.14-CL-3249277
LogInit: Engine Version: 4.14.3-3249277+++UE4+Release-4.14
LogInit: Compatible Engine Version: 4.14.0-3195953+++UE4+Release-4.14
LogInit: Net CL: 3195953
LogDevObjectVersion: Number of dev versions registered: 13
LogDevObjectVersion:   Dev-Blueprints (B0D832E4-1F89-4F0D-ACCF-7EB736FD4AA2): 7
LogDevObjectVersion:   Dev-Build (E1C64328-A22C-4D53-A36C-8E866417BD8C): 0
LogDevObjectVersion:   Dev-Core (375EC13C-06E4-48FB-B500-84F0262A717E): 1
LogDevObjectVersion:   Dev-Editor (E4B068ED-F494-42E9-A231-DA0B2E46BB41): 8
LogDevObjectVersion:   Dev-Framework (CFFC743F-43B0-4480-9391-14DF171D2073): 17
LogDevObjectVersion:   Dev-Mobile (B02B49B5-BB20-44E9-A304-32B752E40360): 0
LogDevObjectVersion:   Dev-Networking (A4E4105C-59A1-49B5-A7C5-40C4547EDFEE): 0
LogDevObjectVersion:   Dev-Online (39C831C9-5AE6-47DC-9A44-9C173E1C8E7C): 0
LogDevObjectVersion:   Dev-Physics (78F01B33-EBEA-4F98-B9B4-84EACCB95AA2): 0
LogDevObjectVersion:   Dev-Platform (6631380F-2D4D-43E0-8009-CF276956A95A): 0
LogDevObjectVersion:   Dev-Rendering (12F88B9F-8875-4AFC-A67C-D90C383ABD29): 12
LogDevObjectVersion:   Dev-Sequencer (7B5AE74C-D270-4C10-A958-57980B212A5A): 1
LogDevObjectVersion:   Dev-VR (D7296918-1DD6-4BDD-9DE2-64A83CC13884): 0
LogInit: Compiled (64-bit): Jan  6 2017 10:49:43
LogInit: Compiled with Visual C++: 19.00.23026.00
LogInit: Build Configuration: Development
LogInit: Branch Name: ++UE4+Release-4.14
LogInit: Command line: 
LogInit: Base directory: C:/Program Files/Epic Games/UE_4.14/Engine/Binaries/Win64/
LogInit: Installed Engine Build: 1
LogInit: Presizing for max 8388607 objects, including 0 objects not considered by GC, pre-allocating 0 bytes for permanent pool.
LogInit: Object subsystem initialized
[2019.03.19-08.28.02:944][  0]LogInit: Selected Device Profile: [Windows]
[2019.03.19-08.28.02:944][  0]LogInit: Applying CVar settings loaded from the selected device profile: [Windows]
[2019.03.19-08.28.02:977][  0]LogInit: Computer: ROHIT-PANJWANI
[2019.03.19-08.28.02:977][  0]LogInit: User: RohitPanjwani
[2019.03.19-08.28.02:977][  0]LogInit: CPU Page size=65536, Cores=4
[2019.03.19-08.28.02:977][  0]LogInit: High frequency timer resolution =2.531247 MHz
[2019.03.19-08.28.02:978][  0]LogMemory: Memory total: Physical=15.9GB (16GB approx)
[2019.03.19-08.28.02:978][  0]LogMemory: Platform Memory Stats for Windows
[2019.03.19-08.28.02:978][  0]LogMemory: Process Physical Memory: 265.32 MB used, 265.32 MB peak
[2019.03.19-08.28.02:978][  0]LogMemory: Process Virtual Memory: 262.79 MB used, 262.79 MB peak
[2019.03.19-08.28.02:978][  0]LogMemory: Physical Memory: 5754.17 MB used,  10528.35 MB free, 16282.52 MB total
[2019.03.19-08.28.02:978][  0]LogMemory: Virtual Memory: 4812.63 MB used,  10528.35 MB free, 134217728.00 MB total
[2019.03.19-08.28.04:388][  0]LogTextLocalizationManager: No specific translations for ('en-IN') exist, so ('en') translations will be used.
[2019.03.19-08.28.05:673][  0]LogD3D11RHI: D3D11 adapters:
[2019.03.19-08.28.05:800][  0]LogD3D11RHI:    0. 'NVIDIA GeForce GTX 960M' (Feature Level 11_0)
[2019.03.19-08.28.05:800][  0]LogD3D11RHI:       4055/0/8141 MB DedicatedVideo/DedicatedSystem/SharedSystem, Outputs:1, VendorId:0x10de
[2019.03.19-08.28.05:821][  0]LogD3D11RHI:    1. 'Intel(R) HD Graphics 530' (Feature Level 11_0)
[2019.03.19-08.28.05:821][  0]LogD3D11RHI:       128/0/8141 MB DedicatedVideo/DedicatedSystem/SharedSystem, Outputs:0, VendorId:0x8086
[2019.03.19-08.28.05:829][  0]LogD3D11RHI:    2. 'Microsoft Basic Render Driver' (Feature Level 11_0)
[2019.03.19-08.28.05:829][  0]LogD3D11RHI:       0/0/8141 MB DedicatedVideo/DedicatedSystem/SharedSystem, Outputs:0, VendorId:0x1414
[2019.03.19-08.28.05:829][  0]LogD3D11RHI: Chosen D3D11 Adapter: 0
[2019.03.19-08.28.05:907][  0]LogD3D11RHI: Creating new Direct3DDevice
[2019.03.19-08.28.05:907][  0]LogD3D11RHI:     GPU DeviceId: 0x139b (for the marketing name, search the web for "GPU Device Id")
[2019.03.19-08.28.05:907][  0]LogWindows: EnumDisplayDevices:
[2019.03.19-08.28.05:907][  0]LogWindows:    0. 'Intel(R) HD Graphics 530' (P:1 D:1)
[2019.03.19-08.28.05:908][  0]LogWindows:    1. 'Intel(R) HD Graphics 530' (P:0 D:0)
[2019.03.19-08.28.05:909][  0]LogWindows:    2. 'Intel(R) HD Graphics 530' (P:0 D:0)
[2019.03.19-08.28.05:909][  0]LogWindows: DebugString: GetVideoDriverDetailsInvalid PrimaryIsNotTheChoosenAdapter GetVideoDriverDetailsInvalid PrimaryIsNotTheChoosenAdapter GetVideoDriverDetailsInvalid PrimaryIsNotTheChoosenAdapter FoundDriverCount:0 
[2019.03.19-08.28.05:909][  0]LogD3D11RHI:     Adapter Name: NVIDIA GeForce GTX 960M
[2019.03.19-08.28.05:909][  0]LogD3D11RHI:   Driver Version: Unknown (internal:Unknown, unified:Unknown)
[2019.03.19-08.28.05:909][  0]LogD3D11RHI:      Driver Date: Unknown
[2019.03.19-08.28.05:909][  0]LogRHI: Texture pool is 1361 MB (70% of 1945 MB)
[2019.03.19-08.28.06:017][  0]LogD3D11RHI: Async texture creation enabled
[2019.03.19-08.28.06:041][  0]LogD3D11RHI: GPU Timing Frequency: 1000.000000 (Debug: 2 1)
[2019.03.19-08.28.06:044][  0]LogShaderCompilers: Guid format shader working directory is -16 characters bigger than the processId version (../../../../../../Users/Rohit Panjwani/Documents/Unreal Projects/Chess/Intermediate/Shaders/WorkingDirectory/12488/).
[2019.03.19-08.28.06:044][  0]LogShaderCompilers: Cleaned the shader compiler working directory 'C:/Users/Rohit Panjwani/AppData/Local/Temp/UnrealShaderWorkingDir/51772BFD411B1285B83B52A6F5CAE143/'.
[2019.03.19-08.28.06:044][  0]LogShaderCompilers:Display: Using Local Shader Compiler.
[2019.03.19-08.28.08:509][  0]LogTemp:Display: Loaded TP AllDesktopTargetPlatform
[2019.03.19-08.28.08:634][  0]LogTemp:Display: Loaded TP MacClientTargetPlatform
[2019.03.19-08.28.08:829][  0]LogTemp:Display: Loaded TP MacNoEditorTargetPlatform
[2019.03.19-08.28.09:003][  0]LogTemp:Display: Loaded TP MacServerTargetPlatform
[2019.03.19-08.28.09:131][  0]LogTemp:Display: Loaded TP MacTargetPlatform
[2019.03.19-08.28.09:271][  0]LogTemp:Display: Loaded TP WindowsClientTargetPlatform
[2019.03.19-08.28.09:438][  0]LogTemp:Display: Loaded TP WindowsNoEditorTargetPlatform
[2019.03.19-08.28.09:556][  0]LogTemp:Display: Loaded TP WindowsServerTargetPlatform
[2019.03.19-08.28.09:675][  0]LogTemp:Display: Loaded TP WindowsTargetPlatform
[2019.03.19-08.28.09:807][  0]LogTemp:Display: Loaded TP AndroidTargetPlatform
[2019.03.19-08.28.09:974][  0]LogTemp:Display: Loaded TP Android_ASTCTargetPlatform
[2019.03.19-08.28.10:116][  0]LogTemp:Display: Loaded TP Android_ATCTargetPlatform
[2019.03.19-08.28.10:256][  0]LogTemp:Display: Loaded TP Android_DXTTargetPlatform
[2019.03.19-08.28.10:462][  0]LogTemp:Display: Loaded TP Android_ETC1TargetPlatform
[2019.03.19-08.28.10:657][  0]LogTemp:Display: Loaded TP Android_ETC2TargetPlatform
[2019.03.19-08.28.10:921][  0]LogTemp:Display: Loaded TP Android_MultiTargetPlatform
[2019.03.19-08.28.10:921][  0]LogTemp:Display: Loaded TP Android_PVRTCTargetPlatform
[2019.03.19-08.28.11:039][  0]LogTemp:Display: Loaded TP HTML5TargetPlatform
[2019.03.19-08.28.11:266][  0]LogTemp:Display: Loaded TP IOSTargetPlatform
[2019.03.19-08.28.11:368][  0]LogTemp:Display: Loaded TP TVOSTargetPlatform
[2019.03.19-08.28.11:482][  0]LogTemp:Display: Loaded TP LinuxClientTargetPlatform
[2019.03.19-08.28.11:677][  0]LogTemp:Display: Loaded TP LinuxNoEditorTargetPlatform
[2019.03.19-08.28.11:912][  0]LogTemp:Display: Loaded TP LinuxServerTargetPlatform
[2019.03.19-08.28.12:080][  0]LogTemp:Display: Loaded TP LinuxTargetPlatform
[2019.03.19-08.28.12:080][  0]LogTargetPlatformManager:Display: Building Assets For Windows
[2019.03.19-08.28.13:214][  0]LogDerivedDataCache:Display: Max Cache Size: 512 MB
[2019.03.19-08.28.13:273][  0]LogDerivedDataCache: Loaded boot cache 0.06s 50MB C:/Users/Rohit Panjwani/AppData/Local/UnrealEngine/4.14/DerivedDataCache/Boot.ddc.
[2019.03.19-08.28.13:273][  0]LogDerivedDataCache:Display: Loaded Boot cache: C:/Users/Rohit Panjwani/AppData/Local/UnrealEngine/4.14/DerivedDataCache/Boot.ddc
[2019.03.19-08.28.13:273][  0]LogDerivedDataCache: FDerivedDataBackendGraph:  Pak pak cache file ../../../../../../Users/Rohit Panjwani/Documents/Unreal Projects/Chess/DerivedDataCache/DDC.ddp not found, will not use a pak cache.
[2019.03.19-08.28.13:273][  0]LogDerivedDataCache: Unable to find inner node Pak for hierarchical cache Hierarchy.
[2019.03.19-08.28.13:273][  0]LogDerivedDataCache: FDerivedDataBackendGraph:  CompressedPak pak cache file ../../../../../../Users/Rohit Panjwani/Documents/Unreal Projects/Chess/DerivedDataCache/Compressed.ddp not found, will not use a pak cache.
[2019.03.19-08.28.13:273][  0]LogDerivedDataCache: Unable to find inner node CompressedPak for hierarchical cache Hierarchy.
[2019.03.19-08.28.13:292][  0]LogDerivedDataCache:Display: Pak cache opened for reading ../../../Engine/DerivedDataCache/Compressed.ddp.
[2019.03.19-08.28.13:307][  0]LogDerivedDataCache: Using Local data cache path C:/Users/Rohit Panjwani/AppData/Local/UnrealEngine/Common/DerivedDataCache: Writable
[2019.03.19-08.28.13:736][  0]LogInit: Selected Device Profile: [Windows]
[2019.03.19-08.28.13:742][  0]LogContentStreaming: Texture pool size is 0.00 MB
[2019.03.19-08.28.14:285][  0]LogMeshUtilities: Using QuadricMeshReduction for automatic static mesh reduction
[2019.03.19-08.28.14:423][  0]LogSimplygon: Simplygon DLL not present - disabling.
[2019.03.19-08.28.14:616][  0]LogMeshUtilities: Using SimplygonSwarm for distributed automatic mesh merging
[2019.03.19-08.28.14:616][  0]LogMeshUtilities: No automatic skeletal mesh reduction module available
[2019.03.19-08.28.14:616][  0]LogMeshUtilities: No automatic mesh merging module available
[2019.03.19-08.28.15:686][  0]LogNetVersion: GetLocalNetworkVersion: CL: 3195953, ProjectName: chess, ProjectVersion: , EngineNetworkVersion: 2, GameNetworkVersion: 0, NetworkChecksum: 1690184528
[2019.03.19-08.28.15:781][  0]LogAssetRegistry: FAssetRegistry took 0.0219 seconds to start up
[2019.03.19-08.28.15:914][  0]LogPackageLocalizationCache: Processed 3 localized package path(s) for 2 prioritized culture(s) in 0.083165 seconds
[2019.03.19-08.28.15:921][  0]LogUObjectArray: 31946 objects as part of root set at end of initial load.
[2019.03.19-08.28.15:921][  0]LogUObjectAllocator: 6935848 out of 0 bytes used by permanent object pool.
[2019.03.19-08.28.15:921][  0]LogUObjectArray: CloseDisregardForGC: 0/0 objects in disregard for GC pool
[2019.03.19-08.28.16:156][  0]LogInit: WinSock: version 1.1 (2.2), MaxSocks=32767, MaxUdp=65467
[2019.03.19-08.28.19:823][  0]LogSlate: Using Freetype 2.6.0
[2019.03.19-08.28.19:824][  0]LogSlate: SlateFontCache - WITH_FREETYPE: 1, WITH_HARFBUZZ: 1
[2019.03.19-08.28.19:824][  0]LogSlate: SlateFontCache - WITH_FREETYPE: 1, WITH_HARFBUZZ: 1
[2019.03.19-08.28.22:182][  0]LogTcpMessaging: Initializing TcpMessaging bridge
[2019.03.19-08.28.22:285][  0]LogUdpMessaging: Initializing bridge on interface 0.0.0.0:0 to multicast group 230.0.0.1:6666.
[2019.03.19-08.28.23:615][  0]LogMaterial: Uniform references updated for custom material expression Custom.
[2019.03.19-08.28.25:379][  0]SourceControl: Info Source control is disabled
[2019.03.19-08.28.25:608][  0]SourceControl: Info Source control is disabled
[2019.03.19-08.28.25:916][  0]SourceControl: Info Source control is disabled
[2019.03.19-08.28.26:033][  0]SourceControl: Info Source control is disabled
[2019.03.19-08.28.30:803][  0]LogEngine: Initializing Engine...
[2019.03.19-08.28.30:805][  0]LogHMD: Failed to initialize OpenVR with code 110
[2019.03.19-08.28.31:479][  0]LogAIModule: Creating AISystem for world Untitled
[2019.03.19-08.28.31:508][  0]LogInit: XAudio2 using 'Speakers (Conexant SmartAudio HD)' : 2 channels at 48 kHz using 32 bits per sample (channel mask 0x3)
[2019.03.19-08.28.31:817][  0]LogInit: FAudioDevice initialized.
[2019.03.19-08.28.31:887][  0]LogDerivedDataCache: Saved boot cache 0.07s 50MB C:/Users/Rohit Panjwani/AppData/Local/UnrealEngine/4.14/DerivedDataCache/Boot.ddc.
[2019.03.19-08.28.31:912][  0]LogInit: Texture streaming: Enabled
[2019.03.19-08.28.32:625][  0]LogInit: Transaction tracking system initialized
[2019.03.19-08.28.33:748][  0]BlueprintLog: New page: Editor Load
[2019.03.19-08.28.37:139][  0]LocalizationService: Info Localization service is disabled
[2019.03.19-08.28.39:550][  0]LogConsoleResponse:Display: 
[2019.03.19-08.28.39:859][  0]LogCook:Display: Max memory allowance for cook 16384mb min free memory 0mb
[2019.03.19-08.28.39:859][  0]LogCook:Display: Mobile HDR setting 1
[2019.03.19-08.28.40:307][  0]LogFileCache: Scanning file cache for directory 'C:/Users/Rohit Panjwani/Documents/Unreal Projects/Chess/Content/' took 0.01s
[2019.03.19-08.28.43:557][  0]SourceControl: Info Source control is disabled
[2019.03.19-08.28.43:557][  0]Cmd: MAP LOAD FILE="../../../Engine/Content/Maps/Templates/Template_Default.umap" TEMPLATE=1 SHOWPROGRESS=1 FEATURELEVEL=3
[2019.03.19-08.28.43:558][  0]LightingResults: New page: Lighting Build
[2019.03.19-08.28.43:666][  0]MapCheck: New page: Map Check
[2019.03.19-08.28.43:666][  0]LightingResults: New page: Lighting Build
[2019.03.19-08.28.43:985][  0]LogAIModule: Creating AISystem for world Untitled_1
[2019.03.19-08.28.43:987][  0]LogActorComponent: RegisterComponentWithWorld: (/Temp/Untitled_1.Untitled_1:PersistentLevel.WorldSettings_1.StaticMeshComponent0) Trying to register component with IsPendingKill() == true. Aborting.
[2019.03.19-08.28.43:997][  0]LogEditorServer: Finished looking for orphan Actors (0.000 secs)
[2019.03.19-08.28.44:004][  0]Cmd: MAP CHECKDEP NOCLEARLOG
[2019.03.19-08.28.44:111][  0]MapCheck: Info Map check complete: 0 Error(s), 0 Warning(s), took 108.204ms to complete.
[2019.03.19-08.28.44:111][  0]LogFileHelpers: Loading map 'Template_Default' took 0.555
[2019.03.19-08.28.44:723][  0]LogCollectionManager: Loaded 0 collections in 0.003533 seconds
[2019.03.19-08.28.45:008][  0]LogFileCache: Scanning file cache for directory 'C:/Users/Rohit Panjwani/Documents/Unreal Projects/Chess/Saved/Collections/' took 0.01s
[2019.03.19-08.28.45:008][  0]LogFileCache: Scanning file cache for directory 'C:/Users/Rohit Panjwani/Documents/Unreal Projects/Chess/Content/Developers/RohitPanjwani/Collections/' took 0.01s
[2019.03.19-08.28.45:008][  0]LogFileCache: Scanning file cache for directory 'C:/Users/Rohit Panjwani/Documents/Unreal Projects/Chess/Content/Collections/' took 0.01s
[2019.03.19-08.28.45:008][  0]LogCollectionManager: Rebuilt the GUID cache for 0 collections in 0.000005 seconds
[2019.03.19-08.28.45:049][  0]LogContentBrowser: Native class hierarchy populated in 0.0378 seconds. Added 2190 classes and 428 folders.
[2019.03.19-08.28.45:232][  0]LogStats: UGameplayTagsManager::ConstructGameplayTagTree: Construct from data asset -  0.000 s
[2019.03.19-08.28.45:240][  0]LogStats: UGameplayTagsManager::ConstructGameplayTagTree: GameplayTagTreeChangedEvent.Broadcast -  0.008 s
[2019.03.19-08.28.45:242][  0]LogContentBrowser: Native class hierarchy updated for 'GameplayTags' in 0.0011 seconds. Added 13 classes and 0 folders.
[2019.03.19-08.28.45:501][  0]LogContentBrowser: Native class hierarchy updated for 'WidgetCarousel' in 0.0009 seconds. Added 0 classes and 0 folders.
[2019.03.19-08.28.47:150][  0]LogContentBrowser: Native class hierarchy updated for 'AddContentDialog' in 0.0012 seconds. Added 0 classes and 0 folders.
[2019.03.19-08.28.47:368][  0]LogContentBrowser: Native class hierarchy updated for 'SceneOutliner' in 0.0008 seconds. Added 1 classes and 2 folders.
[2019.03.19-08.28.48:605][  0]LogCrashTracker: Crashtracker disabled due to settings.
[2019.03.19-08.28.48:703][  0]LogUObjectGlobals:Warning: Failed to find object 'Class None.'
[2019.03.19-08.28.48:893][  0]LogContentBrowser: Native class hierarchy updated for 'HierarchicalLODOutliner' in 0.0007 seconds. Added 1 classes and 2 folders.
[2019.03.19-08.28.48:893][  0]LogLoad: (Engine Initialization) Total time: 51.55 seconds
[2019.03.19-08.28.48:893][  0]LogLoad: (Engine Initialization) Total Blueprint compile time: 0.24 seconds
[2019.03.19-08.28.48:893][  0]LogExternalProfiler: Found external profiler: VSPerf
[2019.03.19-08.28.48:893][  0]LogExternalProfiler: Using external profiler: VSPerf
[2019.03.19-08.28.48:911][  0]LogWindowsTextInputMethodSystem:Display: IME system now deactivated.
[2019.03.19-08.28.48:912][  0]LogOcInput: OculusInput pre-init called
[2019.03.19-08.28.49:083][  0]LogContentStreaming: Texture pool size now 3000 MB
[2019.03.19-08.28.49:798][  0]LogRenderer: Reallocating scene render targets to support 860x464 NumSamples 1 (Frame:2).
[2019.03.19-08.28.50:811][  4]LogAssetRegistry: Asset discovery search completed in 35.0520 seconds
[2019.03.19-08.28.50:812][  4]LogCollectionManager: Rebuilt the object cache for 0 collections in 0.000001 seconds (found 0 objects)
[2019.03.19-08.28.50:812][  4]LogCollectionManager: Fixed up redirectors for 0 collections in 0.000126 seconds (updated 0 objects)
[2019.03.19-08.29.06:440][407]LogAIModule: Creating AISystem for world FirstLevel
[2019.03.19-08.29.06:622][407]Cmd: MAP LOAD FILE="../../../../../../Users/Rohit Panjwani/Documents/Unreal Projects/Chess/Content/FirstLevel.umap" TEMPLATE=0 SHOWPROGRESS=1 FEATURELEVEL=3
[2019.03.19-08.29.06:622][407]LightingResults: New page: Lighting Build
[2019.03.19-08.29.06:623][407]LoadErrors: New page: Loading map: FirstLevel.umap
[2019.03.19-08.29.06:624][407]MapCheck: New page: Map Check
[2019.03.19-08.29.06:624][407]LightingResults: New page: Lighting Build
[2019.03.19-08.29.06:920][407]LogEditorServer: Finished looking for orphan Actors (0.000 secs)
[2019.03.19-08.29.07:060][407]Cmd: MAP CHECKDEP NOCLEARLOG
[2019.03.19-08.29.07:318][407]MapCheck: Info Map check complete: 0 Error(s), 0 Warning(s), took 258.276ms to complete.
[2019.03.19-08.29.07:319][407]LogFileHelpers: Loading map 'FirstLevel' took 0.699
[2019.03.19-08.29.17:679][982]LogTemp: Repeting last play command: Selected Viewport
[2019.03.19-08.29.17:769][982]LogPlayLevel: PlayLevel: No blueprints needed recompiling
[2019.03.19-08.29.17:784][982]PIE: New page: PIE session: FirstLevel (19-Mar-2019 7:29:17 pm)
[2019.03.19-08.29.17:790][982]LogPlayLevel: Creating play world package: /Game/UEDPIE_0_FirstLevel
[2019.03.19-08.29.17:828][982]LogPlayLevel: PIE: StaticDuplicateObject took: (0.037372s)
[2019.03.19-08.29.17:830][982]LogAIModule: Creating AISystem for world FirstLevel
[2019.03.19-08.29.17:830][982]LogPlayLevel: PIE: World Init took: (0.002166s)
[2019.03.19-08.29.17:831][982]LogPlayLevel: PIE: Created PIE world by copying editor world from /Game/FirstLevel.FirstLevel to /Game/UEDPIE_0_FirstLevel.FirstLevel (0.046486s)
[2019.03.19-08.29.17:887][982]LogInit: XAudio2 using 'Speakers (Conexant SmartAudio HD)' : 2 channels at 48 kHz using 32 bits per sample (channel mask 0x3)
[2019.03.19-08.29.18:062][982]LogInit: FAudioDevice initialized.
[2019.03.19-08.29.18:209][982]LogLoad: Game class is 'ChessGameMode_C'
[2019.03.19-08.29.18:252][982]LogWorld: Bringing World /Game/UEDPIE_0_FirstLevel.FirstLevel up for play (max tick rate 60) at 2019.03.19-13.59.18
[2019.03.19-08.29.18:255][982]LogWorld: Bringing up level for play took: 0.011297
[2019.03.19-08.29.18:705][982]LogContentBrowser: Native class hierarchy updated for 'MovieSceneCapture' in 0.0012 seconds. Added 11 classes and 0 folders.
[2019.03.19-08.29.18:723][982]PIE: Info Play in editor start time for /Game/UEDPIE_0_FirstLevel 1.736
[2019.03.19-08.30.01:814][410]LogBlueprintUserMessages: [Pawn9] 3
[2019.03.19-08.30.01:815][410]LogBlueprintUserMessages: [Pawn9] 4
[2019.03.19-08.30.40:785][711]LogBlueprintUserMessages: [Pawn20] 6
[2019.03.19-08.30.40:785][711]LogBlueprintUserMessages: [Pawn20] 5
[2019.03.19-08.30.50:226][268]LogBlueprintUserMessages: [board_Piece67_13755] 5
[2019.03.19-08.30.50:630][292]LogBlueprintUserMessages: [Pawn20] 4
[2019.03.19-08.31.10:308][434]LogHttp:Warning: 000001FA8F865D80: request failed, libcurl error: 35 (SSL connect error)
[2019.03.19-08.31.10:308][434]LogHttp:Warning: 000001FA8F865D80: libcurl info message cache 0 (Found bundle for host datarouter.ol.epicgames.com: 0x1fa8906ff40 [serially])
[2019.03.19-08.31.10:308][434]LogHttp:Warning: 000001FA8F865D80: libcurl info message cache 1 (Hostname datarouter.ol.epicgames.com was found in DNS cache)
[2019.03.19-08.31.10:308][434]LogHttp:Warning: 000001FA8F865D80: libcurl info message cache 2 (  Trying 52.7.217.165...)
[2019.03.19-08.31.10:308][434]LogHttp:Warning: 000001FA8F865D80: libcurl info message cache 3 (Connected to datarouter.ol.epicgames.com (52.7.217.165) port 443 (#2))
[2019.03.19-08.31.10:308][434]LogHttp:Warning: 000001FA8F865D80: libcurl info message cache 4 (ALPN, offering http/1.1)
[2019.03.19-08.31.10:308][434]LogHttp:Warning: 000001FA8F865D80: libcurl info message cache 5 (Cipher selection: ALL:!EXPORT:!EXPORT40:!EXPORT56:!aNULL:!LOW:!RC4:@STRENGTH)
[2019.03.19-08.31.10:308][434]LogHttp:Warning: 000001FA8F865D80: libcurl info message cache 6 (TLSv1.2 (OUT), TLS header, Certificate Status (22):)
[2019.03.19-08.31.10:308][434]LogHttp:Warning: 000001FA8F865D80: libcurl info message cache 7 (TLSv1.2 (OUT), TLS handshake, Client hello (1):)
[2019.03.19-08.31.10:308][434]LogHttp:Warning: 000001FA8F865D80: libcurl info message cache 8 (Unknown SSL protocol error in connection to datarouter.ol.epicgames.com:443 )
[2019.03.19-08.31.10:308][434]LogHttp:Warning: 000001FA8F865D80: libcurl info message cache 9 (Closing connection 2)
[2019.03.19-08.31.49:786][560]LogContentBrowser: Native class hierarchy updated for 'BlueprintGraph' in 0.0011 seconds. Added 111 classes and 0 folders.
[2019.03.19-08.31.53:477][616]LogRenderer: Reallocating scene render targets to support 912x464 NumSamples 1 (Frame:8634).
[2019.03.19-08.32.44:456][432]LogEditorViewport: Clicking on Actor (LMB): King_C (King)
[2019.03.19-08.32.47:933][562]LogHttp:Warning: 000001FA8F865300: request failed, libcurl error: 0 (No error)
[2019.03.19-08.32.47:933][562]LogHttp:Warning: 000001FA8F865300: libcurl info message cache 0 (  Trying 52.7.217.165...)
[2019.03.19-08.32.47:933][562]LogHttp:Warning: 000001FA8F865300: libcurl info message cache 1 (Connected to datarouter.ol.epicgames.com (52.7.217.165) port 443 (#1))
[2019.03.19-08.32.47:933][562]LogHttp:Warning: 000001FA8F865300: libcurl info message cache 2 (ALPN, offering http/1.1)
[2019.03.19-08.32.47:933][562]LogHttp:Warning: 000001FA8F865300: libcurl info message cache 3 (Cipher selection: ALL:!EXPORT:!EXPORT40:!EXPORT56:!aNULL:!LOW:!RC4:@STRENGTH)
[2019.03.19-08.32.47:933][562]LogHttp:Warning: 000001FA8F865300: libcurl info message cache 4 (TLSv1.2 (OUT), TLS header, Certificate Status (22):)
[2019.03.19-08.32.47:933][562]LogHttp:Warning: 000001FA8F865300: libcurl info message cache 5 (TLSv1.2 (OUT), TLS handshake, Client hello (1):)
[2019.03.19-08.32.47:933][562]LogHttp:Warning: 000001FA8F865300: libcurl info message cache 6 (TLSv1.2 (IN), TLS handshake, Server hello (2):)
[2019.03.19-08.32.47:933][562]LogHttp:Warning: 000001FA8F865300: libcurl info message cache 7 (Closing connection 1)
[2019.03.19-08.32.48:804][607]LogEditorViewport: Clicking on Actor (LMB): Queen_C (Queen2)
[2019.03.19-08.33.39:476][583]LogEditorViewport: Clicking on Actor (LMB): BP_Sky_Sphere_C (Sky Sphere2)
[2019.03.19-08.33.40:268][616]LogEditorViewport: Clicking on Actor (LMB): BP_Sky_Sphere_C (Sky Sphere2)
[2019.03.19-08.33.40:945][656]LogEditorViewport: Clicking on Actor (LMB): BP_Sky_Sphere_C (Sky Sphere2)
[2019.03.19-08.33.56:033][548]LogTemp: Repeting last play command: Selected Viewport
[2019.03.19-08.33.56:050][548]LogPlayLevel: PlayLevel: No blueprints needed recompiling
[2019.03.19-08.33.56:050][548]PIE: New page: PIE session: FirstLevel (19-Mar-2019 7:33:56 pm)
[2019.03.19-08.33.56:050][548]LogPlayLevel: Creating play world package: /Game/UEDPIE_0_FirstLevel
[2019.03.19-08.33.56:059][548]LogPlayLevel: PIE: StaticDuplicateObject took: (0.009017s)
[2019.03.19-08.33.56:060][548]LogAIModule: Creating AISystem for world FirstLevel
[2019.03.19-08.33.56:060][548]LogPlayLevel: PIE: World Init took: (0.000826s)
[2019.03.19-08.33.56:060][548]LogPlayLevel: PIE: Created PIE world by copying editor world from /Game/FirstLevel.FirstLevel to /Game/UEDPIE_0_FirstLevel.FirstLevel (0.010125s)
[2019.03.19-08.33.56:094][548]LogInit: XAudio2 using 'Speakers (Conexant SmartAudio HD)' : 2 channels at 48 kHz using 32 bits per sample (channel mask 0x3)
[2019.03.19-08.33.56:166][548]LogInit: FAudioDevice initialized.
[2019.03.19-08.33.56:203][548]LogLoad: Game class is 'ChessGameMode_C'
[2019.03.19-08.33.56:212][548]LogWorld: Bringing World /Game/UEDPIE_0_FirstLevel.FirstLevel up for play (max tick rate 60) at 2019.03.19-14.03.56
[2019.03.19-08.33.56:213][548]LogWorld: Bringing up level for play took: 0.006831
[2019.03.19-08.33.56:219][548]PIE: Info Play in editor start time for /Game/UEDPIE_0_FirstLevel -0.768
[2019.03.19-08.34.27:843][417]LogBlueprintUserMessages: [board_Piece84] 5
[2019.03.19-08.34.28:341][446]LogBlueprintUserMessages: [board_Piece84] 5
[2019.03.19-08.34.28:827][475]LogBlueprintUserMessages: [board_Piece84] 5
[2019.03.19-08.34.30:434][557]LogEditorViewport: Clicking on Actor (LMB): board_Piece_C (board_Piece84)
[2019.03.19-08.34.31:494][619]LogEditorViewport: Clicking on Actor (LMB): board_Piece_C (board_Piece83)
[2019.03.19-08.34.35:259][837]LogEditorViewport: Clicking on Actor (context menu): BP_Sky_Sphere_C (Sky Sphere2)
[2019.03.19-08.34.36:204][859]LogEditorViewport: Clicking on Actor (LMB): BP_Sky_Sphere_C (Sky Sphere2)
[2019.03.19-08.34.49:022][514]LogHttp:Warning: 000001FA8E3DDF00: request failed, libcurl error: 0 (No error)
[2019.03.19-08.34.49:022][514]LogHttp:Warning: 000001FA8E3DDF00: libcurl info message cache 0 (Found bundle for host datarouter.ol.epicgames.com: 0x1fa8906ff40 [serially])
[2019.03.19-08.34.49:023][514]LogHttp:Warning: 000001FA8E3DDF00: libcurl info message cache 1 (  Trying 52.70.58.29...)
[2019.03.19-08.34.49:024][514]LogHttp:Warning: 000001FA8E3DDF00: libcurl info message cache 2 (Connected to datarouter.ol.epicgames.com (52.70.58.29) port 443 (#3))
[2019.03.19-08.34.49:024][514]LogHttp:Warning: 000001FA8E3DDF00: libcurl info message cache 3 (ALPN, offering http/1.1)
[2019.03.19-08.34.49:024][514]LogHttp:Warning: 000001FA8E3DDF00: libcurl info message cache 4 (Cipher selection: ALL:!EXPORT:!EXPORT40:!EXPORT56:!aNULL:!LOW:!RC4:@STRENGTH)
[2019.03.19-08.34.49:024][514]LogHttp:Warning: 000001FA8E3DDF00: libcurl info message cache 5 (TLSv1.2 (OUT), TLS header, Certificate Status (22):)
[2019.03.19-08.34.49:024][514]LogHttp:Warning: 000001FA8E3DDF00: libcurl info message cache 6 (TLSv1.2 (OUT), TLS handshake, Client hello (1):)
[2019.03.19-08.34.49:024][514]LogHttp:Warning: 000001FA8E3DDF00: libcurl info message cache 7 (TLSv1.2 (IN), TLS handshake, Server hello (2):)
[2019.03.19-08.34.49:024][514]LogHttp:Warning: 000001FA8E3DDF00: libcurl info message cache 8 (Closing connection 3)
[2019.03.19-08.34.59:554][134]LogEditorViewport: Clicking on Actor (LMB): AtmosphericFog (Atmospheric Fog)
[2019.03.19-08.35.06:317][497]Cmd: ACTOR HIDE SELECTED
[2019.03.19-08.35.08:987][646]Cmd: ACTOR UNHIDE ALL
[2019.03.19-08.35.10:291][718]LogHttp:Warning: 000001FA8104D900: request failed, libcurl error: 35 (SSL connect error)
[2019.03.19-08.35.10:291][718]LogHttp:Warning: 000001FA8104D900: libcurl info message cache 0 (Found bundle for host datarouter.ol.epicgames.com: 0x1fa8906ff40 [serially])
[2019.03.19-08.35.10:291][718]LogHttp:Warning: 000001FA8104D900: libcurl info message cache 1 (Hostname datarouter.ol.epicgames.com was found in DNS cache)
[2019.03.19-08.35.10:291][718]LogHttp:Warning: 000001FA8104D900: libcurl info message cache 2 (  Trying 50.17.106.84...)
[2019.03.19-08.35.10:291][718]LogHttp:Warning: 000001FA8104D900: libcurl info message cache 3 (Connected to datarouter.ol.epicgames.com (50.17.106.84) port 443 (#5))
[2019.03.19-08.35.10:291][718]LogHttp:Warning: 000001FA8104D900: libcurl info message cache 4 (ALPN, offering http/1.1)
[2019.03.19-08.35.10:291][718]LogHttp:Warning: 000001FA8104D900: libcurl info message cache 5 (Cipher selection: ALL:!EXPORT:!EXPORT40:!EXPORT56:!aNULL:!LOW:!RC4:@STRENGTH)
[2019.03.19-08.35.10:291][718]LogHttp:Warning: 000001FA8104D900: libcurl info message cache 6 (TLSv1.2 (OUT), TLS header, Certificate Status (22):)
[2019.03.19-08.35.10:291][718]LogHttp:Warning: 000001FA8104D900: libcurl info message cache 7 (TLSv1.2 (OUT), TLS handshake, Client hello (1):)
[2019.03.19-08.35.10:291][718]LogHttp:Warning: 000001FA8104D900: libcurl info message cache 8 (Unknown SSL protocol error in connection to datarouter.ol.epicgames.com:443 )
[2019.03.19-08.35.10:291][718]LogHttp:Warning: 000001FA8104D900: libcurl info message cache 9 (Closing connection 5)
[2019.03.19-08.35.12:964][877]Cmd: ACTOR HIDE SELECTED
[2019.03.19-08.35.15:426][ 24]LogEditorViewport: Clicking on Actor (LMB): AtmosphericFog (Atmospheric Fog)
[2019.03.19-08.35.16:293][ 73]Cmd: ACTOR HIDE SELECTED
[2019.03.19-08.35.17:416][139]Cmd: ACTOR UNHIDE ALL
[2019.03.19-08.35.18:065][177]Cmd: ACTOR HIDE SELECTED
[2019.03.19-08.35.20:938][349]LogEditorViewport: Clicking on Actor (LMB): AtmosphericFog (Atmospheric Fog)
[2019.03.19-08.35.22:875][461]Cmd: ACTOR HIDE SELECTED
[2019.03.19-08.35.25:582][622]Cmd: ACTOR UNHIDE ALL
[2019.03.19-08.35.28:604][798]LogEditorViewport: Clicking on Actor (LMB): PlayerStart (Player Start)
[2019.03.19-08.35.40:093][474]LogEditorViewport: Clicking on Actor (LMB): BP_Sky_Sphere_C (Sky Sphere2)
[2019.03.19-08.35.40:789][514]LogEditorViewport: Clicking on Actor (LMB): CameraActor (CameraActor)
[2019.03.19-08.35.52:022][115]Cmd: DELETE
[2019.03.19-08.35.52:022][115]Cmd: ACTOR DELETE
[2019.03.19-08.35.52:138][115]LogEditorActor: Deleted Actor: CameraActor
[2019.03.19-08.35.52:236][115]LogEditorActor: Deleted 1 Actors (0.169 secs)
[2019.03.19-08.35.57:133][385]LogEditorViewport: Clicking on Actor (LMB): SkyLight (SkyLight)
[2019.03.19-08.36.02:725][695]LogTemp: Repeting last play command: Selected Viewport
[2019.03.19-08.36.02:738][695]LogPlayLevel: PlayLevel: No blueprints needed recompiling
[2019.03.19-08.36.02:738][695]PIE: New page: PIE session: FirstLevel (19-Mar-2019 7:36:02 pm)
[2019.03.19-08.36.02:738][695]LogPlayLevel: Creating play world package: /Game/UEDPIE_0_FirstLevel
[2019.03.19-08.36.02:749][695]LogPlayLevel: PIE: StaticDuplicateObject took: (0.009294s)
[2019.03.19-08.36.02:749][695]LogAIModule: Creating AISystem for world FirstLevel
[2019.03.19-08.36.02:749][695]LogPlayLevel: PIE: World Init took: (0.000885s)
[2019.03.19-08.36.02:749][695]LogPlayLevel: PIE: Created PIE world by copying editor world from /Game/FirstLevel.FirstLevel to /Game/UEDPIE_0_FirstLevel.FirstLevel (0.010434s)
[2019.03.19-08.36.02:773][695]LogInit: XAudio2 using 'Speakers (Conexant SmartAudio HD)' : 2 channels at 48 kHz using 32 bits per sample (channel mask 0x3)
[2019.03.19-08.36.02:839][695]LogInit: FAudioDevice initialized.
[2019.03.19-08.36.02:878][695]LogLoad: Game class is 'ChessGameMode_C'
[2019.03.19-08.36.02:886][695]LogWorld: Bringing World /Game/UEDPIE_0_FirstLevel.FirstLevel up for play (max tick rate 60) at 2019.03.19-14.06.02
[2019.03.19-08.36.02:887][695]LogWorld: Bringing up level for play took: 0.006653
[2019.03.19-08.36.02:892][695]PIE: Info Play in editor start time for /Game/UEDPIE_0_FirstLevel -0.095
[2019.03.19-08.36.05:760][859]LogBlueprintUserMessages: [Pawn9] 3
[2019.03.19-08.36.05:761][859]LogBlueprintUserMessages: [Pawn9] 4
[2019.03.19-08.36.45:054][177]LogBlueprintUserMessages: [Pawn2] 3
[2019.03.19-08.36.45:055][177]LogBlueprintUserMessages: [Pawn2] 4
[2019.03.19-08.36.50:491][449]LogHttp:Warning: 000001FAABA1BA00: request failed, libcurl error: 0 (No error)
[2019.03.19-08.36.50:492][449]LogHttp:Warning: 000001FAABA1BA00: libcurl info message cache 0 (Connection 0 seems to be dead!)
[2019.03.19-08.36.50:492][449]LogHttp:Warning: 000001FAABA1BA00: libcurl info message cache 1 (Closing connection 0)
[2019.03.19-08.36.50:492][449]LogHttp:Warning: 000001FAABA1BA00: libcurl info message cache 2 (Found bundle for host datarouter.ol.epicgames.com: 0x1fa8906ff40 [serially])
[2019.03.19-08.36.50:492][449]LogHttp:Warning: 000001FAABA1BA00: libcurl info message cache 3 (  Trying 50.17.106.84...)
[2019.03.19-08.36.50:492][449]LogHttp:Warning: 000001FAABA1BA00: libcurl info message cache 4 (Connected to datarouter.ol.epicgames.com (50.17.106.84) port 443 (#4))
[2019.03.19-08.36.50:492][449]LogHttp:Warning: 000001FAABA1BA00: libcurl info message cache 5 (ALPN, offering http/1.1)
[2019.03.19-08.36.50:492][449]LogHttp:Warning: 000001FAABA1BA00: libcurl info message cache 6 (Cipher selection: ALL:!EXPORT:!EXPORT40:!EXPORT56:!aNULL:!LOW:!RC4:@STRENGTH)
[2019.03.19-08.36.50:492][449]LogHttp:Warning: 000001FAABA1BA00: libcurl info message cache 7 (TLSv1.2 (OUT), TLS header, Certificate Status (22):)
[2019.03.19-08.36.50:492][449]LogHttp:Warning: 000001FAABA1BA00: libcurl info message cache 8 (TLSv1.2 (OUT), TLS handshake, Client hello (1):)
[2019.03.19-08.36.50:492][449]LogHttp:Warning: 000001FAABA1BA00: libcurl info message cache 9 (Closing connection 4)
[2019.03.19-08.37.46:274][474]LogTemp: Repeting last play command: Selected Viewport
[2019.03.19-08.37.46:309][474]LogPlayLevel: PlayLevel: No blueprints needed recompiling
[2019.03.19-08.37.46:309][474]PIE: New page: PIE session: FirstLevel (19-Mar-2019 7:37:46 pm)
[2019.03.19-08.37.46:309][474]LogPlayLevel: Creating play world package: /Game/UEDPIE_0_FirstLevel
[2019.03.19-08.37.46:318][474]LogPlayLevel: PIE: StaticDuplicateObject took: (0.008532s)
[2019.03.19-08.37.46:318][474]LogAIModule: Creating AISystem for world FirstLevel
[2019.03.19-08.37.46:318][474]LogPlayLevel: PIE: World Init took: (0.001242s)
[2019.03.19-08.37.46:319][474]LogPlayLevel: PIE: Created PIE world by copying editor world from /Game/FirstLevel.FirstLevel to /Game/UEDPIE_0_FirstLevel.FirstLevel (0.010129s)
[2019.03.19-08.37.46:343][474]LogInit: XAudio2 using 'Speakers (Conexant SmartAudio HD)' : 2 channels at 48 kHz using 32 bits per sample (channel mask 0x3)
[2019.03.19-08.37.46:408][474]LogInit: FAudioDevice initialized.
[2019.03.19-08.37.46:504][474]LogLoad: Game class is 'ChessGameMode_C'
[2019.03.19-08.37.46:513][474]LogWorld: Bringing World /Game/UEDPIE_0_FirstLevel.FirstLevel up for play (max tick rate 60) at 2019.03.19-14.07.46
[2019.03.19-08.37.46:514][474]LogWorld: Bringing up level for play took: 0.007499
[2019.03.19-08.37.46:522][474]PIE: Info Play in editor start time for /Game/UEDPIE_0_FirstLevel -0.465
[2019.03.19-08.37.46:798][474]LogRenderer: Reallocating scene render targets to support 1292x756 NumSamples 1 (Frame:16895).
[2019.03.19-08.37.47:860][507]LogBlueprintUserMessages: [Pawn_674] 3
[2019.03.19-08.37.47:861][507]LogBlueprintUserMessages: [Pawn_674] 4
[2019.03.19-08.37.53:625][680]LogBlueprintUserMessages: [board_Piece51_12813] 5
[2019.03.19-08.37.53:992][691]LogBlueprintUserMessages: [board_Piece51_12813] 5
[2019.03.19-08.37.54:493][706]LogBlueprintUserMessages: [Pawn_674] 5
[2019.03.19-08.37.56:822][776]LogBlueprintUserMessages: [Pawn_674] 6
[2019.03.19-08.38.03:153][966]LogBlueprintUserMessages: [Pawn_674] 7
[2019.03.19-08.38.04:452][  5]LogBlueprintUserMessages: [Pawn_674] 7
[2019.03.19-08.39.44:638][870]LogHttp:Warning: 000001FAA5AB3880: request failed, libcurl error: 0 (No error)
[2019.03.19-08.39.44:638][870]LogHttp:Warning: 000001FAA5AB3880: libcurl info message cache 0 (Found bundle for host datarouter.ol.epicgames.com: 0x1fa8906ff40 [serially])
[2019.03.19-08.39.44:638][870]LogHttp:Warning: 000001FAA5AB3880: libcurl info message cache 1 (  Trying 52.87.134.163...)
[2019.03.19-08.39.44:638][870]LogHttp:Warning: 000001FAA5AB3880: libcurl info message cache 2 (Connected to datarouter.ol.epicgames.com (52.87.134.163) port 443 (#6))
[2019.03.19-08.39.44:638][870]LogHttp:Warning: 000001FAA5AB3880: libcurl info message cache 3 (ALPN, offering http/1.1)
[2019.03.19-08.39.44:638][870]LogHttp:Warning: 000001FAA5AB3880: libcurl info message cache 4 (Cipher selection: ALL:!EXPORT:!EXPORT40:!EXPORT56:!aNULL:!LOW:!RC4:@STRENGTH)
[2019.03.19-08.39.44:638][870]LogHttp:Warning: 000001FAA5AB3880: libcurl info message cache 5 (TLSv1.2 (OUT), TLS header, Certificate Status (22):)
[2019.03.19-08.39.44:638][870]LogHttp:Warning: 000001FAA5AB3880: libcurl info message cache 6 (TLSv1.2 (OUT), TLS handshake, Client hello (1):)
[2019.03.19-08.39.44:638][870]LogHttp:Warning: 000001FAA5AB3880: libcurl info message cache 7 (TLSv1.2 (IN), TLS handshake, Server hello (2):)
[2019.03.19-08.39.44:638][870]LogHttp:Warning: 000001FAA5AB3880: libcurl info message cache 8 (Closing connection 6)
[2019.03.19-08.40.10:511][421]LogHttp:Warning: 000001FAAFF9C580: request failed, libcurl error: 35 (SSL connect error)
[2019.03.19-08.40.10:511][421]LogHttp:Warning: 000001FAAFF9C580: libcurl info message cache 0 (Found bundle for host datarouter.ol.epicgames.com: 0x1fa8906ff40 [serially])
[2019.03.19-08.40.10:511][421]LogHttp:Warning: 000001FAAFF9C580: libcurl info message cache 1 (Hostname in DNS cache was stale, zapped)
[2019.03.19-08.40.10:511][421]LogHttp:Warning: 000001FAAFF9C580: libcurl info message cache 2 (  Trying 54.87.31.36...)
[2019.03.19-08.40.10:511][421]LogHttp:Warning: 000001FAAFF9C580: libcurl info message cache 3 (Connected to datarouter.ol.epicgames.com (54.87.31.36) port 443 (#8))
[2019.03.19-08.40.10:511][421]LogHttp:Warning: 000001FAAFF9C580: libcurl info message cache 4 (ALPN, offering http/1.1)
[2019.03.19-08.40.10:511][421]LogHttp:Warning: 000001FAAFF9C580: libcurl info message cache 5 (Cipher selection: ALL:!EXPORT:!EXPORT40:!EXPORT56:!aNULL:!LOW:!RC4:@STRENGTH)
[2019.03.19-08.40.10:511][421]LogHttp:Warning: 000001FAAFF9C580: libcurl info message cache 6 (TLSv1.2 (OUT), TLS header, Certificate Status (22):)
[2019.03.19-08.40.10:511][421]LogHttp:Warning: 000001FAAFF9C580: libcurl info message cache 7 (TLSv1.2 (OUT), TLS handshake, Client hello (1):)
[2019.03.19-08.40.10:511][421]LogHttp:Warning: 000001FAAFF9C580: libcurl info message cache 8 (Unknown SSL protocol error in connection to datarouter.ol.epicgames.com:443 )
[2019.03.19-08.40.10:511][421]LogHttp:Warning: 000001FAAFF9C580: libcurl info message cache 9 (Closing connection 8)
[2019.03.19-08.40.24:704][240]LogTemp: Repeting last play command: Selected Viewport
[2019.03.19-08.40.24:719][240]LogPlayLevel: PlayLevel: No blueprints needed recompiling
[2019.03.19-08.40.24:719][240]PIE: New page: PIE session: FirstLevel (19-Mar-2019 7:40:24 pm)
[2019.03.19-08.40.24:719][240]LogPlayLevel: Creating play world package: /Game/UEDPIE_0_FirstLevel
[2019.03.19-08.40.24:731][240]LogPlayLevel: PIE: StaticDuplicateObject took: (0.011580s)
[2019.03.19-08.40.24:732][240]LogAIModule: Creating AISystem for world FirstLevel
[2019.03.19-08.40.24:732][240]LogPlayLevel: PIE: World Init took: (0.001003s)
[2019.03.19-08.40.24:732][240]LogPlayLevel: PIE: Created PIE world by copying editor world from /Game/FirstLevel.FirstLevel to /Game/UEDPIE_0_FirstLevel.FirstLevel (0.012889s)
[2019.03.19-08.40.24:757][240]LogInit: XAudio2 using 'Speakers (Conexant SmartAudio HD)' : 2 channels at 48 kHz using 32 bits per sample (channel mask 0x3)
[2019.03.19-08.40.24:815][240]LogInit: FAudioDevice initialized.
[2019.03.19-08.40.24:873][240]LogLoad: Game class is 'ChessGameMode_C'
[2019.03.19-08.40.24:882][240]LogWorld: Bringing World /Game/UEDPIE_0_FirstLevel.FirstLevel up for play (max tick rate 60) at 2019.03.19-14.10.24
[2019.03.19-08.40.24:883][240]LogWorld: Bringing up level for play took: 0.007501
[2019.03.19-08.40.24:892][240]PIE: Info Play in editor start time for /Game/UEDPIE_0_FirstLevel -0.095
[2019.03.19-08.40.36:706][591]LogBlueprintUserMessages: [Pawn9] 3
[2019.03.19-08.40.36:707][591]LogBlueprintUserMessages: [Pawn9] 4
[2019.03.19-08.40.40:869][716]LogBlueprintUserMessages: [Pawn_674] 3
[2019.03.19-08.40.40:870][716]LogBlueprintUserMessages: [Pawn_674] 4
[2019.03.19-08.41.44:278][619]LogHttp:Warning: 000001FA8E944B80: request failed, libcurl error: 35 (SSL connect error)
[2019.03.19-08.41.44:278][619]LogHttp:Warning: 000001FA8E944B80: libcurl info message cache 0 (Found bundle for host datarouter.ol.epicgames.com: 0x1fa8906ff40 [serially])
[2019.03.19-08.41.44:278][619]LogHttp:Warning: 000001FA8E944B80: libcurl info message cache 1 (Hostname in DNS cache was stale, zapped)
[2019.03.19-08.41.44:278][619]LogHttp:Warning: 000001FA8E944B80: libcurl info message cache 2 (  Trying 52.86.141.120...)
[2019.03.19-08.41.44:278][619]LogHttp:Warning: 000001FA8E944B80: libcurl info message cache 3 (Connected to datarouter.ol.epicgames.com (52.86.141.120) port 443 (#9))
[2019.03.19-08.41.44:278][619]LogHttp:Warning: 000001FA8E944B80: libcurl info message cache 4 (ALPN, offering http/1.1)
[2019.03.19-08.41.44:278][619]LogHttp:Warning: 000001FA8E944B80: libcurl info message cache 5 (Cipher selection: ALL:!EXPORT:!EXPORT40:!EXPORT56:!aNULL:!LOW:!RC4:@STRENGTH)
[2019.03.19-08.41.44:278][619]LogHttp:Warning: 000001FA8E944B80: libcurl info message cache 6 (TLSv1.2 (OUT), TLS header, Certificate Status (22):)
[2019.03.19-08.41.44:278][619]LogHttp:Warning: 000001FA8E944B80: libcurl info message cache 7 (TLSv1.2 (OUT), TLS handshake, Client hello (1):)
[2019.03.19-08.41.44:278][619]LogHttp:Warning: 000001FA8E944B80: libcurl info message cache 8 (Unknown SSL protocol error in connection to datarouter.ol.epicgames.com:443 )
[2019.03.19-08.41.44:278][619]LogHttp:Warning: 000001FA8E944B80: libcurl info message cache 9 (Closing connection 9)
[2019.03.19-08.41.46:976][700]LogHttp:Warning: 000001FAAF669600: request failed, libcurl error: 0 (No error)
[2019.03.19-08.41.46:976][700]LogHttp:Warning: 000001FAAF669600: libcurl info message cache 0 (Found bundle for host datarouter.ol.epicgames.com: 0x1fa8906ff40 [serially])
[2019.03.19-08.41.46:976][700]LogHttp:Warning: 000001FAAF669600: libcurl info message cache 1 (Hostname in DNS cache was stale, zapped)
[2019.03.19-08.41.46:976][700]LogHttp:Warning: 000001FAAF669600: libcurl info message cache 2 (  Trying 100.25.57.141...)
[2019.03.19-08.41.46:976][700]LogHttp:Warning: 000001FAAF669600: libcurl info message cache 3 (Connected to datarouter.ol.epicgames.com (100.25.57.141) port 443 (#7))
[2019.03.19-08.41.46:976][700]LogHttp:Warning: 000001FAAF669600: libcurl info message cache 4 (ALPN, offering http/1.1)
[2019.03.19-08.41.46:976][700]LogHttp:Warning: 000001FAAF669600: libcurl info message cache 5 (Cipher selection: ALL:!EXPORT:!EXPORT40:!EXPORT56:!aNULL:!LOW:!RC4:@STRENGTH)
[2019.03.19-08.41.46:976][700]LogHttp:Warning: 000001FAAF669600: libcurl info message cache 6 (TLSv1.2 (OUT), TLS header, Certificate Status (22):)
[2019.03.19-08.41.46:976][700]LogHttp:Warning: 000001FAAF669600: libcurl info message cache 7 (TLSv1.2 (OUT), TLS handshake, Client hello (1):)
[2019.03.19-08.41.46:976][700]LogHttp:Warning: 000001FAAF669600: libcurl info message cache 8 (Closing connection 7)
[2019.03.19-08.43.10:414][204]LogHttp:Warning: 000001FA8E946F80: request failed, libcurl error: 35 (SSL connect error)
[2019.03.19-08.43.10:414][204]LogHttp:Warning: 000001FA8E946F80: libcurl info message cache 0 (Hostname in DNS cache was stale, zapped)
[2019.03.19-08.43.10:414][204]LogHttp:Warning: 000001FA8E946F80: libcurl info message cache 1 (  Trying 52.54.45.143...)
[2019.03.19-08.43.10:414][204]LogHttp:Warning: 000001FA8E946F80: libcurl info message cache 2 (Connected to datarouter.ol.epicgames.com (52.54.45.143) port 443 (#10))
[2019.03.19-08.43.10:414][204]LogHttp:Warning: 000001FA8E946F80: libcurl info message cache 3 (ALPN, offering http/1.1)
[2019.03.19-08.43.10:414][204]LogHttp:Warning: 000001FA8E946F80: libcurl info message cache 4 (Cipher selection: ALL:!EXPORT:!EXPORT40:!EXPORT56:!aNULL:!LOW:!RC4:@STRENGTH)
[2019.03.19-08.43.10:414][204]LogHttp:Warning: 000001FA8E946F80: libcurl info message cache 5 (TLSv1.2 (OUT), TLS header, Certificate Status (22):)
[2019.03.19-08.43.10:414][204]LogHttp:Warning: 000001FA8E946F80: libcurl info message cache 6 (TLSv1.2 (OUT), TLS handshake, Client hello (1):)
[2019.03.19-08.43.10:414][204]LogHttp:Warning: 000001FA8E946F80: libcurl info message cache 7 (Unknown SSL protocol error in connection to datarouter.ol.epicgames.com:443 )
[2019.03.19-08.43.10:414][204]LogHttp:Warning: 000001FA8E946F80: libcurl info message cache 8 (Closing connection 10)
[2019.03.19-09.03.10:573][763]LogHttp:Warning: 000001FB16236C80: request failed, libcurl error: 35 (SSL connect error)
[2019.03.19-09.03.10:573][763]LogHttp:Warning: 000001FB16236C80: libcurl info message cache 0 (Found bundle for host datarouter.ol.epicgames.com: 0x1fa9b7b6410 [serially])
[2019.03.19-09.03.10:573][763]LogHttp:Warning: 000001FB16236C80: libcurl info message cache 1 (Hostname in DNS cache was stale, zapped)
[2019.03.19-09.03.10:573][763]LogHttp:Warning: 000001FB16236C80: libcurl info message cache 2 (  Trying 34.235.212.28...)
[2019.03.19-09.03.10:573][763]LogHttp:Warning: 000001FB16236C80: libcurl info message cache 3 (Connected to datarouter.ol.epicgames.com (34.235.212.28) port 443 (#19))
[2019.03.19-09.03.10:573][763]LogHttp:Warning: 000001FB16236C80: libcurl info message cache 4 (ALPN, offering http/1.1)
[2019.03.19-09.03.10:573][763]LogHttp:Warning: 000001FB16236C80: libcurl info message cache 5 (Cipher selection: ALL:!EXPORT:!EXPORT40:!EXPORT56:!aNULL:!LOW:!RC4:@STRENGTH)
[2019.03.19-09.03.10:573][763]LogHttp:Warning: 000001FB16236C80: libcurl info message cache 6 (SSL re-using session ID)
[2019.03.19-09.03.10:573][763]LogHttp:Warning: 000001FB16236C80: libcurl info message cache 7 (TLSv1.2 (OUT), TLS handshake, Client hello (1):)
[2019.03.19-09.03.10:573][763]LogHttp:Warning: 000001FB16236C80: libcurl info message cache 8 (Unknown SSL protocol error in connection to datarouter.ol.epicgames.com:443 )
[2019.03.19-09.03.10:573][763]LogHttp:Warning: 000001FB16236C80: libcurl info message cache 9 (Closing connection 19)
[2019.03.19-09.04.51:259][658]LogBlueprintUserMessages: [Pawn9] 3
[2019.03.19-09.04.51:259][658]LogBlueprintUserMessages: [Pawn9] 4
[2019.03.19-09.04.57:510][ 33]LogBlueprintUserMessages: [Pawn9] 5
[2019.03.19-09.04.57:628][ 41]LogHttp:Warning: 000001FB16237580: request failed, libcurl error: 0 (No error)
[2019.03.19-09.04.57:628][ 41]LogHttp:Warning: 000001FB16237580: libcurl info message cache 0 (Connection 17 seems to be dead!)
[2019.03.19-09.04.57:628][ 41]LogHttp:Warning: 000001FB16237580: libcurl info message cache 1 (Closing connection 17)
[2019.03.19-09.04.57:628][ 41]LogHttp:Warning: 000001FB16237580: libcurl info message cache 2 (  Trying 54.85.16.28...)
[2019.03.19-09.04.57:628][ 41]LogHttp:Warning: 000001FB16237580: libcurl info message cache 3 (Connected to datarouter.ol.epicgames.com (54.85.16.28) port 443 (#18))
[2019.03.19-09.04.57:628][ 41]LogHttp:Warning: 000001FB16237580: libcurl info message cache 4 (ALPN, offering http/1.1)
[2019.03.19-09.04.57:628][ 41]LogHttp:Warning: 000001FB16237580: libcurl info message cache 5 (Cipher selection: ALL:!EXPORT:!EXPORT40:!EXPORT56:!aNULL:!LOW:!RC4:@STRENGTH)
[2019.03.19-09.04.57:628][ 41]LogHttp:Warning: 000001FB16237580: libcurl info message cache 6 (SSL re-using session ID)
[2019.03.19-09.04.57:629][ 41]LogHttp:Warning: 000001FB16237580: libcurl info message cache 7 (TLSv1.2 (OUT), TLS handshake, Client hello (1):)
[2019.03.19-09.04.57:629][ 41]LogHttp:Warning: 000001FB16237580: libcurl info message cache 8 (TLSv1.2 (IN), TLS handshake, Server hello (2):)
[2019.03.19-09.04.57:629][ 41]LogHttp:Warning: 000001FB16237580: libcurl info message cache 9 (Closing connection 18)
[2019.03.19-09.04.58:910][117]LogBlueprintUserMessages: [Pawn2] 3
[2019.03.19-09.04.58:911][117]LogBlueprintUserMessages: [Pawn2] 4
[2019.03.19-09.05.23:459][589]LogBlueprintUserMessages: [Pawn_674] 3
[2019.03.19-09.05.23:459][589]LogBlueprintUserMessages: [Pawn_674] 4
[2019.03.19-09.06.59:465][189]LogHttp:Warning: 000001FB16237280: request failed, libcurl error: 0 (No error)
[2019.03.19-09.06.59:465][189]LogHttp:Warning: 000001FB16237280: libcurl info message cache 0 (Found bundle for host datarouter.ol.epicgames.com: 0x1fa9b7b6410 [serially])
[2019.03.19-09.06.59:465][189]LogHttp:Warning: 000001FB16237280: libcurl info message cache 1 (Hostname in DNS cache was stale, zapped)
[2019.03.19-09.06.59:465][189]LogHttp:Warning: 000001FB16237280: libcurl info message cache 2 (  Trying 34.204.212.142...)
[2019.03.19-09.06.59:465][189]LogHttp:Warning: 000001FB16237280: libcurl info message cache 3 (Connected to datarouter.ol.epicgames.com (34.204.212.142) port 443 (#20))
[2019.03.19-09.06.59:465][189]LogHttp:Warning: 000001FB16237280: libcurl info message cache 4 (ALPN, offering http/1.1)
[2019.03.19-09.06.59:465][189]LogHttp:Warning: 000001FB16237280: libcurl info message cache 5 (Cipher selection: ALL:!EXPORT:!EXPORT40:!EXPORT56:!aNULL:!LOW:!RC4:@STRENGTH)
[2019.03.19-09.06.59:465][189]LogHttp:Warning: 000001FB16237280: libcurl info message cache 6 (SSL re-using session ID)
[2019.03.19-09.06.59:465][189]LogHttp:Warning: 000001FB16237280: libcurl info message cache 7 (TLSv1.2 (OUT), TLS handshake, Client hello (1):)
[2019.03.19-09.06.59:465][189]LogHttp:Warning: 000001FB16237280: libcurl info message cache 8 (TLSv1.2 (IN), TLS handshake, Server hello (2):)
[2019.03.19-09.06.59:465][189]LogHttp:Warning: 000001FB16237280: libcurl info message cache 9 (Closing connection 20)
[2019.03.19-09.07.10:335][841]LogHttp:Warning: 000001FAB26FC400: request failed, libcurl error: 35 (SSL connect error)
[2019.03.19-09.07.10:335][841]LogHttp:Warning: 000001FAB26FC400: libcurl info message cache 0 (Found bundle for host datarouter.ol.epicgames.com: 0x1fa9b7b6410 [serially])
[2019.03.19-09.07.10:335][841]LogHttp:Warning: 000001FAB26FC400: libcurl info message cache 1 (Hostname in DNS cache was stale, zapped)
[2019.03.19-09.07.10:335][841]LogHttp:Warning: 000001FAB26FC400: libcurl info message cache 2 (  Trying 54.165.238.255...)
[2019.03.19-09.07.10:335][841]LogHttp:Warning: 000001FAB26FC400: libcurl info message cache 3 (Connected to datarouter.ol.epicgames.com (54.165.238.255) port 443 (#22))
[2019.03.19-09.07.10:336][841]LogHttp:Warning: 000001FAB26FC400: libcurl info message cache 4 (ALPN, offering http/1.1)
[2019.03.19-09.07.10:336][841]LogHttp:Warning: 000001FAB26FC400: libcurl info message cache 5 (Cipher selection: ALL:!EXPORT:!EXPORT40:!EXPORT56:!aNULL:!LOW:!RC4:@STRENGTH)
[2019.03.19-09.07.10:336][841]LogHttp:Warning: 000001FAB26FC400: libcurl info message cache 6 (SSL re-using session ID)
[2019.03.19-09.07.10:336][841]LogHttp:Warning: 000001FAB26FC400: libcurl info message cache 7 (TLSv1.2 (OUT), TLS handshake, Client hello (1):)
[2019.03.19-09.07.10:336][841]LogHttp:Warning: 000001FAB26FC400: libcurl info message cache 8 (Unknown SSL protocol error in connection to datarouter.ol.epicgames.com:443 )
[2019.03.19-09.07.10:336][841]LogHttp:Warning: 000001FAB26FC400: libcurl info message cache 9 (Closing connection 22)
[2019.03.19-09.08.16:861][822]LogD3D11RHI:Error: Result failed 
 at D:\Build\++UE4+Release-4.14+Compile\Sync\Engine\Source\Runtime\Windows\D3D11RHI\Private\D3D11Viewport.cpp:275 
 with error E_INVALIDARG
[2019.03.19-09.08.16:864][822]LogWindows: Windows GetLastError: The operation completed successfully. (0)
