Log file open, 05/17/19 14:26:07
LogInit:Display: Running engine for game: Chess
LogInit:Display: Project file not found: ../../../Chess/Chess.uproject
LogInit:Display: 	Attempting to find via project info helper.
LogUProjectInfo: Found projects:
LogPlatformFile: Not using cached read wrapper
LogInit:Display: RandInit(1595049309) SRandInit(1595049309).
LogTaskGraph: Started task graph with 5 named threads and 8 total threads with 1 sets of task threads.
LogStats: Stats thread started at 0.714814
LogPluginManager: Loaded Plugin SlateRemote, From C:/Users/Rohit Panjwani/Desktop/WindowsNoEditor/Engine/Plugins/Slate/SlateRemote/SlateRemote.uplugin
LogPluginManager: Loaded Plugin WindowsMoviePlayer, From C:/Users/Rohit Panjwani/Desktop/WindowsNoEditor/Engine/Plugins/Runtime/WindowsMoviePlayer/WindowsMoviePlayer.uplugin
LogPluginManager: Loaded Plugin SteamVR, From C:/Users/Rohit Panjwani/Desktop/WindowsNoEditor/Engine/Plugins/Runtime/Steam/SteamVR/SteamVR.uplugin
LogPluginManager: Loaded Plugin ProceduralMeshComponent, From C:/Users/Rohit Panjwani/Desktop/WindowsNoEditor/Engine/Plugins/Runtime/ProceduralMeshComponent/ProceduralMeshComponent.uplugin
LogPluginManager: Loaded Plugin OculusRift, From C:/Users/Rohit Panjwani/Desktop/WindowsNoEditor/Engine/Plugins/Runtime/OculusRift/OculusRift.uplugin
LogPluginManager: Loaded Plugin OculusLibrary, From C:/Users/Rohit Panjwani/Desktop/WindowsNoEditor/Engine/Plugins/Runtime/OculusLibrary/OculusLibrary.uplugin
LogPluginManager: Loaded Plugin OculusInput, From C:/Users/Rohit Panjwani/Desktop/WindowsNoEditor/Engine/Plugins/Runtime/OculusInput/OculusInput.uplugin
LogPluginManager: Loaded Plugin MobilePatchingUtils, From C:/Users/Rohit Panjwani/Desktop/WindowsNoEditor/Engine/Plugins/Runtime/MobilePatchingUtils/MobilePatchingUtils.uplugin
LogPluginManager: Loaded Plugin ExampleDeviceProfileSelector, From C:/Users/Rohit Panjwani/Desktop/WindowsNoEditor/Engine/Plugins/Runtime/ExampleDeviceProfileSelector/ExampleDeviceProfileSelector.uplugin
LogPluginManager: Loaded Plugin CustomMeshComponent, From C:/Users/Rohit Panjwani/Desktop/WindowsNoEditor/Engine/Plugins/Runtime/CustomMeshComponent/CustomMeshComponent.uplugin
LogPluginManager: Loaded Plugin CableComponent, From C:/Users/Rohit Panjwani/Desktop/WindowsNoEditor/Engine/Plugins/Runtime/CableComponent/CableComponent.uplugin
LogPluginManager: Loaded Plugin ArchVisCharacter, From C:/Users/Rohit Panjwani/Desktop/WindowsNoEditor/Engine/Plugins/Runtime/ArchVisCharacter/ArchVisCharacter.uplugin
LogPluginManager: Loaded Plugin OnlineSubsystemUtils, From C:/Users/Rohit Panjwani/Desktop/WindowsNoEditor/Engine/Plugins/Online/OnlineSubsystemUtils/OnlineSubsystemUtils.uplugin
LogPluginManager: Loaded Plugin OnlineSubsystemNull, From C:/Users/Rohit Panjwani/Desktop/WindowsNoEditor/Engine/Plugins/Online/OnlineSubsystemNull/OnlineSubsystemNull.uplugin
LogPluginManager: Loaded Plugin OnlineSubsystem, From C:/Users/Rohit Panjwani/Desktop/WindowsNoEditor/Engine/Plugins/Online/OnlineSubsystem/OnlineSubsystem.uplugin
LogPluginManager: Loaded Plugin UdpMessaging, From C:/Users/Rohit Panjwani/Desktop/WindowsNoEditor/Engine/Plugins/Messaging/UdpMessaging/UdpMessaging.uplugin
LogPluginManager: Loaded Plugin WmfMedia, From C:/Users/Rohit Panjwani/Desktop/WindowsNoEditor/Engine/Plugins/Media/WmfMedia/WmfMedia.uplugin
LogPluginManager: Loaded Plugin AvfMedia, From C:/Users/Rohit Panjwani/Desktop/WindowsNoEditor/Engine/Plugins/Media/AvfMedia/AvfMedia.uplugin
LogPluginManager: Loaded Plugin AndroidMedia, From C:/Users/Rohit Panjwani/Desktop/WindowsNoEditor/Engine/Plugins/Media/AndroidMedia/AndroidMedia.uplugin
LogPluginManager: Loaded Plugin HTML5Networking, From C:/Users/Rohit Panjwani/Desktop/WindowsNoEditor/Engine/Plugins/Experimental/HTML5Networking/HTML5Networking.uplugin
LogPluginManager: Loaded Plugin CharacterAI, From C:/Users/Rohit Panjwani/Desktop/WindowsNoEditor/Engine/Plugins/Experimental/CharacterAI/CharacterAI.uplugin
LogPluginManager: Loaded Plugin LightPropagationVolume, From C:/Users/Rohit Panjwani/Desktop/WindowsNoEditor/Engine/Plugins/Blendables/LightPropagationVolume/LightPropagationVolume.uplugin
LogPluginManager: Loaded Plugin Paper2D, From C:/Users/Rohit Panjwani/Desktop/WindowsNoEditor/Engine/Plugins/2D/Paper2D/Paper2D.uplugin
LogModuleManager:Warning: ModuleManager: Module 'XMPP' not found - its StaticallyLinkedModuleInitializers function is null.
LogInit: Using libcurl 7.47.1
LogInit:  - built for i386-pc-win32
LogInit:  - supports SSL with OpenSSL/1.0.2g
LogInit:  - supports HTTP deflate (compression) using libz 1.2.8
LogInit:  - other features:
LogInit:      CURL_VERSION_SSL
LogInit:      CURL_VERSION_LIBZ
LogInit:      CURL_VERSION_IPV6
LogInit:      CURL_VERSION_ASYNCHDNS
LogInit:      CURL_VERSION_LARGEFILE
LogInit:      CURL_VERSION_IDN
LogInit:  CurlRequestOptions (configurable via config and command line):
LogInit:  - bVerifyPeer = false  - Libcurl will NOT verify peer certificate
LogInit:  - bUseHttpProxy = false  - Libcurl will NOT use HTTP proxy
LogInit:  - bDontReuseConnections = false  - Libcurl will reuse connections
LogInit:  - CertBundlePath = nullptr  - Libcurl will use whatever was configured at build time.
LogInit: Build: ++UE4+Release-4.14-CL-3249277
LogInit: Engine Version: 4.14.3-3249277+++UE4+Release-4.14
LogInit: Compatible Engine Version: 4.14.0-3195953+++UE4+Release-4.14
LogInit: Net CL: 3195953
LogDevObjectVersion: Number of dev versions registered: 13
LogDevObjectVersion:   Dev-Blueprints (B0D832E4-1F89-4F0D-ACCF-7EB736FD4AA2): 7
LogDevObjectVersion:   Dev-Build (E1C64328-A22C-4D53-A36C-8E866417BD8C): 0
LogDevObjectVersion:   Dev-Core (375EC13C-06E4-48FB-B500-84F0262A717E): 1
LogDevObjectVersion:   Dev-Editor (E4B068ED-F494-42E9-A231-DA0B2E46BB41): 8
LogDevObjectVersion:   Dev-Framework (CFFC743F-43B0-4480-9391-14DF171D2073): 17
LogDevObjectVersion:   Dev-Mobile (B02B49B5-BB20-44E9-A304-32B752E40360): 0
LogDevObjectVersion:   Dev-Networking (A4E4105C-59A1-49B5-A7C5-40C4547EDFEE): 0
LogDevObjectVersion:   Dev-Online (39C831C9-5AE6-47DC-9A44-9C173E1C8E7C): 0
LogDevObjectVersion:   Dev-Physics (78F01B33-EBEA-4F98-B9B4-84EACCB95AA2): 0
LogDevObjectVersion:   Dev-Platform (6631380F-2D4D-43E0-8009-CF276956A95A): 0
LogDevObjectVersion:   Dev-Rendering (12F88B9F-8875-4AFC-A67C-D90C383ABD29): 12
LogDevObjectVersion:   Dev-Sequencer (7B5AE74C-D270-4C10-A958-57980B212A5A): 1
LogDevObjectVersion:   Dev-VR (D7296918-1DD6-4BDD-9DE2-64A83CC13884): 0
LogInit: Compiled (32-bit): Jan  6 2017 10:58:38
LogInit: Compiled with Visual C++: 19.00.23026.00
LogInit: Build Configuration: Development
LogInit: Branch Name: ++UE4+Release-4.14
LogInit: Command line:  
LogInit: Base directory: C:/Users/Rohit Panjwani/Desktop/WindowsNoEditor/Engine/Binaries/Win32/
LogInit: Installed Engine Build: 0
LogInit: Presizing for max 2097152 objects, including 0 objects not considered by GC, pre-allocating 0 bytes for permanent pool.
LogInit: Object subsystem initialized
[2019.05.17-08.56.07:961][  0]LogInit: Selected Device Profile: [WindowsNoEditor]
[2019.05.17-08.56.07:961][  0]LogInit: Applying CVar settings loaded from the selected device profile: [WindowsNoEditor]
[2019.05.17-08.56.07:970][  0]LogInit: Computer: ROHIT-PANJWANI
[2019.05.17-08.56.07:970][  0]LogInit: User: RohitPanjwani
[2019.05.17-08.56.07:970][  0]LogInit: CPU Page size=65536, Cores=4
[2019.05.17-08.56.07:970][  0]LogInit: High frequency timer resolution =2.531250 MHz
[2019.05.17-08.56.07:971][  0]LogMemory: Memory total: Physical=3.9GB (0GB approx) Virtual=4.0GB
[2019.05.17-08.56.07:971][  0]LogMemory: Platform Memory Stats for WindowsNoEditor
[2019.05.17-08.56.07:971][  0]LogMemory: Process Physical Memory: 68.64 MB used, 68.64 MB peak
[2019.05.17-08.56.07:971][  0]LogMemory: Process Virtual Memory: 83.99 MB used, 83.99 MB peak
[2019.05.17-08.56.07:971][  0]LogMemory: Physical Memory: 2521.00 MB used,  1473.52 MB free, 3994.52 MB total
[2019.05.17-08.56.07:971][  0]LogMemory: Virtual Memory: 299.64 MB used,  1473.52 MB free, 4095.88 MB total
[2019.05.17-08.56.09:655][  0]LogTextLocalizationManager: No specific translations for ('en-IN') exist, so ('en') translations will be used.
[2019.05.17-08.56.09:773][  0]LogD3D11RHI: D3D11 adapters:
[2019.05.17-08.56.09:866][  0]LogD3D11RHI:    0. 'NVIDIA GeForce GTX 960M' (Feature Level 11_0)
[2019.05.17-08.56.09:866][  0]LogD3D11RHI:       3072/0/1023 MB DedicatedVideo/DedicatedSystem/SharedSystem, Outputs:1, VendorId:0x10de
[2019.05.17-08.56.09:883][  0]LogD3D11RHI:    1. 'Intel(R) HD Graphics 530' (Feature Level 11_0)
[2019.05.17-08.56.09:883][  0]LogD3D11RHI:       128/0/3967 MB DedicatedVideo/DedicatedSystem/SharedSystem, Outputs:0, VendorId:0x8086
[2019.05.17-08.56.09:888][  0]LogD3D11RHI:    2. 'Microsoft Basic Render Driver' (Feature Level 11_0)
[2019.05.17-08.56.09:888][  0]LogD3D11RHI:       0/0/4095 MB DedicatedVideo/DedicatedSystem/SharedSystem, Outputs:0, VendorId:0x1414
[2019.05.17-08.56.09:888][  0]LogD3D11RHI: Chosen D3D11 Adapter: 0
[2019.05.17-08.56.09:910][  0]LogD3D11RHI: Creating new Direct3DDevice
[2019.05.17-08.56.09:910][  0]LogD3D11RHI:     GPU DeviceId: 0x139b (for the marketing name, search the web for "GPU Device Id")
[2019.05.17-08.56.09:910][  0]LogWindows: EnumDisplayDevices:
[2019.05.17-08.56.09:911][  0]LogWindows:    0. 'Intel(R) HD Graphics 530' (P:1 D:1)
[2019.05.17-08.56.09:911][  0]LogWindows:    1. 'Intel(R) HD Graphics 530' (P:0 D:0)
[2019.05.17-08.56.09:911][  0]LogWindows:    2. 'Intel(R) HD Graphics 530' (P:0 D:0)
[2019.05.17-08.56.09:912][  0]LogWindows: DebugString: GetVideoDriverDetailsInvalid PrimaryIsNotTheChoosenAdapter GetVideoDriverDetailsInvalid PrimaryIsNotTheChoosenAdapter GetVideoDriverDetailsInvalid PrimaryIsNotTheChoosenAdapter FoundDriverCount:0 
[2019.05.17-08.56.09:912][  0]LogD3D11RHI:     Adapter Name: NVIDIA GeForce GTX 960M
[2019.05.17-08.56.09:912][  0]LogD3D11RHI:   Driver Version: Unknown (internal:Unknown, unified:Unknown)
[2019.05.17-08.56.09:912][  0]LogD3D11RHI:      Driver Date: Unknown
[2019.05.17-08.56.09:912][  0]LogRHI: Texture pool is 716 MB (70% of 1024 MB)
[2019.05.17-08.56.09:999][  0]LogD3D11RHI: Async texture creation enabled
[2019.05.17-08.56.10:022][  0]LogD3D11RHI: GPU Timing Frequency: 1000.000000 (Debug: 2 1)
[2019.05.17-08.56.10:153][  0]LogAssetRegistry: FAssetRegistry took 0.0043 seconds to start up
[2019.05.17-08.56.10:157][  0]LogPackageLocalizationCache: Processed 3 localized package path(s) for 2 prioritized culture(s) in 0.003616 seconds
[2019.05.17-08.56.10:164][  0]LogContentStreaming: Texture pool size is 1000.00 MB
[2019.05.17-08.56.10:164][  0]LogInit: Selected Device Profile: [WindowsNoEditor]
[2019.05.17-08.56.10:202][  0]LogBlueprintUserMessages:Warning: DEBUG: LocalNotification DefaultPlatformService NOT FOUND
[2019.05.17-08.56.10:216][  0]LogNetVersion: GetLocalNetworkVersion: CL: 3195953, ProjectName: chess, ProjectVersion: , EngineNetworkVersion: 2, GameNetworkVersion: 0, NetworkChecksum: 1690184528
[2019.05.17-08.56.10:260][  0]LogInit: WinSock: version 1.1 (2.2), MaxSocks=32767, MaxUdp=65467
[2019.05.17-08.56.10:274][  0]LogSlate: Using Freetype 2.6.0
[2019.05.17-08.56.10:275][  0]LogSlate: SlateFontCache - WITH_FREETYPE: 1, WITH_HARFBUZZ: 1
[2019.05.17-08.56.10:275][  0]LogSlate: SlateFontCache - WITH_FREETYPE: 1, WITH_HARFBUZZ: 1
[2019.05.17-08.56.10:333][  0]LogMoviePlayer: Initializing movie player
[2019.05.17-08.56.10:460][  0]LogWindowsMoviePlayer: Unable to load movie: ../../../Chess/Content/Movies/Default_Startup.mp4
[2019.05.17-08.56.10:512][  0]LogUObjectArray: 29389 objects as part of root set at end of initial load.
[2019.05.17-08.56.10:512][  0]LogUObjectAllocator: 4160372 out of 0 bytes used by permanent object pool.
[2019.05.17-08.56.10:512][  0]LogUObjectArray: CloseDisregardForGC: 0/0 objects in disregard for GC pool
[2019.05.17-08.56.10:527][  0]LogEngine: Initializing Engine...
[2019.05.17-08.56.10:529][  0]LogHMD: Failed to initialize OpenVR with code 110
[2019.05.17-08.56.10:600][  0]LogInit: XAudio2 using 'Speakers (Conexant SmartAudio HD)' : 2 channels at 48 kHz using 32 bits per sample (channel mask 0x3)
[2019.05.17-08.56.10:700][  0]LogInit: FAudioDevice initialized.
[2019.05.17-08.56.10:714][  0]LogInit: Texture streaming: Enabled
[2019.05.17-08.56.10:726][  0]LogInit:Display: Game Engine Initialized.
[2019.05.17-08.56.10:726][  0]LogInit:Display: Starting Game.
[2019.05.17-08.56.10:726][  0]LogNet: Browse: /Game/FirstLevel?Name=Player
[2019.05.17-08.56.10:726][  0]LogLoad: LoadMap: /Game/FirstLevel?Name=Player
[2019.05.17-08.56.10:746][  0]LogMemory: Platform Memory Stats for WindowsNoEditor
[2019.05.17-08.56.10:746][  0]LogMemory: Process Physical Memory: 178.57 MB used, 191.14 MB peak
[2019.05.17-08.56.10:746][  0]LogMemory: Process Virtual Memory: 182.32 MB used, 195.27 MB peak
[2019.05.17-08.56.10:746][  0]LogMemory: Physical Memory: 2639.64 MB used,  1354.88 MB free, 3994.52 MB total
[2019.05.17-08.56.10:746][  0]LogMemory: Virtual Memory: 708.28 MB used,  1354.88 MB free, 4095.88 MB total
[2019.05.17-08.56.10:746][  0]LogMemory: 
[2019.05.17-08.56.10:746][  0]Allocator Stats for binned2: (not implemented)
[2019.05.17-08.56.10:875][  0]LogAIModule: Creating AISystem for world FirstLevel
[2019.05.17-08.56.10:875][  0]LogLoad: Game class is 'ChessGameMode_C'
[2019.05.17-08.56.10:883][  0]LogWorld: Bringing World /Game/FirstLevel.FirstLevel up for play (max tick rate 0) at 2019.05.17-14.26.10
[2019.05.17-08.56.10:885][  0]LogLinker:Warning: Can't find file '/Game/NewLevelSequence'
[2019.05.17-08.56.10:885][  0]LogUObjectGlobals:Warning: Failed to load '/Game/NewLevelSequence': Can't find file '/Game/NewLevelSequence'
[2019.05.17-08.56.10:885][  0]LogLinker:Warning: Can't find file '/Game/NewLevelSequence'
[2019.05.17-08.56.10:885][  0]LogUObjectGlobals:Warning: Failed to load '/Game/NewLevelSequence': Can't find file '/Game/NewLevelSequence'
[2019.05.17-08.56.10:885][  0]LogUObjectGlobals:Warning: Failed to find object 'Object /Game/NewLevelSequence.NewLevelSequence'
[2019.05.17-08.56.10:885][  0]LogWorld: Bringing up level for play took: 0.007585
[2019.05.17-08.56.11:172][  0]LogLinker:Warning: Can't find file '/Game/NewLevelSequence'
[2019.05.17-08.56.11:172][  0]LogUObjectGlobals:Warning: Failed to load '/Game/NewLevelSequence': Can't find file '/Game/NewLevelSequence'
[2019.05.17-08.56.11:172][  0]LogUObjectGlobals:Warning: Failed to find object 'Object /Game/NewLevelSequence.NewLevelSequence'
[2019.05.17-08.56.11:198][  0]LogLoad: Took 0.470725 seconds to LoadMap(/Game/FirstLevel)
[2019.05.17-08.56.11:400][  0]LogLoad: (Engine Initialization) Total time: 4.42 seconds
[2019.05.17-08.56.11:400][  0]LogExternalProfiler: Found external profiler: VSPerf
[2019.05.17-08.56.11:400][  0]LogExternalProfiler: Using external profiler: VSPerf
[2019.05.17-08.56.11:417][  0]LogOcInput: OculusInput pre-init called
[2019.05.17-08.56.11:498][  0]LogRenderer: Reallocating scene render targets to support 128x128 NumSamples 1 (Frame:1).
[2019.05.17-08.56.11:588][  0]LogRenderer: Reallocating scene render targets to support 1280x720 NumSamples 1 (Frame:2).
[2019.05.17-08.56.11:588][  0]LogStats: FPlatformStackWalk::StackWalkAndDump -  0.005 s
[2019.05.17-08.56.11:588][  0]LogOutputDevice:Error: === Handled ensure: ===
[2019.05.17-08.56.11:588][  0]LogOutputDevice:Error: 
[2019.05.17-08.56.11:588][  0]LogOutputDevice:Error: Ensure condition failed: ResourceSizeMode == InRHS.ResourceSizeMode [File:Runtime/Core/Public/ProfilingDebugging\ResourceSize.h] [Line: 193]
[2019.05.17-08.56.11:588][  0]LogOutputDevice:Error: The two resource sizes use different counting modes. The result of adding them together may be incorrect.
[2019.05.17-08.56.11:588][  0]LogOutputDevice:Error: Stack: 
[2019.05.17-08.56.11:588][  0]LogOutputDevice:Error: 
[2019.05.17-08.56.11:588][  0]LogOutputDevice:Error: 
[2019.05.17-08.56.11:592][  0]LogStats:                SubmitErrorReport -  0.000 s
[2019.05.17-08.56.11:998][  0]LogStats:                    SendNewReport -  0.407 s
[2019.05.17-08.56.11:998][  0]LogStats:             FDebug::EnsureFailed -  0.415 s
[2019.05.17-08.56.33:776][338]LogNet: Browse: /Game/FirstLevel?Name=Player?restart
[2019.05.17-08.56.33:776][338]LogLoad: LoadMap: /Game/FirstLevel?Name=Player
[2019.05.17-08.56.33:861][338]LogMemory: Platform Memory Stats for WindowsNoEditor
[2019.05.17-08.56.33:861][338]LogMemory: Process Physical Memory: 224.20 MB used, 646.90 MB peak
[2019.05.17-08.56.33:861][338]LogMemory: Process Virtual Memory: 214.73 MB used, 644.11 MB peak
[2019.05.17-08.56.33:861][338]LogMemory: Physical Memory: 2682.37 MB used,  1312.15 MB free, 3994.52 MB total
[2019.05.17-08.56.33:861][338]LogMemory: Virtual Memory: 863.92 MB used,  1312.15 MB free, 4095.88 MB total
[2019.05.17-08.56.33:861][338]LogMemory: 
[2019.05.17-08.56.33:861][338]Allocator Stats for binned2: (not implemented)
[2019.05.17-08.56.34:012][338]LogAIModule: Creating AISystem for world FirstLevel
[2019.05.17-08.56.34:012][338]LogLoad: Game class is 'ChessGameMode_C'
[2019.05.17-08.56.34:021][338]LogWorld: Bringing World /Game/FirstLevel.FirstLevel up for play (max tick rate 0) at 2019.05.17-14.26.34
[2019.05.17-08.56.34:022][338]LogLinker:Warning: Can't find file '/Game/NewLevelSequence'
[2019.05.17-08.56.34:022][338]LogUObjectGlobals:Warning: Failed to load '/Game/NewLevelSequence': Can't find file '/Game/NewLevelSequence'
[2019.05.17-08.56.34:022][338]LogLinker:Warning: Can't find file '/Game/NewLevelSequence'
[2019.05.17-08.56.34:022][338]LogUObjectGlobals:Warning: Failed to load '/Game/NewLevelSequence': Can't find file '/Game/NewLevelSequence'
[2019.05.17-08.56.34:022][338]LogUObjectGlobals:Warning: Failed to find object 'Object /Game/NewLevelSequence.NewLevelSequence'
[2019.05.17-08.56.34:022][338]LogWorld: Bringing up level for play took: 0.007122
[2019.05.17-08.56.34:290][338]LogLinker:Warning: Can't find file '/Game/NewLevelSequence'
[2019.05.17-08.56.34:290][338]LogUObjectGlobals:Warning: Failed to load '/Game/NewLevelSequence': Can't find file '/Game/NewLevelSequence'
[2019.05.17-08.56.34:290][338]LogUObjectGlobals:Warning: Failed to find object 'Object /Game/NewLevelSequence.NewLevelSequence'
[2019.05.17-08.56.34:318][338]LogLoad: Took 0.540957 seconds to LoadMap(/Game/FirstLevel)
[2019.05.17-08.56.34:320][338]LogStats: FPlatformStackWalk::StackWalkAndDump -  0.000 s
[2019.05.17-08.56.34:320][338]LogOutputDevice:Error: === Handled ensure: ===
[2019.05.17-08.56.34:320][338]LogOutputDevice:Error: 
[2019.05.17-08.56.34:320][338]LogOutputDevice:Error: Ensure condition failed: ResourceSizeMode == InRHS.ResourceSizeMode [File:Runtime/Core/Public/ProfilingDebugging\ResourceSize.h] [Line: 193]
[2019.05.17-08.56.34:320][338]LogOutputDevice:Error: The two resource sizes use different counting modes. The result of adding them together may be incorrect.
[2019.05.17-08.56.34:320][338]LogOutputDevice:Error: Stack: 
[2019.05.17-08.56.34:320][338]LogOutputDevice:Error: 
[2019.05.17-08.56.34:320][338]LogOutputDevice:Error: 
[2019.05.17-08.56.34:328][338]LogStats:             FDebug::EnsureFailed -  0.008 s
[2019.05.17-08.56.45:919][ 48]LogScript:Warning: Attempted to access AudioComponent_0 via property CallFunc_SpawnSound2D_ReturnValue, but AudioComponent_0 is pending kill
	Opening_C /Engine/Transient.GameEngine_0:GameInstance_0.Opening_C_1
	Function /Game/Blueprints/Opening.Opening_C:ExecuteUbergraph_Opening:01C3
[2019.05.17-08.56.45:919][ 48]LogScript:Warning: Script call stack:
	Function /Game/Blueprints/Opening.Opening_C:ExecuteUbergraph_Opening

[2019.05.17-08.57.04:092][158]LogNet: Browse: /Game/FirstLevel?Name=Player?restart
[2019.05.17-08.57.04:092][158]LogLoad: LoadMap: /Game/FirstLevel?Name=Player
[2019.05.17-08.57.04:187][158]LogMemory: Platform Memory Stats for WindowsNoEditor
[2019.05.17-08.57.04:187][158]LogMemory: Process Physical Memory: 228.79 MB used, 654.96 MB peak
[2019.05.17-08.57.04:187][158]LogMemory: Process Virtual Memory: 218.75 MB used, 650.49 MB peak
[2019.05.17-08.57.04:187][158]LogMemory: Physical Memory: 2685.23 MB used,  1309.30 MB free, 3994.52 MB total
[2019.05.17-08.57.04:187][158]LogMemory: Virtual Memory: 859.36 MB used,  1309.30 MB free, 4095.88 MB total
[2019.05.17-08.57.04:187][158]LogMemory: 
[2019.05.17-08.57.04:187][158]Allocator Stats for binned2: (not implemented)
[2019.05.17-08.57.04:358][158]LogAIModule: Creating AISystem for world FirstLevel
[2019.05.17-08.57.04:358][158]LogLoad: Game class is 'ChessGameMode_C'
[2019.05.17-08.57.04:368][158]LogWorld: Bringing World /Game/FirstLevel.FirstLevel up for play (max tick rate 0) at 2019.05.17-14.27.04
[2019.05.17-08.57.04:372][158]LogLinker:Warning: Can't find file '/Game/NewLevelSequence'
[2019.05.17-08.57.04:372][158]LogUObjectGlobals:Warning: Failed to load '/Game/NewLevelSequence': Can't find file '/Game/NewLevelSequence'
[2019.05.17-08.57.04:372][158]LogLinker:Warning: Can't find file '/Game/NewLevelSequence'
[2019.05.17-08.57.04:372][158]LogUObjectGlobals:Warning: Failed to load '/Game/NewLevelSequence': Can't find file '/Game/NewLevelSequence'
[2019.05.17-08.57.04:372][158]LogUObjectGlobals:Warning: Failed to find object 'Object /Game/NewLevelSequence.NewLevelSequence'
[2019.05.17-08.57.04:372][158]LogWorld: Bringing up level for play took: 0.008883
[2019.05.17-08.57.04:637][158]LogLinker:Warning: Can't find file '/Game/NewLevelSequence'
[2019.05.17-08.57.04:637][158]LogUObjectGlobals:Warning: Failed to load '/Game/NewLevelSequence': Can't find file '/Game/NewLevelSequence'
[2019.05.17-08.57.04:637][158]LogUObjectGlobals:Warning: Failed to find object 'Object /Game/NewLevelSequence.NewLevelSequence'
[2019.05.17-08.57.04:664][158]LogLoad: Took 0.572237 seconds to LoadMap(/Game/FirstLevel)
[2019.05.17-08.57.04:667][158]LogStats: FPlatformStackWalk::StackWalkAndDump -  0.000 s
[2019.05.17-08.57.04:667][158]LogOutputDevice:Error: === Handled ensure: ===
[2019.05.17-08.57.04:667][158]LogOutputDevice:Error: 
[2019.05.17-08.57.04:667][158]LogOutputDevice:Error: Ensure condition failed: ResourceSizeMode == InRHS.ResourceSizeMode [File:Runtime/Core/Public/ProfilingDebugging\ResourceSize.h] [Line: 193]
[2019.05.17-08.57.04:667][158]LogOutputDevice:Error: The two resource sizes use different counting modes. The result of adding them together may be incorrect.
[2019.05.17-08.57.04:667][158]LogOutputDevice:Error: Stack: 
[2019.05.17-08.57.04:667][158]LogOutputDevice:Error: 
[2019.05.17-08.57.04:667][158]LogOutputDevice:Error: 
[2019.05.17-08.57.04:670][158]LogStats:             FDebug::EnsureFailed -  0.003 s
[2019.05.17-08.57.12:685][651]LogHttp:Warning: 1DF2CE80: request failed, libcurl error: 51 (SSL peer certificate or SSH remote key was not OK)
[2019.05.17-08.57.12:685][651]LogHttp:Warning: 1DF2CE80: libcurl info message cache 0 (  Trying 52.1.97.25...)
[2019.05.17-08.57.12:685][651]LogHttp:Warning: 1DF2CE80: libcurl info message cache 1 (Connected to datarouter.ol.epicgames.com (52.1.97.25) port 443 (#0))
[2019.05.17-08.57.12:685][651]LogHttp:Warning: 1DF2CE80: libcurl info message cache 2 (ALPN, offering http/1.1)
[2019.05.17-08.57.12:685][651]LogHttp:Warning: 1DF2CE80: libcurl info message cache 3 (Cipher selection: ALL:!EXPORT:!EXPORT40:!EXPORT56:!aNULL:!LOW:!RC4:@STRENGTH)
[2019.05.17-08.57.12:685][651]LogHttp:Warning: 1DF2CE80: libcurl info message cache 4 (TLSv1.2 (OUT), TLS header, Certificate Status (22):)
[2019.05.17-08.57.12:685][651]LogHttp:Warning: 1DF2CE80: libcurl info message cache 5 (TLSv1.2 (OUT), TLS handshake, Client hello (1):)
[2019.05.17-08.57.12:685][651]LogHttp:Warning: 1DF2CE80: libcurl info message cache 6 (TLSv1.2 (IN), TLS handshake, Server hello (2):)
[2019.05.17-08.57.12:685][651]LogHttp:Warning: 1DF2CE80: libcurl info message cache 7 (TLSv1.2 (IN), TLS handshake, Certificate (11):)
[2019.05.17-08.57.12:685][651]LogHttp:Warning: 1DF2CE80: libcurl info message cache 8 (TLSv1.2 (IN), TLS handshake, Server key exchange (12):)
[2019.05.17-08.57.12:685][651]LogHttp:Warning: 1DF2CE80: libcurl info message cache 9 (TLSv1.2 (IN), TLS handshake, Server finished (14):)
[2019.05.17-08.57.12:685][651]LogHttp:Warning: 1DF2CE80: libcurl info message cache 10 (TLSv1.2 (OUT), TLS handshake, Client key exchange (16):)
[2019.05.17-08.57.12:685][651]LogHttp:Warning: 1DF2CE80: libcurl info message cache 11 (TLSv1.2 (OUT), TLS change cipher, Client hello (1):)
[2019.05.17-08.57.12:686][651]LogHttp:Warning: 1DF2CE80: libcurl info message cache 12 (TLSv1.2 (OUT), TLS handshake, Finished (20):)
[2019.05.17-08.57.12:686][651]LogHttp:Warning: 1DF2CE80: libcurl info message cache 13 (TLSv1.2 (IN), TLS change cipher, Client hello (1):)
[2019.05.17-08.57.12:686][651]LogHttp:Warning: 1DF2CE80: libcurl info message cache 14 (TLSv1.2 (IN), TLS handshake, Finished (20):)
[2019.05.17-08.57.12:686][651]LogHttp:Warning: 1DF2CE80: libcurl info message cache 15 (SSL connection using TLSv1.2 / ECDHE-RSA-AES256-GCM-SHA384)
[2019.05.17-08.57.12:686][651]LogHttp:Warning: 1DF2CE80: libcurl info message cache 16 (ALPN, server did not agree to a protocol)
[2019.05.17-08.57.12:686][651]LogHttp:Warning: 1DF2CE80: libcurl info message cache 17 (Server certificate:)
[2019.05.17-08.57.12:686][651]LogHttp:Warning: 1DF2CE80: libcurl info message cache 18 (	 subject: C=US; ST=California; L=Sunnyvale; O=Fortinet; OU=FortiGate; CN=FG200E4Q17903064; emailAddress=support@fortinet.com)
[2019.05.17-08.57.12:686][651]LogHttp:Warning: 1DF2CE80: libcurl info message cache 19 (	 start date: Feb  6 09:17:53 2017 GMT)
[2019.05.17-08.57.12:686][651]LogHttp:Warning: 1DF2CE80: libcurl info message cache 20 (	 expire date: Jan 19 03:14:07 2038 GMT)
[2019.05.17-08.57.12:686][651]LogHttp:Warning: 1DF2CE80: libcurl info message cache 21 (SSL: certificate subject name 'FG200E4Q17903064' does not match target host name 'datarouter.ol.epicgames.com')
[2019.05.17-08.57.12:686][651]LogHttp:Warning: 1DF2CE80: libcurl info message cache 22 (Closing connection 0)
[2019.05.17-08.57.12:686][651]LogHttp:Warning: 1DF2CE80: libcurl info message cache 23 (TLSv1.2 (OUT), TLS alert, Client hello (1):)
[2019.05.17-08.57.16:271][871]LogScript:Warning: Attempted to access AudioComponent_0 via property CallFunc_SpawnSound2D_ReturnValue, but AudioComponent_0 is pending kill
	Opening_C /Engine/Transient.GameEngine_0:GameInstance_0.Opening_C_2
	Function /Game/Blueprints/Opening.Opening_C:ExecuteUbergraph_Opening:01C3
[2019.05.17-08.57.16:271][871]LogScript:Warning: Script call stack:
	Function /Game/Blueprints/Opening.Opening_C:ExecuteUbergraph_Opening

[2019.05.17-08.57.19:013][ 23]LogSlate: Request Window 'Chess 3.0 (32-bit, PCD3D_SM5)' being destroyed
[2019.05.17-08.57.19:051][ 23]LogSlate: Window 'Chess 3.0 (32-bit, PCD3D_SM5)' being destroyed
[2019.05.17-08.57.19:052][ 23]LogWindowsTextInputMethodSystem:Display: IME system now deactivated.
[2019.05.17-08.57.19:062][ 23]LogSlate: HittestGrid destroyed
[2019.05.17-08.57.19:062][ 23]LogEngine: All Windows Closed
[2019.05.17-08.57.19:063][ 23]LogWindows: FPlatformMisc::RequestExit(0)
[2019.05.17-08.57.19:063][ 24]LogMoviePlayer: Shutting down movie player
[2019.05.17-08.57.19:599][ 24]LogExit: Preparing to exit.
[2019.05.17-08.57.19:727][ 24]LogExit: Game engine shut down
[2019.05.17-08.57.19:783][ 24]LogObj: Freed 16b from 1 cluster array pools.
[2019.05.17-08.57.19:783][ 24]LogExit: Object subsystem successfully closed.
[2019.05.17-08.57.19:797][ 24]LogD3D11RHI: Shutdown
[2019.05.17-08.57.19:797][ 24]LogD3D11RHI: CleanupD3DDevice
[2019.05.17-08.57.19:961][ 24]LogD3D11RHI: ~FD3D11DynamicRHI
[2019.05.17-08.57.19:962][ 24]LogHttp:Display: Http module shutting down, but needs to wait on 1 outstanding Http requests:
[2019.05.17-08.57.19:962][ 24]LogHttp:Display: 	verb=[POST] url=[https://datarouter.ol.epicgames.com/datarouter/api/v1/public/data?SessionID=%7BC6404633-47C3-17C3-A0AC-A1A5F0FD1020%7D&AppID=UEGame.Rocket.Release%7CE937892F47F5847135E935AD6A50B0CD%7CUE4Game&AppVersion=4.14.3-3249277%2B%2B%2BUE4%2BRelease-4.14&UserID=ANON-%7BD1416F66-499F-F30E-FC9E-93B435BCC9AA%7D%7C%7C&AppEnvironment=datacollector-binary&UploadType=eteventstream] status=Processing
[2019.05.17-08.57.19:962][ 24]LogHttp:Warning: 1DF27CC0: request failed, libcurl error: 51 (SSL peer certificate or SSH remote key was not OK)
[2019.05.17-08.57.19:962][ 24]LogHttp:Warning: 1DF27CC0: libcurl info message cache 0 (Hostname datarouter.ol.epicgames.com was found in DNS cache)
[2019.05.17-08.57.19:962][ 24]LogHttp:Warning: 1DF27CC0: libcurl info message cache 1 (  Trying 52.1.97.25...)
[2019.05.17-08.57.19:962][ 24]LogHttp:Warning: 1DF27CC0: libcurl info message cache 2 (Connected to datarouter.ol.epicgames.com (52.1.97.25) port 443 (#1))
[2019.05.17-08.57.19:962][ 24]LogHttp:Warning: 1DF27CC0: libcurl info message cache 3 (ALPN, offering http/1.1)
[2019.05.17-08.57.19:962][ 24]LogHttp:Warning: 1DF27CC0: libcurl info message cache 4 (Cipher selection: ALL:!EXPORT:!EXPORT40:!EXPORT56:!aNULL:!LOW:!RC4:@STRENGTH)
[2019.05.17-08.57.19:962][ 24]LogHttp:Warning: 1DF27CC0: libcurl info message cache 5 (SSL re-using session ID)
[2019.05.17-08.57.19:963][ 24]LogHttp:Warning: 1DF27CC0: libcurl info message cache 6 (TLSv1.2 (OUT), TLS handshake, Client hello (1):)
[2019.05.17-08.57.19:963][ 24]LogHttp:Warning: 1DF27CC0: libcurl info message cache 7 (TLSv1.2 (IN), TLS handshake, Server hello (2):)
[2019.05.17-08.57.19:963][ 24]LogHttp:Warning: 1DF27CC0: libcurl info message cache 8 (TLSv1.2 (IN), TLS handshake, Certificate (11):)
[2019.05.17-08.57.19:963][ 24]LogHttp:Warning: 1DF27CC0: libcurl info message cache 9 (TLSv1.2 (IN), TLS handshake, Server key exchange (12):)
[2019.05.17-08.57.19:963][ 24]LogHttp:Warning: 1DF27CC0: libcurl info message cache 10 (TLSv1.2 (IN), TLS handshake, Server finished (14):)
[2019.05.17-08.57.19:963][ 24]LogHttp:Warning: 1DF27CC0: libcurl info message cache 11 (TLSv1.2 (OUT), TLS handshake, Client key exchange (16):)
[2019.05.17-08.57.19:963][ 24]LogHttp:Warning: 1DF27CC0: libcurl info message cache 12 (TLSv1.2 (OUT), TLS change cipher, Client hello (1):)
[2019.05.17-08.57.19:963][ 24]LogHttp:Warning: 1DF27CC0: libcurl info message cache 13 (TLSv1.2 (OUT), TLS handshake, Finished (20):)
[2019.05.17-08.57.19:963][ 24]LogHttp:Warning: 1DF27CC0: libcurl info message cache 14 (TLSv1.2 (IN), TLS change cipher, Client hello (1):)
[2019.05.17-08.57.19:963][ 24]LogHttp:Warning: 1DF27CC0: libcurl info message cache 15 (TLSv1.2 (IN), TLS handshake, Finished (20):)
[2019.05.17-08.57.19:963][ 24]LogHttp:Warning: 1DF27CC0: libcurl info message cache 16 (SSL connection using TLSv1.2 / ECDHE-RSA-AES256-GCM-SHA384)
[2019.05.17-08.57.19:963][ 24]LogHttp:Warning: 1DF27CC0: libcurl info message cache 17 (ALPN, server did not agree to a protocol)
[2019.05.17-08.57.19:963][ 24]LogHttp:Warning: 1DF27CC0: libcurl info message cache 18 (old SSL session ID is stale, removing)
[2019.05.17-08.57.19:963][ 24]LogHttp:Warning: 1DF27CC0: libcurl info message cache 19 (Server certificate:)
[2019.05.17-08.57.19:963][ 24]LogHttp:Warning: 1DF27CC0: libcurl info message cache 20 (	 subject: C=US; ST=California; L=Sunnyvale; O=Fortinet; OU=FortiGate; CN=FG200E4Q17903064; emailAddress=support@fortinet.com)
[2019.05.17-08.57.19:963][ 24]LogHttp:Warning: 1DF27CC0: libcurl info message cache 21 (	 start date: Feb  6 09:17:53 2017 GMT)
[2019.05.17-08.57.19:963][ 24]LogHttp:Warning: 1DF27CC0: libcurl info message cache 22 (	 expire date: Jan 19 03:14:07 2038 GMT)
[2019.05.17-08.57.19:963][ 24]LogHttp:Warning: 1DF27CC0: libcurl info message cache 23 (SSL: certificate subject name 'FG200E4Q17903064' does not match target host name 'datarouter.ol.epicgames.com')
[2019.05.17-08.57.19:963][ 24]LogHttp:Warning: 1DF27CC0: libcurl info message cache 24 (Closing connection 1)
[2019.05.17-08.57.19:963][ 24]LogHttp:Warning: 1DF27CC0: libcurl info message cache 25 (TLSv1.2 (OUT), TLS alert, Client hello (1):)
[2019.05.17-08.57.19:984][ 24]LogModuleManager: Shutting down and abandoning module AutomationController (67)
[2019.05.17-08.57.19:984][ 24]LogModuleManager: Shutting down and abandoning module AutomationWorker (66)
[2019.05.17-08.57.19:984][ 24]LogModuleManager: Shutting down and abandoning module GameplayDebugger (65)
[2019.05.17-08.57.19:984][ 24]LogModuleManager: Shutting down and abandoning module AIModule (64)
[2019.05.17-08.57.19:984][ 24]LogModuleManager: Shutting down and abandoning module CharacterAI (63)
[2019.05.17-08.57.19:984][ 24]LogModuleManager: Shutting down and abandoning module AndroidMediaFactory (62)
[2019.05.17-08.57.19:984][ 24]LogModuleManager: Shutting down and abandoning module AvfMediaFactory (61)
[2019.05.17-08.57.19:984][ 24]LogModuleManager: Shutting down and abandoning module Media (60)
[2019.05.17-08.57.19:984][ 24]LogModuleManager: Shutting down and abandoning module WmfMediaFactory (59)
[2019.05.17-08.57.19:984][ 24]LogModuleManager: Shutting down and abandoning module SessionServices (58)
[2019.05.17-08.57.19:984][ 24]LogModuleManager: Shutting down and abandoning module GeometryCache (57)
[2019.05.17-08.57.19:984][ 24]LogModuleManager: Shutting down and abandoning module Niagara (56)
[2019.05.17-08.57.19:984][ 24]LogModuleManager: Shutting down and abandoning module StreamingPauseRendering (55)
[2019.05.17-08.57.19:984][ 24]LogModuleManager: Shutting down and abandoning module AnalyticsET (54)
[2019.05.17-08.57.19:984][ 24]LogModuleManager: Shutting down and abandoning module ProfilerService (53)
[2019.05.17-08.57.20:081][ 24]LogModuleManager: Shutting down and abandoning module TaskGraph (52)
[2019.05.17-08.57.20:081][ 24]LogModuleManager: Shutting down and abandoning module HTML5Networking (51)
[2019.05.17-08.57.20:081][ 24]LogModuleManager: Shutting down and abandoning module ArchVisCharacter (49)
[2019.05.17-08.57.20:081][ 24]LogModuleManager: Shutting down and abandoning module CableComponent (48)
[2019.05.17-08.57.20:081][ 24]LogModuleManager: Shutting down and abandoning module CustomMeshComponent (47)
[2019.05.17-08.57.20:081][ 24]LogModuleManager: Shutting down and abandoning module MobilePatchingUtils (46)
[2019.05.17-08.57.20:081][ 24]LogModuleManager: Shutting down and abandoning module OculusInput (45)
[2019.05.17-08.57.20:081][ 24]LogModuleManager: Shutting down and abandoning module OculusLibrary (44)
[2019.05.17-08.57.20:081][ 24]LogModuleManager: Shutting down and abandoning module ProceduralMeshComponent (43)
[2019.05.17-08.57.20:081][ 24]LogModuleManager: Shutting down and abandoning module SteamVRController (42)
[2019.05.17-08.57.20:081][ 24]LogModuleManager: Shutting down and abandoning module SteamVR (41)
[2019.05.17-08.57.20:081][ 24]LogModuleManager: Shutting down and abandoning module SlateRemote (40)
[2019.05.17-08.57.20:081][ 24]LogModuleManager: Shutting down and abandoning module Paper2D (39)
[2019.05.17-08.57.20:081][ 24]LogModuleManager: Shutting down and abandoning module LightPropagationVolumeRuntime (38)
[2019.05.17-08.57.20:081][ 24]LogModuleManager: Shutting down and abandoning module UdpMessaging (37)
[2019.05.17-08.57.20:081][ 24]LogModuleManager: Shutting down and abandoning module WmfMedia (36)
[2019.05.17-08.57.20:081][ 24]LogModuleManager: Shutting down and abandoning module WindowsMoviePlayer (35)
[2019.05.17-08.57.20:083][ 24]LogModuleManager: Shutting down and abandoning module ImageWrapper (34)
[2019.05.17-08.57.20:083][ 24]LogModuleManager: Shutting down and abandoning module MediaAssets (33)
[2019.05.17-08.57.20:083][ 24]LogModuleManager: Shutting down and abandoning module GameLiveStreaming (32)
[2019.05.17-08.57.20:083][ 24]LogModuleManager: Shutting down and abandoning module UMG (31)
[2019.05.17-08.57.20:083][ 24]LogModuleManager: Shutting down and abandoning module SlateReflector (30)
[2019.05.17-08.57.20:083][ 24]LogModuleManager: Shutting down and abandoning module Slate (29)
[2019.05.17-08.57.20:083][ 24]LogModuleManager: Shutting down and abandoning module Messaging (28)
[2019.05.17-08.57.20:083][ 24]LogModuleManager: Shutting down and abandoning module HeadMountedDisplay (27)
[2019.05.17-08.57.20:083][ 24]LogModuleManager: Shutting down and abandoning module XAudio2 (26)
[2019.05.17-08.57.20:083][ 24]LogModuleManager: Shutting down and abandoning module Networking (24)
[2019.05.17-08.57.20:083][ 24]LogModuleManager: Shutting down and abandoning module Core (23)
[2019.05.17-08.57.20:083][ 24]LogModuleManager: Shutting down and abandoning module AssetRegistry (22)
[2019.05.17-08.57.20:084][ 24]LogModuleManager: Shutting down and abandoning module InputCore (21)
[2019.05.17-08.57.20:084][ 24]LogModuleManager: Shutting down and abandoning module OnlineSubsystem (20)
[2019.05.17-08.57.20:084][ 24]LogOnline:Display: Unloading online subsystem: NULL
[2019.05.17-08.57.20:084][ 24]LogModuleManager: Shutting down and abandoning module ExampleDeviceProfileSelector (18)
[2019.05.17-08.57.20:084][ 24]LogModuleManager: Shutting down and abandoning module OculusRift (17)
[2019.05.17-08.57.20:084][ 24]LogModuleManager: Shutting down and abandoning module SSL (16)
[2019.05.17-08.57.20:084][ 24]LogModuleManager: Shutting down and abandoning module HTTP (15)
[2019.05.17-08.57.20:084][ 24]LogModuleManager: Shutting down and abandoning module ShaderCore (13)
[2019.05.17-08.57.20:084][ 24]LogModuleManager: Shutting down and abandoning module Landscape (12)
[2019.05.17-08.57.20:084][ 24]LogModuleManager: Shutting down and abandoning module SlateRHIRenderer (11)
[2019.05.17-08.57.20:084][ 24]LogModuleManager: Shutting down and abandoning module OpenGLDrv (10)
[2019.05.17-08.57.20:084][ 24]LogModuleManager: Shutting down and abandoning module D3D11RHI (9)
[2019.05.17-08.57.20:084][ 24]LogModuleManager: Shutting down and abandoning module AnimGraphRuntime (8)
[2019.05.17-08.57.20:084][ 24]LogModuleManager: Shutting down and abandoning module Renderer (7)
[2019.05.17-08.57.20:084][ 24]LogModuleManager: Shutting down and abandoning module Engine (6)
[2019.05.17-08.57.20:084][ 24]LogModuleManager: Shutting down and abandoning module CoreUObject (5)
[2019.05.17-08.57.20:084][ 24]LogModuleManager: Shutting down and abandoning module NetworkFile (4)
[2019.05.17-08.57.20:084][ 24]LogModuleManager: Shutting down and abandoning module StreamingFile (3)
[2019.05.17-08.57.20:084][ 24]LogModuleManager: Shutting down and abandoning module SandboxFile (2)
[2019.05.17-08.57.20:084][ 24]LogModuleManager: Shutting down and abandoning module PakFile (1)
[2019.05.17-08.57.20:085][ 24]LogExit: Exiting.
[2019.05.17-08.57.20:086][ 24]Log file closed, 05/17/19 14:27:20
