Log file open, 03/19/19 21:03:29
LogInit:Display: Running engine for game: Chess
LogPlatformFile: Not using cached read wrapper
LogInit:Display: RandInit(1603111178) SRandInit(1603111178).
LogTaskGraph: Started task graph with 5 named threads and 8 total threads with 1 sets of task threads.
LogStats: Stats thread started at 0.132992
LogPluginManager: Loaded Plugin Paper2D, From C:/Program Files/Epic Games/UE_4.14/Engine/Plugins/2D/Paper2D/Paper2D.uplugin
LogPluginManager: Loaded Plugin LightPropagationVolume, From C:/Program Files/Epic Games/UE_4.14/Engine/Plugins/Blendables/LightPropagationVolume/LightPropagationVolume.uplugin
LogPluginManager: Loaded Plugin BlankPlugin, From C:/Program Files/Epic Games/UE_4.14/Engine/Plugins/Developer/BlankPlugin/BlankPlugin.uplugin
LogPluginManager: Loaded Plugin CodeLiteSourceCodeAccess, From C:/Program Files/Epic Games/UE_4.14/Engine/Plugins/Developer/CodeLiteSourceCodeAccess/CodeLiteSourceCodeAccess.uplugin
LogPluginManager: Loaded Plugin GitSourceControl, From C:/Program Files/Epic Games/UE_4.14/Engine/Plugins/Developer/GitSourceControl/GitSourceControl.uplugin
LogPluginManager: Loaded Plugin KDevelopSourceCodeAccess, From C:/Program Files/Epic Games/UE_4.14/Engine/Plugins/Developer/KDevelopSourceCodeAccess/KDevelopSourceCodeAccess.uplugin
LogPluginManager: Loaded Plugin NullSourceCodeAccess, From C:/Program Files/Epic Games/UE_4.14/Engine/Plugins/Developer/NullSourceCodeAccess/NullSourceCodeAccess.uplugin
LogPluginManager: Loaded Plugin OneSkyLocalizationService, From C:/Program Files/Epic Games/UE_4.14/Engine/Plugins/Developer/OneSkyLocalizationService/OneSkyLocalizationService.uplugin
LogPluginManager: Loaded Plugin PerforceSourceControl, From C:/Program Files/Epic Games/UE_4.14/Engine/Plugins/Developer/PerforceSourceControl/PerforceSourceControl.uplugin
LogPluginManager: Loaded Plugin SubversionSourceControl, From C:/Program Files/Epic Games/UE_4.14/Engine/Plugins/Developer/SubversionSourceControl/SubversionSourceControl.uplugin
LogPluginManager: Loaded Plugin UObjectPlugin, From C:/Program Files/Epic Games/UE_4.14/Engine/Plugins/Developer/UObjectPlugin/UObjectPlugin.uplugin
LogPluginManager: Loaded Plugin VisualStudioSourceCodeAccess, From C:/Program Files/Epic Games/UE_4.14/Engine/Plugins/Developer/VisualStudioSourceCodeAccess/VisualStudioSourceCodeAccess.uplugin
LogPluginManager: Loaded Plugin XCodeSourceCodeAccess, From C:/Program Files/Epic Games/UE_4.14/Engine/Plugins/Developer/XCodeSourceCodeAccess/XCodeSourceCodeAccess.uplugin
LogPluginManager: Loaded Plugin AudioCapture, From C:/Program Files/Epic Games/UE_4.14/Engine/Plugins/Editor/AudioCapture/AudioCapture.uplugin
LogPluginManager: Loaded Plugin EpicSurvey, From C:/Program Files/Epic Games/UE_4.14/Engine/Plugins/Editor/EpicSurvey/EpicSurvey.uplugin
LogPluginManager: Loaded Plugin MacGraphicsSwitching, From C:/Program Files/Epic Games/UE_4.14/Engine/Plugins/Editor/MacGraphicsSwitching/MacGraphicsSwitching.uplugin
LogPluginManager: Loaded Plugin MobileLauncherProfileWizard, From C:/Program Files/Epic Games/UE_4.14/Engine/Plugins/Editor/MobileLauncherProfileWizard/MobileLauncherProfileWizard.uplugin
LogPluginManager: Loaded Plugin PluginBrowser, From C:/Program Files/Epic Games/UE_4.14/Engine/Plugins/Editor/PluginBrowser/PluginBrowser.uplugin
LogPluginManager: Loaded Plugin SpeedTreeImporter, From C:/Program Files/Epic Games/UE_4.14/Engine/Plugins/Editor/SpeedTreeImporter/SpeedTreeImporter.uplugin
LogPluginManager: Loaded Plugin SuperSearchEditor, From C:/Program Files/Epic Games/UE_4.14/Engine/Plugins/Editor/SuperSearchEditor/SuperSearchEditor.uplugin
LogPluginManager: Loaded Plugin AlembicImporter, From C:/Program Files/Epic Games/UE_4.14/Engine/Plugins/Experimental/AlembicImporter/AlembicImporter.uplugin
LogPluginManager: Loaded Plugin BlueprintStats, From C:/Program Files/Epic Games/UE_4.14/Engine/Plugins/Experimental/BlueprintStats/BlueprintStats.uplugin
LogPluginManager: Loaded Plugin CharacterAI, From C:/Program Files/Epic Games/UE_4.14/Engine/Plugins/Experimental/CharacterAI/CharacterAI.uplugin
LogPluginManager: Loaded Plugin CodeEditor, From C:/Program Files/Epic Games/UE_4.14/Engine/Plugins/Experimental/CodeEditor/CodeEditor.uplugin
LogPluginManager: Loaded Plugin CodeView, From C:/Program Files/Epic Games/UE_4.14/Engine/Plugins/Experimental/CodeView/CodeView.uplugin
LogPluginManager: Loaded Plugin HTML5Networking, From C:/Program Files/Epic Games/UE_4.14/Engine/Plugins/Experimental/HTML5Networking/HTML5Networking.uplugin
LogPluginManager: Loaded Plugin OSVR, From C:/Program Files/Epic Games/UE_4.14/Engine/Plugins/Experimental/OSVR/OSVR.uplugin
LogPluginManager: Loaded Plugin Phya, From C:/Program Files/Epic Games/UE_4.14/Engine/Plugins/Experimental/Phya/Phya.uplugin
LogPluginManager: Loaded Plugin SignificanceManager, From C:/Program Files/Epic Games/UE_4.14/Engine/Plugins/Experimental/SignificanceManager/SignificanceManager.uplugin
LogPluginManager: Loaded Plugin SimpleHMD, From C:/Program Files/Epic Games/UE_4.14/Engine/Plugins/Experimental/SimpleHMD/SimpleHMD.uplugin
LogPluginManager: Loaded Plugin StereoPanorama, From C:/Program Files/Epic Games/UE_4.14/Engine/Plugins/Experimental/StereoPanorama/StereoPanorama.uplugin
LogPluginManager: Loaded Plugin StructBox, From C:/Program Files/Epic Games/UE_4.14/Engine/Plugins/Experimental/StructBox/StructBox.uplugin
LogPluginManager: Loaded Plugin AndroidMedia, From C:/Program Files/Epic Games/UE_4.14/Engine/Plugins/Media/AndroidMedia/AndroidMedia.uplugin
LogPluginManager: Loaded Plugin AvfMedia, From C:/Program Files/Epic Games/UE_4.14/Engine/Plugins/Media/AvfMedia/AvfMedia.uplugin
LogPluginManager: Loaded Plugin MediaPlayerEditor, From C:/Program Files/Epic Games/UE_4.14/Engine/Plugins/Media/MediaPlayerEditor/MediaPlayerEditor.uplugin
LogPluginManager: Loaded Plugin WmfMedia, From C:/Program Files/Epic Games/UE_4.14/Engine/Plugins/Media/WmfMedia/WmfMedia.uplugin
LogPluginManager: Loaded Plugin MessagingDebugger, From C:/Program Files/Epic Games/UE_4.14/Engine/Plugins/Messaging/MessagingDebugger/MessagingDebugger.uplugin
LogPluginManager: Loaded Plugin TcpMessaging, From C:/Program Files/Epic Games/UE_4.14/Engine/Plugins/Messaging/TcpMessaging/TcpMessaging.uplugin
LogPluginManager: Loaded Plugin UdpMessaging, From C:/Program Files/Epic Games/UE_4.14/Engine/Plugins/Messaging/UdpMessaging/UdpMessaging.uplugin
LogPluginManager: Loaded Plugin LevelSequenceEditor, From C:/Program Files/Epic Games/UE_4.14/Engine/Plugins/MovieScene/LevelSequenceEditor/LevelSequenceEditor.uplugin
LogPluginManager: Loaded Plugin MatineeToLevelSequence, From C:/Program Files/Epic Games/UE_4.14/Engine/Plugins/MovieScene/MatineeToLevelSequence/MatineeToLevelSequence.uplugin
LogPluginManager: Loaded Plugin NetcodeUnitTest, From C:/Program Files/Epic Games/UE_4.14/Engine/Plugins/NetcodeUnitTest/NetcodeUnitTest/NetcodeUnitTest.uplugin
LogPluginManager: Loaded Plugin NUTUnrealEngine4, From C:/Program Files/Epic Games/UE_4.14/Engine/Plugins/NetcodeUnitTest/NUTUnrealEngine4/NUTUnrealEngine4.uplugin
LogPluginManager: Loaded Plugin OnlineSubsystemGameCircle, From C:/Program Files/Epic Games/UE_4.14/Engine/Plugins/Online/Android/OnlineSubsystemGameCircle/OnlineSubsystemGameCircle.uplugin
LogPluginManager: Loaded Plugin OnlineSubsystemGooglePlay, From C:/Program Files/Epic Games/UE_4.14/Engine/Plugins/Online/Android/OnlineSubsystemGooglePlay/OnlineSubsystemGooglePlay.uplugin
LogPluginManager: Loaded Plugin OnlineSubsystemIOS, From C:/Program Files/Epic Games/UE_4.14/Engine/Plugins/Online/IOS/OnlineSubsystemIOS/OnlineSubsystemIOS.uplugin
LogPluginManager: Loaded Plugin OnlineFramework, From C:/Program Files/Epic Games/UE_4.14/Engine/Plugins/Online/OnlineFramework/OnlineFramework.uplugin
LogPluginManager: Loaded Plugin OnlineSubsystem, From C:/Program Files/Epic Games/UE_4.14/Engine/Plugins/Online/OnlineSubsystem/OnlineSubsystem.uplugin
LogPluginManager: Loaded Plugin OnlineSubsystemAmazon, From C:/Program Files/Epic Games/UE_4.14/Engine/Plugins/Online/OnlineSubsystemAmazon/OnlineSubsystemAmazon.uplugin
LogPluginManager: Loaded Plugin OnlineSubsystemFacebook, From C:/Program Files/Epic Games/UE_4.14/Engine/Plugins/Online/OnlineSubsystemFacebook/OnlineSubsystemFacebook.uplugin
LogPluginManager: Loaded Plugin OnlineSubsystemNull, From C:/Program Files/Epic Games/UE_4.14/Engine/Plugins/Online/OnlineSubsystemNull/OnlineSubsystemNull.uplugin
LogPluginManager: Loaded Plugin OnlineSubsystemOculus, From C:/Program Files/Epic Games/UE_4.14/Engine/Plugins/Online/OnlineSubsystemOculus/OnlineSubsystemOculus.uplugin
LogPluginManager: Loaded Plugin OnlineSubsystemSteam, From C:/Program Files/Epic Games/UE_4.14/Engine/Plugins/Online/OnlineSubsystemSteam/OnlineSubsystemSteam.uplugin
LogPluginManager: Loaded Plugin OnlineSubsystemUtils, From C:/Program Files/Epic Games/UE_4.14/Engine/Plugins/Online/OnlineSubsystemUtils/OnlineSubsystemUtils.uplugin
LogPluginManager: Loaded Plugin IOSTapJoy, From C:/Program Files/Epic Games/UE_4.14/Engine/Plugins/Runtime/Advertising/IOSTapJoy/IOSTapJoy.uplugin
LogPluginManager: Loaded Plugin AnalyticsBlueprintLibrary, From C:/Program Files/Epic Games/UE_4.14/Engine/Plugins/Runtime/Analytics/AnalyticsBlueprintLibrary/AnalyticsBlueprintLibrary.uplugin
LogPluginManager: Loaded Plugin AnalyticsMulticast, From C:/Program Files/Epic Games/UE_4.14/Engine/Plugins/Runtime/Analytics/AnalyticsMulticast/AnalyticsMulticast.uplugin
LogPluginManager: Loaded Plugin Apsalar, From C:/Program Files/Epic Games/UE_4.14/Engine/Plugins/Runtime/Analytics/Apsalar/Apsalar.uplugin
LogPluginManager: Loaded Plugin FileLogging, From C:/Program Files/Epic Games/UE_4.14/Engine/Plugins/Runtime/Analytics/FileLogging/FileLogging.uplugin
LogPluginManager: Loaded Plugin Flurry, From C:/Program Files/Epic Games/UE_4.14/Engine/Plugins/Runtime/Analytics/Flurry/Flurry.uplugin
LogPluginManager: Loaded Plugin AndroidDeviceProfileSelector, From C:/Program Files/Epic Games/UE_4.14/Engine/Plugins/Runtime/AndroidDeviceProfileSelector/AndroidDeviceProfileSelector.uplugin
LogPluginManager: Loaded Plugin AndroidMoviePlayer, From C:/Program Files/Epic Games/UE_4.14/Engine/Plugins/Runtime/AndroidMoviePlayer/AndroidMoviePlayer.uplugin
LogPluginManager: Loaded Plugin AppleMoviePlayer, From C:/Program Files/Epic Games/UE_4.14/Engine/Plugins/Runtime/AppleMoviePlayer/AppleMoviePlayer.uplugin
LogPluginManager: Loaded Plugin ArchVisCharacter, From C:/Program Files/Epic Games/UE_4.14/Engine/Plugins/Runtime/ArchVisCharacter/ArchVisCharacter.uplugin
LogPluginManager: Loaded Plugin CableComponent, From C:/Program Files/Epic Games/UE_4.14/Engine/Plugins/Runtime/CableComponent/CableComponent.uplugin
LogPluginManager: Loaded Plugin CustomMeshComponent, From C:/Program Files/Epic Games/UE_4.14/Engine/Plugins/Runtime/CustomMeshComponent/CustomMeshComponent.uplugin
LogPluginManager: Loaded Plugin ExampleDeviceProfileSelector, From C:/Program Files/Epic Games/UE_4.14/Engine/Plugins/Runtime/ExampleDeviceProfileSelector/ExampleDeviceProfileSelector.uplugin
LogPluginManager: Loaded Plugin GearVR, From C:/Program Files/Epic Games/UE_4.14/Engine/Plugins/Runtime/GearVR/GearVR.uplugin
LogPluginManager: Loaded Plugin GoogleVRController, From C:/Program Files/Epic Games/UE_4.14/Engine/Plugins/Runtime/GoogleVR/GoogleVRController/GoogleVRController.uplugin
LogPluginManager: Loaded Plugin GoogleVRHMD, From C:/Program Files/Epic Games/UE_4.14/Engine/Plugins/Runtime/GoogleVR/GoogleVRHMD/GoogleVRHMD.uplugin
LogPluginManager: Loaded Plugin IOSDeviceProfileSelector, From C:/Program Files/Epic Games/UE_4.14/Engine/Plugins/Runtime/IOSDeviceProfileSelector/IOSDeviceProfileSelector.uplugin
LogPluginManager: Loaded Plugin LeapMotion, From C:/Program Files/Epic Games/UE_4.14/Engine/Plugins/Runtime/LeapMotion/LeapMotion.uplugin
LogPluginManager: Loaded Plugin LinuxDeviceProfileSelector, From C:/Program Files/Epic Games/UE_4.14/Engine/Plugins/Runtime/LinuxDeviceProfileSelector/LinuxDeviceProfileSelector.uplugin
LogPluginManager: Loaded Plugin MIDIDevice, From C:/Program Files/Epic Games/UE_4.14/Engine/Plugins/Runtime/MIDIDevice/MIDIDevice.uplugin
LogPluginManager: Loaded Plugin MobilePatchingUtils, From C:/Program Files/Epic Games/UE_4.14/Engine/Plugins/Runtime/MobilePatchingUtils/MobilePatchingUtils.uplugin
LogPluginManager: Loaded Plugin Ansel, From C:/Program Files/Epic Games/UE_4.14/Engine/Plugins/Runtime/Nvidia/Ansel/Ansel.uplugin
LogPluginManager: Loaded Plugin OculusAudio, From C:/Program Files/Epic Games/UE_4.14/Engine/Plugins/Runtime/OculusAudio/OculusAudio.uplugin
LogPluginManager: Loaded Plugin OculusInput, From C:/Program Files/Epic Games/UE_4.14/Engine/Plugins/Runtime/OculusInput/OculusInput.uplugin
LogPluginManager: Loaded Plugin OculusLibrary, From C:/Program Files/Epic Games/UE_4.14/Engine/Plugins/Runtime/OculusLibrary/OculusLibrary.uplugin
LogPluginManager: Loaded Plugin OculusRift, From C:/Program Files/Epic Games/UE_4.14/Engine/Plugins/Runtime/OculusRift/OculusRift.uplugin
LogPluginManager: Loaded Plugin Oodle, From C:/Program Files/Epic Games/UE_4.14/Engine/Plugins/Runtime/PacketHandlers/CompressionComponents/Oodle/Oodle.uplugin
LogPluginManager: Loaded Plugin ProceduralMeshComponent, From C:/Program Files/Epic Games/UE_4.14/Engine/Plugins/Runtime/ProceduralMeshComponent/ProceduralMeshComponent.uplugin
LogPluginManager: Loaded Plugin SoundMod, From C:/Program Files/Epic Games/UE_4.14/Engine/Plugins/Runtime/SoundMod/SoundMod.uplugin
LogPluginManager: Loaded Plugin SoundVisualizations, From C:/Program Files/Epic Games/UE_4.14/Engine/Plugins/Runtime/SoundVisualizations/SoundVisualizations.uplugin
LogPluginManager: Loaded Plugin SteamController, From C:/Program Files/Epic Games/UE_4.14/Engine/Plugins/Runtime/Steam/SteamController/SteamController.uplugin
LogPluginManager: Loaded Plugin SteamVR, From C:/Program Files/Epic Games/UE_4.14/Engine/Plugins/Runtime/Steam/SteamVR/SteamVR.uplugin
LogPluginManager: Loaded Plugin WebBrowserWidget, From C:/Program Files/Epic Games/UE_4.14/Engine/Plugins/Runtime/WebBrowserWidget/WebBrowserWidget.uplugin
LogPluginManager: Loaded Plugin WindowsDeviceProfileSelector, From C:/Program Files/Epic Games/UE_4.14/Engine/Plugins/Runtime/WindowsDeviceProfileSelector/WindowsDeviceProfileSelector.uplugin
LogPluginManager: Loaded Plugin WindowsMoviePlayer, From C:/Program Files/Epic Games/UE_4.14/Engine/Plugins/Runtime/WindowsMoviePlayer/WindowsMoviePlayer.uplugin
LogPluginManager: Loaded Plugin ScriptPlugin, From C:/Program Files/Epic Games/UE_4.14/Engine/Plugins/ScriptPlugin/ScriptPlugin.uplugin
LogPluginManager: Loaded Plugin SlateRemote, From C:/Program Files/Epic Games/UE_4.14/Engine/Plugins/Slate/SlateRemote/SlateRemote.uplugin
LogPluginManager: Loaded Plugin EditorTests, From C:/Program Files/Epic Games/UE_4.14/Engine/Plugins/Tests/EditorTests/EditorTests.uplugin
LogPluginManager: Loaded Plugin FbxAutomationTestBuilder, From C:/Program Files/Epic Games/UE_4.14/Engine/Plugins/Tests/FbxAutomationTestBuilder/FbxAutomationTestBuilder.uplugin
LogPluginManager: Loaded Plugin FunctionalTestingEditor, From C:/Program Files/Epic Games/UE_4.14/Engine/Plugins/Tests/FunctionalTestingEditor/FunctionalTestingEditor.uplugin
LogPluginManager: Loaded Plugin RuntimeTests, From C:/Program Files/Epic Games/UE_4.14/Engine/Plugins/Tests/RuntimeTests/RuntimeTests.uplugin
LogPluginManager: Loaded Plugin ScreenshotTools, From C:/Program Files/Epic Games/UE_4.14/Engine/Plugins/Tests/ScreenshotTools/ScreenshotTools.uplugin
LogInit: Using libcurl 7.47.1
LogInit:  - built for x86_64-pc-win32
LogInit:  - supports SSL with OpenSSL/1.0.2g
LogInit:  - supports HTTP deflate (compression) using libz 1.2.8
LogInit:  - other features:
LogInit:      CURL_VERSION_SSL
LogInit:      CURL_VERSION_LIBZ
LogInit:      CURL_VERSION_IPV6
LogInit:      CURL_VERSION_ASYNCHDNS
LogInit:      CURL_VERSION_LARGEFILE
LogInit:      CURL_VERSION_IDN
LogInit:  CurlRequestOptions (configurable via config and command line):
LogInit:  - bVerifyPeer = false  - Libcurl will NOT verify peer certificate
LogInit:  - bUseHttpProxy = false  - Libcurl will NOT use HTTP proxy
LogInit:  - bDontReuseConnections = false  - Libcurl will reuse connections
LogInit:  - CertBundlePath = nullptr  - Libcurl will use whatever was configured at build time.
LogInit: Build: ++UE4+Release-4.14-CL-3249277
LogInit: Engine Version: 4.14.3-3249277+++UE4+Release-4.14
LogInit: Compatible Engine Version: 4.14.0-3195953+++UE4+Release-4.14
LogInit: Net CL: 3195953
LogDevObjectVersion: Number of dev versions registered: 13
LogDevObjectVersion:   Dev-Blueprints (B0D832E4-1F89-4F0D-ACCF-7EB736FD4AA2): 7
LogDevObjectVersion:   Dev-Build (E1C64328-A22C-4D53-A36C-8E866417BD8C): 0
LogDevObjectVersion:   Dev-Core (375EC13C-06E4-48FB-B500-84F0262A717E): 1
LogDevObjectVersion:   Dev-Editor (E4B068ED-F494-42E9-A231-DA0B2E46BB41): 8
LogDevObjectVersion:   Dev-Framework (CFFC743F-43B0-4480-9391-14DF171D2073): 17
LogDevObjectVersion:   Dev-Mobile (B02B49B5-BB20-44E9-A304-32B752E40360): 0
LogDevObjectVersion:   Dev-Networking (A4E4105C-59A1-49B5-A7C5-40C4547EDFEE): 0
LogDevObjectVersion:   Dev-Online (39C831C9-5AE6-47DC-9A44-9C173E1C8E7C): 0
LogDevObjectVersion:   Dev-Physics (78F01B33-EBEA-4F98-B9B4-84EACCB95AA2): 0
LogDevObjectVersion:   Dev-Platform (6631380F-2D4D-43E0-8009-CF276956A95A): 0
LogDevObjectVersion:   Dev-Rendering (12F88B9F-8875-4AFC-A67C-D90C383ABD29): 12
LogDevObjectVersion:   Dev-Sequencer (7B5AE74C-D270-4C10-A958-57980B212A5A): 1
LogDevObjectVersion:   Dev-VR (D7296918-1DD6-4BDD-9DE2-64A83CC13884): 0
LogInit: Compiled (64-bit): Jan  6 2017 10:49:43
LogInit: Compiled with Visual C++: 19.00.23026.00
LogInit: Build Configuration: Development
LogInit: Branch Name: ++UE4+Release-4.14
LogInit: Command line: 
LogInit: Base directory: C:/Program Files/Epic Games/UE_4.14/Engine/Binaries/Win64/
LogInit: Installed Engine Build: 1
LogInit: Presizing for max 8388607 objects, including 0 objects not considered by GC, pre-allocating 0 bytes for permanent pool.
LogInit: Object subsystem initialized
[2019.03.19-15.33.30:521][  0]LogInit: Selected Device Profile: [Windows]
[2019.03.19-15.33.30:521][  0]LogInit: Applying CVar settings loaded from the selected device profile: [Windows]
[2019.03.19-15.33.30:534][  0]LogInit: Computer: ROHIT-PANJWANI
[2019.03.19-15.33.30:534][  0]LogInit: User: RohitPanjwani
[2019.03.19-15.33.30:534][  0]LogInit: CPU Page size=65536, Cores=4
[2019.03.19-15.33.30:534][  0]LogInit: High frequency timer resolution =2.531247 MHz
[2019.03.19-15.33.30:534][  0]LogMemory: Memory total: Physical=15.9GB (16GB approx)
[2019.03.19-15.33.30:534][  0]LogMemory: Platform Memory Stats for Windows
[2019.03.19-15.33.30:534][  0]LogMemory: Process Physical Memory: 263.43 MB used, 263.43 MB peak
[2019.03.19-15.33.30:534][  0]LogMemory: Process Virtual Memory: 262.64 MB used, 262.64 MB peak
[2019.03.19-15.33.30:534][  0]LogMemory: Physical Memory: 7643.93 MB used,  8638.60 MB free, 16282.52 MB total
[2019.03.19-15.33.30:534][  0]LogMemory: Virtual Memory: 4812.63 MB used,  8638.60 MB free, 134217728.00 MB total
[2019.03.19-15.33.31:429][  0]LogTextLocalizationManager: No specific translations for ('en-IN') exist, so ('en') translations will be used.
[2019.03.19-15.33.32:536][  0]LogD3D11RHI: D3D11 adapters:
[2019.03.19-15.33.32:698][  0]LogD3D11RHI:    0. 'NVIDIA GeForce GTX 960M' (Feature Level 11_0)
[2019.03.19-15.33.32:698][  0]LogD3D11RHI:       4055/0/8141 MB DedicatedVideo/DedicatedSystem/SharedSystem, Outputs:1, VendorId:0x10de
[2019.03.19-15.33.32:711][  0]LogD3D11RHI:    1. 'Intel(R) HD Graphics 530' (Feature Level 11_0)
[2019.03.19-15.33.32:711][  0]LogD3D11RHI:       128/0/8141 MB DedicatedVideo/DedicatedSystem/SharedSystem, Outputs:0, VendorId:0x8086
[2019.03.19-15.33.32:714][  0]LogD3D11RHI:    2. 'Microsoft Basic Render Driver' (Feature Level 11_0)
[2019.03.19-15.33.32:714][  0]LogD3D11RHI:       0/0/8141 MB DedicatedVideo/DedicatedSystem/SharedSystem, Outputs:0, VendorId:0x1414
[2019.03.19-15.33.32:714][  0]LogD3D11RHI: Chosen D3D11 Adapter: 0
[2019.03.19-15.33.32:754][  0]LogD3D11RHI: Creating new Direct3DDevice
[2019.03.19-15.33.32:754][  0]LogD3D11RHI:     GPU DeviceId: 0x139b (for the marketing name, search the web for "GPU Device Id")
[2019.03.19-15.33.32:754][  0]LogWindows: EnumDisplayDevices:
[2019.03.19-15.33.32:754][  0]LogWindows:    0. 'Intel(R) HD Graphics 530' (P:1 D:1)
[2019.03.19-15.33.32:754][  0]LogWindows:    1. 'Intel(R) HD Graphics 530' (P:0 D:0)
[2019.03.19-15.33.32:755][  0]LogWindows:    2. 'Intel(R) HD Graphics 530' (P:0 D:0)
[2019.03.19-15.33.32:755][  0]LogWindows: DebugString: GetVideoDriverDetailsInvalid PrimaryIsNotTheChoosenAdapter GetVideoDriverDetailsInvalid PrimaryIsNotTheChoosenAdapter GetVideoDriverDetailsInvalid PrimaryIsNotTheChoosenAdapter FoundDriverCount:0 
[2019.03.19-15.33.32:755][  0]LogD3D11RHI:     Adapter Name: NVIDIA GeForce GTX 960M
[2019.03.19-15.33.32:755][  0]LogD3D11RHI:   Driver Version: Unknown (internal:Unknown, unified:Unknown)
[2019.03.19-15.33.32:755][  0]LogD3D11RHI:      Driver Date: Unknown
[2019.03.19-15.33.32:755][  0]LogRHI: Texture pool is 1361 MB (70% of 1945 MB)
[2019.03.19-15.33.32:806][  0]LogD3D11RHI: Async texture creation enabled
[2019.03.19-15.33.32:824][  0]LogD3D11RHI: GPU Timing Frequency: 1000.000000 (Debug: 2 1)
[2019.03.19-15.33.32:825][  0]LogShaderCompilers: Guid format shader working directory is -16 characters bigger than the processId version (../../../../../../Users/Rohit Panjwani/Documents/Unreal Projects/Chess/Intermediate/Shaders/WorkingDirectory/21600/).
[2019.03.19-15.33.32:825][  0]LogShaderCompilers: Cleaned the shader compiler working directory 'C:/Users/Rohit Panjwani/AppData/Local/Temp/UnrealShaderWorkingDir/F8B2900549999787140DE090A2FFDC5C/'.
[2019.03.19-15.33.32:825][  0]LogShaderCompilers:Display: Using Local Shader Compiler.
[2019.03.19-15.33.34:401][  0]LogTemp:Display: Loaded TP AllDesktopTargetPlatform
[2019.03.19-15.33.34:530][  0]LogTemp:Display: Loaded TP MacClientTargetPlatform
[2019.03.19-15.33.34:659][  0]LogTemp:Display: Loaded TP MacNoEditorTargetPlatform
[2019.03.19-15.33.34:775][  0]LogTemp:Display: Loaded TP MacServerTargetPlatform
[2019.03.19-15.33.34:905][  0]LogTemp:Display: Loaded TP MacTargetPlatform
[2019.03.19-15.33.35:021][  0]LogTemp:Display: Loaded TP WindowsClientTargetPlatform
[2019.03.19-15.33.35:134][  0]LogTemp:Display: Loaded TP WindowsNoEditorTargetPlatform
[2019.03.19-15.33.35:247][  0]LogTemp:Display: Loaded TP WindowsServerTargetPlatform
[2019.03.19-15.33.35:359][  0]LogTemp:Display: Loaded TP WindowsTargetPlatform
[2019.03.19-15.33.35:498][  0]LogTemp:Display: Loaded TP AndroidTargetPlatform
[2019.03.19-15.33.35:607][  0]LogTemp:Display: Loaded TP Android_ASTCTargetPlatform
[2019.03.19-15.33.35:719][  0]LogTemp:Display: Loaded TP Android_ATCTargetPlatform
[2019.03.19-15.33.35:840][  0]LogTemp:Display: Loaded TP Android_DXTTargetPlatform
[2019.03.19-15.33.35:953][  0]LogTemp:Display: Loaded TP Android_ETC1TargetPlatform
[2019.03.19-15.33.36:081][  0]LogTemp:Display: Loaded TP Android_ETC2TargetPlatform
[2019.03.19-15.33.36:312][  0]LogTemp:Display: Loaded TP Android_MultiTargetPlatform
[2019.03.19-15.33.36:312][  0]LogTemp:Display: Loaded TP Android_PVRTCTargetPlatform
[2019.03.19-15.33.36:411][  0]LogTemp:Display: Loaded TP HTML5TargetPlatform
[2019.03.19-15.33.36:607][  0]LogTemp:Display: Loaded TP IOSTargetPlatform
[2019.03.19-15.33.36:668][  0]LogTemp:Display: Loaded TP TVOSTargetPlatform
[2019.03.19-15.33.36:782][  0]LogTemp:Display: Loaded TP LinuxClientTargetPlatform
[2019.03.19-15.33.36:906][  0]LogTemp:Display: Loaded TP LinuxNoEditorTargetPlatform
[2019.03.19-15.33.37:024][  0]LogTemp:Display: Loaded TP LinuxServerTargetPlatform
[2019.03.19-15.33.37:142][  0]LogTemp:Display: Loaded TP LinuxTargetPlatform
[2019.03.19-15.33.37:142][  0]LogTargetPlatformManager:Display: Building Assets For Windows
[2019.03.19-15.33.38:102][  0]LogDerivedDataCache:Display: Max Cache Size: 512 MB
[2019.03.19-15.33.38:149][  0]LogDerivedDataCache: Loaded boot cache 0.05s 50MB C:/Users/Rohit Panjwani/AppData/Local/UnrealEngine/4.14/DerivedDataCache/Boot.ddc.
[2019.03.19-15.33.38:149][  0]LogDerivedDataCache:Display: Loaded Boot cache: C:/Users/Rohit Panjwani/AppData/Local/UnrealEngine/4.14/DerivedDataCache/Boot.ddc
[2019.03.19-15.33.38:149][  0]LogDerivedDataCache: FDerivedDataBackendGraph:  Pak pak cache file ../../../../../../Users/Rohit Panjwani/Documents/Unreal Projects/Chess/DerivedDataCache/DDC.ddp not found, will not use a pak cache.
[2019.03.19-15.33.38:149][  0]LogDerivedDataCache: Unable to find inner node Pak for hierarchical cache Hierarchy.
[2019.03.19-15.33.38:149][  0]LogDerivedDataCache: FDerivedDataBackendGraph:  CompressedPak pak cache file ../../../../../../Users/Rohit Panjwani/Documents/Unreal Projects/Chess/DerivedDataCache/Compressed.ddp not found, will not use a pak cache.
[2019.03.19-15.33.38:149][  0]LogDerivedDataCache: Unable to find inner node CompressedPak for hierarchical cache Hierarchy.
[2019.03.19-15.33.38:166][  0]LogDerivedDataCache:Display: Pak cache opened for reading ../../../Engine/DerivedDataCache/Compressed.ddp.
[2019.03.19-15.33.38:180][  0]LogDerivedDataCache: Using Local data cache path C:/Users/Rohit Panjwani/AppData/Local/UnrealEngine/Common/DerivedDataCache: Writable
[2019.03.19-15.33.38:464][  0]LogInit: Selected Device Profile: [Windows]
[2019.03.19-15.33.38:469][  0]LogContentStreaming: Texture pool size is 0.00 MB
[2019.03.19-15.33.38:891][  0]LogMeshUtilities: Using QuadricMeshReduction for automatic static mesh reduction
[2019.03.19-15.33.38:988][  0]LogSimplygon: Simplygon DLL not present - disabling.
[2019.03.19-15.33.39:128][  0]LogMeshUtilities: Using SimplygonSwarm for distributed automatic mesh merging
[2019.03.19-15.33.39:129][  0]LogMeshUtilities: No automatic skeletal mesh reduction module available
[2019.03.19-15.33.39:129][  0]LogMeshUtilities: No automatic mesh merging module available
[2019.03.19-15.33.39:895][  0]LogNetVersion: GetLocalNetworkVersion: CL: 3195953, ProjectName: chess, ProjectVersion: , EngineNetworkVersion: 2, GameNetworkVersion: 0, NetworkChecksum: 1690184528
[2019.03.19-15.33.40:006][  0]LogAssetRegistry: FAssetRegistry took 0.0219 seconds to start up
[2019.03.19-15.33.40:109][  0]LogPackageLocalizationCache: Processed 3 localized package path(s) for 2 prioritized culture(s) in 0.048723 seconds
[2019.03.19-15.33.40:118][  0]LogUObjectArray: 31946 objects as part of root set at end of initial load.
[2019.03.19-15.33.40:118][  0]LogUObjectAllocator: 6935848 out of 0 bytes used by permanent object pool.
[2019.03.19-15.33.40:118][  0]LogUObjectArray: CloseDisregardForGC: 0/0 objects in disregard for GC pool
[2019.03.19-15.33.40:308][  0]LogInit: WinSock: version 1.1 (2.2), MaxSocks=32767, MaxUdp=65467
[2019.03.19-15.33.42:150][  0]LogSlate: Using Freetype 2.6.0
[2019.03.19-15.33.42:151][  0]LogSlate: SlateFontCache - WITH_FREETYPE: 1, WITH_HARFBUZZ: 1
[2019.03.19-15.33.42:151][  0]LogSlate: SlateFontCache - WITH_FREETYPE: 1, WITH_HARFBUZZ: 1
[2019.03.19-15.33.43:515][  0]LogTcpMessaging: Initializing TcpMessaging bridge
[2019.03.19-15.33.43:608][  0]LogUdpMessaging: Initializing bridge on interface 0.0.0.0:0 to multicast group 230.0.0.1:6666.
[2019.03.19-15.33.44:234][  0]LogMaterial: Uniform references updated for custom material expression Custom.
[2019.03.19-15.33.45:078][  0]SourceControl: Info Source control is disabled
[2019.03.19-15.33.45:159][  0]SourceControl: Info Source control is disabled
[2019.03.19-15.33.45:265][  0]SourceControl: Info Source control is disabled
[2019.03.19-15.33.45:363][  0]SourceControl: Info Source control is disabled
[2019.03.19-15.33.48:050][  0]LogEngine: Initializing Engine...
[2019.03.19-15.33.48:052][  0]LogHMD: Failed to initialize OpenVR with code 110
[2019.03.19-15.33.48:437][  0]LogAIModule: Creating AISystem for world Untitled
[2019.03.19-15.33.48:452][  0]LogInit: XAudio2 using 'Speakers (Conexant SmartAudio HD)' : 2 channels at 48 kHz using 32 bits per sample (channel mask 0x3)
[2019.03.19-15.33.48:548][  0]LogInit: FAudioDevice initialized.
[2019.03.19-15.33.48:575][  0]LogDerivedDataCache: Saved boot cache 0.03s 50MB C:/Users/Rohit Panjwani/AppData/Local/UnrealEngine/4.14/DerivedDataCache/Boot.ddc.
[2019.03.19-15.33.48:580][  0]LogInit: Texture streaming: Enabled
[2019.03.19-15.33.48:961][  0]LogInit: Transaction tracking system initialized
[2019.03.19-15.33.49:713][  0]BlueprintLog: New page: Editor Load
[2019.03.19-15.33.51:598][  0]LocalizationService: Info Localization service is disabled
[2019.03.19-15.33.52:966][  0]LogConsoleResponse:Display: 
[2019.03.19-15.33.53:169][  0]LogCook:Display: Max memory allowance for cook 16384mb min free memory 0mb
[2019.03.19-15.33.53:169][  0]LogCook:Display: Mobile HDR setting 1
[2019.03.19-15.33.54:034][  0]LogFileCache: Scanning file cache for directory 'C:/Users/Rohit Panjwani/Documents/Unreal Projects/Chess/Content/' took 0.01s
[2019.03.19-15.33.55:224][  0]SourceControl: Info Source control is disabled
[2019.03.19-15.33.55:225][  0]Cmd: MAP LOAD FILE="../../../Engine/Content/Maps/Templates/Template_Default.umap" TEMPLATE=1 SHOWPROGRESS=1 FEATURELEVEL=3
[2019.03.19-15.33.55:225][  0]LightingResults: New page: Lighting Build
[2019.03.19-15.33.55:312][  0]MapCheck: New page: Map Check
[2019.03.19-15.33.55:312][  0]LightingResults: New page: Lighting Build
[2019.03.19-15.33.55:528][  0]LogAIModule: Creating AISystem for world Untitled_1
[2019.03.19-15.33.55:530][  0]LogActorComponent: RegisterComponentWithWorld: (/Temp/Untitled_1.Untitled_1:PersistentLevel.WorldSettings_1.StaticMeshComponent0) Trying to register component with IsPendingKill() == true. Aborting.
[2019.03.19-15.33.55:538][  0]LogEditorServer: Finished looking for orphan Actors (0.000 secs)
[2019.03.19-15.33.55:542][  0]Cmd: MAP CHECKDEP NOCLEARLOG
[2019.03.19-15.33.55:623][  0]MapCheck: Info Map check complete: 0 Error(s), 0 Warning(s), took 80.821ms to complete.
[2019.03.19-15.33.55:623][  0]LogFileHelpers: Loading map 'Template_Default' took 0.398
[2019.03.19-15.33.55:815][  0]LogCollectionManager: Loaded 0 collections in 0.002590 seconds
[2019.03.19-15.33.55:945][  0]LogFileCache: Scanning file cache for directory 'C:/Users/Rohit Panjwani/Documents/Unreal Projects/Chess/Saved/Collections/' took 0.01s
[2019.03.19-15.33.55:945][  0]LogFileCache: Scanning file cache for directory 'C:/Users/Rohit Panjwani/Documents/Unreal Projects/Chess/Content/Developers/RohitPanjwani/Collections/' took 0.01s
[2019.03.19-15.33.55:945][  0]LogFileCache: Scanning file cache for directory 'C:/Users/Rohit Panjwani/Documents/Unreal Projects/Chess/Content/Collections/' took 0.01s
[2019.03.19-15.33.55:945][  0]LogCollectionManager: Rebuilt the GUID cache for 0 collections in 0.000002 seconds
[2019.03.19-15.33.55:954][  0]LogContentBrowser: Native class hierarchy populated in 0.0090 seconds. Added 2190 classes and 428 folders.
[2019.03.19-15.33.56:048][  0]LogStats: UGameplayTagsManager::ConstructGameplayTagTree: Construct from data asset -  0.000 s
[2019.03.19-15.33.56:048][  0]LogStats: UGameplayTagsManager::ConstructGameplayTagTree: GameplayTagTreeChangedEvent.Broadcast -  0.000 s
[2019.03.19-15.33.56:049][  0]LogContentBrowser: Native class hierarchy updated for 'GameplayTags' in 0.0006 seconds. Added 13 classes and 0 folders.
[2019.03.19-15.33.56:180][  0]LogContentBrowser: Native class hierarchy updated for 'WidgetCarousel' in 0.0006 seconds. Added 0 classes and 0 folders.
[2019.03.19-15.33.56:258][  0]LogContentBrowser: Native class hierarchy updated for 'AddContentDialog' in 0.0005 seconds. Added 0 classes and 0 folders.
[2019.03.19-15.33.56:344][  0]LogContentBrowser: Native class hierarchy updated for 'SceneOutliner' in 0.0005 seconds. Added 1 classes and 2 folders.
[2019.03.19-15.33.56:445][  0]LogCrashTracker: Crashtracker disabled due to settings.
[2019.03.19-15.33.56:455][  0]LogUObjectGlobals:Warning: Failed to find object 'Class None.'
[2019.03.19-15.33.56:587][  0]LogContentBrowser: Native class hierarchy updated for 'HierarchicalLODOutliner' in 0.0007 seconds. Added 1 classes and 2 folders.
[2019.03.19-15.33.56:587][  0]LogLoad: (Engine Initialization) Total time: 29.22 seconds
[2019.03.19-15.33.56:587][  0]LogLoad: (Engine Initialization) Total Blueprint compile time: 0.15 seconds
[2019.03.19-15.33.56:587][  0]LogExternalProfiler: Found external profiler: VSPerf
[2019.03.19-15.33.56:587][  0]LogExternalProfiler: Using external profiler: VSPerf
[2019.03.19-15.33.56:605][  0]LogWindowsTextInputMethodSystem:Display: IME system now deactivated.
[2019.03.19-15.33.56:606][  0]LogOcInput: OculusInput pre-init called
[2019.03.19-15.33.56:624][  0]LogContentStreaming: Texture pool size now 3000 MB
[2019.03.19-15.33.56:775][  0]LogRenderer: Reallocating scene render targets to support 860x464 NumSamples 1 (Frame:2).
[2019.03.19-15.33.56:925][  1]LogAssetRegistry: Asset discovery search completed in 16.9407 seconds
[2019.03.19-15.33.56:925][  1]LogCollectionManager: Rebuilt the object cache for 0 collections in 0.000000 seconds (found 0 objects)
[2019.03.19-15.33.56:925][  1]LogCollectionManager: Fixed up redirectors for 0 collections in 0.000031 seconds (updated 0 objects)
[2019.03.19-15.34.16:276][113]LogAIModule: Creating AISystem for world FirstLevel
[2019.03.19-15.34.16:329][113]Cmd: MAP LOAD FILE="../../../../../../Users/Rohit Panjwani/Documents/Unreal Projects/Chess/Content/FirstLevel.umap" TEMPLATE=0 SHOWPROGRESS=1 FEATURELEVEL=3
[2019.03.19-15.34.16:329][113]LightingResults: New page: Lighting Build
[2019.03.19-15.34.16:329][113]LoadErrors: New page: Loading map: FirstLevel.umap
[2019.03.19-15.34.16:330][113]MapCheck: New page: Map Check
[2019.03.19-15.34.16:330][113]LightingResults: New page: Lighting Build
[2019.03.19-15.34.16:423][113]LogEditorServer: Finished looking for orphan Actors (0.000 secs)
[2019.03.19-15.34.16:443][113]Cmd: MAP CHECKDEP NOCLEARLOG
[2019.03.19-15.34.16:542][113]MapCheck: Info Map check complete: 0 Error(s), 0 Warning(s), took 98.732ms to complete.
[2019.03.19-15.34.16:543][113]LogFileHelpers: Loading map 'FirstLevel' took 0.215
[2019.03.19-15.34.17:792][175]LogTemp: Repeting last play command: Selected Viewport
[2019.03.19-15.34.17:804][175]LogPlayLevel: PlayLevel: No blueprints needed recompiling
[2019.03.19-15.34.17:804][175]PIE: New page: PIE session: FirstLevel (20-Mar-2019 2:34:17 am)
[2019.03.19-15.34.17:804][175]LogPlayLevel: Creating play world package: /Game/UEDPIE_0_FirstLevel
[2019.03.19-15.34.17:812][175]LogPlayLevel: PIE: StaticDuplicateObject took: (0.007565s)
[2019.03.19-15.34.17:813][175]LogAIModule: Creating AISystem for world FirstLevel
[2019.03.19-15.34.17:813][175]LogPlayLevel: PIE: World Init took: (0.001293s)
[2019.03.19-15.34.17:813][175]LogPlayLevel: PIE: Created PIE world by copying editor world from /Game/FirstLevel.FirstLevel to /Game/UEDPIE_0_FirstLevel.FirstLevel (0.009141s)
[2019.03.19-15.34.17:826][175]LogInit: XAudio2 using 'Speakers (Conexant SmartAudio HD)' : 2 channels at 48 kHz using 32 bits per sample (channel mask 0x3)
[2019.03.19-15.34.17:875][175]LogInit: FAudioDevice initialized.
[2019.03.19-15.34.17:925][175]LogLoad: Game class is 'ChessGameMode_C'
[2019.03.19-15.34.17:930][175]LogWorld: Bringing World /Game/UEDPIE_0_FirstLevel.FirstLevel up for play (max tick rate 60) at 2019.03.19-21.04.17
[2019.03.19-15.34.17:930][175]LogWorld: Bringing up level for play took: 0.003511
[2019.03.19-15.34.18:029][175]LogContentBrowser: Native class hierarchy updated for 'MovieSceneCapture' in 0.0007 seconds. Added 11 classes and 0 folders.
[2019.03.19-15.34.18:032][175]PIE: Info Play in editor start time for /Game/UEDPIE_0_FirstLevel 1.146
[2019.03.19-15.34.19:561][266]LogBlueprintUserMessages: [Pawn_674] 3
[2019.03.19-15.34.19:562][266]LogBlueprintUserMessages: [Pawn_674] 4
[2019.03.19-15.34.19:562][266]LogBlueprintUserMessages: [Pawn_674] 3
[2019.03.19-15.34.36:429][236]LogContentBrowser: Native class hierarchy updated for 'BlueprintGraph' in 0.0010 seconds. Added 111 classes and 0 folders.
[2019.03.19-15.35.06:728][958]LogTemp: Repeting last play command: Selected Viewport
[2019.03.19-15.35.06:749][958]BlueprintLog: New page: Pre-Play auto-recompile
[2019.03.19-15.35.06:749][958]LogPlayLevel: [PlayLevel] Compiling Pawn before play...
[2019.03.19-15.35.07:018][958]LogPlayLevel: PlayLevel: Blueprint regeneration took 269 ms (1 blueprints)
[2019.03.19-15.35.07:018][958]PIE: New page: PIE session: FirstLevel (20-Mar-2019 2:35:07 am)
[2019.03.19-15.35.07:018][958]LogPlayLevel: Creating play world package: /Game/UEDPIE_0_FirstLevel
[2019.03.19-15.35.07:027][958]LogPlayLevel: PIE: StaticDuplicateObject took: (0.008712s)
[2019.03.19-15.35.07:028][958]LogAIModule: Creating AISystem for world FirstLevel
[2019.03.19-15.35.07:028][958]LogPlayLevel: PIE: World Init took: (0.001043s)
[2019.03.19-15.35.07:029][958]LogPlayLevel: PIE: Created PIE world by copying editor world from /Game/FirstLevel.FirstLevel to /Game/UEDPIE_0_FirstLevel.FirstLevel (0.010090s)
[2019.03.19-15.35.07:053][958]LogInit: XAudio2 using 'Speakers (Conexant SmartAudio HD)' : 2 channels at 48 kHz using 32 bits per sample (channel mask 0x3)
[2019.03.19-15.35.07:124][958]LogInit: FAudioDevice initialized.
[2019.03.19-15.35.07:181][958]LogLoad: Game class is 'ChessGameMode_C'
[2019.03.19-15.35.07:188][958]LogWorld: Bringing World /Game/UEDPIE_0_FirstLevel.FirstLevel up for play (max tick rate 60) at 2019.03.19-21.05.07
[2019.03.19-15.35.07:189][958]LogWorld: Bringing up level for play took: 0.005893
[2019.03.19-15.35.07:206][958]PIE: Info Play in editor start time for /Game/UEDPIE_0_FirstLevel 0.32
[2019.03.19-15.35.07:266][958]LogRenderer: Reallocating scene render targets to support 1292x756 NumSamples 1 (Frame:1290).
[2019.03.19-15.35.08:606][ 25]LogBlueprintUserMessages: [Pawn_674] 3
[2019.03.19-15.35.08:607][ 25]LogBlueprintUserMessages: [Pawn_674] 4
[2019.03.19-15.35.08:608][ 25]LogBlueprintUserMessages: [Pawn_674] 3
[2019.03.19-15.35.08:608][ 25]LogBlueprintUserMessages: [Pawn_674] 4
[2019.03.19-15.35.17:415][520]BlueprintLog: New page: Compile Pawn
[2019.03.19-15.35.18:152][535]Cmd: OBJ SAVEPACKAGE PACKAGE="/Game/Blueprints/Pawn" FILE="../../../../../../Users/Rohit Panjwani/Documents/Unreal Projects/Chess/Content/Blueprints/Pawn.uasset" SILENT=true
[2019.03.19-15.35.18:342][535]LogSavePackage: Save=123.74ms
[2019.03.19-15.35.18:342][535]LogSavePackage: Moving '../../../../../../Users/Rohit Panjwani/Documents/Unreal Projects/Chess/Saved/PawnA83613C043FA282991264B9A1F522CBD.tmp' to '../../../../../../Users/Rohit Panjwani/Documents/Unreal Projects/Chess/Content/Blueprints/Pawn.uasset'
[2019.03.19-15.35.18:348][535]LogSavePackage:Display: Finished SavePackage ../../../../../../Users/Rohit Panjwani/Documents/Unreal Projects/Chess/Content/Blueprints/Pawn.uasset
[2019.03.19-15.35.19:433][599]LogTemp: Repeting last play command: Selected Viewport
[2019.03.19-15.35.19:449][599]LogPlayLevel: PlayLevel: No blueprints needed recompiling
[2019.03.19-15.35.19:449][599]PIE: New page: PIE session: FirstLevel (20-Mar-2019 2:35:19 am)
[2019.03.19-15.35.19:449][599]LogPlayLevel: Creating play world package: /Game/UEDPIE_0_FirstLevel
[2019.03.19-15.35.19:458][599]LogPlayLevel: PIE: StaticDuplicateObject took: (0.008289s)
[2019.03.19-15.35.19:458][599]LogAIModule: Creating AISystem for world FirstLevel
[2019.03.19-15.35.19:458][599]LogPlayLevel: PIE: World Init took: (0.000697s)
[2019.03.19-15.35.19:458][599]LogPlayLevel: PIE: Created PIE world by copying editor world from /Game/FirstLevel.FirstLevel to /Game/UEDPIE_0_FirstLevel.FirstLevel (0.009258s)
[2019.03.19-15.35.19:484][599]LogInit: XAudio2 using 'Speakers (Conexant SmartAudio HD)' : 2 channels at 48 kHz using 32 bits per sample (channel mask 0x3)
[2019.03.19-15.35.19:563][599]LogInit: FAudioDevice initialized.
[2019.03.19-15.35.19:627][599]LogLoad: Game class is 'ChessGameMode_C'
[2019.03.19-15.35.19:636][599]LogWorld: Bringing World /Game/UEDPIE_0_FirstLevel.FirstLevel up for play (max tick rate 60) at 2019.03.19-21.05.19
[2019.03.19-15.35.19:637][599]LogWorld: Bringing up level for play took: 0.007390
[2019.03.19-15.35.19:652][599]PIE: Info Play in editor start time for /Game/UEDPIE_0_FirstLevel 0.767
[2019.03.19-15.35.21:758][722]LogBlueprintUserMessages: [Pawn_674] 3
[2019.03.19-15.35.21:758][722]LogBlueprintUserMessages: [Pawn_674] 4
[2019.03.19-15.35.21:759][722]LogBlueprintUserMessages: [Pawn_674] 3
[2019.03.19-15.37.26:214][135]LogTemp: Repeting last play command: Selected Viewport
[2019.03.19-15.37.26:240][135]LogPlayLevel: PlayLevel: No blueprints needed recompiling
[2019.03.19-15.37.26:240][135]PIE: New page: PIE session: FirstLevel (20-Mar-2019 2:37:26 am)
[2019.03.19-15.37.26:240][135]LogPlayLevel: Creating play world package: /Game/UEDPIE_0_FirstLevel
[2019.03.19-15.37.26:250][135]LogPlayLevel: PIE: StaticDuplicateObject took: (0.010353s)
[2019.03.19-15.37.26:251][135]LogAIModule: Creating AISystem for world FirstLevel
[2019.03.19-15.37.26:252][135]LogPlayLevel: PIE: World Init took: (0.001243s)
[2019.03.19-15.37.26:252][135]LogPlayLevel: PIE: Created PIE world by copying editor world from /Game/FirstLevel.FirstLevel to /Game/UEDPIE_0_FirstLevel.FirstLevel (0.012010s)
[2019.03.19-15.37.26:276][135]LogInit: XAudio2 using 'Speakers (Conexant SmartAudio HD)' : 2 channels at 48 kHz using 32 bits per sample (channel mask 0x3)
[2019.03.19-15.37.26:345][135]LogInit: FAudioDevice initialized.
[2019.03.19-15.37.26:418][135]LogLoad: Game class is 'ChessGameMode_C'
[2019.03.19-15.37.26:426][135]LogWorld: Bringing World /Game/UEDPIE_0_FirstLevel.FirstLevel up for play (max tick rate 60) at 2019.03.19-21.07.26
[2019.03.19-15.37.26:428][135]LogWorld: Bringing up level for play took: 0.007189
[2019.03.19-15.37.26:445][135]PIE: Info Play in editor start time for /Game/UEDPIE_0_FirstLevel -0.441
[2019.03.19-15.37.27:801][205]LogBlueprintUserMessages: [Pawn9] 3
[2019.03.19-15.37.27:802][205]LogBlueprintUserMessages: [Pawn9] 4
[2019.03.19-15.37.27:803][205]LogBlueprintUserMessages: [Pawn9] 3
[2019.03.19-15.37.30:413][360]LogBlueprintUserMessages: [board_Piece50] 5
[2019.03.19-15.37.31:018][396]LogBlueprintUserMessages: [board_Piece50] 5
[2019.03.19-15.38.56:119][461]LogTemp: Repeting last play command: Selected Viewport
[2019.03.19-15.38.56:133][461]BlueprintLog: New page: Pre-Play auto-recompile
[2019.03.19-15.38.56:133][461]LogPlayLevel: [PlayLevel] Compiling Pawn before play...
[2019.03.19-15.38.56:307][461]LogPlayLevel: PlayLevel: Blueprint regeneration took 175 ms (1 blueprints)
[2019.03.19-15.38.56:308][461]PIE: New page: PIE session: FirstLevel (20-Mar-2019 2:38:56 am)
[2019.03.19-15.38.56:308][461]LogPlayLevel: Creating play world package: /Game/UEDPIE_0_FirstLevel
[2019.03.19-15.38.56:315][461]LogPlayLevel: PIE: StaticDuplicateObject took: (0.006935s)
[2019.03.19-15.38.56:315][461]LogAIModule: Creating AISystem for world FirstLevel
[2019.03.19-15.38.56:315][461]LogPlayLevel: PIE: World Init took: (0.000616s)
[2019.03.19-15.38.56:315][461]LogPlayLevel: PIE: Created PIE world by copying editor world from /Game/FirstLevel.FirstLevel to /Game/UEDPIE_0_FirstLevel.FirstLevel (0.007753s)
[2019.03.19-15.38.56:333][461]LogInit: XAudio2 using 'Speakers (Conexant SmartAudio HD)' : 2 channels at 48 kHz using 32 bits per sample (channel mask 0x3)
[2019.03.19-15.38.56:388][461]LogInit: FAudioDevice initialized.
[2019.03.19-15.38.56:448][461]LogLoad: Game class is 'ChessGameMode_C'
[2019.03.19-15.38.56:454][461]LogWorld: Bringing World /Game/UEDPIE_0_FirstLevel.FirstLevel up for play (max tick rate 60) at 2019.03.19-21.08.56
[2019.03.19-15.38.56:455][461]LogWorld: Bringing up level for play took: 0.004499
[2019.03.19-15.38.56:466][461]PIE: Info Play in editor start time for /Game/UEDPIE_0_FirstLevel -0.42
[2019.03.19-15.39.01:669][756]LogBlueprintUserMessages: [Pawn_674] dirst false
[2019.03.19-15.39.01:669][756]LogBlueprintUserMessages: [Pawn_674] 3
[2019.03.19-15.39.01:670][756]LogBlueprintUserMessages: [Pawn_674] 4
[2019.03.19-15.39.01:671][756]LogBlueprintUserMessages: [Pawn_674] 3
[2019.03.19-15.41.24:798][448]LogTemp: Repeting last play command: Selected Viewport
[2019.03.19-15.41.24:817][448]BlueprintLog: New page: Pre-Play auto-recompile
[2019.03.19-15.41.24:817][448]LogPlayLevel: [PlayLevel] Compiling Pawn before play...
[2019.03.19-15.41.25:123][448]LogPlayLevel: PlayLevel: Blueprint regeneration took 306 ms (1 blueprints)
[2019.03.19-15.41.25:123][448]PIE: New page: PIE session: FirstLevel (20-Mar-2019 2:41:25 am)
[2019.03.19-15.41.25:123][448]LogPlayLevel: Creating play world package: /Game/UEDPIE_0_FirstLevel
[2019.03.19-15.41.25:137][448]LogPlayLevel: PIE: StaticDuplicateObject took: (0.013066s)
[2019.03.19-15.41.25:137][448]LogAIModule: Creating AISystem for world FirstLevel
[2019.03.19-15.41.25:138][448]LogPlayLevel: PIE: World Init took: (0.001172s)
[2019.03.19-15.41.25:138][448]LogPlayLevel: PIE: Created PIE world by copying editor world from /Game/FirstLevel.FirstLevel to /Game/UEDPIE_0_FirstLevel.FirstLevel (0.014527s)
[2019.03.19-15.41.25:165][448]LogInit: XAudio2 using 'Speakers (Conexant SmartAudio HD)' : 2 channels at 48 kHz using 32 bits per sample (channel mask 0x3)
[2019.03.19-15.41.25:231][448]LogInit: FAudioDevice initialized.
[2019.03.19-15.41.25:293][448]LogLoad: Game class is 'ChessGameMode_C'
[2019.03.19-15.41.25:302][448]LogWorld: Bringing World /Game/UEDPIE_0_FirstLevel.FirstLevel up for play (max tick rate 60) at 2019.03.19-21.11.25
[2019.03.19-15.41.25:302][448]LogWorld: Bringing up level for play took: 0.006686
[2019.03.19-15.41.25:315][448]PIE: Info Play in editor start time for /Game/UEDPIE_0_FirstLevel 0.429
[2019.03.19-15.41.29:749][693]LogBlueprintUserMessages: [Pawn20] 6
[2019.03.19-15.41.29:750][693]LogBlueprintUserMessages: [Pawn20] 5
[2019.03.19-15.41.29:750][693]LogBlueprintUserMessages: [Pawn20] 6
[2019.03.19-15.41.55:952][245]LogTemp: Repeting last play command: Selected Viewport
[2019.03.19-15.41.55:974][245]LogPlayLevel: PlayLevel: No blueprints needed recompiling
[2019.03.19-15.41.55:974][245]PIE: New page: PIE session: FirstLevel (20-Mar-2019 2:41:55 am)
[2019.03.19-15.41.55:974][245]LogPlayLevel: Creating play world package: /Game/UEDPIE_0_FirstLevel
[2019.03.19-15.41.55:991][245]LogPlayLevel: PIE: StaticDuplicateObject took: (0.016847s)
[2019.03.19-15.41.55:992][245]LogAIModule: Creating AISystem for world FirstLevel
[2019.03.19-15.41.55:992][245]LogPlayLevel: PIE: World Init took: (0.000860s)
[2019.03.19-15.41.55:992][245]LogPlayLevel: PIE: Created PIE world by copying editor world from /Game/FirstLevel.FirstLevel to /Game/UEDPIE_0_FirstLevel.FirstLevel (0.017978s)
[2019.03.19-15.41.56:021][245]LogInit: XAudio2 using 'Speakers (Conexant SmartAudio HD)' : 2 channels at 48 kHz using 32 bits per sample (channel mask 0x3)
[2019.03.19-15.41.56:098][245]LogInit: FAudioDevice initialized.
[2019.03.19-15.41.56:172][245]LogLoad: Game class is 'ChessGameMode_C'
[2019.03.19-15.41.56:182][245]LogWorld: Bringing World /Game/UEDPIE_0_FirstLevel.FirstLevel up for play (max tick rate 60) at 2019.03.19-21.11.56
[2019.03.19-15.41.56:184][245]LogWorld: Bringing up level for play took: 0.008906
[2019.03.19-15.41.56:202][245]PIE: Info Play in editor start time for /Game/UEDPIE_0_FirstLevel -0.684
[2019.03.19-15.41.59:247][424]LogBlueprintUserMessages: [board_Piece38] 5
[2019.03.19-15.42.00:101][475]LogBlueprintUserMessages: [Pawn_674] 3
[2019.03.19-15.42.00:103][475]LogBlueprintUserMessages: [Pawn_674] 4
[2019.03.19-15.42.00:105][475]LogBlueprintUserMessages: [Pawn_674] 3
[2019.03.19-15.43.54:734][301]BlueprintLog: New page: Compile Pawn
[2019.03.19-15.43.56:896][401]Cmd: OBJ SAVEPACKAGE PACKAGE="/Game/Blueprints/Pawn" FILE="../../../../../../Users/Rohit Panjwani/Documents/Unreal Projects/Chess/Content/Blueprints/Pawn.uasset" SILENT=true
[2019.03.19-15.43.57:063][401]LogSavePackage: Save=105.30ms
[2019.03.19-15.43.57:063][401]LogSavePackage: Moving '../../../../../../Users/Rohit Panjwani/Documents/Unreal Projects/Chess/Saved/Pawn5994A3EF4DF4243DCD538C90D90DC5D3.tmp' to '../../../../../../Users/Rohit Panjwani/Documents/Unreal Projects/Chess/Content/Blueprints/Pawn.uasset'
[2019.03.19-15.43.57:068][401]LogSavePackage:Display: Finished SavePackage ../../../../../../Users/Rohit Panjwani/Documents/Unreal Projects/Chess/Content/Blueprints/Pawn.uasset
[2019.03.19-15.43.57:877][448]LogTemp: Repeting last play command: Selected Viewport
[2019.03.19-15.43.57:894][448]LogPlayLevel: PlayLevel: No blueprints needed recompiling
[2019.03.19-15.43.57:894][448]PIE: New page: PIE session: FirstLevel (20-Mar-2019 2:43:57 am)
[2019.03.19-15.43.57:894][448]LogPlayLevel: Creating play world package: /Game/UEDPIE_0_FirstLevel
[2019.03.19-15.43.57:902][448]LogPlayLevel: PIE: StaticDuplicateObject took: (0.008325s)
[2019.03.19-15.43.57:903][448]LogAIModule: Creating AISystem for world FirstLevel
[2019.03.19-15.43.57:903][448]LogPlayLevel: PIE: World Init took: (0.000971s)
[2019.03.19-15.43.57:904][448]LogPlayLevel: PIE: Created PIE world by copying editor world from /Game/FirstLevel.FirstLevel to /Game/UEDPIE_0_FirstLevel.FirstLevel (0.009565s)
[2019.03.19-15.43.57:923][448]LogInit: XAudio2 using 'Speakers (Conexant SmartAudio HD)' : 2 channels at 48 kHz using 32 bits per sample (channel mask 0x3)
[2019.03.19-15.43.57:992][448]LogInit: FAudioDevice initialized.
[2019.03.19-15.43.58:054][448]LogLoad: Game class is 'ChessGameMode_C'
[2019.03.19-15.43.58:065][448]LogWorld: Bringing World /Game/UEDPIE_0_FirstLevel.FirstLevel up for play (max tick rate 60) at 2019.03.19-21.13.58
[2019.03.19-15.43.58:066][448]LogWorld: Bringing up level for play took: 0.009349
[2019.03.19-15.43.58:082][448]PIE: Info Play in editor start time for /Game/UEDPIE_0_FirstLevel -0.804
[2019.03.19-15.44.01:518][650]LogBlueprintUserMessages: [Pawn_674] 3
[2019.03.19-15.44.01:518][650]LogBlueprintUserMessages: [Pawn_674] 4
[2019.03.19-15.44.01:519][650]LogBlueprintUserMessages: [Pawn_674] 3
[2019.03.19-15.44.01:519][650]LogBlueprintUserMessages: [Pawn_674] 4
[2019.03.19-15.44.05:592][894]LogBlueprintUserMessages: [Pawn_674] 5
[2019.03.19-15.44.05:593][894]LogBlueprintUserMessages: [Pawn_674] 5
[2019.03.19-15.44.09:739][133]LogBlueprintUserMessages: [Pawn_674] 6
[2019.03.19-15.44.09:740][133]LogBlueprintUserMessages: [Pawn_674] 6
[2019.03.19-15.44.10:714][191]LogBlueprintUserMessages: [Pawn_674] hurray
[2019.03.19-15.44.10:714][191]LogBlueprintUserMessages: [Pawn_674] hurray
[2019.03.19-15.44.10:715][191]LogBlueprintUserMessages: [Pawn_674] 7
[2019.03.19-15.44.10:716][191]LogBlueprintUserMessages: [Pawn_674] 7
[2019.03.19-15.44.18:445][631]Cmd: OBJ SAVEPACKAGE PACKAGE="/Game/FirstLevel" FILE="../../../../../../Users/Rohit Panjwani/Documents/Unreal Projects/Chess/Content/FirstLevel.umap" SILENT=true AUTOSAVING=false KEEPDIRTY=false
[2019.03.19-15.44.18:663][631]LogSavePackage: Save=136.21ms
[2019.03.19-15.44.18:663][631]LogSavePackage: Moving '../../../../../../Users/Rohit Panjwani/Documents/Unreal Projects/Chess/Saved/FirstLevelED7D618D42B918CE46DA7BAA4567A5E1.tmp' to '../../../../../../Users/Rohit Panjwani/Documents/Unreal Projects/Chess/Content/FirstLevel.umap'
[2019.03.19-15.44.18:669][631]LogSavePackage:Display: Finished SavePackage ../../../../../../Users/Rohit Panjwani/Documents/Unreal Projects/Chess/Content/FirstLevel.umap
[2019.03.19-15.54.18:837][285]LogFileHelpers: Editor autosave (incl. sublevels) for '/Game/FirstLevel' took 0.016
[2019.03.19-15.54.18:840][285]OBJ SavePackage: Generating thumbnails for [1] asset(s) in package [/Game/Blueprints/Pawn] ([1] browsable assets)...
[2019.03.19-15.54.18:908][285]OBJ SavePackage:     Rendered thumbnail for [Blueprint /Game/Blueprints/Pawn.Pawn]
[2019.03.19-15.54.18:908][285]OBJ SavePackage: Finished generating thumbnails for package [/Game/Blueprints/Pawn]
[2019.03.19-15.54.19:135][285]LogSavePackage: Save=105.49ms
[2019.03.19-15.54.19:135][285]LogSavePackage: Moving '../../../../../../Users/Rohit Panjwani/Documents/Unreal Projects/Chess/Saved/Pawn_Auto1687C7086434138D057E6399A326C666A.tmp' to '../../../../../../Users/Rohit Panjwani/Documents/Unreal Projects/Chess/Saved/Autosaves/Game/Blueprints/Pawn_Auto1.uasset'
[2019.03.19-15.54.19:138][285]LogSavePackage:Display: Finished SavePackage ../../../../../../Users/Rohit Panjwani/Documents/Unreal Projects/Chess/Saved/Autosaves/Game/Blueprints/Pawn_Auto1.uasset
[2019.03.19-15.54.19:138][285]LogFileHelpers: Auto-saving content packages took 0.300
[2019.03.19-16.21.37:178][201]LogHttp:Warning: 0000016FAD76D900: request failed, libcurl error: 56 (Failure when receiving data from the peer)
[2019.03.19-16.21.37:178][201]LogHttp:Warning: 0000016FAD76D900: libcurl info message cache 0 (Found bundle for host datarouter.ol.epicgames.com: 0x16fb007ab78 [can pipeline])
[2019.03.19-16.21.37:178][201]LogHttp:Warning: 0000016FAD76D900: libcurl info message cache 1 (Re-using existing connection! (#20) with host datarouter.ol.epicgames.com)
[2019.03.19-16.21.37:178][201]LogHttp:Warning: 0000016FAD76D900: libcurl info message cache 2 (Connected to datarouter.ol.epicgames.com (52.1.22.73) port 443 (#20))
[2019.03.19-16.21.37:178][201]LogHttp:Warning: 0000016FAD76D900: libcurl info message cache 3 (upload completely sent off: 316 out of 316 bytes)
[2019.03.19-16.21.37:178][201]LogHttp:Warning: 0000016FAD76D900: libcurl info message cache 4 (TLSv1.2 (IN), TLS alert, Client hello (1):)
[2019.03.19-16.21.37:178][201]LogHttp:Warning: 0000016FAD76D900: libcurl info message cache 5 (Connection died, retrying a fresh connect)
[2019.03.19-16.21.37:178][201]LogHttp:Warning: 0000016FAD76D900: libcurl info message cache 6 (Closing connection 20)
[2019.03.19-16.21.37:178][201]LogHttp:Warning: 0000016FAD76D900: libcurl info message cache 7 (TLSv1.2 (OUT), TLS alert, Client hello (1):)
[2019.03.19-16.21.37:178][201]LogHttp:Warning: 0000016FAD76D900: libcurl info message cache 8 (Issue another request to this URL: 'https://datarouter.ol.epicgames.com/datarouter/api/v1/public/data?SessionID=%7B111AC5B9-4A72-40BF-B148-94A09A88D714%7D&AppID=UEEditor.Rocket.Release&AppVersion=4.14.3-3249277%2B%2B%2BUE4%2BRelease-4.14&UserID=7d91b64c4b01fe95139d64b3048811ce%7C4d184b3c1962427fad7cc0b2904a4a9d%7Ceb2bbdf1-1b92-448e-9b18-4cd591d8df94&AppEnvironment=datacollector-binary&UploadType=eteventstream')
[2019.03.19-16.21.37:178][201]LogHttp:Warning: 0000016FAD76D900: libcurl info message cache 9 (  Trying 18.214.66.93...)
[2019.03.19-16.21.37:178][201]LogHttp:Warning: 0000016FAD76D900: libcurl info message cache 10 (Connected to datarouter.ol.epicgames.com (18.214.66.93) port 443 (#21))
[2019.03.19-16.21.37:178][201]LogHttp:Warning: 0000016FAD76D900: libcurl info message cache 11 (ALPN, offering http/1.1)
[2019.03.19-16.21.37:178][201]LogHttp:Warning: 0000016FAD76D900: libcurl info message cache 12 (Cipher selection: ALL:!EXPORT:!EXPORT40:!EXPORT56:!aNULL:!LOW:!RC4:@STRENGTH)
[2019.03.19-16.21.37:178][201]LogHttp:Warning: 0000016FAD76D900: libcurl info message cache 13 (SSL re-using session ID)
[2019.03.19-16.21.37:178][201]LogHttp:Warning: 0000016FAD76D900: libcurl info message cache 14 (TLSv1.2 (OUT), TLS handshake, Client hello (1):)
[2019.03.19-16.21.37:178][201]LogHttp:Warning: 0000016FAD76D900: libcurl info message cache 15 (TLSv1.2 (IN), TLS handshake, Server hello (2):)
[2019.03.19-16.21.37:178][201]LogHttp:Warning: 0000016FAD76D900: libcurl info message cache 16 (TLSv1.2 (IN), TLS handshake, Certificate (11):)
[2019.03.19-16.21.37:178][201]LogHttp:Warning: 0000016FAD76D900: libcurl info message cache 17 (TLSv1.2 (IN), TLS handshake, Server key exchange (12):)
[2019.03.19-16.21.37:178][201]LogHttp:Warning: 0000016FAD76D900: libcurl info message cache 18 (TLSv1.2 (IN), TLS handshake, Server finished (14):)
[2019.03.19-16.21.37:178][201]LogHttp:Warning: 0000016FAD76D900: libcurl info message cache 19 (TLSv1.2 (OUT), TLS handshake, Client key exchange (16):)
[2019.03.19-16.21.37:178][201]LogHttp:Warning: 0000016FAD76D900: libcurl info message cache 20 (TLSv1.2 (OUT), TLS change cipher, Client hello (1):)
[2019.03.19-16.21.37:178][201]LogHttp:Warning: 0000016FAD76D900: libcurl info message cache 21 (TLSv1.2 (OUT), TLS handshake, Finished (20):)
[2019.03.19-16.21.37:178][201]LogHttp:Warning: 0000016FAD76D900: libcurl info message cache 22 (TLSv1.2 (IN), TLS change cipher, Client hello (1):)
[2019.03.19-16.21.37:178][201]LogHttp:Warning: 0000016FAD76D900: libcurl info message cache 23 (TLSv1.2 (IN), TLS handshake, Finished (20):)
[2019.03.19-16.21.37:178][201]LogHttp:Warning: 0000016FAD76D900: libcurl info message cache 24 (SSL connection using TLSv1.2 / ECDHE-RSA-AES128-GCM-SHA256)
[2019.03.19-16.21.37:178][201]LogHttp:Warning: 0000016FAD76D900: libcurl info message cache 25 (ALPN, server accepted to use http/1.1)
[2019.03.19-16.21.37:178][201]LogHttp:Warning: 0000016FAD76D900: libcurl info message cache 26 (old SSL session ID is stale, removing)
[2019.03.19-16.21.37:178][201]LogHttp:Warning: 0000016FAD76D900: libcurl info message cache 27 (Server certificate:)
[2019.03.19-16.21.37:178][201]LogHttp:Warning: 0000016FAD76D900: libcurl info message cache 28 (	 subject: CN=*.ol.epicgames.com)
[2019.03.19-16.21.37:178][201]LogHttp:Warning: 0000016FAD76D900: libcurl info message cache 29 (	 start date: Feb 27 00:00:00 2019 GMT)
[2019.03.19-16.21.37:178][201]LogHttp:Warning: 0000016FAD76D900: libcurl info message cache 30 (	 expire date: Mar 27 12:00:00 2020 GMT)
[2019.03.19-16.21.37:178][201]LogHttp:Warning: 0000016FAD76D900: libcurl info message cache 31 (	 subjectAltName: datarouter.ol.epicgames.com matched)
[2019.03.19-16.21.37:178][201]LogHttp:Warning: 0000016FAD76D900: libcurl info message cache 32 (	 issuer: C=US; O=Amazon; OU=Server CA 1B; CN=Amazon)
[2019.03.19-16.21.37:178][201]LogHttp:Warning: 0000016FAD76D900: libcurl info message cache 33 (	 SSL certificate verify ok.)
[2019.03.19-16.21.37:178][201]LogHttp:Warning: 0000016FAD76D900: libcurl info message cache 34 (upload completely sent off: 316 out of 316 bytes)
[2019.03.19-16.21.37:178][201]LogHttp:Warning: 0000016FAD76D900: libcurl info message cache 35 (SSL read: error:00000000:lib(0):func(0):reason(0), errno 10054)
[2019.03.19-16.21.37:178][201]LogHttp:Warning: 0000016FAD76D900: libcurl info message cache 36 (Closing connection 21)
[2019.03.19-16.22.44:175][402]LogHttp:Warning: 0000016FAD76D600: request failed, libcurl error: 6 (Couldn't resolve host name)
[2019.03.19-16.22.44:176][402]LogHttp:Warning: 0000016FAD76D600: libcurl info message cache 0 (Found bundle for host datarouter.ol.epicgames.com: 0x16fb0082ba8 [can pipeline])
[2019.03.19-16.22.44:176][402]LogHttp:Warning: 0000016FAD76D600: libcurl info message cache 1 (Re-using existing connection! (#22) with host datarouter.ol.epicgames.com)
[2019.03.19-16.22.44:176][402]LogHttp:Warning: 0000016FAD76D600: libcurl info message cache 2 (Connected to datarouter.ol.epicgames.com (18.214.66.93) port 443 (#22))
[2019.03.19-16.22.44:176][402]LogHttp:Warning: 0000016FAD76D600: libcurl info message cache 3 (upload completely sent off: 316 out of 316 bytes)
[2019.03.19-16.22.44:176][402]LogHttp:Warning: 0000016FAD76D600: libcurl info message cache 4 (SSL read: error:00000000:lib(0):func(0):reason(0), errno 10054)
[2019.03.19-16.22.44:176][402]LogHttp:Warning: 0000016FAD76D600: libcurl info message cache 5 (Connection died, retrying a fresh connect)
[2019.03.19-16.22.44:176][402]LogHttp:Warning: 0000016FAD76D600: libcurl info message cache 6 (Closing connection 22)
[2019.03.19-16.22.44:176][402]LogHttp:Warning: 0000016FAD76D600: libcurl info message cache 7 (Issue another request to this URL: 'https://datarouter.ol.epicgames.com/datarouter/api/v1/public/data?SessionID=%7B111AC5B9-4A72-40BF-B148-94A09A88D714%7D&AppID=UEEditor.Rocket.Release&AppVersion=4.14.3-3249277%2B%2B%2BUE4%2BRelease-4.14&UserID=7d91b64c4b01fe95139d64b3048811ce%7C4d184b3c1962427fad7cc0b2904a4a9d%7Ceb2bbdf1-1b92-448e-9b18-4cd591d8df94&AppEnvironment=datacollector-binary&UploadType=eteventstream')
[2019.03.19-16.22.44:176][402]LogHttp:Warning: 0000016FAD76D600: libcurl info message cache 8 (Could not resolve host: datarouter.ol.epicgames.com)
[2019.03.19-16.22.44:176][402]LogHttp:Warning: 0000016FAD76D600: libcurl info message cache 9 (Closing connection 23)
[2019.03.19-16.42.12:393][962]LogTemp: Repeting last play command: Selected Viewport
[2019.03.19-16.42.12:410][962]BlueprintLog: New page: Pre-Play auto-recompile
[2019.03.19-16.42.12:410][962]LogPlayLevel: [PlayLevel] Compiling Pawn before play...
[2019.03.19-16.42.12:616][962]LogPlayLevel: PlayLevel: Blueprint regeneration took 205 ms (1 blueprints)
[2019.03.19-16.42.12:616][962]PIE: New page: PIE session: FirstLevel (20-Mar-2019 3:42:12 am)
[2019.03.19-16.42.12:616][962]LogPlayLevel: Creating play world package: /Game/UEDPIE_0_FirstLevel
[2019.03.19-16.42.12:625][962]LogPlayLevel: PIE: StaticDuplicateObject took: (0.008177s)
[2019.03.19-16.42.12:625][962]LogAIModule: Creating AISystem for world FirstLevel
[2019.03.19-16.42.12:626][962]LogPlayLevel: PIE: World Init took: (0.001067s)
[2019.03.19-16.42.12:626][962]LogPlayLevel: PIE: Created PIE world by copying editor world from /Game/FirstLevel.FirstLevel to /Game/UEDPIE_0_FirstLevel.FirstLevel (0.009617s)
[2019.03.19-16.42.12:646][962]LogInit: XAudio2 using 'Speakers (Conexant SmartAudio HD)' : 2 channels at 48 kHz using 32 bits per sample (channel mask 0x3)
[2019.03.19-16.42.12:710][962]LogInit: FAudioDevice initialized.
[2019.03.19-16.42.12:768][962]LogLoad: Game class is 'ChessGameMode_C'
[2019.03.19-16.42.12:773][962]LogWorld: Bringing World /Game/UEDPIE_0_FirstLevel.FirstLevel up for play (max tick rate 60) at 2019.03.19-22.12.12
[2019.03.19-16.42.12:774][962]LogWorld: Bringing up level for play took: 0.004866
[2019.03.19-16.42.12:787][962]PIE: Info Play in editor start time for /Game/UEDPIE_0_FirstLevel -0.099
[2019.03.19-16.42.14:555][ 51]LogBlueprintUserMessages: [Pawn_674] 3
[2019.03.19-16.42.14:556][ 51]LogBlueprintUserMessages: [Pawn_674] 4
[2019.03.19-16.42.14:556][ 51]LogBlueprintUserMessages: [Pawn_674] 3
[2019.03.19-16.42.14:556][ 51]LogBlueprintUserMessages: [Pawn_674] 4
[2019.03.19-16.43.36:245][479]LogSavePackage: Save=107.60ms
[2019.03.19-16.43.36:245][479]LogSavePackage: Moving '../../../../../../Users/Rohit Panjwani/Documents/Unreal Projects/Chess/Saved/FirstLevel_Auto2A1A5E80040AABBC10CA2239D007C628A.tmp' to '../../../../../../Users/Rohit Panjwani/Documents/Unreal Projects/Chess/Saved/Autosaves/Game/FirstLevel_Auto2.umap'
[2019.03.19-16.43.36:248][479]LogSavePackage:Display: Finished SavePackage ../../../../../../Users/Rohit Panjwani/Documents/Unreal Projects/Chess/Saved/Autosaves/Game/FirstLevel_Auto2.umap
[2019.03.19-16.43.36:251][479]LogFileHelpers: Editor autosave (incl. sublevels) for '/Game/FirstLevel' took 0.192
[2019.03.19-16.43.36:251][479]LogFileHelpers: Editor autosave (incl. sublevels) for all levels took 0.192
[2019.03.19-16.43.36:255][479]OBJ SavePackage: Generating thumbnails for [1] asset(s) in package [/Game/Blueprints/Pawn] ([1] browsable assets)...
[2019.03.19-16.43.36:326][479]OBJ SavePackage:     Rendered thumbnail for [Blueprint /Game/Blueprints/Pawn.Pawn]
[2019.03.19-16.43.36:326][479]OBJ SavePackage: Finished generating thumbnails for package [/Game/Blueprints/Pawn]
[2019.03.19-16.43.36:490][479]LogSavePackage: Save=112.09ms
[2019.03.19-16.43.36:490][479]LogSavePackage: Moving '../../../../../../Users/Rohit Panjwani/Documents/Unreal Projects/Chess/Saved/Pawn_Auto2B0C6BA2F406FCDCE19170A9AE5027CA2.tmp' to '../../../../../../Users/Rohit Panjwani/Documents/Unreal Projects/Chess/Saved/Autosaves/Game/Blueprints/Pawn_Auto2.uasset'
[2019.03.19-16.43.36:493][479]LogSavePackage:Display: Finished SavePackage ../../../../../../Users/Rohit Panjwani/Documents/Unreal Projects/Chess/Saved/Autosaves/Game/Blueprints/Pawn_Auto2.uasset
[2019.03.19-16.43.36:493][479]LogFileHelpers: Auto-saving content packages took 0.240
[2019.03.19-17.51.21:807][741]LogHttp:Warning: 0000017017AF3B80: request failed, libcurl error: 6 (Couldn't resolve host name)
[2019.03.19-17.51.21:808][741]LogHttp:Warning: 0000017017AF3B80: libcurl info message cache 0 (Connection 52 seems to be dead!)
[2019.03.19-17.51.21:808][741]LogHttp:Warning: 0000017017AF3B80: libcurl info message cache 1 (Closing connection 52)
[2019.03.19-17.51.21:808][741]LogHttp:Warning: 0000017017AF3B80: libcurl info message cache 2 (TLSv1.2 (OUT), TLS alert, Client hello (1):)
[2019.03.19-17.51.21:808][741]LogHttp:Warning: 0000017017AF3B80: libcurl info message cache 3 (Could not resolve host: datarouter.ol.epicgames.com)
[2019.03.19-17.51.21:808][741]LogHttp:Warning: 0000017017AF3B80: libcurl info message cache 4 (Closing connection 53)
[2019.03.19-23.48.00:659][  3]Cmd: OBJ SAVEPACKAGE PACKAGE="/Game/Blueprints/Pawn" FILE="../../../../../../Users/Rohit Panjwani/Documents/Unreal Projects/Chess/Content/Blueprints/Pawn.uasset" SILENT=true
[2019.03.19-23.48.00:865][  3]LogSavePackage: Save=125.11ms
[2019.03.19-23.48.00:865][  3]LogSavePackage: Moving '../../../../../../Users/Rohit Panjwani/Documents/Unreal Projects/Chess/Saved/PawnC4BB8DD14334BA6241C7DD9E477EDA98.tmp' to '../../../../../../Users/Rohit Panjwani/Documents/Unreal Projects/Chess/Content/Blueprints/Pawn.uasset'
[2019.03.19-23.48.00:873][  3]LogSavePackage:Display: Finished SavePackage ../../../../../../Users/Rohit Panjwani/Documents/Unreal Projects/Chess/Content/Blueprints/Pawn.uasset
[2019.03.19-23.48.01:010][  3]Cmd: OBJ SAVEPACKAGE PACKAGE="/Game/FirstLevel" FILE="../../../../../../Users/Rohit Panjwani/Documents/Unreal Projects/Chess/Content/FirstLevel.umap" SILENT=true AUTOSAVING=false KEEPDIRTY=false
[2019.03.19-23.48.01:358][  3]LogSavePackage: Save=247.68ms
[2019.03.19-23.48.01:358][  3]LogSavePackage: Moving '../../../../../../Users/Rohit Panjwani/Documents/Unreal Projects/Chess/Saved/FirstLevelE0811C1E40D6F7AB0F4F93A061E3563A.tmp' to '../../../../../../Users/Rohit Panjwani/Documents/Unreal Projects/Chess/Content/FirstLevel.umap'
[2019.03.19-23.48.01:366][  3]LogSavePackage:Display: Finished SavePackage ../../../../../../Users/Rohit Panjwani/Documents/Unreal Projects/Chess/Content/FirstLevel.umap
[2019.03.19-23.48.01:404][  3]LogFileHelpers: Saving map 'FirstLevel' took 0.525
[2019.03.19-23.48.02:440][  4]Cmd: QUIT_EDITOR
[2019.03.19-23.48.03:503][  4]LogWindowsTextInputMethodSystem:Display: IME system now deactivated.
[2019.03.19-23.48.03:627][  4]LogExit: Preparing to exit.
[2019.03.19-23.48.04:375][  4]LogDirectoryWatcher: A directory notification for 'C:/Users/Rohit Panjwani/Documents/Unreal Projects/Chess/Content/' was aborted.
[2019.03.19-23.48.05:297][  4]LogExit: Editor shut down
[2019.03.19-23.48.05:299][  4]LogExit: Transaction tracking system shut down
[2019.03.19-23.48.10:685][  4]LogObj: Freed 0b from 0 cluster array pools.
[2019.03.19-23.48.10:691][  4]LogExit: Object subsystem successfully closed.
[2019.03.19-23.48.10:900][  4]LogD3D11RHI: Shutdown
[2019.03.19-23.48.10:900][  4]LogD3D11RHI: CleanupD3DDevice
[2019.03.19-23.48.11:389][  4]LogD3D11RHI: ~FD3D11DynamicRHI
[2019.03.19-23.48.12:635][  4]LogHttp:Display: Http module shutting down, but needs to wait on 1 outstanding Http requests:
[2019.03.19-23.48.12:635][  4]LogHttp:Display: 	verb=[POST] url=[https://datarouter.ol.epicgames.com/datarouter/api/v1/public/data?SessionID=%7B111AC5B9-4A72-40BF-B148-94A09A88D714%7D&AppID=UEEditor.Rocket.Release&AppVersion=4.14.3-3249277%2B%2B%2BUE4%2BRelease-4.14&UserID=7d91b64c4b01fe95139d64b3048811ce%7C4d184b3c1962427fad7cc0b2904a4a9d%7Ceb2bbdf1-1b92-448e-9b18-4cd591d8df94&AppEnvironment=datacollector-binary&UploadType=eteventstream] status=Processing
[2019.03.19-23.48.13:184][  4]LogModuleManager: Shutting down and abandoning module BlueprintGraph (244)
[2019.03.19-23.48.13:201][  4]LogModuleManager: Shutting down and abandoning module BlueprintProfiler (243)
[2019.03.19-23.48.13:201][  4]LogModuleManager: Shutting down and abandoning module MovieSceneCapture (242)
[2019.03.19-23.48.13:233][  4]LogModuleManager: Shutting down and abandoning module HierarchicalLODOutliner (241)
[2019.03.19-23.48.13:233][  4]LogModuleManager: Shutting down and abandoning module CrashTracker (240)
[2019.03.19-23.48.13:253][  4]LogModuleManager: Shutting down and abandoning module SceneOutliner (239)
[2019.03.19-23.48.13:268][  4]LogModuleManager: Shutting down and abandoning module WidgetCarousel (238)
[2019.03.19-23.48.13:269][  4]LogModuleManager: Shutting down and abandoning module AddContentDialog (237)
[2019.03.19-23.48.13:293][  4]LogDirectoryWatcher: A directory notification for 'C:/Program Files/Epic Games/UE_4.14/FeaturePacks/' was aborted.
[2019.03.19-23.48.13:302][  4]LogModuleManager: Shutting down and abandoning module GameplayTags (236)
[2019.03.19-23.48.13:302][  4]LogModuleManager: Shutting down and abandoning module EditorWidgets (235)
[2019.03.19-23.48.13:302][  4]LogModuleManager: Shutting down and abandoning module CollectionManager (234)
[2019.03.19-23.48.13:550][  4]LogDirectoryWatcher: A directory notification for 'C:/Users/Rohit Panjwani/Documents/Unreal Projects/Chess/Content/Collections/' was aborted.
[2019.03.19-23.48.13:550][  4]LogDirectoryWatcher: A directory notification for 'C:/Users/Rohit Panjwani/Documents/Unreal Projects/Chess/Content/Developers/RohitPanjwani/Collections/' was aborted.
[2019.03.19-23.48.13:550][  4]LogDirectoryWatcher: A directory notification for 'C:/Users/Rohit Panjwani/Documents/Unreal Projects/Chess/Saved/Collections/' was aborted.
[2019.03.19-23.48.13:550][  4]LogModuleManager: Shutting down and abandoning module StatsViewer (233)
[2019.03.19-23.48.13:550][  4]LogModuleManager: Shutting down and abandoning module FoliageEdit (232)
[2019.03.19-23.48.13:566][  4]LogModuleManager: Shutting down and abandoning module LandscapeEditor (231)
[2019.03.19-23.48.13:848][  4]LogModuleManager: Shutting down and abandoning module SceneDepthPickerMode (230)
[2019.03.19-23.48.13:848][  4]LogModuleManager: Shutting down and abandoning module ActorPickerMode (229)
[2019.03.19-23.48.13:848][  4]LogModuleManager: Shutting down and abandoning module GeometryMode (228)
[2019.03.19-23.48.13:848][  4]LogModuleManager: Shutting down and abandoning module TextureAlignMode (227)
[2019.03.19-23.48.13:848][  4]LogModuleManager: Shutting down and abandoning module BspMode (226)
[2019.03.19-23.48.13:912][  4]LogModuleManager: Shutting down and abandoning module HardwareSurvey (225)
[2019.03.19-23.48.13:912][  4]LogModuleManager: Shutting down and abandoning module SequenceRecorderSections (224)
[2019.03.19-23.48.13:912][  4]LogModuleManager: Shutting down and abandoning module AutomationWorker (223)
[2019.03.19-23.48.13:912][  4]LogModuleManager: Shutting down and abandoning module MatineeToLevelSequence (222)
[2019.03.19-23.48.13:912][  4]LogModuleManager: Shutting down and abandoning module PlacementMode (221)
[2019.03.19-23.48.13:912][  4]LogModuleManager: Shutting down and abandoning module LevelSequenceEditor (220)
[2019.03.19-23.48.13:952][  4]LogModuleManager: Shutting down and abandoning module WmfMediaFactory (219)
[2019.03.19-23.48.13:952][  4]LogModuleManager: Shutting down and abandoning module WmfMediaEditor (218)
[2019.03.19-23.48.13:952][  4]LogModuleManager: Shutting down and abandoning module AvfMediaFactory (217)
[2019.03.19-23.48.13:952][  4]LogModuleManager: Shutting down and abandoning module AvfMediaEditor (216)
[2019.03.19-23.48.13:952][  4]LogModuleManager: Shutting down and abandoning module Media (215)
[2019.03.19-23.48.13:952][  4]LogModuleManager: Shutting down and abandoning module AndroidMediaFactory (214)
[2019.03.19-23.48.13:952][  4]LogModuleManager: Shutting down and abandoning module AndroidMediaEditor (213)
[2019.03.19-23.48.13:952][  4]LogModuleManager: Shutting down and abandoning module CharacterAI (212)
[2019.03.19-23.48.13:952][  4]LogModuleManager: Shutting down and abandoning module SequenceRecorder (211)
[2019.03.19-23.48.14:038][  4]LogModuleManager: Shutting down and abandoning module AudioCapture (210)
[2019.03.19-23.48.14:038][  4]LogModuleManager: Shutting down and abandoning module SmartSnapping (209)
[2019.03.19-23.48.14:038][  4]LogModuleManager: Shutting down and abandoning module SessionServices (208)
[2019.03.19-23.48.14:038][  4]LogModuleManager: Shutting down and abandoning module ViewportSnapping (207)
[2019.03.19-23.48.14:038][  4]LogModuleManager: Shutting down and abandoning module ViewportInteraction (206)
[2019.03.19-23.48.14:038][  4]LogModuleManager: Shutting down and abandoning module LogVisualizer (205)
[2019.03.19-23.48.14:039][  4]LogModuleManager: Shutting down and abandoning module GameProjectGeneration (204)
[2019.03.19-23.48.14:090][  4]LogModuleManager: Shutting down and abandoning module IntroTutorials (203)
[2019.03.19-23.48.14:128][  4]LogModuleManager: Shutting down and abandoning module EditorLiveStreaming (202)
[2019.03.19-23.48.14:128][  4]LogModuleManager: Shutting down and abandoning module IOSPlatformEditor (201)
[2019.03.19-23.48.14:153][  4]LogModuleManager: Shutting down and abandoning module HTML5PlatformEditor (200)
[2019.03.19-23.48.14:153][  4]LogModuleManager: Shutting down and abandoning module AndroidDeviceDetection (199)
[2019.03.19-23.48.14:556][  4]LogModuleManager: Shutting down and abandoning module AndroidPlatformEditor (198)
[2019.03.19-23.48.14:556][  4]LogModuleManager: Shutting down and abandoning module IOSRuntimeSettings (197)
[2019.03.19-23.48.14:556][  4]LogModuleManager: Shutting down and abandoning module AndroidRuntimeSettings (196)
[2019.03.19-23.48.14:556][  4]LogModuleManager: Shutting down and abandoning module InputBindingEditor (195)
[2019.03.19-23.48.14:570][  4]LogModuleManager: Shutting down and abandoning module NiagaraEditor (194)
[2019.03.19-23.48.14:570][  4]LogModuleManager: Shutting down and abandoning module MergeActors (193)
[2019.03.19-23.48.14:586][  4]LogModuleManager: Shutting down and abandoning module SizeMap (192)
[2019.03.19-23.48.14:862][  4]LogModuleManager: Shutting down and abandoning module TreeMap (191)
[2019.03.19-23.48.14:942][  4]LogModuleManager: Shutting down and abandoning module ReferenceViewer (190)
[2019.03.19-23.48.14:942][  4]LogModuleManager: Shutting down and abandoning module LocalizationService (189)
[2019.03.19-23.48.14:942][  4]LogModuleManager: Shutting down and abandoning module LocalizationDashboard (188)
[2019.03.19-23.48.15:247][  4]LogModuleManager: Shutting down and abandoning module HardwareTargeting (187)
[2019.03.19-23.48.15:247][  4]LogModuleManager: Shutting down and abandoning module DeviceProfileEditor (186)
[2019.03.19-23.48.15:276][  4]LogModuleManager: Shutting down and abandoning module UndoHistory (185)
[2019.03.19-23.48.15:276][  4]LogModuleManager: Shutting down and abandoning module UserFeedback (184)
[2019.03.19-23.48.15:276][  4]LogModuleManager: Shutting down and abandoning module XmlParser (183)
[2019.03.19-23.48.15:276][  4]LogModuleManager: Shutting down and abandoning module Blutility (182)
[2019.03.19-23.48.15:297][  4]LogModuleManager: Shutting down and abandoning module ProjectTargetPlatformEditor (181)
[2019.03.19-23.48.15:298][  4]LogModuleManager: Shutting down and abandoning module ProjectSettingsViewer (180)
[2019.03.19-23.48.15:298][  4]LogModuleManager: Shutting down and abandoning module EditorSettingsViewer (179)
[2019.03.19-23.48.15:298][  4]LogModuleManager: Shutting down and abandoning module SettingsEditor (178)
[2019.03.19-23.48.15:350][  4]LogModuleManager: Shutting down and abandoning module ProjectLauncher (177)
[2019.03.19-23.48.15:350][  4]LogModuleManager: Shutting down and abandoning module SessionFrontend (176)
[2019.03.19-23.48.15:681][  4]LogModuleManager: Shutting down and abandoning module ProfilerClient (175)
[2019.03.19-23.48.15:681][  4]LogModuleManager: Shutting down and abandoning module TargetDeviceServices (174)
[2019.03.19-23.48.15:681][  4]LogModuleManager: Shutting down and abandoning module DeviceManager (173)
[2019.03.19-23.48.15:757][  4]LogModuleManager: Shutting down and abandoning module AutomationController (172)
[2019.03.19-23.48.15:757][  4]LogModuleManager: Shutting down and abandoning module AutomationWindow (171)
[2019.03.19-23.48.15:757][  4]LogModuleManager: Shutting down and abandoning module Layers (170)
[2019.03.19-23.48.15:757][  4]LogModuleManager: Shutting down and abandoning module ComponentVisualizers (169)
[2019.03.19-23.48.15:757][  4]LogModuleManager: Shutting down and abandoning module DetailCustomizations (168)
[2019.03.19-23.48.15:883][  4]LogModuleManager: Shutting down and abandoning module PackagesDialog (167)
[2019.03.19-23.48.15:883][  4]LogModuleManager: Shutting down and abandoning module AnimGraph (166)
[2019.03.19-23.48.15:883][  4]LogModuleManager: Shutting down and abandoning module Persona (165)
[2019.03.19-23.48.15:884][  4]LogModuleManager: Shutting down and abandoning module Kismet (164)
[2019.03.19-23.48.15:918][  4]LogModuleManager: Shutting down and abandoning module GraphEditor (163)
[2019.03.19-23.48.15:918][  4]LogModuleManager: Shutting down and abandoning module ClassViewer (162)
[2019.03.19-23.48.15:918][  4]LogModuleManager: Shutting down and abandoning module Toolbox (161)
[2019.03.19-23.48.15:918][  4]LogModuleManager: Shutting down and abandoning module ModuleUI (160)
[2019.03.19-23.48.15:918][  4]LogModuleManager: Shutting down and abandoning module MovieSceneTools (159)
[2019.03.19-23.48.15:918][  4]LogModuleManager: Shutting down and abandoning module OutputLog (158)
[2019.03.19-23.48.15:918][  4]LogModuleManager: Shutting down and abandoning module GammaUI (157)
[2019.03.19-23.48.15:977][  4]LogModuleManager: Shutting down and abandoning module Documentation (156)
[2019.03.19-23.48.15:978][  4]LogModuleManager: Shutting down and abandoning module Niagara (155)
[2019.03.19-23.48.15:978][  4]LogModuleManager: Shutting down and abandoning module StreamingPauseRendering (154)
[2019.03.19-23.48.15:978][  4]LogModuleManager: Shutting down and abandoning module AnalyticsET (153)
[2019.03.19-23.48.15:978][  4]LogModuleManager: Shutting down and abandoning module PortalServices (152)
[2019.03.19-23.48.15:978][  4]LogModuleManager: Shutting down and abandoning module PortalRpc (151)
[2019.03.19-23.48.15:978][  4]LogModuleManager: Shutting down and abandoning module MessagingRpc (150)
[2019.03.19-23.48.15:978][  4]LogModuleManager: Shutting down and abandoning module GameplayDebugger (149)
[2019.03.19-23.48.15:978][  4]LogModuleManager: Shutting down and abandoning module AITestSuite (148)
[2019.03.19-23.48.15:978][  4]LogModuleManager: Shutting down and abandoning module AIModule (147)
[2019.03.19-23.48.15:978][  4]LogModuleManager: Shutting down and abandoning module ProfilerService (146)
[2019.03.19-23.48.16:042][  4]LogModuleManager: Shutting down and abandoning module TaskGraph (145)
[2019.03.19-23.48.16:043][  4]LogModuleManager: Shutting down and abandoning module SlateRemote (144)
[2019.03.19-23.48.16:043][  4]LogModuleManager: Shutting down and abandoning module SteamVRController (143)
[2019.03.19-23.48.16:043][  4]LogModuleManager: Shutting down and abandoning module SteamVR (142)
[2019.03.19-23.48.16:043][  4]LogModuleManager: Shutting down and abandoning module ProceduralMeshComponentEditor (141)
[2019.03.19-23.48.16:043][  4]LogModuleManager: Shutting down and abandoning module ProceduralMeshComponent (140)
[2019.03.19-23.48.16:063][  4]LogModuleManager: Shutting down and abandoning module OculusLibrary (139)
[2019.03.19-23.48.16:063][  4]LogModuleManager: Shutting down and abandoning module OculusInput (138)
[2019.03.19-23.48.16:063][  4]LogModuleManager: Shutting down and abandoning module MobilePatchingUtils (137)
[2019.03.19-23.48.16:063][  4]LogModuleManager: Shutting down and abandoning module CustomMeshComponent (136)
[2019.03.19-23.48.16:064][  4]LogModuleManager: Shutting down and abandoning module CableComponent (135)
[2019.03.19-23.48.16:064][  4]LogModuleManager: Shutting down and abandoning module ArchVisCharacter (134)
[2019.03.19-23.48.16:064][  4]LogModuleManager: Shutting down and abandoning module MediaPlayerEditor (132)
[2019.03.19-23.48.16:064][  4]LogModuleManager: Shutting down and abandoning module HTML5Networking (131)
[2019.03.19-23.48.16:064][  4]LogModuleManager: Shutting down and abandoning module GeometryCacheEd (130)
[2019.03.19-23.48.16:064][  4]LogModuleManager: Shutting down and abandoning module GeometryCache (129)
[2019.03.19-23.48.16:064][  4]LogModuleManager: Shutting down and abandoning module AlembicLibrary (128)
[2019.03.19-23.48.16:064][  4]LogModuleManager: Shutting down and abandoning module AlembicImporter (127)
[2019.03.19-23.48.16:064][  4]LogModuleManager: Shutting down and abandoning module SuperSearch (126)
[2019.03.19-23.48.16:064][  4]LogModuleManager: Shutting down and abandoning module SuperSearchEditor (125)
[2019.03.19-23.48.16:064][  4]LogModuleManager: Shutting down and abandoning module SpeedTreeImporter (124)
[2019.03.19-23.48.16:064][  4]LogModuleManager: Shutting down and abandoning module PluginBrowser (123)
[2019.03.19-23.48.16:064][  4]LogModuleManager: Shutting down and abandoning module MobileLauncherProfileWizard (122)
[2019.03.19-23.48.16:064][  4]LogModuleManager: Shutting down and abandoning module EpicSurvey (121)
[2019.03.19-23.48.16:087][  4]LogModuleManager: Shutting down and abandoning module DesktopPlatform (120)
[2019.03.19-23.48.16:087][  4]LogModuleManager: Shutting down and abandoning module VisualStudioSourceCodeAccess (119)
[2019.03.19-23.48.16:116][  4]LogModuleManager: Shutting down and abandoning module UObjectPlugin (118)
[2019.03.19-23.48.16:116][  4]LogModuleManager: Shutting down and abandoning module SubversionSourceControl (117)
[2019.03.19-23.48.16:116][  4]LogModuleManager: Shutting down and abandoning module PerforceSourceControl (116)
[2019.03.19-23.48.16:135][  4]LogModuleManager: Shutting down and abandoning module SourceControl (115)
[2019.03.19-23.48.16:170][  4]LogModuleManager: Shutting down and abandoning module GitSourceControl (114)
[2019.03.19-23.48.16:170][  4]LogModuleManager: Shutting down and abandoning module LightPropagationVolumeEditor (113)
[2019.03.19-23.48.16:170][  4]LogModuleManager: Shutting down and abandoning module PaperTiledImporter (112)
[2019.03.19-23.48.16:179][  4]LogModuleManager: Shutting down and abandoning module PaperSpriteSheetImporter (111)
[2019.03.19-23.48.16:179][  4]LogModuleManager: Shutting down and abandoning module MeshPaint (110)
[2019.03.19-23.48.16:179][  4]LogModuleManager: Shutting down and abandoning module PixelInspectorModule (109)
[2019.03.19-23.48.16:193][  4]LogModuleManager: Shutting down and abandoning module HotReload (108)
[2019.03.19-23.48.16:227][  4]LogModuleManager: Shutting down and abandoning module MainFrame (107)
[2019.03.19-23.48.16:227][  4]LogModuleManager: Shutting down and abandoning module LevelEditor (106)
[2019.03.19-23.48.16:275][  4]LogModuleManager: Shutting down and abandoning module ContentBrowser (105)
[2019.03.19-23.48.16:277][  4]LogModuleManager: Shutting down and abandoning module Paper2DEditor (104)
[2019.03.19-23.48.16:589][  4]LogModuleManager: Shutting down and abandoning module UdpMessaging (103)
[2019.03.19-23.48.16:691][  4]LogModuleManager: Shutting down and abandoning module TcpMessaging (102)
[2019.03.19-23.48.16:791][  4]LogModuleManager: Shutting down and abandoning module LightPropagationVolumeRuntime (101)
[2019.03.19-23.48.16:791][  4]LogModuleManager: Shutting down and abandoning module Paper2D (100)
[2019.03.19-23.48.16:974][  4]LogModuleManager: Shutting down and abandoning module WindowsMoviePlayer (99)
[2019.03.19-23.48.16:974][  4]LogModuleManager: Shutting down and abandoning module WmfMedia (98)
[2019.03.19-23.48.16:977][  4]LogModuleManager: Shutting down and abandoning module MediaAssets (97)
[2019.03.19-23.48.17:414][  4]LogModuleManager: Shutting down and abandoning module GameLiveStreaming (96)
[2019.03.19-23.48.17:414][  4]LogModuleManager: Shutting down and abandoning module GameplayTagsEditor (95)
[2019.03.19-23.48.17:414][  4]LogModuleManager: Shutting down and abandoning module VREditor (94)
[2019.03.19-23.48.17:414][  4]LogModuleManager: Shutting down and abandoning module GameplayTasksEditor (93)
[2019.03.19-23.48.17:414][  4]LogModuleManager: Shutting down and abandoning module BehaviorTreeEditor (92)
[2019.03.19-23.48.17:414][  4]LogModuleManager: Shutting down and abandoning module FunctionalTesting (91)
[2019.03.19-23.48.17:414][  4]LogModuleManager: Shutting down and abandoning module CollisionAnalyzer (90)
[2019.03.19-23.48.17:414][  4]LogModuleManager: Shutting down and abandoning module Sequencer (89)
[2019.03.19-23.48.17:414][  4]LogModuleManager: Shutting down and abandoning module WorkspaceMenuStructure (88)
[2019.03.19-23.48.17:414][  4]LogModuleManager: Shutting down and abandoning module MessageLog (87)
[2019.03.19-23.48.17:414][  4]LogModuleManager: Shutting down and abandoning module AssetTools (86)
[2019.03.19-23.48.17:925][  4]LogModuleManager: Shutting down and abandoning module UMGEditor (85)
[2019.03.19-23.48.19:051][  4]LogModuleManager: Shutting down and abandoning module UMG (84)
[2019.03.19-23.48.19:395][  4]LogModuleManager: Shutting down and abandoning module SlateReflector (83)
[2019.03.19-23.48.19:627][  4]LogModuleManager: Shutting down and abandoning module Slate (82)
[2019.03.19-23.48.19:627][  4]LogModuleManager: Shutting down and abandoning module EditorStyle (81)
[2019.03.19-23.48.19:633][  4]LogModuleManager: Shutting down and abandoning module SourceCodeAccess (80)
[2019.03.19-23.48.19:633][  4]LogModuleManager: Shutting down and abandoning module HeadMountedDisplay (79)
[2019.03.19-23.48.19:633][  4]LogModuleManager: Shutting down and abandoning module XAudio2 (78)
[2019.03.19-23.48.19:633][  4]LogModuleManager: Shutting down and abandoning module Networking (76)
[2019.03.19-23.48.19:633][  4]LogModuleManager: Shutting down and abandoning module Core (75)
[2019.03.19-23.48.19:634][  4]LogModuleManager: Shutting down and abandoning module DirectoryWatcher (74)
[2019.03.19-23.48.19:634][  4]LogDirectoryWatcher: A directory notification for '../../../Engine/Content/' was aborted.
[2019.03.19-23.48.19:634][  4]LogDirectoryWatcher: A directory notification for '../../../../../../Users/Rohit Panjwani/Documents/Unreal Projects/Chess/Content/' was aborted.
[2019.03.19-23.48.19:635][  4]LogDirectoryWatcher: A directory notification for '../../../Engine/Plugins/2D/Paper2D/Content/' was aborted.
[2019.03.19-23.48.19:640][  4]LogModuleManager: Shutting down and abandoning module AssetRegistry (73)
[2019.03.19-23.48.19:999][  4]LogModuleManager: Shutting down and abandoning module KismetCompiler (72)
[2019.03.19-23.48.19:999][  4]LogModuleManager: Shutting down and abandoning module PhysXFormats (71)
[2019.03.19-23.48.19:999][  4]LogModuleManager: Shutting down and abandoning module SimplygonSwarm (70)
[2019.03.19-23.48.20:067][  4]LogModuleManager: Shutting down and abandoning module SimplygonMeshReduction (69)
[2019.03.19-23.48.20:067][  4]LogModuleManager: Shutting down and abandoning module QuadricMeshReduction (68)
[2019.03.19-23.48.20:067][  4]LogModuleManager: Shutting down and abandoning module PropertyEditor (67)
[2019.03.19-23.48.20:067][  4]LogModuleManager: Shutting down and abandoning module MeshUtilities (66)
[2019.03.19-23.48.20:067][  4]LogModuleManager: Shutting down and abandoning module DerivedDataCache (65)
[2019.03.19-23.48.20:125][  4]LogDerivedDataCache: Shutdown
[2019.03.19-23.48.20:125][  4]LogModuleManager: Shutting down and abandoning module VulkanShaderFormat (64)
[2019.03.19-23.48.20:125][  4]LogModuleManager: Shutting down and abandoning module ShaderFormatOpenGL (63)
[2019.03.19-23.48.20:125][  4]LogModuleManager: Shutting down and abandoning module ShaderFormatD3D (62)
[2019.03.19-23.48.20:125][  4]LogModuleManager: Shutting down and abandoning module MetalShaderFormat (61)
[2019.03.19-23.48.20:125][  4]LogModuleManager: Shutting down and abandoning module TextureFormatUncompressed (60)
[2019.03.19-23.48.20:125][  4]LogModuleManager: Shutting down and abandoning module TextureFormatPVR (59)
[2019.03.19-23.48.20:125][  4]LogModuleManager: Shutting down and abandoning module TextureFormatDXT (58)
[2019.03.19-23.48.20:125][  4]LogModuleManager: Shutting down and abandoning module TextureFormatIntelISPCTexComp (57)
[2019.03.19-23.48.20:125][  4]LogModuleManager: Shutting down and abandoning module ImageWrapper (56)
[2019.03.19-23.48.20:125][  4]LogModuleManager: Shutting down and abandoning module TextureFormatASTC (55)
[2019.03.19-23.48.20:125][  4]LogModuleManager: Shutting down and abandoning module TextureFormatAndroid (54)
[2019.03.19-23.48.20:125][  4]LogModuleManager: Shutting down and abandoning module AudioFormatOpus (53)
[2019.03.19-23.48.20:125][  4]LogModuleManager: Shutting down and abandoning module AudioFormatOgg (52)
[2019.03.19-23.48.20:125][  4]LogModuleManager: Shutting down and abandoning module AudioFormatADPCM (51)
[2019.03.19-23.48.20:125][  4]LogModuleManager: Shutting down and abandoning module LinuxTargetPlatform (50)
[2019.03.19-23.48.20:125][  4]LogModuleManager: Shutting down and abandoning module LinuxServerTargetPlatform (49)
[2019.03.19-23.48.20:125][  4]LogModuleManager: Shutting down and abandoning module LinuxNoEditorTargetPlatform (48)
[2019.03.19-23.48.20:125][  4]LogModuleManager: Shutting down and abandoning module LinuxClientTargetPlatform (47)
[2019.03.19-23.48.20:141][  4]LogModuleManager: Shutting down and abandoning module TVOSTargetPlatform (46)
[2019.03.19-23.48.20:142][  4]LogModuleManager: Shutting down and abandoning module Messaging (45)
[2019.03.19-23.48.20:142][  4]LogModuleManager: Shutting down and abandoning module IOSTargetPlatform (44)
[2019.03.19-23.48.20:142][  4]LogModuleManager: Shutting down and abandoning module HTML5TargetPlatform (43)
[2019.03.19-23.48.20:142][  4]LogModuleManager: Shutting down and abandoning module Android_PVRTCTargetPlatform (42)
[2019.03.19-23.48.20:142][  4]LogModuleManager: Shutting down and abandoning module Android_MultiTargetPlatform (41)
[2019.03.19-23.48.20:142][  4]LogModuleManager: Shutting down and abandoning module Android_ETC2TargetPlatform (40)
[2019.03.19-23.48.20:142][  4]LogModuleManager: Shutting down and abandoning module Android_ETC1TargetPlatform (39)
[2019.03.19-23.48.20:142][  4]LogModuleManager: Shutting down and abandoning module Android_DXTTargetPlatform (38)
[2019.03.19-23.48.20:142][  4]LogModuleManager: Shutting down and abandoning module Android_ATCTargetPlatform (37)
[2019.03.19-23.48.20:142][  4]LogModuleManager: Shutting down and abandoning module Android_ASTCTargetPlatform (36)
[2019.03.19-23.48.20:142][  4]LogModuleManager: Shutting down and abandoning module AndroidTargetPlatform (35)
[2019.03.19-23.48.20:142][  4]LogModuleManager: Shutting down and abandoning module WindowsTargetPlatform (34)
[2019.03.19-23.48.20:142][  4]LogModuleManager: Shutting down and abandoning module WindowsServerTargetPlatform (33)
[2019.03.19-23.48.20:178][  4]LogModuleManager: Shutting down and abandoning module WindowsNoEditorTargetPlatform (32)
[2019.03.19-23.48.20:178][  4]LogModuleManager: Shutting down and abandoning module WindowsClientTargetPlatform (31)
[2019.03.19-23.48.20:178][  4]LogModuleManager: Shutting down and abandoning module MacTargetPlatform (30)
[2019.03.19-23.48.20:178][  4]LogModuleManager: Shutting down and abandoning module MacServerTargetPlatform (29)
[2019.03.19-23.48.20:178][  4]LogModuleManager: Shutting down and abandoning module MacNoEditorTargetPlatform (28)
[2019.03.19-23.48.20:178][  4]LogModuleManager: Shutting down and abandoning module MacClientTargetPlatform (27)
[2019.03.19-23.48.20:178][  4]LogModuleManager: Shutting down and abandoning module AllDesktopTargetPlatform (26)
[2019.03.19-23.48.20:178][  4]LogModuleManager: Shutting down and abandoning module TargetPlatform (25)
[2019.03.19-23.48.20:178][  4]LogModuleManager: Shutting down and abandoning module InputCore (24)
[2019.03.19-23.48.20:178][  4]LogModuleManager: Shutting down and abandoning module Settings (23)
[2019.03.19-23.48.20:178][  4]LogModuleManager: Shutting down and abandoning module OculusRift (22)
[2019.03.19-23.48.20:218][  4]LogModuleManager: Shutting down and abandoning module ExampleDeviceProfileSelector (21)
[2019.03.19-23.48.20:218][  4]LogModuleManager: Shutting down and abandoning module OnlineBlueprintSupport (20)
[2019.03.19-23.48.20:218][  4]LogModuleManager: Shutting down and abandoning module OnlineSubsystem (18)
[2019.03.19-23.48.20:218][  4]LogOnline:Display: Unloading online subsystem: NULL
[2019.03.19-23.48.20:335][  4]LogModuleManager: Shutting down and abandoning module SSL (17)
[2019.03.19-23.48.20:354][  4]LogModuleManager: Shutting down and abandoning module HTTP (16)
[2019.03.19-23.48.20:354][  4]LogModuleManager: Shutting down and abandoning module XMPP (15)
[2019.03.19-23.48.20:371][  4]LogModuleManager: Shutting down and abandoning module TextureCompressor (14)
[2019.03.19-23.48.20:387][  4]LogModuleManager: Shutting down and abandoning module ShaderCore (13)
[2019.03.19-23.48.20:387][  4]LogModuleManager: Shutting down and abandoning module Landscape (12)
[2019.03.19-23.48.20:387][  4]LogModuleManager: Shutting down and abandoning module SlateRHIRenderer (11)
[2019.03.19-23.48.21:054][  4]LogModuleManager: Shutting down and abandoning module OpenGLDrv (10)
[2019.03.19-23.48.21:388][  4]LogModuleManager: Shutting down and abandoning module D3D11RHI (9)
[2019.03.19-23.48.21:388][  4]LogModuleManager: Shutting down and abandoning module AnimGraphRuntime (8)
[2019.03.19-23.48.21:388][  4]LogModuleManager: Shutting down and abandoning module Renderer (7)
[2019.03.19-23.48.21:409][  4]LogModuleManager: Shutting down and abandoning module Engine (6)
[2019.03.19-23.48.21:409][  4]LogModuleManager: Shutting down and abandoning module CoreUObject (5)
[2019.03.19-23.48.21:409][  4]LogModuleManager: Shutting down and abandoning module NetworkFile (4)
[2019.03.19-23.48.21:409][  4]LogModuleManager: Shutting down and abandoning module StreamingFile (3)
[2019.03.19-23.48.21:409][  4]LogModuleManager: Shutting down and abandoning module SandboxFile (2)
[2019.03.19-23.48.21:409][  4]LogModuleManager: Shutting down and abandoning module PakFile (1)
[2019.03.19-23.48.22:303][  4]LogExit: Exiting.
[2019.03.19-23.48.22:357][  4]Log file closed, 03/20/19 05:18:22
