Log file open, 03/16/19 00:54:05
LogInit:Display: Running engine for game: Chess
LogPlatformFile: Not using cached read wrapper
LogInit:Display: RandInit(1357915293) SRandInit(1357915293).
LogTaskGraph: Started task graph with 5 named threads and 8 total threads with 1 sets of task threads.
LogStats: Stats thread started at 0.114169
LogPluginManager: Loaded Plugin Paper2D, From C:/Program Files/Epic Games/UE_4.14/Engine/Plugins/2D/Paper2D/Paper2D.uplugin
LogPluginManager: Loaded Plugin LightPropagationVolume, From C:/Program Files/Epic Games/UE_4.14/Engine/Plugins/Blendables/LightPropagationVolume/LightPropagationVolume.uplugin
LogPluginManager: Loaded Plugin BlankPlugin, From C:/Program Files/Epic Games/UE_4.14/Engine/Plugins/Developer/BlankPlugin/BlankPlugin.uplugin
LogPluginManager: Loaded Plugin CodeLiteSourceCodeAccess, From C:/Program Files/Epic Games/UE_4.14/Engine/Plugins/Developer/CodeLiteSourceCodeAccess/CodeLiteSourceCodeAccess.uplugin
LogPluginManager: Loaded Plugin GitSourceControl, From C:/Program Files/Epic Games/UE_4.14/Engine/Plugins/Developer/GitSourceControl/GitSourceControl.uplugin
LogPluginManager: Loaded Plugin KDevelopSourceCodeAccess, From C:/Program Files/Epic Games/UE_4.14/Engine/Plugins/Developer/KDevelopSourceCodeAccess/KDevelopSourceCodeAccess.uplugin
LogPluginManager: Loaded Plugin NullSourceCodeAccess, From C:/Program Files/Epic Games/UE_4.14/Engine/Plugins/Developer/NullSourceCodeAccess/NullSourceCodeAccess.uplugin
LogPluginManager: Loaded Plugin OneSkyLocalizationService, From C:/Program Files/Epic Games/UE_4.14/Engine/Plugins/Developer/OneSkyLocalizationService/OneSkyLocalizationService.uplugin
LogPluginManager: Loaded Plugin PerforceSourceControl, From C:/Program Files/Epic Games/UE_4.14/Engine/Plugins/Developer/PerforceSourceControl/PerforceSourceControl.uplugin
LogPluginManager: Loaded Plugin SubversionSourceControl, From C:/Program Files/Epic Games/UE_4.14/Engine/Plugins/Developer/SubversionSourceControl/SubversionSourceControl.uplugin
LogPluginManager: Loaded Plugin UObjectPlugin, From C:/Program Files/Epic Games/UE_4.14/Engine/Plugins/Developer/UObjectPlugin/UObjectPlugin.uplugin
LogPluginManager: Loaded Plugin VisualStudioSourceCodeAccess, From C:/Program Files/Epic Games/UE_4.14/Engine/Plugins/Developer/VisualStudioSourceCodeAccess/VisualStudioSourceCodeAccess.uplugin
LogPluginManager: Loaded Plugin XCodeSourceCodeAccess, From C:/Program Files/Epic Games/UE_4.14/Engine/Plugins/Developer/XCodeSourceCodeAccess/XCodeSourceCodeAccess.uplugin
LogPluginManager: Loaded Plugin AudioCapture, From C:/Program Files/Epic Games/UE_4.14/Engine/Plugins/Editor/AudioCapture/AudioCapture.uplugin
LogPluginManager: Loaded Plugin EpicSurvey, From C:/Program Files/Epic Games/UE_4.14/Engine/Plugins/Editor/EpicSurvey/EpicSurvey.uplugin
LogPluginManager: Loaded Plugin MacGraphicsSwitching, From C:/Program Files/Epic Games/UE_4.14/Engine/Plugins/Editor/MacGraphicsSwitching/MacGraphicsSwitching.uplugin
LogPluginManager: Loaded Plugin MobileLauncherProfileWizard, From C:/Program Files/Epic Games/UE_4.14/Engine/Plugins/Editor/MobileLauncherProfileWizard/MobileLauncherProfileWizard.uplugin
LogPluginManager: Loaded Plugin PluginBrowser, From C:/Program Files/Epic Games/UE_4.14/Engine/Plugins/Editor/PluginBrowser/PluginBrowser.uplugin
LogPluginManager: Loaded Plugin SpeedTreeImporter, From C:/Program Files/Epic Games/UE_4.14/Engine/Plugins/Editor/SpeedTreeImporter/SpeedTreeImporter.uplugin
LogPluginManager: Loaded Plugin SuperSearchEditor, From C:/Program Files/Epic Games/UE_4.14/Engine/Plugins/Editor/SuperSearchEditor/SuperSearchEditor.uplugin
LogPluginManager: Loaded Plugin AlembicImporter, From C:/Program Files/Epic Games/UE_4.14/Engine/Plugins/Experimental/AlembicImporter/AlembicImporter.uplugin
LogPluginManager: Loaded Plugin BlueprintStats, From C:/Program Files/Epic Games/UE_4.14/Engine/Plugins/Experimental/BlueprintStats/BlueprintStats.uplugin
LogPluginManager: Loaded Plugin CharacterAI, From C:/Program Files/Epic Games/UE_4.14/Engine/Plugins/Experimental/CharacterAI/CharacterAI.uplugin
LogPluginManager: Loaded Plugin CodeEditor, From C:/Program Files/Epic Games/UE_4.14/Engine/Plugins/Experimental/CodeEditor/CodeEditor.uplugin
LogPluginManager: Loaded Plugin CodeView, From C:/Program Files/Epic Games/UE_4.14/Engine/Plugins/Experimental/CodeView/CodeView.uplugin
LogPluginManager: Loaded Plugin HTML5Networking, From C:/Program Files/Epic Games/UE_4.14/Engine/Plugins/Experimental/HTML5Networking/HTML5Networking.uplugin
LogPluginManager: Loaded Plugin OSVR, From C:/Program Files/Epic Games/UE_4.14/Engine/Plugins/Experimental/OSVR/OSVR.uplugin
LogPluginManager: Loaded Plugin Phya, From C:/Program Files/Epic Games/UE_4.14/Engine/Plugins/Experimental/Phya/Phya.uplugin
LogPluginManager: Loaded Plugin SignificanceManager, From C:/Program Files/Epic Games/UE_4.14/Engine/Plugins/Experimental/SignificanceManager/SignificanceManager.uplugin
LogPluginManager: Loaded Plugin SimpleHMD, From C:/Program Files/Epic Games/UE_4.14/Engine/Plugins/Experimental/SimpleHMD/SimpleHMD.uplugin
LogPluginManager: Loaded Plugin StereoPanorama, From C:/Program Files/Epic Games/UE_4.14/Engine/Plugins/Experimental/StereoPanorama/StereoPanorama.uplugin
LogPluginManager: Loaded Plugin StructBox, From C:/Program Files/Epic Games/UE_4.14/Engine/Plugins/Experimental/StructBox/StructBox.uplugin
LogPluginManager: Loaded Plugin AndroidMedia, From C:/Program Files/Epic Games/UE_4.14/Engine/Plugins/Media/AndroidMedia/AndroidMedia.uplugin
LogPluginManager: Loaded Plugin AvfMedia, From C:/Program Files/Epic Games/UE_4.14/Engine/Plugins/Media/AvfMedia/AvfMedia.uplugin
LogPluginManager: Loaded Plugin MediaPlayerEditor, From C:/Program Files/Epic Games/UE_4.14/Engine/Plugins/Media/MediaPlayerEditor/MediaPlayerEditor.uplugin
LogPluginManager: Loaded Plugin WmfMedia, From C:/Program Files/Epic Games/UE_4.14/Engine/Plugins/Media/WmfMedia/WmfMedia.uplugin
LogPluginManager: Loaded Plugin MessagingDebugger, From C:/Program Files/Epic Games/UE_4.14/Engine/Plugins/Messaging/MessagingDebugger/MessagingDebugger.uplugin
LogPluginManager: Loaded Plugin TcpMessaging, From C:/Program Files/Epic Games/UE_4.14/Engine/Plugins/Messaging/TcpMessaging/TcpMessaging.uplugin
LogPluginManager: Loaded Plugin UdpMessaging, From C:/Program Files/Epic Games/UE_4.14/Engine/Plugins/Messaging/UdpMessaging/UdpMessaging.uplugin
LogPluginManager: Loaded Plugin LevelSequenceEditor, From C:/Program Files/Epic Games/UE_4.14/Engine/Plugins/MovieScene/LevelSequenceEditor/LevelSequenceEditor.uplugin
LogPluginManager: Loaded Plugin MatineeToLevelSequence, From C:/Program Files/Epic Games/UE_4.14/Engine/Plugins/MovieScene/MatineeToLevelSequence/MatineeToLevelSequence.uplugin
LogPluginManager: Loaded Plugin NetcodeUnitTest, From C:/Program Files/Epic Games/UE_4.14/Engine/Plugins/NetcodeUnitTest/NetcodeUnitTest/NetcodeUnitTest.uplugin
LogPluginManager: Loaded Plugin NUTUnrealEngine4, From C:/Program Files/Epic Games/UE_4.14/Engine/Plugins/NetcodeUnitTest/NUTUnrealEngine4/NUTUnrealEngine4.uplugin
LogPluginManager: Loaded Plugin OnlineSubsystemGameCircle, From C:/Program Files/Epic Games/UE_4.14/Engine/Plugins/Online/Android/OnlineSubsystemGameCircle/OnlineSubsystemGameCircle.uplugin
LogPluginManager: Loaded Plugin OnlineSubsystemGooglePlay, From C:/Program Files/Epic Games/UE_4.14/Engine/Plugins/Online/Android/OnlineSubsystemGooglePlay/OnlineSubsystemGooglePlay.uplugin
LogPluginManager: Loaded Plugin OnlineSubsystemIOS, From C:/Program Files/Epic Games/UE_4.14/Engine/Plugins/Online/IOS/OnlineSubsystemIOS/OnlineSubsystemIOS.uplugin
LogPluginManager: Loaded Plugin OnlineFramework, From C:/Program Files/Epic Games/UE_4.14/Engine/Plugins/Online/OnlineFramework/OnlineFramework.uplugin
LogPluginManager: Loaded Plugin OnlineSubsystem, From C:/Program Files/Epic Games/UE_4.14/Engine/Plugins/Online/OnlineSubsystem/OnlineSubsystem.uplugin
LogPluginManager: Loaded Plugin OnlineSubsystemAmazon, From C:/Program Files/Epic Games/UE_4.14/Engine/Plugins/Online/OnlineSubsystemAmazon/OnlineSubsystemAmazon.uplugin
LogPluginManager: Loaded Plugin OnlineSubsystemFacebook, From C:/Program Files/Epic Games/UE_4.14/Engine/Plugins/Online/OnlineSubsystemFacebook/OnlineSubsystemFacebook.uplugin
LogPluginManager: Loaded Plugin OnlineSubsystemNull, From C:/Program Files/Epic Games/UE_4.14/Engine/Plugins/Online/OnlineSubsystemNull/OnlineSubsystemNull.uplugin
LogPluginManager: Loaded Plugin OnlineSubsystemOculus, From C:/Program Files/Epic Games/UE_4.14/Engine/Plugins/Online/OnlineSubsystemOculus/OnlineSubsystemOculus.uplugin
LogPluginManager: Loaded Plugin OnlineSubsystemSteam, From C:/Program Files/Epic Games/UE_4.14/Engine/Plugins/Online/OnlineSubsystemSteam/OnlineSubsystemSteam.uplugin
LogPluginManager: Loaded Plugin OnlineSubsystemUtils, From C:/Program Files/Epic Games/UE_4.14/Engine/Plugins/Online/OnlineSubsystemUtils/OnlineSubsystemUtils.uplugin
LogPluginManager: Loaded Plugin IOSTapJoy, From C:/Program Files/Epic Games/UE_4.14/Engine/Plugins/Runtime/Advertising/IOSTapJoy/IOSTapJoy.uplugin
LogPluginManager: Loaded Plugin AnalyticsBlueprintLibrary, From C:/Program Files/Epic Games/UE_4.14/Engine/Plugins/Runtime/Analytics/AnalyticsBlueprintLibrary/AnalyticsBlueprintLibrary.uplugin
LogPluginManager: Loaded Plugin AnalyticsMulticast, From C:/Program Files/Epic Games/UE_4.14/Engine/Plugins/Runtime/Analytics/AnalyticsMulticast/AnalyticsMulticast.uplugin
LogPluginManager: Loaded Plugin Apsalar, From C:/Program Files/Epic Games/UE_4.14/Engine/Plugins/Runtime/Analytics/Apsalar/Apsalar.uplugin
LogPluginManager: Loaded Plugin FileLogging, From C:/Program Files/Epic Games/UE_4.14/Engine/Plugins/Runtime/Analytics/FileLogging/FileLogging.uplugin
LogPluginManager: Loaded Plugin Flurry, From C:/Program Files/Epic Games/UE_4.14/Engine/Plugins/Runtime/Analytics/Flurry/Flurry.uplugin
LogPluginManager: Loaded Plugin AndroidDeviceProfileSelector, From C:/Program Files/Epic Games/UE_4.14/Engine/Plugins/Runtime/AndroidDeviceProfileSelector/AndroidDeviceProfileSelector.uplugin
LogPluginManager: Loaded Plugin AndroidMoviePlayer, From C:/Program Files/Epic Games/UE_4.14/Engine/Plugins/Runtime/AndroidMoviePlayer/AndroidMoviePlayer.uplugin
LogPluginManager: Loaded Plugin AppleMoviePlayer, From C:/Program Files/Epic Games/UE_4.14/Engine/Plugins/Runtime/AppleMoviePlayer/AppleMoviePlayer.uplugin
LogPluginManager: Loaded Plugin ArchVisCharacter, From C:/Program Files/Epic Games/UE_4.14/Engine/Plugins/Runtime/ArchVisCharacter/ArchVisCharacter.uplugin
LogPluginManager: Loaded Plugin CableComponent, From C:/Program Files/Epic Games/UE_4.14/Engine/Plugins/Runtime/CableComponent/CableComponent.uplugin
LogPluginManager: Loaded Plugin CustomMeshComponent, From C:/Program Files/Epic Games/UE_4.14/Engine/Plugins/Runtime/CustomMeshComponent/CustomMeshComponent.uplugin
LogPluginManager: Loaded Plugin ExampleDeviceProfileSelector, From C:/Program Files/Epic Games/UE_4.14/Engine/Plugins/Runtime/ExampleDeviceProfileSelector/ExampleDeviceProfileSelector.uplugin
LogPluginManager: Loaded Plugin GearVR, From C:/Program Files/Epic Games/UE_4.14/Engine/Plugins/Runtime/GearVR/GearVR.uplugin
LogPluginManager: Loaded Plugin GoogleVRController, From C:/Program Files/Epic Games/UE_4.14/Engine/Plugins/Runtime/GoogleVR/GoogleVRController/GoogleVRController.uplugin
LogPluginManager: Loaded Plugin GoogleVRHMD, From C:/Program Files/Epic Games/UE_4.14/Engine/Plugins/Runtime/GoogleVR/GoogleVRHMD/GoogleVRHMD.uplugin
LogPluginManager: Loaded Plugin IOSDeviceProfileSelector, From C:/Program Files/Epic Games/UE_4.14/Engine/Plugins/Runtime/IOSDeviceProfileSelector/IOSDeviceProfileSelector.uplugin
LogPluginManager: Loaded Plugin LeapMotion, From C:/Program Files/Epic Games/UE_4.14/Engine/Plugins/Runtime/LeapMotion/LeapMotion.uplugin
LogPluginManager: Loaded Plugin LinuxDeviceProfileSelector, From C:/Program Files/Epic Games/UE_4.14/Engine/Plugins/Runtime/LinuxDeviceProfileSelector/LinuxDeviceProfileSelector.uplugin
LogPluginManager: Loaded Plugin MIDIDevice, From C:/Program Files/Epic Games/UE_4.14/Engine/Plugins/Runtime/MIDIDevice/MIDIDevice.uplugin
LogPluginManager: Loaded Plugin MobilePatchingUtils, From C:/Program Files/Epic Games/UE_4.14/Engine/Plugins/Runtime/MobilePatchingUtils/MobilePatchingUtils.uplugin
LogPluginManager: Loaded Plugin Ansel, From C:/Program Files/Epic Games/UE_4.14/Engine/Plugins/Runtime/Nvidia/Ansel/Ansel.uplugin
LogPluginManager: Loaded Plugin OculusAudio, From C:/Program Files/Epic Games/UE_4.14/Engine/Plugins/Runtime/OculusAudio/OculusAudio.uplugin
LogPluginManager: Loaded Plugin OculusInput, From C:/Program Files/Epic Games/UE_4.14/Engine/Plugins/Runtime/OculusInput/OculusInput.uplugin
LogPluginManager: Loaded Plugin OculusLibrary, From C:/Program Files/Epic Games/UE_4.14/Engine/Plugins/Runtime/OculusLibrary/OculusLibrary.uplugin
LogPluginManager: Loaded Plugin OculusRift, From C:/Program Files/Epic Games/UE_4.14/Engine/Plugins/Runtime/OculusRift/OculusRift.uplugin
LogPluginManager: Loaded Plugin Oodle, From C:/Program Files/Epic Games/UE_4.14/Engine/Plugins/Runtime/PacketHandlers/CompressionComponents/Oodle/Oodle.uplugin
LogPluginManager: Loaded Plugin ProceduralMeshComponent, From C:/Program Files/Epic Games/UE_4.14/Engine/Plugins/Runtime/ProceduralMeshComponent/ProceduralMeshComponent.uplugin
LogPluginManager: Loaded Plugin SoundMod, From C:/Program Files/Epic Games/UE_4.14/Engine/Plugins/Runtime/SoundMod/SoundMod.uplugin
LogPluginManager: Loaded Plugin SoundVisualizations, From C:/Program Files/Epic Games/UE_4.14/Engine/Plugins/Runtime/SoundVisualizations/SoundVisualizations.uplugin
LogPluginManager: Loaded Plugin SteamController, From C:/Program Files/Epic Games/UE_4.14/Engine/Plugins/Runtime/Steam/SteamController/SteamController.uplugin
LogPluginManager: Loaded Plugin SteamVR, From C:/Program Files/Epic Games/UE_4.14/Engine/Plugins/Runtime/Steam/SteamVR/SteamVR.uplugin
LogPluginManager: Loaded Plugin WebBrowserWidget, From C:/Program Files/Epic Games/UE_4.14/Engine/Plugins/Runtime/WebBrowserWidget/WebBrowserWidget.uplugin
LogPluginManager: Loaded Plugin WindowsDeviceProfileSelector, From C:/Program Files/Epic Games/UE_4.14/Engine/Plugins/Runtime/WindowsDeviceProfileSelector/WindowsDeviceProfileSelector.uplugin
LogPluginManager: Loaded Plugin WindowsMoviePlayer, From C:/Program Files/Epic Games/UE_4.14/Engine/Plugins/Runtime/WindowsMoviePlayer/WindowsMoviePlayer.uplugin
LogPluginManager: Loaded Plugin ScriptPlugin, From C:/Program Files/Epic Games/UE_4.14/Engine/Plugins/ScriptPlugin/ScriptPlugin.uplugin
LogPluginManager: Loaded Plugin SlateRemote, From C:/Program Files/Epic Games/UE_4.14/Engine/Plugins/Slate/SlateRemote/SlateRemote.uplugin
LogPluginManager: Loaded Plugin EditorTests, From C:/Program Files/Epic Games/UE_4.14/Engine/Plugins/Tests/EditorTests/EditorTests.uplugin
LogPluginManager: Loaded Plugin FbxAutomationTestBuilder, From C:/Program Files/Epic Games/UE_4.14/Engine/Plugins/Tests/FbxAutomationTestBuilder/FbxAutomationTestBuilder.uplugin
LogPluginManager: Loaded Plugin FunctionalTestingEditor, From C:/Program Files/Epic Games/UE_4.14/Engine/Plugins/Tests/FunctionalTestingEditor/FunctionalTestingEditor.uplugin
LogPluginManager: Loaded Plugin RuntimeTests, From C:/Program Files/Epic Games/UE_4.14/Engine/Plugins/Tests/RuntimeTests/RuntimeTests.uplugin
LogPluginManager: Loaded Plugin ScreenshotTools, From C:/Program Files/Epic Games/UE_4.14/Engine/Plugins/Tests/ScreenshotTools/ScreenshotTools.uplugin
LogInit: Using libcurl 7.47.1
LogInit:  - built for x86_64-pc-win32
LogInit:  - supports SSL with OpenSSL/1.0.2g
LogInit:  - supports HTTP deflate (compression) using libz 1.2.8
LogInit:  - other features:
LogInit:      CURL_VERSION_SSL
LogInit:      CURL_VERSION_LIBZ
LogInit:      CURL_VERSION_IPV6
LogInit:      CURL_VERSION_ASYNCHDNS
LogInit:      CURL_VERSION_LARGEFILE
LogInit:      CURL_VERSION_IDN
LogInit:  CurlRequestOptions (configurable via config and command line):
LogInit:  - bVerifyPeer = false  - Libcurl will NOT verify peer certificate
LogInit:  - bUseHttpProxy = false  - Libcurl will NOT use HTTP proxy
LogInit:  - bDontReuseConnections = false  - Libcurl will reuse connections
LogInit:  - CertBundlePath = nullptr  - Libcurl will use whatever was configured at build time.
LogInit: Build: ++UE4+Release-4.14-CL-3249277
LogInit: Engine Version: 4.14.3-3249277+++UE4+Release-4.14
LogInit: Compatible Engine Version: 4.14.0-3195953+++UE4+Release-4.14
LogInit: Net CL: 3195953
LogDevObjectVersion: Number of dev versions registered: 13
LogDevObjectVersion:   Dev-Blueprints (B0D832E4-1F89-4F0D-ACCF-7EB736FD4AA2): 7
LogDevObjectVersion:   Dev-Build (E1C64328-A22C-4D53-A36C-8E866417BD8C): 0
LogDevObjectVersion:   Dev-Core (375EC13C-06E4-48FB-B500-84F0262A717E): 1
LogDevObjectVersion:   Dev-Editor (E4B068ED-F494-42E9-A231-DA0B2E46BB41): 8
LogDevObjectVersion:   Dev-Framework (CFFC743F-43B0-4480-9391-14DF171D2073): 17
LogDevObjectVersion:   Dev-Mobile (B02B49B5-BB20-44E9-A304-32B752E40360): 0
LogDevObjectVersion:   Dev-Networking (A4E4105C-59A1-49B5-A7C5-40C4547EDFEE): 0
LogDevObjectVersion:   Dev-Online (39C831C9-5AE6-47DC-9A44-9C173E1C8E7C): 0
LogDevObjectVersion:   Dev-Physics (78F01B33-EBEA-4F98-B9B4-84EACCB95AA2): 0
LogDevObjectVersion:   Dev-Platform (6631380F-2D4D-43E0-8009-CF276956A95A): 0
LogDevObjectVersion:   Dev-Rendering (12F88B9F-8875-4AFC-A67C-D90C383ABD29): 12
LogDevObjectVersion:   Dev-Sequencer (7B5AE74C-D270-4C10-A958-57980B212A5A): 1
LogDevObjectVersion:   Dev-VR (D7296918-1DD6-4BDD-9DE2-64A83CC13884): 0
LogInit: Compiled (64-bit): Jan  6 2017 10:49:43
LogInit: Compiled with Visual C++: 19.00.23026.00
LogInit: Build Configuration: Development
LogInit: Branch Name: ++UE4+Release-4.14
LogInit: Command line: 
LogInit: Base directory: C:/Program Files/Epic Games/UE_4.14/Engine/Binaries/Win64/
LogInit: Installed Engine Build: 1
LogInit: Presizing for max 8388607 objects, including 0 objects not considered by GC, pre-allocating 0 bytes for permanent pool.
LogInit: Object subsystem initialized
[2019.03.15-19.24.05:779][  0]LogInit: Selected Device Profile: [Windows]
[2019.03.15-19.24.05:779][  0]LogInit: Applying CVar settings loaded from the selected device profile: [Windows]
[2019.03.15-19.24.05:790][  0]LogInit: Computer: ROHIT-PANJWANI
[2019.03.15-19.24.05:790][  0]LogInit: User: RohitPanjwani
[2019.03.15-19.24.05:790][  0]LogInit: CPU Page size=65536, Cores=4
[2019.03.15-19.24.05:790][  0]LogInit: High frequency timer resolution =2.531249 MHz
[2019.03.15-19.24.05:791][  0]LogMemory: Memory total: Physical=15.9GB (16GB approx)
[2019.03.15-19.24.05:791][  0]LogMemory: Platform Memory Stats for Windows
[2019.03.15-19.24.05:791][  0]LogMemory: Process Physical Memory: 263.41 MB used, 263.41 MB peak
[2019.03.15-19.24.05:791][  0]LogMemory: Process Virtual Memory: 262.64 MB used, 262.64 MB peak
[2019.03.15-19.24.05:791][  0]LogMemory: Physical Memory: 6384.88 MB used,  9897.64 MB free, 16282.52 MB total
[2019.03.15-19.24.05:791][  0]LogMemory: Virtual Memory: 4812.35 MB used,  9897.64 MB free, 134217728.00 MB total
[2019.03.15-19.24.06:673][  0]LogTextLocalizationManager: No specific translations for ('en-IN') exist, so ('en') translations will be used.
[2019.03.15-19.24.07:676][  0]LogD3D11RHI: D3D11 adapters:
[2019.03.15-19.24.07:734][  0]LogD3D11RHI:    0. 'NVIDIA GeForce GTX 960M' (Feature Level 11_0)
[2019.03.15-19.24.07:734][  0]LogD3D11RHI:       4055/0/8141 MB DedicatedVideo/DedicatedSystem/SharedSystem, Outputs:1, VendorId:0x10de
[2019.03.15-19.24.07:746][  0]LogD3D11RHI:    1. 'Intel(R) HD Graphics 530' (Feature Level 11_0)
[2019.03.15-19.24.07:746][  0]LogD3D11RHI:       128/0/8141 MB DedicatedVideo/DedicatedSystem/SharedSystem, Outputs:0, VendorId:0x8086
[2019.03.15-19.24.07:750][  0]LogD3D11RHI:    2. 'Microsoft Basic Render Driver' (Feature Level 11_0)
[2019.03.15-19.24.07:750][  0]LogD3D11RHI:       0/0/8141 MB DedicatedVideo/DedicatedSystem/SharedSystem, Outputs:0, VendorId:0x1414
[2019.03.15-19.24.07:750][  0]LogD3D11RHI: Chosen D3D11 Adapter: 0
[2019.03.15-19.24.07:790][  0]LogD3D11RHI: Creating new Direct3DDevice
[2019.03.15-19.24.07:790][  0]LogD3D11RHI:     GPU DeviceId: 0x139b (for the marketing name, search the web for "GPU Device Id")
[2019.03.15-19.24.07:790][  0]LogWindows: EnumDisplayDevices:
[2019.03.15-19.24.07:790][  0]LogWindows:    0. 'Intel(R) HD Graphics 530' (P:1 D:1)
[2019.03.15-19.24.07:790][  0]LogWindows:    1. 'Intel(R) HD Graphics 530' (P:0 D:0)
[2019.03.15-19.24.07:790][  0]LogWindows:    2. 'Intel(R) HD Graphics 530' (P:0 D:0)
[2019.03.15-19.24.07:790][  0]LogWindows: DebugString: GetVideoDriverDetailsInvalid PrimaryIsNotTheChoosenAdapter GetVideoDriverDetailsInvalid PrimaryIsNotTheChoosenAdapter GetVideoDriverDetailsInvalid PrimaryIsNotTheChoosenAdapter FoundDriverCount:0 
[2019.03.15-19.24.07:790][  0]LogD3D11RHI:     Adapter Name: NVIDIA GeForce GTX 960M
[2019.03.15-19.24.07:791][  0]LogD3D11RHI:   Driver Version: Unknown (internal:Unknown, unified:Unknown)
[2019.03.15-19.24.07:791][  0]LogD3D11RHI:      Driver Date: Unknown
[2019.03.15-19.24.07:791][  0]LogRHI: Texture pool is 1361 MB (70% of 1945 MB)
[2019.03.15-19.24.07:844][  0]LogD3D11RHI: Async texture creation enabled
[2019.03.15-19.24.07:862][  0]LogD3D11RHI: GPU Timing Frequency: 1000.000000 (Debug: 2 1)
[2019.03.15-19.24.07:863][  0]LogShaderCompilers: Guid format shader working directory is -16 characters bigger than the processId version (../../../../../../Users/Rohit Panjwani/Documents/Unreal Projects/Chess/Intermediate/Shaders/WorkingDirectory/35348/).
[2019.03.15-19.24.07:863][  0]LogShaderCompilers: Cleaned the shader compiler working directory 'C:/Users/Rohit Panjwani/AppData/Local/Temp/UnrealShaderWorkingDir/1AAB458C4031D30CE421E58090DE8C7F/'.
[2019.03.15-19.24.07:863][  0]LogShaderCompilers:Display: Using Local Shader Compiler.
[2019.03.15-19.24.09:604][  0]LogTemp:Display: Loaded TP AllDesktopTargetPlatform
[2019.03.15-19.24.09:722][  0]LogTemp:Display: Loaded TP MacClientTargetPlatform
[2019.03.15-19.24.09:855][  0]LogTemp:Display: Loaded TP MacNoEditorTargetPlatform
[2019.03.15-19.24.09:993][  0]LogTemp:Display: Loaded TP MacServerTargetPlatform
[2019.03.15-19.24.10:131][  0]LogTemp:Display: Loaded TP MacTargetPlatform
[2019.03.15-19.24.10:262][  0]LogTemp:Display: Loaded TP WindowsClientTargetPlatform
[2019.03.15-19.24.10:410][  0]LogTemp:Display: Loaded TP WindowsNoEditorTargetPlatform
[2019.03.15-19.24.10:534][  0]LogTemp:Display: Loaded TP WindowsServerTargetPlatform
[2019.03.15-19.24.10:661][  0]LogTemp:Display: Loaded TP WindowsTargetPlatform
[2019.03.15-19.24.10:796][  0]LogTemp:Display: Loaded TP AndroidTargetPlatform
[2019.03.15-19.24.10:928][  0]LogTemp:Display: Loaded TP Android_ASTCTargetPlatform
[2019.03.15-19.24.11:064][  0]LogTemp:Display: Loaded TP Android_ATCTargetPlatform
[2019.03.15-19.24.11:185][  0]LogTemp:Display: Loaded TP Android_DXTTargetPlatform
[2019.03.15-19.24.11:301][  0]LogTemp:Display: Loaded TP Android_ETC1TargetPlatform
[2019.03.15-19.24.11:426][  0]LogTemp:Display: Loaded TP Android_ETC2TargetPlatform
[2019.03.15-19.24.11:652][  0]LogTemp:Display: Loaded TP Android_MultiTargetPlatform
[2019.03.15-19.24.11:652][  0]LogTemp:Display: Loaded TP Android_PVRTCTargetPlatform
[2019.03.15-19.24.11:744][  0]LogTemp:Display: Loaded TP HTML5TargetPlatform
[2019.03.15-19.24.11:910][  0]LogTemp:Display: Loaded TP IOSTargetPlatform
[2019.03.15-19.24.11:976][  0]LogTemp:Display: Loaded TP TVOSTargetPlatform
[2019.03.15-19.24.12:111][  0]LogTemp:Display: Loaded TP LinuxClientTargetPlatform
[2019.03.15-19.24.12:231][  0]LogTemp:Display: Loaded TP LinuxNoEditorTargetPlatform
[2019.03.15-19.24.12:377][  0]LogTemp:Display: Loaded TP LinuxServerTargetPlatform
[2019.03.15-19.24.12:497][  0]LogTemp:Display: Loaded TP LinuxTargetPlatform
[2019.03.15-19.24.12:497][  0]LogTargetPlatformManager:Display: Building Assets For Windows
[2019.03.15-19.24.13:481][  0]LogDerivedDataCache:Display: Max Cache Size: 512 MB
[2019.03.15-19.24.13:598][  0]LogDerivedDataCache: Loaded boot cache 0.12s 50MB C:/Users/Rohit Panjwani/AppData/Local/UnrealEngine/4.14/DerivedDataCache/Boot.ddc.
[2019.03.15-19.24.13:598][  0]LogDerivedDataCache:Display: Loaded Boot cache: C:/Users/Rohit Panjwani/AppData/Local/UnrealEngine/4.14/DerivedDataCache/Boot.ddc
[2019.03.15-19.24.13:598][  0]LogDerivedDataCache: FDerivedDataBackendGraph:  Pak pak cache file ../../../../../../Users/Rohit Panjwani/Documents/Unreal Projects/Chess/DerivedDataCache/DDC.ddp not found, will not use a pak cache.
[2019.03.15-19.24.13:598][  0]LogDerivedDataCache: Unable to find inner node Pak for hierarchical cache Hierarchy.
[2019.03.15-19.24.13:598][  0]LogDerivedDataCache: FDerivedDataBackendGraph:  CompressedPak pak cache file ../../../../../../Users/Rohit Panjwani/Documents/Unreal Projects/Chess/DerivedDataCache/Compressed.ddp not found, will not use a pak cache.
[2019.03.15-19.24.13:598][  0]LogDerivedDataCache: Unable to find inner node CompressedPak for hierarchical cache Hierarchy.
[2019.03.15-19.24.13:616][  0]LogDerivedDataCache:Display: Pak cache opened for reading ../../../Engine/DerivedDataCache/Compressed.ddp.
[2019.03.15-19.24.13:630][  0]LogDerivedDataCache: Using Local data cache path C:/Users/Rohit Panjwani/AppData/Local/UnrealEngine/Common/DerivedDataCache: Writable
[2019.03.15-19.24.13:914][  0]LogInit: Selected Device Profile: [Windows]
[2019.03.15-19.24.13:920][  0]LogContentStreaming: Texture pool size is 0.00 MB
[2019.03.15-19.24.14:338][  0]LogMeshUtilities: Using QuadricMeshReduction for automatic static mesh reduction
[2019.03.15-19.24.14:459][  0]LogSimplygon: Simplygon DLL not present - disabling.
[2019.03.15-19.24.14:603][  0]LogMeshUtilities: Using SimplygonSwarm for distributed automatic mesh merging
[2019.03.15-19.24.14:603][  0]LogMeshUtilities: No automatic skeletal mesh reduction module available
[2019.03.15-19.24.14:603][  0]LogMeshUtilities: No automatic mesh merging module available
[2019.03.15-19.24.15:349][  0]LogNetVersion: GetLocalNetworkVersion: CL: 3195953, ProjectName: chess, ProjectVersion: , EngineNetworkVersion: 2, GameNetworkVersion: 0, NetworkChecksum: 1690184528
[2019.03.15-19.24.15:456][  0]LogAssetRegistry: FAssetRegistry took 0.0227 seconds to start up
[2019.03.15-19.24.15:573][  0]LogPackageLocalizationCache: Processed 3 localized package path(s) for 2 prioritized culture(s) in 0.046950 seconds
[2019.03.15-19.24.15:584][  0]LogUObjectArray: 31946 objects as part of root set at end of initial load.
[2019.03.15-19.24.15:584][  0]LogUObjectAllocator: 6935848 out of 0 bytes used by permanent object pool.
[2019.03.15-19.24.15:584][  0]LogUObjectArray: CloseDisregardForGC: 0/0 objects in disregard for GC pool
[2019.03.15-19.24.15:757][  0]LogInit: WinSock: version 1.1 (2.2), MaxSocks=32767, MaxUdp=65467
[2019.03.15-19.24.17:666][  0]LogSlate: Using Freetype 2.6.0
[2019.03.15-19.24.17:666][  0]LogSlate: SlateFontCache - WITH_FREETYPE: 1, WITH_HARFBUZZ: 1
[2019.03.15-19.24.17:666][  0]LogSlate: SlateFontCache - WITH_FREETYPE: 1, WITH_HARFBUZZ: 1
[2019.03.15-19.24.19:058][  0]LogTcpMessaging: Initializing TcpMessaging bridge
[2019.03.15-19.24.19:134][  0]LogUdpMessaging: Initializing bridge on interface 0.0.0.0:0 to multicast group 230.0.0.1:6666.
[2019.03.15-19.24.19:811][  0]LogMaterial: Uniform references updated for custom material expression Custom.
[2019.03.15-19.24.20:721][  0]SourceControl: Info Source control is disabled
[2019.03.15-19.24.20:806][  0]SourceControl: Info Source control is disabled
[2019.03.15-19.24.20:930][  0]SourceControl: Info Source control is disabled
[2019.03.15-19.24.21:063][  0]SourceControl: Info Source control is disabled
[2019.03.15-19.24.24:334][  0]LogEngine: Initializing Engine...
[2019.03.15-19.24.24:335][  0]LogHMD: Failed to initialize OpenVR with code 110
[2019.03.15-19.24.24:807][  0]LogAIModule: Creating AISystem for world Untitled
[2019.03.15-19.24.24:826][  0]LogInit: XAudio2 using 'Speakers (Conexant SmartAudio HD)' : 2 channels at 48 kHz using 32 bits per sample (channel mask 0x3)
[2019.03.15-19.24.24:935][  0]LogInit: FAudioDevice initialized.
[2019.03.15-19.24.24:971][  0]LogDerivedDataCache: Saved boot cache 0.04s 50MB C:/Users/Rohit Panjwani/AppData/Local/UnrealEngine/4.14/DerivedDataCache/Boot.ddc.
[2019.03.15-19.24.24:978][  0]LogInit: Texture streaming: Enabled
[2019.03.15-19.24.25:495][  0]LogInit: Transaction tracking system initialized
[2019.03.15-19.24.26:347][  0]BlueprintLog: New page: Editor Load
[2019.03.15-19.24.28:681][  0]LocalizationService: Info Localization service is disabled
[2019.03.15-19.24.30:374][  0]LogConsoleResponse:Display: 
[2019.03.15-19.24.30:612][  0]LogCook:Display: Max memory allowance for cook 16384mb min free memory 0mb
[2019.03.15-19.24.30:612][  0]LogCook:Display: Mobile HDR setting 1
[2019.03.15-19.24.31:691][  0]LogFileCache: Scanning file cache for directory 'C:/Users/Rohit Panjwani/Documents/Unreal Projects/Chess/Content/' took 0.01s
[2019.03.15-19.24.33:109][  0]SourceControl: Info Source control is disabled
[2019.03.15-19.24.33:110][  0]Cmd: MAP LOAD FILE="../../../Engine/Content/Maps/Templates/Template_Default.umap" TEMPLATE=1 SHOWPROGRESS=1 FEATURELEVEL=3
[2019.03.15-19.24.33:110][  0]LightingResults: New page: Lighting Build
[2019.03.15-19.24.33:206][  0]MapCheck: New page: Map Check
[2019.03.15-19.24.33:206][  0]LightingResults: New page: Lighting Build
[2019.03.15-19.24.33:511][  0]LogAIModule: Creating AISystem for world Untitled_1
[2019.03.15-19.24.33:512][  0]LogActorComponent: RegisterComponentWithWorld: (/Temp/Untitled_1.Untitled_1:PersistentLevel.WorldSettings_1.StaticMeshComponent0) Trying to register component with IsPendingKill() == true. Aborting.
[2019.03.15-19.24.33:518][  0]LogEditorServer: Finished looking for orphan Actors (0.000 secs)
[2019.03.15-19.24.33:523][  0]Cmd: MAP CHECKDEP NOCLEARLOG
[2019.03.15-19.24.33:620][  0]MapCheck: Info Map check complete: 0 Error(s), 0 Warning(s), took 97.32ms to complete.
[2019.03.15-19.24.33:620][  0]LogFileHelpers: Loading map 'Template_Default' took 0.511
[2019.03.15-19.24.33:870][  0]LogCollectionManager: Loaded 0 collections in 0.003265 seconds
[2019.03.15-19.24.34:028][  0]LogFileCache: Scanning file cache for directory 'C:/Users/Rohit Panjwani/Documents/Unreal Projects/Chess/Saved/Collections/' took 0.01s
[2019.03.15-19.24.34:028][  0]LogFileCache: Scanning file cache for directory 'C:/Users/Rohit Panjwani/Documents/Unreal Projects/Chess/Content/Developers/RohitPanjwani/Collections/' took 0.01s
[2019.03.15-19.24.34:028][  0]LogFileCache: Scanning file cache for directory 'C:/Users/Rohit Panjwani/Documents/Unreal Projects/Chess/Content/Collections/' took 0.01s
[2019.03.15-19.24.34:028][  0]LogCollectionManager: Rebuilt the GUID cache for 0 collections in 0.000003 seconds
[2019.03.15-19.24.34:044][  0]LogContentBrowser: Native class hierarchy populated in 0.0160 seconds. Added 2190 classes and 428 folders.
[2019.03.15-19.24.34:166][  0]LogStats: UGameplayTagsManager::ConstructGameplayTagTree: Construct from data asset -  0.000 s
[2019.03.15-19.24.34:167][  0]LogStats: UGameplayTagsManager::ConstructGameplayTagTree: GameplayTagTreeChangedEvent.Broadcast -  0.000 s
[2019.03.15-19.24.34:168][  0]LogContentBrowser: Native class hierarchy updated for 'GameplayTags' in 0.0012 seconds. Added 13 classes and 0 folders.
[2019.03.15-19.24.34:327][  0]LogContentBrowser: Native class hierarchy updated for 'WidgetCarousel' in 0.0006 seconds. Added 0 classes and 0 folders.
[2019.03.15-19.24.34:415][  0]LogContentBrowser: Native class hierarchy updated for 'AddContentDialog' in 0.0007 seconds. Added 0 classes and 0 folders.
[2019.03.15-19.24.34:523][  0]LogContentBrowser: Native class hierarchy updated for 'SceneOutliner' in 0.0015 seconds. Added 1 classes and 2 folders.
[2019.03.15-19.24.34:672][  0]LogCrashTracker: Crashtracker disabled due to settings.
[2019.03.15-19.24.34:679][  0]LogUObjectGlobals:Warning: Failed to find object 'Class None.'
[2019.03.15-19.24.34:813][  0]LogContentBrowser: Native class hierarchy updated for 'HierarchicalLODOutliner' in 0.0008 seconds. Added 1 classes and 2 folders.
[2019.03.15-19.24.34:813][  0]LogLoad: (Engine Initialization) Total time: 32.10 seconds
[2019.03.15-19.24.34:813][  0]LogLoad: (Engine Initialization) Total Blueprint compile time: 0.15 seconds
[2019.03.15-19.24.34:813][  0]LogExternalProfiler: No external profilers were discovered.  External profiling features will not be available.
[2019.03.15-19.24.34:832][  0]LogWindowsTextInputMethodSystem:Display: IME system now deactivated.
[2019.03.15-19.24.34:832][  0]LogOcInput: OculusInput pre-init called
[2019.03.15-19.24.34:854][  0]LogContentStreaming: Texture pool size now 3000 MB
[2019.03.15-19.24.35:055][  0]LogRenderer: Reallocating scene render targets to support 744x448 NumSamples 1 (Frame:2).
[2019.03.15-19.24.35:153][  1]LogAssetRegistry: Asset discovery search completed in 19.7193 seconds
[2019.03.15-19.24.35:153][  1]LogCollectionManager: Rebuilt the object cache for 0 collections in 0.000000 seconds (found 0 objects)
[2019.03.15-19.24.35:153][  1]LogCollectionManager: Fixed up redirectors for 0 collections in 0.000019 seconds (updated 0 objects)
[2019.03.15-19.24.52:665][ 38]LogWindowsTextInputMethodSystem:Display: IME system now deactivated.
[2019.03.15-19.24.52:671][ 38]LogWindowsTextInputMethodSystem:Display: IME system now deactivated.
[2019.03.15-19.24.52:863][ 39]Cmd: QUIT_EDITOR
[2019.03.15-19.24.52:931][ 39]LogExit: Preparing to exit.
[2019.03.15-19.24.53:216][ 39]LogDirectoryWatcher: A directory notification for 'C:/Users/Rohit Panjwani/Documents/Unreal Projects/Chess/Content/' was aborted.
[2019.03.15-19.24.53:233][ 39]LogExit: Editor shut down
[2019.03.15-19.24.53:234][ 39]LogExit: Transaction tracking system shut down
[2019.03.15-19.24.53:280][ 39]LogObj: Freed 0b from 0 cluster array pools.
[2019.03.15-19.24.53:280][ 39]LogExit: Object subsystem successfully closed.
[2019.03.15-19.24.53:296][ 39]LogD3D11RHI: Shutdown
[2019.03.15-19.24.53:296][ 39]LogD3D11RHI: CleanupD3DDevice
[2019.03.15-19.24.53:906][ 39]LogD3D11RHI: ~FD3D11DynamicRHI
[2019.03.15-19.24.53:957][ 39]LogHttp:Display: Http module shutting down, but needs to wait on 1 outstanding Http requests:
[2019.03.15-19.24.53:957][ 39]LogHttp:Display: 	verb=[POST] url=[https://datarouter.ol.epicgames.com/datarouter/api/v1/public/data?SessionID=%7BEA87C04A-4F13-DA0B-ADFA-67874A3AA3B6%7D&AppID=UEEditor.Rocket.Release&AppVersion=4.14.3-3249277%2B%2B%2BUE4%2BRelease-4.14&UserID=7d91b64c4b01fe95139d64b3048811ce%7C4d184b3c1962427fad7cc0b2904a4a9d%7Ceb2bbdf1-1b92-448e-9b18-4cd591d8df94&AppEnvironment=datacollector-binary&UploadType=eteventstream] status=Processing
[2019.03.15-19.24.53:957][ 39]LogHttp:Display: Sleeping 0.5s to wait for 1 outstanding Http requests.
[2019.03.15-19.24.54:459][ 39]LogHttp:Display: Sleeping 0.5s to wait for 1 outstanding Http requests.
[2019.03.15-19.24.54:959][ 39]LogHttp:Display: Sleeping 0.5s to wait for 1 outstanding Http requests.
[2019.03.15-19.24.55:481][ 39]LogModuleManager: Shutting down and abandoning module HierarchicalLODOutliner (241)
[2019.03.15-19.24.55:481][ 39]LogModuleManager: Shutting down and abandoning module CrashTracker (240)
[2019.03.15-19.24.55:481][ 39]LogModuleManager: Shutting down and abandoning module SceneOutliner (239)
[2019.03.15-19.24.55:481][ 39]LogModuleManager: Shutting down and abandoning module WidgetCarousel (238)
[2019.03.15-19.24.55:481][ 39]LogModuleManager: Shutting down and abandoning module AddContentDialog (237)
[2019.03.15-19.24.55:481][ 39]LogDirectoryWatcher: A directory notification for 'C:/Program Files/Epic Games/UE_4.14/FeaturePacks/' was aborted.
[2019.03.15-19.24.55:482][ 39]LogModuleManager: Shutting down and abandoning module GameplayTags (236)
[2019.03.15-19.24.55:482][ 39]LogModuleManager: Shutting down and abandoning module EditorWidgets (235)
[2019.03.15-19.24.55:482][ 39]LogModuleManager: Shutting down and abandoning module CollectionManager (234)
[2019.03.15-19.24.55:482][ 39]LogDirectoryWatcher: A directory notification for 'C:/Users/Rohit Panjwani/Documents/Unreal Projects/Chess/Content/Collections/' was aborted.
[2019.03.15-19.24.55:482][ 39]LogDirectoryWatcher: A directory notification for 'C:/Users/Rohit Panjwani/Documents/Unreal Projects/Chess/Content/Developers/RohitPanjwani/Collections/' was aborted.
[2019.03.15-19.24.55:482][ 39]LogDirectoryWatcher: A directory notification for 'C:/Users/Rohit Panjwani/Documents/Unreal Projects/Chess/Saved/Collections/' was aborted.
[2019.03.15-19.24.55:482][ 39]LogModuleManager: Shutting down and abandoning module StatsViewer (233)
[2019.03.15-19.24.55:482][ 39]LogModuleManager: Shutting down and abandoning module FoliageEdit (232)
[2019.03.15-19.24.55:482][ 39]LogModuleManager: Shutting down and abandoning module LandscapeEditor (231)
[2019.03.15-19.24.55:482][ 39]LogModuleManager: Shutting down and abandoning module SceneDepthPickerMode (230)
[2019.03.15-19.24.55:482][ 39]LogModuleManager: Shutting down and abandoning module ActorPickerMode (229)
[2019.03.15-19.24.55:482][ 39]LogModuleManager: Shutting down and abandoning module GeometryMode (228)
[2019.03.15-19.24.55:482][ 39]LogModuleManager: Shutting down and abandoning module TextureAlignMode (227)
[2019.03.15-19.24.55:482][ 39]LogModuleManager: Shutting down and abandoning module BspMode (226)
[2019.03.15-19.24.55:482][ 39]LogModuleManager: Shutting down and abandoning module HardwareSurvey (225)
[2019.03.15-19.24.55:482][ 39]LogModuleManager: Shutting down and abandoning module SequenceRecorderSections (224)
[2019.03.15-19.24.55:482][ 39]LogModuleManager: Shutting down and abandoning module AutomationWorker (223)
[2019.03.15-19.24.55:482][ 39]LogModuleManager: Shutting down and abandoning module MatineeToLevelSequence (222)
[2019.03.15-19.24.55:482][ 39]LogModuleManager: Shutting down and abandoning module PlacementMode (221)
[2019.03.15-19.24.55:482][ 39]LogModuleManager: Shutting down and abandoning module LevelSequenceEditor (220)
[2019.03.15-19.24.55:483][ 39]LogModuleManager: Shutting down and abandoning module WmfMediaFactory (219)
[2019.03.15-19.24.55:483][ 39]LogModuleManager: Shutting down and abandoning module WmfMediaEditor (218)
[2019.03.15-19.24.55:483][ 39]LogModuleManager: Shutting down and abandoning module AvfMediaFactory (217)
[2019.03.15-19.24.55:483][ 39]LogModuleManager: Shutting down and abandoning module AvfMediaEditor (216)
[2019.03.15-19.24.55:483][ 39]LogModuleManager: Shutting down and abandoning module Media (215)
[2019.03.15-19.24.55:483][ 39]LogModuleManager: Shutting down and abandoning module AndroidMediaFactory (214)
[2019.03.15-19.24.55:483][ 39]LogModuleManager: Shutting down and abandoning module AndroidMediaEditor (213)
[2019.03.15-19.24.55:483][ 39]LogModuleManager: Shutting down and abandoning module CharacterAI (212)
[2019.03.15-19.24.55:483][ 39]LogModuleManager: Shutting down and abandoning module SequenceRecorder (211)
[2019.03.15-19.24.55:483][ 39]LogModuleManager: Shutting down and abandoning module AudioCapture (210)
[2019.03.15-19.24.55:483][ 39]LogModuleManager: Shutting down and abandoning module SmartSnapping (209)
[2019.03.15-19.24.55:483][ 39]LogModuleManager: Shutting down and abandoning module SessionServices (208)
[2019.03.15-19.24.55:483][ 39]LogModuleManager: Shutting down and abandoning module ViewportSnapping (207)
[2019.03.15-19.24.55:483][ 39]LogModuleManager: Shutting down and abandoning module ViewportInteraction (206)
[2019.03.15-19.24.55:483][ 39]LogModuleManager: Shutting down and abandoning module LogVisualizer (205)
[2019.03.15-19.24.55:483][ 39]LogModuleManager: Shutting down and abandoning module GameProjectGeneration (204)
[2019.03.15-19.24.55:483][ 39]LogModuleManager: Shutting down and abandoning module IntroTutorials (203)
[2019.03.15-19.24.55:483][ 39]LogModuleManager: Shutting down and abandoning module EditorLiveStreaming (202)
[2019.03.15-19.24.55:483][ 39]LogModuleManager: Shutting down and abandoning module IOSPlatformEditor (201)
[2019.03.15-19.24.55:483][ 39]LogModuleManager: Shutting down and abandoning module HTML5PlatformEditor (200)
[2019.03.15-19.24.55:483][ 39]LogModuleManager: Shutting down and abandoning module AndroidDeviceDetection (199)
[2019.03.15-19.24.55:792][ 39]LogModuleManager: Shutting down and abandoning module AndroidPlatformEditor (198)
[2019.03.15-19.24.55:793][ 39]LogModuleManager: Shutting down and abandoning module IOSRuntimeSettings (197)
[2019.03.15-19.24.55:793][ 39]LogModuleManager: Shutting down and abandoning module AndroidRuntimeSettings (196)
[2019.03.15-19.24.55:793][ 39]LogModuleManager: Shutting down and abandoning module InputBindingEditor (195)
[2019.03.15-19.24.55:793][ 39]LogModuleManager: Shutting down and abandoning module NiagaraEditor (194)
[2019.03.15-19.24.55:793][ 39]LogModuleManager: Shutting down and abandoning module MergeActors (193)
[2019.03.15-19.24.55:793][ 39]LogModuleManager: Shutting down and abandoning module SizeMap (192)
[2019.03.15-19.24.55:793][ 39]LogModuleManager: Shutting down and abandoning module TreeMap (191)
[2019.03.15-19.24.55:793][ 39]LogModuleManager: Shutting down and abandoning module ReferenceViewer (190)
[2019.03.15-19.24.55:793][ 39]LogModuleManager: Shutting down and abandoning module LocalizationService (189)
[2019.03.15-19.24.55:793][ 39]LogModuleManager: Shutting down and abandoning module LocalizationDashboard (188)
[2019.03.15-19.24.55:793][ 39]LogModuleManager: Shutting down and abandoning module HardwareTargeting (187)
[2019.03.15-19.24.55:793][ 39]LogModuleManager: Shutting down and abandoning module DeviceProfileEditor (186)
[2019.03.15-19.24.55:793][ 39]LogModuleManager: Shutting down and abandoning module UndoHistory (185)
[2019.03.15-19.24.55:793][ 39]LogModuleManager: Shutting down and abandoning module UserFeedback (184)
[2019.03.15-19.24.55:793][ 39]LogModuleManager: Shutting down and abandoning module XmlParser (183)
[2019.03.15-19.24.55:793][ 39]LogModuleManager: Shutting down and abandoning module Blutility (182)
[2019.03.15-19.24.55:793][ 39]LogModuleManager: Shutting down and abandoning module ProjectTargetPlatformEditor (181)
[2019.03.15-19.24.55:793][ 39]LogModuleManager: Shutting down and abandoning module ProjectSettingsViewer (180)
[2019.03.15-19.24.55:793][ 39]LogModuleManager: Shutting down and abandoning module EditorSettingsViewer (179)
[2019.03.15-19.24.55:793][ 39]LogModuleManager: Shutting down and abandoning module SettingsEditor (178)
[2019.03.15-19.24.55:793][ 39]LogModuleManager: Shutting down and abandoning module ProjectLauncher (177)
[2019.03.15-19.24.55:793][ 39]LogModuleManager: Shutting down and abandoning module SessionFrontend (176)
[2019.03.15-19.24.55:793][ 39]LogModuleManager: Shutting down and abandoning module ProfilerClient (175)
[2019.03.15-19.24.55:793][ 39]LogModuleManager: Shutting down and abandoning module TargetDeviceServices (174)
[2019.03.15-19.24.55:793][ 39]LogModuleManager: Shutting down and abandoning module DeviceManager (173)
[2019.03.15-19.24.55:848][ 39]LogModuleManager: Shutting down and abandoning module AutomationController (172)
[2019.03.15-19.24.55:848][ 39]LogModuleManager: Shutting down and abandoning module AutomationWindow (171)
[2019.03.15-19.24.55:848][ 39]LogModuleManager: Shutting down and abandoning module Layers (170)
[2019.03.15-19.24.55:848][ 39]LogModuleManager: Shutting down and abandoning module ComponentVisualizers (169)
[2019.03.15-19.24.55:848][ 39]LogModuleManager: Shutting down and abandoning module DetailCustomizations (168)
[2019.03.15-19.24.55:848][ 39]LogModuleManager: Shutting down and abandoning module PackagesDialog (167)
[2019.03.15-19.24.55:848][ 39]LogModuleManager: Shutting down and abandoning module AnimGraph (166)
[2019.03.15-19.24.55:848][ 39]LogModuleManager: Shutting down and abandoning module Persona (165)
[2019.03.15-19.24.55:848][ 39]LogModuleManager: Shutting down and abandoning module Kismet (164)
[2019.03.15-19.24.55:848][ 39]LogModuleManager: Shutting down and abandoning module GraphEditor (163)
[2019.03.15-19.24.55:848][ 39]LogModuleManager: Shutting down and abandoning module ClassViewer (162)
[2019.03.15-19.24.55:848][ 39]LogModuleManager: Shutting down and abandoning module Toolbox (161)
[2019.03.15-19.24.55:848][ 39]LogModuleManager: Shutting down and abandoning module ModuleUI (160)
[2019.03.15-19.24.55:848][ 39]LogModuleManager: Shutting down and abandoning module MovieSceneTools (159)
[2019.03.15-19.24.55:848][ 39]LogModuleManager: Shutting down and abandoning module OutputLog (158)
[2019.03.15-19.24.55:848][ 39]LogModuleManager: Shutting down and abandoning module GammaUI (157)
[2019.03.15-19.24.55:848][ 39]LogModuleManager: Shutting down and abandoning module Documentation (156)
[2019.03.15-19.24.55:848][ 39]LogModuleManager: Shutting down and abandoning module Niagara (155)
[2019.03.15-19.24.55:848][ 39]LogModuleManager: Shutting down and abandoning module StreamingPauseRendering (154)
[2019.03.15-19.24.55:848][ 39]LogModuleManager: Shutting down and abandoning module AnalyticsET (153)
[2019.03.15-19.24.55:848][ 39]LogModuleManager: Shutting down and abandoning module PortalServices (152)
[2019.03.15-19.24.55:848][ 39]LogModuleManager: Shutting down and abandoning module PortalRpc (151)
[2019.03.15-19.24.55:848][ 39]LogModuleManager: Shutting down and abandoning module MessagingRpc (150)
[2019.03.15-19.24.55:848][ 39]LogModuleManager: Shutting down and abandoning module GameplayDebugger (149)
[2019.03.15-19.24.55:848][ 39]LogModuleManager: Shutting down and abandoning module AITestSuite (148)
[2019.03.15-19.24.55:848][ 39]LogModuleManager: Shutting down and abandoning module AIModule (147)
[2019.03.15-19.24.55:848][ 39]LogModuleManager: Shutting down and abandoning module ProfilerService (146)
[2019.03.15-19.24.56:096][ 39]LogModuleManager: Shutting down and abandoning module TaskGraph (145)
[2019.03.15-19.24.56:096][ 39]LogModuleManager: Shutting down and abandoning module SlateRemote (144)
[2019.03.15-19.24.56:096][ 39]LogModuleManager: Shutting down and abandoning module SteamVRController (143)
[2019.03.15-19.24.56:096][ 39]LogModuleManager: Shutting down and abandoning module SteamVR (142)
[2019.03.15-19.24.56:096][ 39]LogModuleManager: Shutting down and abandoning module ProceduralMeshComponentEditor (141)
[2019.03.15-19.24.56:096][ 39]LogModuleManager: Shutting down and abandoning module ProceduralMeshComponent (140)
[2019.03.15-19.24.56:096][ 39]LogModuleManager: Shutting down and abandoning module OculusLibrary (139)
[2019.03.15-19.24.56:096][ 39]LogModuleManager: Shutting down and abandoning module OculusInput (138)
[2019.03.15-19.24.56:096][ 39]LogModuleManager: Shutting down and abandoning module MobilePatchingUtils (137)
[2019.03.15-19.24.56:096][ 39]LogModuleManager: Shutting down and abandoning module CustomMeshComponent (136)
[2019.03.15-19.24.56:096][ 39]LogModuleManager: Shutting down and abandoning module CableComponent (135)
[2019.03.15-19.24.56:096][ 39]LogModuleManager: Shutting down and abandoning module ArchVisCharacter (134)
[2019.03.15-19.24.56:096][ 39]LogModuleManager: Shutting down and abandoning module MediaPlayerEditor (132)
[2019.03.15-19.24.56:096][ 39]LogModuleManager: Shutting down and abandoning module HTML5Networking (131)
[2019.03.15-19.24.56:096][ 39]LogModuleManager: Shutting down and abandoning module GeometryCacheEd (130)
[2019.03.15-19.24.56:096][ 39]LogModuleManager: Shutting down and abandoning module GeometryCache (129)
[2019.03.15-19.24.56:096][ 39]LogModuleManager: Shutting down and abandoning module AlembicLibrary (128)
[2019.03.15-19.24.56:096][ 39]LogModuleManager: Shutting down and abandoning module AlembicImporter (127)
[2019.03.15-19.24.56:096][ 39]LogModuleManager: Shutting down and abandoning module SuperSearch (126)
[2019.03.15-19.24.56:096][ 39]LogModuleManager: Shutting down and abandoning module SuperSearchEditor (125)
[2019.03.15-19.24.56:096][ 39]LogModuleManager: Shutting down and abandoning module SpeedTreeImporter (124)
[2019.03.15-19.24.56:096][ 39]LogModuleManager: Shutting down and abandoning module PluginBrowser (123)
[2019.03.15-19.24.56:096][ 39]LogModuleManager: Shutting down and abandoning module MobileLauncherProfileWizard (122)
[2019.03.15-19.24.56:096][ 39]LogModuleManager: Shutting down and abandoning module EpicSurvey (121)
[2019.03.15-19.24.56:096][ 39]LogModuleManager: Shutting down and abandoning module DesktopPlatform (120)
[2019.03.15-19.24.56:097][ 39]LogModuleManager: Shutting down and abandoning module VisualStudioSourceCodeAccess (119)
[2019.03.15-19.24.56:097][ 39]LogModuleManager: Shutting down and abandoning module UObjectPlugin (118)
[2019.03.15-19.24.56:097][ 39]LogModuleManager: Shutting down and abandoning module SubversionSourceControl (117)
[2019.03.15-19.24.56:097][ 39]LogModuleManager: Shutting down and abandoning module PerforceSourceControl (116)
[2019.03.15-19.24.56:097][ 39]LogModuleManager: Shutting down and abandoning module SourceControl (115)
[2019.03.15-19.24.56:097][ 39]LogModuleManager: Shutting down and abandoning module GitSourceControl (114)
[2019.03.15-19.24.56:097][ 39]LogModuleManager: Shutting down and abandoning module LightPropagationVolumeEditor (113)
[2019.03.15-19.24.56:097][ 39]LogModuleManager: Shutting down and abandoning module PaperTiledImporter (112)
[2019.03.15-19.24.56:097][ 39]LogModuleManager: Shutting down and abandoning module PaperSpriteSheetImporter (111)
[2019.03.15-19.24.56:097][ 39]LogModuleManager: Shutting down and abandoning module MeshPaint (110)
[2019.03.15-19.24.56:097][ 39]LogModuleManager: Shutting down and abandoning module PixelInspectorModule (109)
[2019.03.15-19.24.56:097][ 39]LogModuleManager: Shutting down and abandoning module HotReload (108)
[2019.03.15-19.24.56:098][ 39]LogModuleManager: Shutting down and abandoning module MainFrame (107)
[2019.03.15-19.24.56:098][ 39]LogModuleManager: Shutting down and abandoning module LevelEditor (106)
[2019.03.15-19.24.56:099][ 39]LogModuleManager: Shutting down and abandoning module ContentBrowser (105)
[2019.03.15-19.24.56:099][ 39]LogModuleManager: Shutting down and abandoning module Paper2DEditor (104)
[2019.03.15-19.24.56:099][ 39]LogModuleManager: Shutting down and abandoning module UdpMessaging (103)
[2019.03.15-19.24.56:201][ 39]LogModuleManager: Shutting down and abandoning module TcpMessaging (102)
[2019.03.15-19.24.56:302][ 39]LogModuleManager: Shutting down and abandoning module LightPropagationVolumeRuntime (101)
[2019.03.15-19.24.56:302][ 39]LogModuleManager: Shutting down and abandoning module Paper2D (100)
[2019.03.15-19.24.56:302][ 39]LogModuleManager: Shutting down and abandoning module WindowsMoviePlayer (99)
[2019.03.15-19.24.56:302][ 39]LogModuleManager: Shutting down and abandoning module WmfMedia (98)
[2019.03.15-19.24.56:304][ 39]LogModuleManager: Shutting down and abandoning module MediaAssets (97)
[2019.03.15-19.24.56:304][ 39]LogModuleManager: Shutting down and abandoning module GameLiveStreaming (96)
[2019.03.15-19.24.56:304][ 39]LogModuleManager: Shutting down and abandoning module GameplayTagsEditor (95)
[2019.03.15-19.24.56:304][ 39]LogModuleManager: Shutting down and abandoning module VREditor (94)
[2019.03.15-19.24.56:304][ 39]LogModuleManager: Shutting down and abandoning module GameplayTasksEditor (93)
[2019.03.15-19.24.56:304][ 39]LogModuleManager: Shutting down and abandoning module BehaviorTreeEditor (92)
[2019.03.15-19.24.56:304][ 39]LogModuleManager: Shutting down and abandoning module FunctionalTesting (91)
[2019.03.15-19.24.56:304][ 39]LogModuleManager: Shutting down and abandoning module CollisionAnalyzer (90)
[2019.03.15-19.24.56:304][ 39]LogModuleManager: Shutting down and abandoning module Sequencer (89)
[2019.03.15-19.24.56:304][ 39]LogModuleManager: Shutting down and abandoning module WorkspaceMenuStructure (88)
[2019.03.15-19.24.56:304][ 39]LogModuleManager: Shutting down and abandoning module MessageLog (87)
[2019.03.15-19.24.56:304][ 39]LogModuleManager: Shutting down and abandoning module AssetTools (86)
[2019.03.15-19.24.56:304][ 39]LogModuleManager: Shutting down and abandoning module UMGEditor (85)
[2019.03.15-19.24.56:304][ 39]LogModuleManager: Shutting down and abandoning module UMG (84)
[2019.03.15-19.24.56:304][ 39]LogModuleManager: Shutting down and abandoning module SlateReflector (83)
[2019.03.15-19.24.56:304][ 39]LogModuleManager: Shutting down and abandoning module Slate (82)
[2019.03.15-19.24.56:304][ 39]LogModuleManager: Shutting down and abandoning module EditorStyle (81)
[2019.03.15-19.24.56:308][ 39]LogModuleManager: Shutting down and abandoning module SourceCodeAccess (80)
[2019.03.15-19.24.56:308][ 39]LogModuleManager: Shutting down and abandoning module HeadMountedDisplay (79)
[2019.03.15-19.24.56:308][ 39]LogModuleManager: Shutting down and abandoning module XAudio2 (78)
[2019.03.15-19.24.56:308][ 39]LogModuleManager: Shutting down and abandoning module Networking (76)
[2019.03.15-19.24.56:308][ 39]LogModuleManager: Shutting down and abandoning module Core (75)
[2019.03.15-19.24.56:308][ 39]LogModuleManager: Shutting down and abandoning module DirectoryWatcher (74)
[2019.03.15-19.24.56:308][ 39]LogDirectoryWatcher: A directory notification for '../../../Engine/Content/' was aborted.
[2019.03.15-19.24.56:308][ 39]LogDirectoryWatcher: A directory notification for '../../../../../../Users/Rohit Panjwani/Documents/Unreal Projects/Chess/Content/' was aborted.
[2019.03.15-19.24.56:308][ 39]LogDirectoryWatcher: A directory notification for '../../../Engine/Plugins/2D/Paper2D/Content/' was aborted.
[2019.03.15-19.24.56:308][ 39]LogModuleManager: Shutting down and abandoning module AssetRegistry (73)
[2019.03.15-19.24.56:450][ 39]LogModuleManager: Shutting down and abandoning module KismetCompiler (72)
[2019.03.15-19.24.56:450][ 39]LogModuleManager: Shutting down and abandoning module PhysXFormats (71)
[2019.03.15-19.24.56:450][ 39]LogModuleManager: Shutting down and abandoning module SimplygonSwarm (70)
[2019.03.15-19.24.56:450][ 39]LogModuleManager: Shutting down and abandoning module SimplygonMeshReduction (69)
[2019.03.15-19.24.56:450][ 39]LogModuleManager: Shutting down and abandoning module QuadricMeshReduction (68)
[2019.03.15-19.24.56:450][ 39]LogModuleManager: Shutting down and abandoning module PropertyEditor (67)
[2019.03.15-19.24.56:450][ 39]LogModuleManager: Shutting down and abandoning module MeshUtilities (66)
[2019.03.15-19.24.56:450][ 39]LogModuleManager: Shutting down and abandoning module DerivedDataCache (65)
[2019.03.15-19.24.56:672][ 39]LogDerivedDataCache: Shutdown
[2019.03.15-19.24.56:672][ 39]LogModuleManager: Shutting down and abandoning module VulkanShaderFormat (64)
[2019.03.15-19.24.56:672][ 39]LogModuleManager: Shutting down and abandoning module ShaderFormatOpenGL (63)
[2019.03.15-19.24.56:672][ 39]LogModuleManager: Shutting down and abandoning module ShaderFormatD3D (62)
[2019.03.15-19.24.56:672][ 39]LogModuleManager: Shutting down and abandoning module MetalShaderFormat (61)
[2019.03.15-19.24.56:672][ 39]LogModuleManager: Shutting down and abandoning module TextureFormatUncompressed (60)
[2019.03.15-19.24.56:672][ 39]LogModuleManager: Shutting down and abandoning module TextureFormatPVR (59)
[2019.03.15-19.24.56:672][ 39]LogModuleManager: Shutting down and abandoning module TextureFormatDXT (58)
[2019.03.15-19.24.56:672][ 39]LogModuleManager: Shutting down and abandoning module TextureFormatIntelISPCTexComp (57)
[2019.03.15-19.24.56:672][ 39]LogModuleManager: Shutting down and abandoning module ImageWrapper (56)
[2019.03.15-19.24.56:672][ 39]LogModuleManager: Shutting down and abandoning module TextureFormatASTC (55)
[2019.03.15-19.24.56:672][ 39]LogModuleManager: Shutting down and abandoning module TextureFormatAndroid (54)
[2019.03.15-19.24.56:672][ 39]LogModuleManager: Shutting down and abandoning module AudioFormatOpus (53)
[2019.03.15-19.24.56:672][ 39]LogModuleManager: Shutting down and abandoning module AudioFormatOgg (52)
[2019.03.15-19.24.56:672][ 39]LogModuleManager: Shutting down and abandoning module AudioFormatADPCM (51)
[2019.03.15-19.24.56:672][ 39]LogModuleManager: Shutting down and abandoning module LinuxTargetPlatform (50)
[2019.03.15-19.24.56:672][ 39]LogModuleManager: Shutting down and abandoning module LinuxServerTargetPlatform (49)
[2019.03.15-19.24.56:672][ 39]LogModuleManager: Shutting down and abandoning module LinuxNoEditorTargetPlatform (48)
[2019.03.15-19.24.56:672][ 39]LogModuleManager: Shutting down and abandoning module LinuxClientTargetPlatform (47)
[2019.03.15-19.24.56:672][ 39]LogModuleManager: Shutting down and abandoning module TVOSTargetPlatform (46)
[2019.03.15-19.24.56:672][ 39]LogModuleManager: Shutting down and abandoning module Messaging (45)
[2019.03.15-19.24.56:672][ 39]LogModuleManager: Shutting down and abandoning module IOSTargetPlatform (44)
[2019.03.15-19.24.56:672][ 39]LogModuleManager: Shutting down and abandoning module HTML5TargetPlatform (43)
[2019.03.15-19.24.56:672][ 39]LogModuleManager: Shutting down and abandoning module Android_PVRTCTargetPlatform (42)
[2019.03.15-19.24.56:672][ 39]LogModuleManager: Shutting down and abandoning module Android_MultiTargetPlatform (41)
[2019.03.15-19.24.56:672][ 39]LogModuleManager: Shutting down and abandoning module Android_ETC2TargetPlatform (40)
[2019.03.15-19.24.56:672][ 39]LogModuleManager: Shutting down and abandoning module Android_ETC1TargetPlatform (39)
[2019.03.15-19.24.56:672][ 39]LogModuleManager: Shutting down and abandoning module Android_DXTTargetPlatform (38)
[2019.03.15-19.24.56:672][ 39]LogModuleManager: Shutting down and abandoning module Android_ATCTargetPlatform (37)
[2019.03.15-19.24.56:672][ 39]LogModuleManager: Shutting down and abandoning module Android_ASTCTargetPlatform (36)
[2019.03.15-19.24.56:672][ 39]LogModuleManager: Shutting down and abandoning module AndroidTargetPlatform (35)
[2019.03.15-19.24.56:673][ 39]LogModuleManager: Shutting down and abandoning module WindowsTargetPlatform (34)
[2019.03.15-19.24.56:673][ 39]LogModuleManager: Shutting down and abandoning module WindowsServerTargetPlatform (33)
[2019.03.15-19.24.56:673][ 39]LogModuleManager: Shutting down and abandoning module WindowsNoEditorTargetPlatform (32)
[2019.03.15-19.24.56:673][ 39]LogModuleManager: Shutting down and abandoning module WindowsClientTargetPlatform (31)
[2019.03.15-19.24.56:673][ 39]LogModuleManager: Shutting down and abandoning module MacTargetPlatform (30)
[2019.03.15-19.24.56:673][ 39]LogModuleManager: Shutting down and abandoning module MacServerTargetPlatform (29)
[2019.03.15-19.24.56:673][ 39]LogModuleManager: Shutting down and abandoning module MacNoEditorTargetPlatform (28)
[2019.03.15-19.24.56:673][ 39]LogModuleManager: Shutting down and abandoning module MacClientTargetPlatform (27)
[2019.03.15-19.24.56:673][ 39]LogModuleManager: Shutting down and abandoning module AllDesktopTargetPlatform (26)
[2019.03.15-19.24.56:673][ 39]LogModuleManager: Shutting down and abandoning module TargetPlatform (25)
[2019.03.15-19.24.56:673][ 39]LogModuleManager: Shutting down and abandoning module InputCore (24)
[2019.03.15-19.24.56:673][ 39]LogModuleManager: Shutting down and abandoning module Settings (23)
[2019.03.15-19.24.56:673][ 39]LogModuleManager: Shutting down and abandoning module OculusRift (22)
[2019.03.15-19.24.56:673][ 39]LogModuleManager: Shutting down and abandoning module ExampleDeviceProfileSelector (21)
[2019.03.15-19.24.56:673][ 39]LogModuleManager: Shutting down and abandoning module OnlineBlueprintSupport (20)
[2019.03.15-19.24.56:673][ 39]LogModuleManager: Shutting down and abandoning module OnlineSubsystem (18)
[2019.03.15-19.24.56:673][ 39]LogOnline:Display: Unloading online subsystem: NULL
[2019.03.15-19.24.56:673][ 39]LogModuleManager: Shutting down and abandoning module SSL (17)
[2019.03.15-19.24.56:674][ 39]LogModuleManager: Shutting down and abandoning module HTTP (16)
[2019.03.15-19.24.56:674][ 39]LogModuleManager: Shutting down and abandoning module XMPP (15)
[2019.03.15-19.24.56:674][ 39]LogModuleManager: Shutting down and abandoning module TextureCompressor (14)
[2019.03.15-19.24.56:674][ 39]LogModuleManager: Shutting down and abandoning module ShaderCore (13)
[2019.03.15-19.24.56:674][ 39]LogModuleManager: Shutting down and abandoning module Landscape (12)
[2019.03.15-19.24.56:674][ 39]LogModuleManager: Shutting down and abandoning module SlateRHIRenderer (11)
[2019.03.15-19.24.56:675][ 39]LogModuleManager: Shutting down and abandoning module OpenGLDrv (10)
[2019.03.15-19.24.56:675][ 39]LogModuleManager: Shutting down and abandoning module D3D11RHI (9)
[2019.03.15-19.24.56:675][ 39]LogModuleManager: Shutting down and abandoning module AnimGraphRuntime (8)
[2019.03.15-19.24.56:675][ 39]LogModuleManager: Shutting down and abandoning module Renderer (7)
[2019.03.15-19.24.56:675][ 39]LogModuleManager: Shutting down and abandoning module Engine (6)
[2019.03.15-19.24.56:675][ 39]LogModuleManager: Shutting down and abandoning module CoreUObject (5)
[2019.03.15-19.24.56:675][ 39]LogModuleManager: Shutting down and abandoning module NetworkFile (4)
[2019.03.15-19.24.56:675][ 39]LogModuleManager: Shutting down and abandoning module StreamingFile (3)
[2019.03.15-19.24.56:675][ 39]LogModuleManager: Shutting down and abandoning module SandboxFile (2)
[2019.03.15-19.24.56:675][ 39]LogModuleManager: Shutting down and abandoning module PakFile (1)
[2019.03.15-19.24.56:677][ 39]LogExit: Exiting.
[2019.03.15-19.24.56:678][ 39]Log file closed, 03/16/19 00:54:56
