Log file open, 03/17/19 12:56:33
LogInit:Display: Running engine for game: Chess
LogPlatformFile: Not using cached read wrapper
LogInit:Display: RandInit(1211364291) SRandInit(1211364291).
LogTaskGraph: Started task graph with 5 named threads and 8 total threads with 1 sets of task threads.
LogStats: Stats thread started at 0.144678
LogPluginManager: Loaded Plugin Paper2D, From C:/Program Files/Epic Games/UE_4.14/Engine/Plugins/2D/Paper2D/Paper2D.uplugin
LogPluginManager: Loaded Plugin LightPropagationVolume, From C:/Program Files/Epic Games/UE_4.14/Engine/Plugins/Blendables/LightPropagationVolume/LightPropagationVolume.uplugin
LogPluginManager: Loaded Plugin BlankPlugin, From C:/Program Files/Epic Games/UE_4.14/Engine/Plugins/Developer/BlankPlugin/BlankPlugin.uplugin
LogPluginManager: Loaded Plugin CodeLiteSourceCodeAccess, From C:/Program Files/Epic Games/UE_4.14/Engine/Plugins/Developer/CodeLiteSourceCodeAccess/CodeLiteSourceCodeAccess.uplugin
LogPluginManager: Loaded Plugin GitSourceControl, From C:/Program Files/Epic Games/UE_4.14/Engine/Plugins/Developer/GitSourceControl/GitSourceControl.uplugin
LogPluginManager: Loaded Plugin KDevelopSourceCodeAccess, From C:/Program Files/Epic Games/UE_4.14/Engine/Plugins/Developer/KDevelopSourceCodeAccess/KDevelopSourceCodeAccess.uplugin
LogPluginManager: Loaded Plugin NullSourceCodeAccess, From C:/Program Files/Epic Games/UE_4.14/Engine/Plugins/Developer/NullSourceCodeAccess/NullSourceCodeAccess.uplugin
LogPluginManager: Loaded Plugin OneSkyLocalizationService, From C:/Program Files/Epic Games/UE_4.14/Engine/Plugins/Developer/OneSkyLocalizationService/OneSkyLocalizationService.uplugin
LogPluginManager: Loaded Plugin PerforceSourceControl, From C:/Program Files/Epic Games/UE_4.14/Engine/Plugins/Developer/PerforceSourceControl/PerforceSourceControl.uplugin
LogPluginManager: Loaded Plugin SubversionSourceControl, From C:/Program Files/Epic Games/UE_4.14/Engine/Plugins/Developer/SubversionSourceControl/SubversionSourceControl.uplugin
LogPluginManager: Loaded Plugin UObjectPlugin, From C:/Program Files/Epic Games/UE_4.14/Engine/Plugins/Developer/UObjectPlugin/UObjectPlugin.uplugin
LogPluginManager: Loaded Plugin VisualStudioSourceCodeAccess, From C:/Program Files/Epic Games/UE_4.14/Engine/Plugins/Developer/VisualStudioSourceCodeAccess/VisualStudioSourceCodeAccess.uplugin
LogPluginManager: Loaded Plugin XCodeSourceCodeAccess, From C:/Program Files/Epic Games/UE_4.14/Engine/Plugins/Developer/XCodeSourceCodeAccess/XCodeSourceCodeAccess.uplugin
LogPluginManager: Loaded Plugin AudioCapture, From C:/Program Files/Epic Games/UE_4.14/Engine/Plugins/Editor/AudioCapture/AudioCapture.uplugin
LogPluginManager: Loaded Plugin EpicSurvey, From C:/Program Files/Epic Games/UE_4.14/Engine/Plugins/Editor/EpicSurvey/EpicSurvey.uplugin
LogPluginManager: Loaded Plugin MacGraphicsSwitching, From C:/Program Files/Epic Games/UE_4.14/Engine/Plugins/Editor/MacGraphicsSwitching/MacGraphicsSwitching.uplugin
LogPluginManager: Loaded Plugin MobileLauncherProfileWizard, From C:/Program Files/Epic Games/UE_4.14/Engine/Plugins/Editor/MobileLauncherProfileWizard/MobileLauncherProfileWizard.uplugin
LogPluginManager: Loaded Plugin PluginBrowser, From C:/Program Files/Epic Games/UE_4.14/Engine/Plugins/Editor/PluginBrowser/PluginBrowser.uplugin
LogPluginManager: Loaded Plugin SpeedTreeImporter, From C:/Program Files/Epic Games/UE_4.14/Engine/Plugins/Editor/SpeedTreeImporter/SpeedTreeImporter.uplugin
LogPluginManager: Loaded Plugin SuperSearchEditor, From C:/Program Files/Epic Games/UE_4.14/Engine/Plugins/Editor/SuperSearchEditor/SuperSearchEditor.uplugin
LogPluginManager: Loaded Plugin AlembicImporter, From C:/Program Files/Epic Games/UE_4.14/Engine/Plugins/Experimental/AlembicImporter/AlembicImporter.uplugin
LogPluginManager: Loaded Plugin BlueprintStats, From C:/Program Files/Epic Games/UE_4.14/Engine/Plugins/Experimental/BlueprintStats/BlueprintStats.uplugin
LogPluginManager: Loaded Plugin CharacterAI, From C:/Program Files/Epic Games/UE_4.14/Engine/Plugins/Experimental/CharacterAI/CharacterAI.uplugin
LogPluginManager: Loaded Plugin CodeEditor, From C:/Program Files/Epic Games/UE_4.14/Engine/Plugins/Experimental/CodeEditor/CodeEditor.uplugin
LogPluginManager: Loaded Plugin CodeView, From C:/Program Files/Epic Games/UE_4.14/Engine/Plugins/Experimental/CodeView/CodeView.uplugin
LogPluginManager: Loaded Plugin HTML5Networking, From C:/Program Files/Epic Games/UE_4.14/Engine/Plugins/Experimental/HTML5Networking/HTML5Networking.uplugin
LogPluginManager: Loaded Plugin OSVR, From C:/Program Files/Epic Games/UE_4.14/Engine/Plugins/Experimental/OSVR/OSVR.uplugin
LogPluginManager: Loaded Plugin Phya, From C:/Program Files/Epic Games/UE_4.14/Engine/Plugins/Experimental/Phya/Phya.uplugin
LogPluginManager: Loaded Plugin SignificanceManager, From C:/Program Files/Epic Games/UE_4.14/Engine/Plugins/Experimental/SignificanceManager/SignificanceManager.uplugin
LogPluginManager: Loaded Plugin SimpleHMD, From C:/Program Files/Epic Games/UE_4.14/Engine/Plugins/Experimental/SimpleHMD/SimpleHMD.uplugin
LogPluginManager: Loaded Plugin StereoPanorama, From C:/Program Files/Epic Games/UE_4.14/Engine/Plugins/Experimental/StereoPanorama/StereoPanorama.uplugin
LogPluginManager: Loaded Plugin StructBox, From C:/Program Files/Epic Games/UE_4.14/Engine/Plugins/Experimental/StructBox/StructBox.uplugin
LogPluginManager: Loaded Plugin AndroidMedia, From C:/Program Files/Epic Games/UE_4.14/Engine/Plugins/Media/AndroidMedia/AndroidMedia.uplugin
LogPluginManager: Loaded Plugin AvfMedia, From C:/Program Files/Epic Games/UE_4.14/Engine/Plugins/Media/AvfMedia/AvfMedia.uplugin
LogPluginManager: Loaded Plugin MediaPlayerEditor, From C:/Program Files/Epic Games/UE_4.14/Engine/Plugins/Media/MediaPlayerEditor/MediaPlayerEditor.uplugin
LogPluginManager: Loaded Plugin WmfMedia, From C:/Program Files/Epic Games/UE_4.14/Engine/Plugins/Media/WmfMedia/WmfMedia.uplugin
LogPluginManager: Loaded Plugin MessagingDebugger, From C:/Program Files/Epic Games/UE_4.14/Engine/Plugins/Messaging/MessagingDebugger/MessagingDebugger.uplugin
LogPluginManager: Loaded Plugin TcpMessaging, From C:/Program Files/Epic Games/UE_4.14/Engine/Plugins/Messaging/TcpMessaging/TcpMessaging.uplugin
LogPluginManager: Loaded Plugin UdpMessaging, From C:/Program Files/Epic Games/UE_4.14/Engine/Plugins/Messaging/UdpMessaging/UdpMessaging.uplugin
LogPluginManager: Loaded Plugin LevelSequenceEditor, From C:/Program Files/Epic Games/UE_4.14/Engine/Plugins/MovieScene/LevelSequenceEditor/LevelSequenceEditor.uplugin
LogPluginManager: Loaded Plugin MatineeToLevelSequence, From C:/Program Files/Epic Games/UE_4.14/Engine/Plugins/MovieScene/MatineeToLevelSequence/MatineeToLevelSequence.uplugin
LogPluginManager: Loaded Plugin NetcodeUnitTest, From C:/Program Files/Epic Games/UE_4.14/Engine/Plugins/NetcodeUnitTest/NetcodeUnitTest/NetcodeUnitTest.uplugin
LogPluginManager: Loaded Plugin NUTUnrealEngine4, From C:/Program Files/Epic Games/UE_4.14/Engine/Plugins/NetcodeUnitTest/NUTUnrealEngine4/NUTUnrealEngine4.uplugin
LogPluginManager: Loaded Plugin OnlineSubsystemGameCircle, From C:/Program Files/Epic Games/UE_4.14/Engine/Plugins/Online/Android/OnlineSubsystemGameCircle/OnlineSubsystemGameCircle.uplugin
LogPluginManager: Loaded Plugin OnlineSubsystemGooglePlay, From C:/Program Files/Epic Games/UE_4.14/Engine/Plugins/Online/Android/OnlineSubsystemGooglePlay/OnlineSubsystemGooglePlay.uplugin
LogPluginManager: Loaded Plugin OnlineSubsystemIOS, From C:/Program Files/Epic Games/UE_4.14/Engine/Plugins/Online/IOS/OnlineSubsystemIOS/OnlineSubsystemIOS.uplugin
LogPluginManager: Loaded Plugin OnlineFramework, From C:/Program Files/Epic Games/UE_4.14/Engine/Plugins/Online/OnlineFramework/OnlineFramework.uplugin
LogPluginManager: Loaded Plugin OnlineSubsystem, From C:/Program Files/Epic Games/UE_4.14/Engine/Plugins/Online/OnlineSubsystem/OnlineSubsystem.uplugin
LogPluginManager: Loaded Plugin OnlineSubsystemAmazon, From C:/Program Files/Epic Games/UE_4.14/Engine/Plugins/Online/OnlineSubsystemAmazon/OnlineSubsystemAmazon.uplugin
LogPluginManager: Loaded Plugin OnlineSubsystemFacebook, From C:/Program Files/Epic Games/UE_4.14/Engine/Plugins/Online/OnlineSubsystemFacebook/OnlineSubsystemFacebook.uplugin
LogPluginManager: Loaded Plugin OnlineSubsystemNull, From C:/Program Files/Epic Games/UE_4.14/Engine/Plugins/Online/OnlineSubsystemNull/OnlineSubsystemNull.uplugin
LogPluginManager: Loaded Plugin OnlineSubsystemOculus, From C:/Program Files/Epic Games/UE_4.14/Engine/Plugins/Online/OnlineSubsystemOculus/OnlineSubsystemOculus.uplugin
LogPluginManager: Loaded Plugin OnlineSubsystemSteam, From C:/Program Files/Epic Games/UE_4.14/Engine/Plugins/Online/OnlineSubsystemSteam/OnlineSubsystemSteam.uplugin
LogPluginManager: Loaded Plugin OnlineSubsystemUtils, From C:/Program Files/Epic Games/UE_4.14/Engine/Plugins/Online/OnlineSubsystemUtils/OnlineSubsystemUtils.uplugin
LogPluginManager: Loaded Plugin IOSTapJoy, From C:/Program Files/Epic Games/UE_4.14/Engine/Plugins/Runtime/Advertising/IOSTapJoy/IOSTapJoy.uplugin
LogPluginManager: Loaded Plugin AnalyticsBlueprintLibrary, From C:/Program Files/Epic Games/UE_4.14/Engine/Plugins/Runtime/Analytics/AnalyticsBlueprintLibrary/AnalyticsBlueprintLibrary.uplugin
LogPluginManager: Loaded Plugin AnalyticsMulticast, From C:/Program Files/Epic Games/UE_4.14/Engine/Plugins/Runtime/Analytics/AnalyticsMulticast/AnalyticsMulticast.uplugin
LogPluginManager: Loaded Plugin Apsalar, From C:/Program Files/Epic Games/UE_4.14/Engine/Plugins/Runtime/Analytics/Apsalar/Apsalar.uplugin
LogPluginManager: Loaded Plugin FileLogging, From C:/Program Files/Epic Games/UE_4.14/Engine/Plugins/Runtime/Analytics/FileLogging/FileLogging.uplugin
LogPluginManager: Loaded Plugin Flurry, From C:/Program Files/Epic Games/UE_4.14/Engine/Plugins/Runtime/Analytics/Flurry/Flurry.uplugin
LogPluginManager: Loaded Plugin AndroidDeviceProfileSelector, From C:/Program Files/Epic Games/UE_4.14/Engine/Plugins/Runtime/AndroidDeviceProfileSelector/AndroidDeviceProfileSelector.uplugin
LogPluginManager: Loaded Plugin AndroidMoviePlayer, From C:/Program Files/Epic Games/UE_4.14/Engine/Plugins/Runtime/AndroidMoviePlayer/AndroidMoviePlayer.uplugin
LogPluginManager: Loaded Plugin AppleMoviePlayer, From C:/Program Files/Epic Games/UE_4.14/Engine/Plugins/Runtime/AppleMoviePlayer/AppleMoviePlayer.uplugin
LogPluginManager: Loaded Plugin ArchVisCharacter, From C:/Program Files/Epic Games/UE_4.14/Engine/Plugins/Runtime/ArchVisCharacter/ArchVisCharacter.uplugin
LogPluginManager: Loaded Plugin CableComponent, From C:/Program Files/Epic Games/UE_4.14/Engine/Plugins/Runtime/CableComponent/CableComponent.uplugin
LogPluginManager: Loaded Plugin CustomMeshComponent, From C:/Program Files/Epic Games/UE_4.14/Engine/Plugins/Runtime/CustomMeshComponent/CustomMeshComponent.uplugin
LogPluginManager: Loaded Plugin ExampleDeviceProfileSelector, From C:/Program Files/Epic Games/UE_4.14/Engine/Plugins/Runtime/ExampleDeviceProfileSelector/ExampleDeviceProfileSelector.uplugin
LogPluginManager: Loaded Plugin GearVR, From C:/Program Files/Epic Games/UE_4.14/Engine/Plugins/Runtime/GearVR/GearVR.uplugin
LogPluginManager: Loaded Plugin GoogleVRController, From C:/Program Files/Epic Games/UE_4.14/Engine/Plugins/Runtime/GoogleVR/GoogleVRController/GoogleVRController.uplugin
LogPluginManager: Loaded Plugin GoogleVRHMD, From C:/Program Files/Epic Games/UE_4.14/Engine/Plugins/Runtime/GoogleVR/GoogleVRHMD/GoogleVRHMD.uplugin
LogPluginManager: Loaded Plugin IOSDeviceProfileSelector, From C:/Program Files/Epic Games/UE_4.14/Engine/Plugins/Runtime/IOSDeviceProfileSelector/IOSDeviceProfileSelector.uplugin
LogPluginManager: Loaded Plugin LeapMotion, From C:/Program Files/Epic Games/UE_4.14/Engine/Plugins/Runtime/LeapMotion/LeapMotion.uplugin
LogPluginManager: Loaded Plugin LinuxDeviceProfileSelector, From C:/Program Files/Epic Games/UE_4.14/Engine/Plugins/Runtime/LinuxDeviceProfileSelector/LinuxDeviceProfileSelector.uplugin
LogPluginManager: Loaded Plugin MIDIDevice, From C:/Program Files/Epic Games/UE_4.14/Engine/Plugins/Runtime/MIDIDevice/MIDIDevice.uplugin
LogPluginManager: Loaded Plugin MobilePatchingUtils, From C:/Program Files/Epic Games/UE_4.14/Engine/Plugins/Runtime/MobilePatchingUtils/MobilePatchingUtils.uplugin
LogPluginManager: Loaded Plugin Ansel, From C:/Program Files/Epic Games/UE_4.14/Engine/Plugins/Runtime/Nvidia/Ansel/Ansel.uplugin
LogPluginManager: Loaded Plugin OculusAudio, From C:/Program Files/Epic Games/UE_4.14/Engine/Plugins/Runtime/OculusAudio/OculusAudio.uplugin
LogPluginManager: Loaded Plugin OculusInput, From C:/Program Files/Epic Games/UE_4.14/Engine/Plugins/Runtime/OculusInput/OculusInput.uplugin
LogPluginManager: Loaded Plugin OculusLibrary, From C:/Program Files/Epic Games/UE_4.14/Engine/Plugins/Runtime/OculusLibrary/OculusLibrary.uplugin
LogPluginManager: Loaded Plugin OculusRift, From C:/Program Files/Epic Games/UE_4.14/Engine/Plugins/Runtime/OculusRift/OculusRift.uplugin
LogPluginManager: Loaded Plugin Oodle, From C:/Program Files/Epic Games/UE_4.14/Engine/Plugins/Runtime/PacketHandlers/CompressionComponents/Oodle/Oodle.uplugin
LogPluginManager: Loaded Plugin ProceduralMeshComponent, From C:/Program Files/Epic Games/UE_4.14/Engine/Plugins/Runtime/ProceduralMeshComponent/ProceduralMeshComponent.uplugin
LogPluginManager: Loaded Plugin SoundMod, From C:/Program Files/Epic Games/UE_4.14/Engine/Plugins/Runtime/SoundMod/SoundMod.uplugin
LogPluginManager: Loaded Plugin SoundVisualizations, From C:/Program Files/Epic Games/UE_4.14/Engine/Plugins/Runtime/SoundVisualizations/SoundVisualizations.uplugin
LogPluginManager: Loaded Plugin SteamController, From C:/Program Files/Epic Games/UE_4.14/Engine/Plugins/Runtime/Steam/SteamController/SteamController.uplugin
LogPluginManager: Loaded Plugin SteamVR, From C:/Program Files/Epic Games/UE_4.14/Engine/Plugins/Runtime/Steam/SteamVR/SteamVR.uplugin
LogPluginManager: Loaded Plugin WebBrowserWidget, From C:/Program Files/Epic Games/UE_4.14/Engine/Plugins/Runtime/WebBrowserWidget/WebBrowserWidget.uplugin
LogPluginManager: Loaded Plugin WindowsDeviceProfileSelector, From C:/Program Files/Epic Games/UE_4.14/Engine/Plugins/Runtime/WindowsDeviceProfileSelector/WindowsDeviceProfileSelector.uplugin
LogPluginManager: Loaded Plugin WindowsMoviePlayer, From C:/Program Files/Epic Games/UE_4.14/Engine/Plugins/Runtime/WindowsMoviePlayer/WindowsMoviePlayer.uplugin
LogPluginManager: Loaded Plugin ScriptPlugin, From C:/Program Files/Epic Games/UE_4.14/Engine/Plugins/ScriptPlugin/ScriptPlugin.uplugin
LogPluginManager: Loaded Plugin SlateRemote, From C:/Program Files/Epic Games/UE_4.14/Engine/Plugins/Slate/SlateRemote/SlateRemote.uplugin
LogPluginManager: Loaded Plugin EditorTests, From C:/Program Files/Epic Games/UE_4.14/Engine/Plugins/Tests/EditorTests/EditorTests.uplugin
LogPluginManager: Loaded Plugin FbxAutomationTestBuilder, From C:/Program Files/Epic Games/UE_4.14/Engine/Plugins/Tests/FbxAutomationTestBuilder/FbxAutomationTestBuilder.uplugin
LogPluginManager: Loaded Plugin FunctionalTestingEditor, From C:/Program Files/Epic Games/UE_4.14/Engine/Plugins/Tests/FunctionalTestingEditor/FunctionalTestingEditor.uplugin
LogPluginManager: Loaded Plugin RuntimeTests, From C:/Program Files/Epic Games/UE_4.14/Engine/Plugins/Tests/RuntimeTests/RuntimeTests.uplugin
LogPluginManager: Loaded Plugin ScreenshotTools, From C:/Program Files/Epic Games/UE_4.14/Engine/Plugins/Tests/ScreenshotTools/ScreenshotTools.uplugin
LogInit: Using libcurl 7.47.1
LogInit:  - built for x86_64-pc-win32
LogInit:  - supports SSL with OpenSSL/1.0.2g
LogInit:  - supports HTTP deflate (compression) using libz 1.2.8
LogInit:  - other features:
LogInit:      CURL_VERSION_SSL
LogInit:      CURL_VERSION_LIBZ
LogInit:      CURL_VERSION_IPV6
LogInit:      CURL_VERSION_ASYNCHDNS
LogInit:      CURL_VERSION_LARGEFILE
LogInit:      CURL_VERSION_IDN
LogInit:  CurlRequestOptions (configurable via config and command line):
LogInit:  - bVerifyPeer = false  - Libcurl will NOT verify peer certificate
LogInit:  - bUseHttpProxy = false  - Libcurl will NOT use HTTP proxy
LogInit:  - bDontReuseConnections = false  - Libcurl will reuse connections
LogInit:  - CertBundlePath = nullptr  - Libcurl will use whatever was configured at build time.
LogInit: Build: ++UE4+Release-4.14-CL-3249277
LogInit: Engine Version: 4.14.3-3249277+++UE4+Release-4.14
LogInit: Compatible Engine Version: 4.14.0-3195953+++UE4+Release-4.14
LogInit: Net CL: 3195953
LogDevObjectVersion: Number of dev versions registered: 13
LogDevObjectVersion:   Dev-Blueprints (B0D832E4-1F89-4F0D-ACCF-7EB736FD4AA2): 7
LogDevObjectVersion:   Dev-Build (E1C64328-A22C-4D53-A36C-8E866417BD8C): 0
LogDevObjectVersion:   Dev-Core (375EC13C-06E4-48FB-B500-84F0262A717E): 1
LogDevObjectVersion:   Dev-Editor (E4B068ED-F494-42E9-A231-DA0B2E46BB41): 8
LogDevObjectVersion:   Dev-Framework (CFFC743F-43B0-4480-9391-14DF171D2073): 17
LogDevObjectVersion:   Dev-Mobile (B02B49B5-BB20-44E9-A304-32B752E40360): 0
LogDevObjectVersion:   Dev-Networking (A4E4105C-59A1-49B5-A7C5-40C4547EDFEE): 0
LogDevObjectVersion:   Dev-Online (39C831C9-5AE6-47DC-9A44-9C173E1C8E7C): 0
LogDevObjectVersion:   Dev-Physics (78F01B33-EBEA-4F98-B9B4-84EACCB95AA2): 0
LogDevObjectVersion:   Dev-Platform (6631380F-2D4D-43E0-8009-CF276956A95A): 0
LogDevObjectVersion:   Dev-Rendering (12F88B9F-8875-4AFC-A67C-D90C383ABD29): 12
LogDevObjectVersion:   Dev-Sequencer (7B5AE74C-D270-4C10-A958-57980B212A5A): 1
LogDevObjectVersion:   Dev-VR (D7296918-1DD6-4BDD-9DE2-64A83CC13884): 0
LogInit: Compiled (64-bit): Jan  6 2017 10:49:43
LogInit: Compiled with Visual C++: 19.00.23026.00
LogInit: Build Configuration: Development
LogInit: Branch Name: ++UE4+Release-4.14
LogInit: Command line: 
LogInit: Base directory: C:/Program Files/Epic Games/UE_4.14/Engine/Binaries/Win64/
LogInit: Installed Engine Build: 1
LogInit: Presizing for max 8388607 objects, including 0 objects not considered by GC, pre-allocating 0 bytes for permanent pool.
LogInit: Object subsystem initialized
[2019.03.17-07.26.34:432][  0]LogInit: Selected Device Profile: [Windows]
[2019.03.17-07.26.34:432][  0]LogInit: Applying CVar settings loaded from the selected device profile: [Windows]
[2019.03.17-07.26.34:452][  0]LogInit: Computer: ROHIT-PANJWANI
[2019.03.17-07.26.34:452][  0]LogInit: User: RohitPanjwani
[2019.03.17-07.26.34:452][  0]LogInit: CPU Page size=65536, Cores=4
[2019.03.17-07.26.34:452][  0]LogInit: High frequency timer resolution =2.531247 MHz
[2019.03.17-07.26.34:453][  0]LogMemory: Memory total: Physical=15.9GB (16GB approx)
[2019.03.17-07.26.34:453][  0]LogMemory: Platform Memory Stats for Windows
[2019.03.17-07.26.34:453][  0]LogMemory: Process Physical Memory: 265.30 MB used, 265.30 MB peak
[2019.03.17-07.26.34:453][  0]LogMemory: Process Virtual Memory: 262.65 MB used, 262.65 MB peak
[2019.03.17-07.26.34:453][  0]LogMemory: Physical Memory: 5580.55 MB used,  10701.97 MB free, 16282.52 MB total
[2019.03.17-07.26.34:453][  0]LogMemory: Virtual Memory: 4812.63 MB used,  10701.97 MB free, 134217728.00 MB total
[2019.03.17-07.26.35:540][  0]LogTextLocalizationManager: No specific translations for ('en-IN') exist, so ('en') translations will be used.
[2019.03.17-07.26.36:543][  0]LogD3D11RHI: D3D11 adapters:
[2019.03.17-07.26.36:609][  0]LogD3D11RHI:    0. 'NVIDIA GeForce GTX 960M' (Feature Level 11_0)
[2019.03.17-07.26.36:609][  0]LogD3D11RHI:       4055/0/8141 MB DedicatedVideo/DedicatedSystem/SharedSystem, Outputs:1, VendorId:0x10de
[2019.03.17-07.26.36:620][  0]LogD3D11RHI:    1. 'Intel(R) HD Graphics 530' (Feature Level 11_0)
[2019.03.17-07.26.36:620][  0]LogD3D11RHI:       128/0/8141 MB DedicatedVideo/DedicatedSystem/SharedSystem, Outputs:0, VendorId:0x8086
[2019.03.17-07.26.36:624][  0]LogD3D11RHI:    2. 'Microsoft Basic Render Driver' (Feature Level 11_0)
[2019.03.17-07.26.36:624][  0]LogD3D11RHI:       0/0/8141 MB DedicatedVideo/DedicatedSystem/SharedSystem, Outputs:0, VendorId:0x1414
[2019.03.17-07.26.36:624][  0]LogD3D11RHI: Chosen D3D11 Adapter: 0
[2019.03.17-07.26.36:660][  0]LogD3D11RHI: Creating new Direct3DDevice
[2019.03.17-07.26.36:660][  0]LogD3D11RHI:     GPU DeviceId: 0x139b (for the marketing name, search the web for "GPU Device Id")
[2019.03.17-07.26.36:660][  0]LogWindows: EnumDisplayDevices:
[2019.03.17-07.26.36:660][  0]LogWindows:    0. 'Intel(R) HD Graphics 530' (P:1 D:1)
[2019.03.17-07.26.36:660][  0]LogWindows:    1. 'Intel(R) HD Graphics 530' (P:0 D:0)
[2019.03.17-07.26.36:661][  0]LogWindows:    2. 'Intel(R) HD Graphics 530' (P:0 D:0)
[2019.03.17-07.26.36:661][  0]LogWindows: DebugString: GetVideoDriverDetailsInvalid PrimaryIsNotTheChoosenAdapter GetVideoDriverDetailsInvalid PrimaryIsNotTheChoosenAdapter GetVideoDriverDetailsInvalid PrimaryIsNotTheChoosenAdapter FoundDriverCount:0 
[2019.03.17-07.26.36:661][  0]LogD3D11RHI:     Adapter Name: NVIDIA GeForce GTX 960M
[2019.03.17-07.26.36:661][  0]LogD3D11RHI:   Driver Version: Unknown (internal:Unknown, unified:Unknown)
[2019.03.17-07.26.36:661][  0]LogD3D11RHI:      Driver Date: Unknown
[2019.03.17-07.26.36:661][  0]LogRHI: Texture pool is 1361 MB (70% of 1945 MB)
[2019.03.17-07.26.36:713][  0]LogD3D11RHI: Async texture creation enabled
[2019.03.17-07.26.36:733][  0]LogD3D11RHI: GPU Timing Frequency: 1000.000000 (Debug: 2 1)
[2019.03.17-07.26.36:735][  0]LogShaderCompilers: Guid format shader working directory is -16 characters bigger than the processId version (../../../../../../Users/Rohit Panjwani/Documents/Unreal Projects/Chess/Intermediate/Shaders/WorkingDirectory/22084/).
[2019.03.17-07.26.36:735][  0]LogShaderCompilers: Cleaned the shader compiler working directory 'C:/Users/Rohit Panjwani/AppData/Local/Temp/UnrealShaderWorkingDir/0462F0AE4372AF7E5F7C57B0B4AC31A9/'.
[2019.03.17-07.26.36:735][  0]LogShaderCompilers:Display: Using Local Shader Compiler.
[2019.03.17-07.26.38:805][  0]LogTemp:Display: Loaded TP AllDesktopTargetPlatform
[2019.03.17-07.26.38:929][  0]LogTemp:Display: Loaded TP MacClientTargetPlatform
[2019.03.17-07.26.39:096][  0]LogTemp:Display: Loaded TP MacNoEditorTargetPlatform
[2019.03.17-07.26.39:210][  0]LogTemp:Display: Loaded TP MacServerTargetPlatform
[2019.03.17-07.26.39:325][  0]LogTemp:Display: Loaded TP MacTargetPlatform
[2019.03.17-07.26.39:458][  0]LogTemp:Display: Loaded TP WindowsClientTargetPlatform
[2019.03.17-07.26.39:630][  0]LogTemp:Display: Loaded TP WindowsNoEditorTargetPlatform
[2019.03.17-07.26.39:841][  0]LogTemp:Display: Loaded TP WindowsServerTargetPlatform
[2019.03.17-07.26.39:996][  0]LogTemp:Display: Loaded TP WindowsTargetPlatform
[2019.03.17-07.26.40:124][  0]LogTemp:Display: Loaded TP AndroidTargetPlatform
[2019.03.17-07.26.40:248][  0]LogTemp:Display: Loaded TP Android_ASTCTargetPlatform
[2019.03.17-07.26.40:377][  0]LogTemp:Display: Loaded TP Android_ATCTargetPlatform
[2019.03.17-07.26.40:521][  0]LogTemp:Display: Loaded TP Android_DXTTargetPlatform
[2019.03.17-07.26.40:634][  0]LogTemp:Display: Loaded TP Android_ETC1TargetPlatform
[2019.03.17-07.26.40:763][  0]LogTemp:Display: Loaded TP Android_ETC2TargetPlatform
[2019.03.17-07.26.40:988][  0]LogTemp:Display: Loaded TP Android_MultiTargetPlatform
[2019.03.17-07.26.40:988][  0]LogTemp:Display: Loaded TP Android_PVRTCTargetPlatform
[2019.03.17-07.26.41:091][  0]LogTemp:Display: Loaded TP HTML5TargetPlatform
[2019.03.17-07.26.41:300][  0]LogTemp:Display: Loaded TP IOSTargetPlatform
[2019.03.17-07.26.41:455][  0]LogTemp:Display: Loaded TP TVOSTargetPlatform
[2019.03.17-07.26.41:599][  0]LogTemp:Display: Loaded TP LinuxClientTargetPlatform
[2019.03.17-07.26.41:745][  0]LogTemp:Display: Loaded TP LinuxNoEditorTargetPlatform
[2019.03.17-07.26.41:856][  0]LogTemp:Display: Loaded TP LinuxServerTargetPlatform
[2019.03.17-07.26.41:967][  0]LogTemp:Display: Loaded TP LinuxTargetPlatform
[2019.03.17-07.26.41:967][  0]LogTargetPlatformManager:Display: Building Assets For Windows
[2019.03.17-07.26.43:186][  0]LogDerivedDataCache:Display: Max Cache Size: 512 MB
[2019.03.17-07.26.43:241][  0]LogDerivedDataCache: Loaded boot cache 0.05s 57MB C:/Users/Rohit Panjwani/AppData/Local/UnrealEngine/4.14/DerivedDataCache/Boot.ddc.
[2019.03.17-07.26.43:242][  0]LogDerivedDataCache:Display: Loaded Boot cache: C:/Users/Rohit Panjwani/AppData/Local/UnrealEngine/4.14/DerivedDataCache/Boot.ddc
[2019.03.17-07.26.43:242][  0]LogDerivedDataCache: FDerivedDataBackendGraph:  Pak pak cache file ../../../../../../Users/Rohit Panjwani/Documents/Unreal Projects/Chess/DerivedDataCache/DDC.ddp not found, will not use a pak cache.
[2019.03.17-07.26.43:242][  0]LogDerivedDataCache: Unable to find inner node Pak for hierarchical cache Hierarchy.
[2019.03.17-07.26.43:242][  0]LogDerivedDataCache: FDerivedDataBackendGraph:  CompressedPak pak cache file ../../../../../../Users/Rohit Panjwani/Documents/Unreal Projects/Chess/DerivedDataCache/Compressed.ddp not found, will not use a pak cache.
[2019.03.17-07.26.43:242][  0]LogDerivedDataCache: Unable to find inner node CompressedPak for hierarchical cache Hierarchy.
[2019.03.17-07.26.43:259][  0]LogDerivedDataCache:Display: Pak cache opened for reading ../../../Engine/DerivedDataCache/Compressed.ddp.
[2019.03.17-07.26.43:273][  0]LogDerivedDataCache: Using Local data cache path C:/Users/Rohit Panjwani/AppData/Local/UnrealEngine/Common/DerivedDataCache: Writable
[2019.03.17-07.26.43:613][  0]LogInit: Selected Device Profile: [Windows]
[2019.03.17-07.26.43:618][  0]LogContentStreaming: Texture pool size is 0.00 MB
[2019.03.17-07.26.44:063][  0]LogMeshUtilities: Using QuadricMeshReduction for automatic static mesh reduction
[2019.03.17-07.26.44:213][  0]LogSimplygon: Simplygon DLL not present - disabling.
[2019.03.17-07.26.44:368][  0]LogMeshUtilities: Using SimplygonSwarm for distributed automatic mesh merging
[2019.03.17-07.26.44:368][  0]LogMeshUtilities: No automatic skeletal mesh reduction module available
[2019.03.17-07.26.44:368][  0]LogMeshUtilities: No automatic mesh merging module available
[2019.03.17-07.26.45:395][  0]LogNetVersion: GetLocalNetworkVersion: CL: 3195953, ProjectName: chess, ProjectVersion: , EngineNetworkVersion: 2, GameNetworkVersion: 0, NetworkChecksum: 1690184528
[2019.03.17-07.26.45:493][  0]LogAssetRegistry: FAssetRegistry took 0.0220 seconds to start up
[2019.03.17-07.26.45:610][  0]LogPackageLocalizationCache: Processed 3 localized package path(s) for 2 prioritized culture(s) in 0.054579 seconds
[2019.03.17-07.26.45:616][  0]LogUObjectArray: 31946 objects as part of root set at end of initial load.
[2019.03.17-07.26.45:616][  0]LogUObjectAllocator: 6935848 out of 0 bytes used by permanent object pool.
[2019.03.17-07.26.45:616][  0]LogUObjectArray: CloseDisregardForGC: 0/0 objects in disregard for GC pool
[2019.03.17-07.26.45:781][  0]LogInit: WinSock: version 1.1 (2.2), MaxSocks=32767, MaxUdp=65467
[2019.03.17-07.26.47:817][  0]LogSlate: Using Freetype 2.6.0
[2019.03.17-07.26.47:818][  0]LogSlate: SlateFontCache - WITH_FREETYPE: 1, WITH_HARFBUZZ: 1
[2019.03.17-07.26.47:818][  0]LogSlate: SlateFontCache - WITH_FREETYPE: 1, WITH_HARFBUZZ: 1
[2019.03.17-07.26.49:356][  0]LogTcpMessaging: Initializing TcpMessaging bridge
[2019.03.17-07.26.49:514][  0]LogUdpMessaging: Initializing bridge on interface 0.0.0.0:0 to multicast group 230.0.0.1:6666.
[2019.03.17-07.26.50:523][  0]LogMaterial: Uniform references updated for custom material expression Custom.
[2019.03.17-07.26.51:646][  0]SourceControl: Info Source control is disabled
[2019.03.17-07.26.51:777][  0]SourceControl: Info Source control is disabled
[2019.03.17-07.26.51:967][  0]SourceControl: Info Source control is disabled
[2019.03.17-07.26.52:113][  0]SourceControl: Info Source control is disabled
[2019.03.17-07.26.55:829][  0]LogEngine: Initializing Engine...
[2019.03.17-07.26.55:832][  0]LogHMD: Failed to initialize OpenVR with code 110
[2019.03.17-07.26.56:411][  0]LogAIModule: Creating AISystem for world Untitled
[2019.03.17-07.26.56:441][  0]LogInit: XAudio2 using 'Speakers (Conexant SmartAudio HD)' : 2 channels at 48 kHz using 32 bits per sample (channel mask 0x3)
[2019.03.17-07.26.56:616][  0]LogInit: FAudioDevice initialized.
[2019.03.17-07.26.56:666][  0]LogDerivedDataCache: Saved boot cache 0.05s 50MB C:/Users/Rohit Panjwani/AppData/Local/UnrealEngine/4.14/DerivedDataCache/Boot.ddc.
[2019.03.17-07.26.56:680][  0]LogInit: Texture streaming: Enabled
[2019.03.17-07.26.57:224][  0]LogInit: Transaction tracking system initialized
[2019.03.17-07.26.58:399][  0]BlueprintLog: New page: Editor Load
[2019.03.17-07.27.00:830][  0]LocalizationService: Info Localization service is disabled
[2019.03.17-07.27.02:542][  0]LogConsoleResponse:Display: 
[2019.03.17-07.27.02:831][  0]LogCook:Display: Max memory allowance for cook 16384mb min free memory 0mb
[2019.03.17-07.27.02:831][  0]LogCook:Display: Mobile HDR setting 1
[2019.03.17-07.27.03:414][  0]LogFileCache: Scanning file cache for directory 'C:/Users/Rohit Panjwani/Documents/Unreal Projects/Chess/Content/' took 0.03s
[2019.03.17-07.27.05:253][  0]SourceControl: Info Source control is disabled
[2019.03.17-07.27.05:253][  0]Cmd: MAP LOAD FILE="../../../Engine/Content/Maps/Templates/Template_Default.umap" TEMPLATE=1 SHOWPROGRESS=1 FEATURELEVEL=3
[2019.03.17-07.27.05:253][  0]LightingResults: New page: Lighting Build
[2019.03.17-07.27.05:348][  0]MapCheck: New page: Map Check
[2019.03.17-07.27.05:348][  0]LightingResults: New page: Lighting Build
[2019.03.17-07.27.05:572][  0]LogAIModule: Creating AISystem for world Untitled_1
[2019.03.17-07.27.05:573][  0]LogActorComponent: RegisterComponentWithWorld: (/Temp/Untitled_1.Untitled_1:PersistentLevel.WorldSettings_1.StaticMeshComponent0) Trying to register component with IsPendingKill() == true. Aborting.
[2019.03.17-07.27.05:579][  0]LogEditorServer: Finished looking for orphan Actors (0.000 secs)
[2019.03.17-07.27.05:584][  0]Cmd: MAP CHECKDEP NOCLEARLOG
[2019.03.17-07.27.05:685][  0]MapCheck: Info Map check complete: 0 Error(s), 0 Warning(s), took 101.959ms to complete.
[2019.03.17-07.27.05:685][  0]LogFileHelpers: Loading map 'Template_Default' took 0.433
[2019.03.17-07.27.06:723][  0]LogCollectionManager: Loaded 0 collections in 0.008078 seconds
[2019.03.17-07.27.07:077][  0]LogFileCache: Scanning file cache for directory 'C:/Users/Rohit Panjwani/Documents/Unreal Projects/Chess/Saved/Collections/' took 0.01s
[2019.03.17-07.27.07:077][  0]LogFileCache: Scanning file cache for directory 'C:/Users/Rohit Panjwani/Documents/Unreal Projects/Chess/Content/Developers/RohitPanjwani/Collections/' took 0.01s
[2019.03.17-07.27.07:077][  0]LogFileCache: Scanning file cache for directory 'C:/Users/Rohit Panjwani/Documents/Unreal Projects/Chess/Content/Collections/' took 0.01s
[2019.03.17-07.27.07:077][  0]LogCollectionManager: Rebuilt the GUID cache for 0 collections in 0.000006 seconds
[2019.03.17-07.27.07:126][  0]LogContentBrowser: Native class hierarchy populated in 0.0445 seconds. Added 2190 classes and 428 folders.
[2019.03.17-07.27.07:355][  0]LogStats: UGameplayTagsManager::ConstructGameplayTagTree: Construct from data asset -  0.000 s
[2019.03.17-07.27.07:355][  0]LogStats: UGameplayTagsManager::ConstructGameplayTagTree: GameplayTagTreeChangedEvent.Broadcast -  0.000 s
[2019.03.17-07.27.07:357][  0]LogContentBrowser: Native class hierarchy updated for 'GameplayTags' in 0.0013 seconds. Added 13 classes and 0 folders.
[2019.03.17-07.27.07:605][  0]LogContentBrowser: Native class hierarchy updated for 'WidgetCarousel' in 0.0011 seconds. Added 0 classes and 0 folders.
[2019.03.17-07.27.09:174][  0]LogContentBrowser: Native class hierarchy updated for 'AddContentDialog' in 0.0022 seconds. Added 0 classes and 0 folders.
[2019.03.17-07.27.09:392][  0]LogContentBrowser: Native class hierarchy updated for 'SceneOutliner' in 0.0012 seconds. Added 1 classes and 2 folders.
[2019.03.17-07.27.10:071][  0]LogCrashTracker: Crashtracker disabled due to settings.
[2019.03.17-07.27.10:146][  0]LogUObjectGlobals:Warning: Failed to find object 'Class None.'
[2019.03.17-07.27.10:332][  0]LogContentBrowser: Native class hierarchy updated for 'HierarchicalLODOutliner' in 0.0008 seconds. Added 1 classes and 2 folders.
[2019.03.17-07.27.10:332][  0]LogLoad: (Engine Initialization) Total time: 39.33 seconds
[2019.03.17-07.27.10:332][  0]LogLoad: (Engine Initialization) Total Blueprint compile time: 0.15 seconds
[2019.03.17-07.27.10:332][  0]LogExternalProfiler: Found external profiler: VSPerf
[2019.03.17-07.27.10:332][  0]LogExternalProfiler: Using external profiler: VSPerf
[2019.03.17-07.27.10:342][  0]LogWindowsTextInputMethodSystem:Display: IME system now deactivated.
[2019.03.17-07.27.10:343][  0]LogOcInput: OculusInput pre-init called
[2019.03.17-07.27.10:425][  0]LogContentStreaming: Texture pool size now 3000 MB
[2019.03.17-07.27.11:225][  0]LogRenderer: Reallocating scene render targets to support 744x448 NumSamples 1 (Frame:2).
[2019.03.17-07.27.11:463][  2]LogAssetRegistry: Asset discovery search completed in 25.9924 seconds
[2019.03.17-07.27.11:463][  2]LogCollectionManager: Rebuilt the object cache for 0 collections in 0.000000 seconds (found 0 objects)
[2019.03.17-07.27.11:463][  2]LogCollectionManager: Fixed up redirectors for 0 collections in 0.000024 seconds (updated 0 objects)
[2019.03.17-07.27.40:403][560]LogAIModule: Creating AISystem for world FirstLevel
[2019.03.17-07.27.40:641][560]Cmd: MAP LOAD FILE="../../../../../../Users/Rohit Panjwani/Documents/Unreal Projects/Chess/Content/FirstLevel.umap" TEMPLATE=0 SHOWPROGRESS=1 FEATURELEVEL=3
[2019.03.17-07.27.40:641][560]LightingResults: New page: Lighting Build
[2019.03.17-07.27.40:643][560]LoadErrors: New page: Loading map: FirstLevel.umap
[2019.03.17-07.27.40:645][560]MapCheck: New page: Map Check
[2019.03.17-07.27.40:645][560]LightingResults: New page: Lighting Build
[2019.03.17-07.27.40:923][560]LogEditorServer: Finished looking for orphan Actors (0.000 secs)
[2019.03.17-07.27.41:048][560]Cmd: MAP CHECKDEP NOCLEARLOG
[2019.03.17-07.27.41:237][560]MapCheck: Info Map check complete: 0 Error(s), 0 Warning(s), took 189.024ms to complete.
[2019.03.17-07.27.41:237][560]LogFileHelpers: Loading map 'FirstLevel' took 0.612
[2019.03.17-07.28.00:706][138]LogTemp: Repeting last play command: Selected Viewport
[2019.03.17-07.28.00:719][138]LogPlayLevel: PlayLevel: No blueprints needed recompiling
[2019.03.17-07.28.00:777][138]PIE: New page: PIE session: FirstLevel (17-Mar-2019 6:28:00 pm)
[2019.03.17-07.28.00:778][138]LogPlayLevel: Creating play world package: /Game/UEDPIE_0_FirstLevel
[2019.03.17-07.28.00:805][138]LogPlayLevel: PIE: StaticDuplicateObject took: (0.027263s)
[2019.03.17-07.28.00:807][138]LogAIModule: Creating AISystem for world FirstLevel
[2019.03.17-07.28.00:807][138]LogPlayLevel: PIE: World Init took: (0.001974s)
[2019.03.17-07.28.00:808][138]LogPlayLevel: PIE: Created PIE world by copying editor world from /Game/FirstLevel.FirstLevel to /Game/UEDPIE_0_FirstLevel.FirstLevel (0.030074s)
[2019.03.17-07.28.00:847][138]LogInit: XAudio2 using 'Speakers (Conexant SmartAudio HD)' : 2 channels at 48 kHz using 32 bits per sample (channel mask 0x3)
[2019.03.17-07.28.00:990][138]LogInit: FAudioDevice initialized.
[2019.03.17-07.28.01:226][138]LogLoad: Game class is 'ChessGameMode_C'
[2019.03.17-07.28.01:243][138]LogWorld: Bringing World /Game/UEDPIE_0_FirstLevel.FirstLevel up for play (max tick rate 0) at 2019.03.17-12.58.01
[2019.03.17-07.28.01:246][138]LogWorld: Bringing up level for play took: 0.013115
[2019.03.17-07.28.01:471][138]LogContentBrowser: Native class hierarchy updated for 'MovieSceneCapture' in 0.0009 seconds. Added 11 classes and 0 folders.
[2019.03.17-07.28.01:473][138]PIE: Info Play in editor start time for /Game/UEDPIE_0_FirstLevel 1.454
[2019.03.17-07.30.02:901][628]LogContentBrowser: Native class hierarchy updated for 'BlueprintGraph' in 0.0012 seconds. Added 111 classes and 0 folders.
[2019.03.17-07.30.14:760][977]BlueprintLog: New page: Compile Knight
[2019.03.17-07.30.18:228][ 84]Cmd: OBJ SAVEPACKAGE PACKAGE="/Game/Blueprints/Knight" FILE="../../../../../../Users/Rohit Panjwani/Documents/Unreal Projects/Chess/Content/Blueprints/Knight.uasset" SILENT=true
[2019.03.17-07.30.18:433][ 84]LogSavePackage: Save=85.70ms
[2019.03.17-07.30.18:433][ 84]LogSavePackage: Moving '../../../../../../Users/Rohit Panjwani/Documents/Unreal Projects/Chess/Saved/Knight75A9F3FA4301A59F2E2ABB994717B36D.tmp' to '../../../../../../Users/Rohit Panjwani/Documents/Unreal Projects/Chess/Content/Blueprints/Knight.uasset'
[2019.03.17-07.30.18:452][ 84]LogSavePackage:Display: Finished SavePackage ../../../../../../Users/Rohit Panjwani/Documents/Unreal Projects/Chess/Content/Blueprints/Knight.uasset
[2019.03.17-07.31.02:199][715]LogEditorTransaction: Undo Resize Node
[2019.03.17-07.31.02:636][719]LogEditorTransaction: Undo Move Nodes
[2019.03.17-07.31.08:369][817]LogD3D11RHI: Timed out while waiting for GPU to catch up. (0.5 s)
[2019.03.17-07.31.28:852][622]BlueprintLog: New page: Compile Knight
[2019.03.17-07.31.29:590][637]Cmd: OBJ SAVEPACKAGE PACKAGE="/Game/Blueprints/Knight" FILE="../../../../../../Users/Rohit Panjwani/Documents/Unreal Projects/Chess/Content/Blueprints/Knight.uasset" SILENT=true
[2019.03.17-07.31.29:680][637]LogSavePackage: Save=54.91ms
[2019.03.17-07.31.29:680][637]LogSavePackage: Moving '../../../../../../Users/Rohit Panjwani/Documents/Unreal Projects/Chess/Saved/KnightDFF3AC9A49E3D8C786F0E6B1042B48B9.tmp' to '../../../../../../Users/Rohit Panjwani/Documents/Unreal Projects/Chess/Content/Blueprints/Knight.uasset'
[2019.03.17-07.31.29:689][637]LogSavePackage:Display: Finished SavePackage ../../../../../../Users/Rohit Panjwani/Documents/Unreal Projects/Chess/Content/Blueprints/Knight.uasset
[2019.03.17-07.31.30:501][664]LogTemp: Repeting last play command: Selected Viewport
[2019.03.17-07.31.30:518][664]LogPlayLevel: PlayLevel: No blueprints needed recompiling
[2019.03.17-07.31.30:518][664]PIE: New page: PIE session: FirstLevel (17-Mar-2019 6:31:30 pm)
[2019.03.17-07.31.30:518][664]LogPlayLevel: Creating play world package: /Game/UEDPIE_0_FirstLevel
[2019.03.17-07.31.30:526][664]LogPlayLevel: PIE: StaticDuplicateObject took: (0.008168s)
[2019.03.17-07.31.30:526][664]LogAIModule: Creating AISystem for world FirstLevel
[2019.03.17-07.31.30:527][664]LogPlayLevel: PIE: World Init took: (0.000640s)
[2019.03.17-07.31.30:527][664]LogPlayLevel: PIE: Created PIE world by copying editor world from /Game/FirstLevel.FirstLevel to /Game/UEDPIE_0_FirstLevel.FirstLevel (0.009055s)
[2019.03.17-07.31.30:547][664]LogInit: XAudio2 using 'Speakers (Conexant SmartAudio HD)' : 2 channels at 48 kHz using 32 bits per sample (channel mask 0x3)
[2019.03.17-07.31.30:613][664]LogInit: FAudioDevice initialized.
[2019.03.17-07.31.30:690][664]LogLoad: Game class is 'ChessGameMode_C'
[2019.03.17-07.31.30:695][664]LogWorld: Bringing World /Game/UEDPIE_0_FirstLevel.FirstLevel up for play (max tick rate 0) at 2019.03.17-13.01.30
[2019.03.17-07.31.30:696][664]LogWorld: Bringing up level for play took: 0.004141
[2019.03.17-07.31.30:700][664]PIE: Info Play in editor start time for /Game/UEDPIE_0_FirstLevel 0.681
[2019.03.17-07.31.30:734][664]LogRenderer: Reallocating scene render targets to support 1292x756 NumSamples 1 (Frame:4867).
[2019.03.17-07.34.00:152][ 86]LogEditorTransaction: Undo Delete current selection
[2019.03.17-07.34.05:500][286]LogEditorTransaction: Undo Resize Node
[2019.03.17-07.34.05:936][297]LogEditorTransaction: Undo Move Node
[2019.03.17-07.34.09:031][386]LogEditorTransaction: Undo Resize Node
[2019.03.17-07.34.16:876][691]LogD3D11RHI: Timed out while waiting for GPU to catch up. (0.5 s)
[2019.03.17-07.35.13:386][465]LogD3D11RHI:Error: Result failed 
 at D:\Build\++UE4+Release-4.14+Compile\Sync\Engine\Source\Runtime\Windows\D3D11RHI\Private\D3D11Viewport.cpp:275 
 with error DXGI_ERROR_DEVICE_REMOVED DXGI_ERROR_DEVICE_HUNG
[2019.03.17-07.35.13:424][466]LogWindows: Windows GetLastError: The operation completed successfully. (0)
[2019.03.17-07.35.21:556][466]LogCrashTracker: 


[2019.03.17-07.35.21:559][466]LogWindows: Windows GetLastError: The operation completed successfully. (0)
[2019.03.17-07.35.21:731][466]LogCrashTracker: 


[2019.03.17-07.35.21:731][466]LogWindows:Error: === Critical error: ===
[2019.03.17-07.35.21:731][466]LogWindows:Error: 
[2019.03.17-07.35.21:731][466]LogWindows:Error: Fatal error: [File:D:\Build\++UE4+Release-4.14+Compile\Sync\Engine\Source\Runtime\RenderCore\Private\RenderingThread.cpp] [Line: 791] 
[2019.03.17-07.35.21:731][466]LogWindows:Error: Rendering thread exception:
[2019.03.17-07.35.21:731][466]LogWindows:Error: Fatal error: [File:D:\Build\++UE4+Release-4.14+Compile\Sync\Engine\Source\Runtime\Windows\D3D11RHI\Private\D3D11Util.cpp] [Line: 176] 
[2019.03.17-07.35.21:731][466]LogWindows:Error: Unreal Engine is exiting due to D3D device being lost. (Error: 0x887A0006 - 'HUNG')
[2019.03.17-07.35.21:731][466]LogWindows:Error: 
[2019.03.17-07.35.21:731][466]LogWindows:Error: 
[2019.03.17-07.35.21:731][466]LogWindows:Error: KERNELBASE.dll
[2019.03.17-07.35.21:731][466]LogWindows:Error: UE4Editor-Core.dll
[2019.03.17-07.35.21:731][466]LogWindows:Error: UE4Editor-Core.dll
[2019.03.17-07.35.21:731][466]LogWindows:Error: UE4Editor-Core.dll
[2019.03.17-07.35.21:731][466]LogWindows:Error: UE4Editor-D3D11RHI.dll
[2019.03.17-07.35.21:731][466]LogWindows:Error: UE4Editor-D3D11RHI.dll
[2019.03.17-07.35.21:731][466]LogWindows:Error: UE4Editor-D3D11RHI.dll
[2019.03.17-07.35.21:731][466]LogWindows:Error: UE4Editor-D3D11RHI.dll
[2019.03.17-07.35.21:731][466]LogWindows:Error: UE4Editor-D3D11RHI.dll
[2019.03.17-07.35.21:731][466]LogWindows:Error: UE4Editor-RHI.dll
[2019.03.17-07.35.21:731][466]LogWindows:Error: UE4Editor-SlateRHIRenderer.dll
[2019.03.17-07.35.21:731][466]LogWindows:Error: UE4Editor-SlateRHIRenderer.dll
[2019.03.17-07.35.21:731][466]LogWindows:Error: UE4Editor-Core.dll
[2019.03.17-07.35.21:731][466]LogWindows:Error: UE4Editor-Core.dll
[2019.03.17-07.35.21:731][466]LogWindows:Error: UE4Editor-RenderCore.dll
[2019.03.17-07.35.21:731][466]LogWindows:Error: UE4Editor-RenderCore.dll
[2019.03.17-07.35.21:731][466]LogWindows:Error: UE4Editor-Core.dll
[2019.03.17-07.35.21:731][466]LogWindows:Error: UE4Editor-Core.dll
[2019.03.17-07.35.21:731][466]LogWindows:Error: KERNEL32.DLL
[2019.03.17-07.35.21:731][466]LogWindows:Error: ntdll.dll
[2019.03.17-07.35.21:731][466]LogWindows:Error: ntdll.dll
[2019.03.17-07.35.21:731][466]LogWindows:Error: 
[2019.03.17-07.35.21:731][466]LogWindows:Error: 
[2019.03.17-07.35.21:731][466]LogWindows:Error: 
[2019.03.17-07.35.21:731][466]LogWindows:Error: 
[2019.03.17-07.35.21:855][466]LogExit: Executing StaticShutdownAfterError
[2019.03.17-07.35.21:868][466]LogWindows: FPlatformMisc::RequestExit(1)
[2019.03.17-07.35.21:868][466]Log file closed, 03/17/19 13:05:21
