Log file open, 03/17/19 15:05:57
LogInit:Display: Running engine for game: Chess
LogPlatformFile: Not using cached read wrapper
LogInit:Display: RandInit(-611377711) SRandInit(-611377711).
LogTaskGraph: Started task graph with 5 named threads and 8 total threads with 1 sets of task threads.
LogStats: Stats thread started at 0.131899
LogPluginManager: Loaded Plugin Paper2D, From C:/Program Files/Epic Games/UE_4.14/Engine/Plugins/2D/Paper2D/Paper2D.uplugin
LogPluginManager: Loaded Plugin LightPropagationVolume, From C:/Program Files/Epic Games/UE_4.14/Engine/Plugins/Blendables/LightPropagationVolume/LightPropagationVolume.uplugin
LogPluginManager: Loaded Plugin BlankPlugin, From C:/Program Files/Epic Games/UE_4.14/Engine/Plugins/Developer/BlankPlugin/BlankPlugin.uplugin
LogPluginManager: Loaded Plugin CodeLiteSourceCodeAccess, From C:/Program Files/Epic Games/UE_4.14/Engine/Plugins/Developer/CodeLiteSourceCodeAccess/CodeLiteSourceCodeAccess.uplugin
LogPluginManager: Loaded Plugin GitSourceControl, From C:/Program Files/Epic Games/UE_4.14/Engine/Plugins/Developer/GitSourceControl/GitSourceControl.uplugin
LogPluginManager: Loaded Plugin KDevelopSourceCodeAccess, From C:/Program Files/Epic Games/UE_4.14/Engine/Plugins/Developer/KDevelopSourceCodeAccess/KDevelopSourceCodeAccess.uplugin
LogPluginManager: Loaded Plugin NullSourceCodeAccess, From C:/Program Files/Epic Games/UE_4.14/Engine/Plugins/Developer/NullSourceCodeAccess/NullSourceCodeAccess.uplugin
LogPluginManager: Loaded Plugin OneSkyLocalizationService, From C:/Program Files/Epic Games/UE_4.14/Engine/Plugins/Developer/OneSkyLocalizationService/OneSkyLocalizationService.uplugin
LogPluginManager: Loaded Plugin PerforceSourceControl, From C:/Program Files/Epic Games/UE_4.14/Engine/Plugins/Developer/PerforceSourceControl/PerforceSourceControl.uplugin
LogPluginManager: Loaded Plugin SubversionSourceControl, From C:/Program Files/Epic Games/UE_4.14/Engine/Plugins/Developer/SubversionSourceControl/SubversionSourceControl.uplugin
LogPluginManager: Loaded Plugin UObjectPlugin, From C:/Program Files/Epic Games/UE_4.14/Engine/Plugins/Developer/UObjectPlugin/UObjectPlugin.uplugin
LogPluginManager: Loaded Plugin VisualStudioSourceCodeAccess, From C:/Program Files/Epic Games/UE_4.14/Engine/Plugins/Developer/VisualStudioSourceCodeAccess/VisualStudioSourceCodeAccess.uplugin
LogPluginManager: Loaded Plugin XCodeSourceCodeAccess, From C:/Program Files/Epic Games/UE_4.14/Engine/Plugins/Developer/XCodeSourceCodeAccess/XCodeSourceCodeAccess.uplugin
LogPluginManager: Loaded Plugin AudioCapture, From C:/Program Files/Epic Games/UE_4.14/Engine/Plugins/Editor/AudioCapture/AudioCapture.uplugin
LogPluginManager: Loaded Plugin EpicSurvey, From C:/Program Files/Epic Games/UE_4.14/Engine/Plugins/Editor/EpicSurvey/EpicSurvey.uplugin
LogPluginManager: Loaded Plugin MacGraphicsSwitching, From C:/Program Files/Epic Games/UE_4.14/Engine/Plugins/Editor/MacGraphicsSwitching/MacGraphicsSwitching.uplugin
LogPluginManager: Loaded Plugin MobileLauncherProfileWizard, From C:/Program Files/Epic Games/UE_4.14/Engine/Plugins/Editor/MobileLauncherProfileWizard/MobileLauncherProfileWizard.uplugin
LogPluginManager: Loaded Plugin PluginBrowser, From C:/Program Files/Epic Games/UE_4.14/Engine/Plugins/Editor/PluginBrowser/PluginBrowser.uplugin
LogPluginManager: Loaded Plugin SpeedTreeImporter, From C:/Program Files/Epic Games/UE_4.14/Engine/Plugins/Editor/SpeedTreeImporter/SpeedTreeImporter.uplugin
LogPluginManager: Loaded Plugin SuperSearchEditor, From C:/Program Files/Epic Games/UE_4.14/Engine/Plugins/Editor/SuperSearchEditor/SuperSearchEditor.uplugin
LogPluginManager: Loaded Plugin AlembicImporter, From C:/Program Files/Epic Games/UE_4.14/Engine/Plugins/Experimental/AlembicImporter/AlembicImporter.uplugin
LogPluginManager: Loaded Plugin BlueprintStats, From C:/Program Files/Epic Games/UE_4.14/Engine/Plugins/Experimental/BlueprintStats/BlueprintStats.uplugin
LogPluginManager: Loaded Plugin CharacterAI, From C:/Program Files/Epic Games/UE_4.14/Engine/Plugins/Experimental/CharacterAI/CharacterAI.uplugin
LogPluginManager: Loaded Plugin CodeEditor, From C:/Program Files/Epic Games/UE_4.14/Engine/Plugins/Experimental/CodeEditor/CodeEditor.uplugin
LogPluginManager: Loaded Plugin CodeView, From C:/Program Files/Epic Games/UE_4.14/Engine/Plugins/Experimental/CodeView/CodeView.uplugin
LogPluginManager: Loaded Plugin HTML5Networking, From C:/Program Files/Epic Games/UE_4.14/Engine/Plugins/Experimental/HTML5Networking/HTML5Networking.uplugin
LogPluginManager: Loaded Plugin OSVR, From C:/Program Files/Epic Games/UE_4.14/Engine/Plugins/Experimental/OSVR/OSVR.uplugin
LogPluginManager: Loaded Plugin Phya, From C:/Program Files/Epic Games/UE_4.14/Engine/Plugins/Experimental/Phya/Phya.uplugin
LogPluginManager: Loaded Plugin SignificanceManager, From C:/Program Files/Epic Games/UE_4.14/Engine/Plugins/Experimental/SignificanceManager/SignificanceManager.uplugin
LogPluginManager: Loaded Plugin SimpleHMD, From C:/Program Files/Epic Games/UE_4.14/Engine/Plugins/Experimental/SimpleHMD/SimpleHMD.uplugin
LogPluginManager: Loaded Plugin StereoPanorama, From C:/Program Files/Epic Games/UE_4.14/Engine/Plugins/Experimental/StereoPanorama/StereoPanorama.uplugin
LogPluginManager: Loaded Plugin StructBox, From C:/Program Files/Epic Games/UE_4.14/Engine/Plugins/Experimental/StructBox/StructBox.uplugin
LogPluginManager: Loaded Plugin AndroidMedia, From C:/Program Files/Epic Games/UE_4.14/Engine/Plugins/Media/AndroidMedia/AndroidMedia.uplugin
LogPluginManager: Loaded Plugin AvfMedia, From C:/Program Files/Epic Games/UE_4.14/Engine/Plugins/Media/AvfMedia/AvfMedia.uplugin
LogPluginManager: Loaded Plugin MediaPlayerEditor, From C:/Program Files/Epic Games/UE_4.14/Engine/Plugins/Media/MediaPlayerEditor/MediaPlayerEditor.uplugin
LogPluginManager: Loaded Plugin WmfMedia, From C:/Program Files/Epic Games/UE_4.14/Engine/Plugins/Media/WmfMedia/WmfMedia.uplugin
LogPluginManager: Loaded Plugin MessagingDebugger, From C:/Program Files/Epic Games/UE_4.14/Engine/Plugins/Messaging/MessagingDebugger/MessagingDebugger.uplugin
LogPluginManager: Loaded Plugin TcpMessaging, From C:/Program Files/Epic Games/UE_4.14/Engine/Plugins/Messaging/TcpMessaging/TcpMessaging.uplugin
LogPluginManager: Loaded Plugin UdpMessaging, From C:/Program Files/Epic Games/UE_4.14/Engine/Plugins/Messaging/UdpMessaging/UdpMessaging.uplugin
LogPluginManager: Loaded Plugin LevelSequenceEditor, From C:/Program Files/Epic Games/UE_4.14/Engine/Plugins/MovieScene/LevelSequenceEditor/LevelSequenceEditor.uplugin
LogPluginManager: Loaded Plugin MatineeToLevelSequence, From C:/Program Files/Epic Games/UE_4.14/Engine/Plugins/MovieScene/MatineeToLevelSequence/MatineeToLevelSequence.uplugin
LogPluginManager: Loaded Plugin NetcodeUnitTest, From C:/Program Files/Epic Games/UE_4.14/Engine/Plugins/NetcodeUnitTest/NetcodeUnitTest/NetcodeUnitTest.uplugin
LogPluginManager: Loaded Plugin NUTUnrealEngine4, From C:/Program Files/Epic Games/UE_4.14/Engine/Plugins/NetcodeUnitTest/NUTUnrealEngine4/NUTUnrealEngine4.uplugin
LogPluginManager: Loaded Plugin OnlineSubsystemGameCircle, From C:/Program Files/Epic Games/UE_4.14/Engine/Plugins/Online/Android/OnlineSubsystemGameCircle/OnlineSubsystemGameCircle.uplugin
LogPluginManager: Loaded Plugin OnlineSubsystemGooglePlay, From C:/Program Files/Epic Games/UE_4.14/Engine/Plugins/Online/Android/OnlineSubsystemGooglePlay/OnlineSubsystemGooglePlay.uplugin
LogPluginManager: Loaded Plugin OnlineSubsystemIOS, From C:/Program Files/Epic Games/UE_4.14/Engine/Plugins/Online/IOS/OnlineSubsystemIOS/OnlineSubsystemIOS.uplugin
LogPluginManager: Loaded Plugin OnlineFramework, From C:/Program Files/Epic Games/UE_4.14/Engine/Plugins/Online/OnlineFramework/OnlineFramework.uplugin
LogPluginManager: Loaded Plugin OnlineSubsystem, From C:/Program Files/Epic Games/UE_4.14/Engine/Plugins/Online/OnlineSubsystem/OnlineSubsystem.uplugin
LogPluginManager: Loaded Plugin OnlineSubsystemAmazon, From C:/Program Files/Epic Games/UE_4.14/Engine/Plugins/Online/OnlineSubsystemAmazon/OnlineSubsystemAmazon.uplugin
LogPluginManager: Loaded Plugin OnlineSubsystemFacebook, From C:/Program Files/Epic Games/UE_4.14/Engine/Plugins/Online/OnlineSubsystemFacebook/OnlineSubsystemFacebook.uplugin
LogPluginManager: Loaded Plugin OnlineSubsystemNull, From C:/Program Files/Epic Games/UE_4.14/Engine/Plugins/Online/OnlineSubsystemNull/OnlineSubsystemNull.uplugin
LogPluginManager: Loaded Plugin OnlineSubsystemOculus, From C:/Program Files/Epic Games/UE_4.14/Engine/Plugins/Online/OnlineSubsystemOculus/OnlineSubsystemOculus.uplugin
LogPluginManager: Loaded Plugin OnlineSubsystemSteam, From C:/Program Files/Epic Games/UE_4.14/Engine/Plugins/Online/OnlineSubsystemSteam/OnlineSubsystemSteam.uplugin
LogPluginManager: Loaded Plugin OnlineSubsystemUtils, From C:/Program Files/Epic Games/UE_4.14/Engine/Plugins/Online/OnlineSubsystemUtils/OnlineSubsystemUtils.uplugin
LogPluginManager: Loaded Plugin IOSTapJoy, From C:/Program Files/Epic Games/UE_4.14/Engine/Plugins/Runtime/Advertising/IOSTapJoy/IOSTapJoy.uplugin
LogPluginManager: Loaded Plugin AnalyticsBlueprintLibrary, From C:/Program Files/Epic Games/UE_4.14/Engine/Plugins/Runtime/Analytics/AnalyticsBlueprintLibrary/AnalyticsBlueprintLibrary.uplugin
LogPluginManager: Loaded Plugin AnalyticsMulticast, From C:/Program Files/Epic Games/UE_4.14/Engine/Plugins/Runtime/Analytics/AnalyticsMulticast/AnalyticsMulticast.uplugin
LogPluginManager: Loaded Plugin Apsalar, From C:/Program Files/Epic Games/UE_4.14/Engine/Plugins/Runtime/Analytics/Apsalar/Apsalar.uplugin
LogPluginManager: Loaded Plugin FileLogging, From C:/Program Files/Epic Games/UE_4.14/Engine/Plugins/Runtime/Analytics/FileLogging/FileLogging.uplugin
LogPluginManager: Loaded Plugin Flurry, From C:/Program Files/Epic Games/UE_4.14/Engine/Plugins/Runtime/Analytics/Flurry/Flurry.uplugin
LogPluginManager: Loaded Plugin AndroidDeviceProfileSelector, From C:/Program Files/Epic Games/UE_4.14/Engine/Plugins/Runtime/AndroidDeviceProfileSelector/AndroidDeviceProfileSelector.uplugin
LogPluginManager: Loaded Plugin AndroidMoviePlayer, From C:/Program Files/Epic Games/UE_4.14/Engine/Plugins/Runtime/AndroidMoviePlayer/AndroidMoviePlayer.uplugin
LogPluginManager: Loaded Plugin AppleMoviePlayer, From C:/Program Files/Epic Games/UE_4.14/Engine/Plugins/Runtime/AppleMoviePlayer/AppleMoviePlayer.uplugin
LogPluginManager: Loaded Plugin ArchVisCharacter, From C:/Program Files/Epic Games/UE_4.14/Engine/Plugins/Runtime/ArchVisCharacter/ArchVisCharacter.uplugin
LogPluginManager: Loaded Plugin CableComponent, From C:/Program Files/Epic Games/UE_4.14/Engine/Plugins/Runtime/CableComponent/CableComponent.uplugin
LogPluginManager: Loaded Plugin CustomMeshComponent, From C:/Program Files/Epic Games/UE_4.14/Engine/Plugins/Runtime/CustomMeshComponent/CustomMeshComponent.uplugin
LogPluginManager: Loaded Plugin ExampleDeviceProfileSelector, From C:/Program Files/Epic Games/UE_4.14/Engine/Plugins/Runtime/ExampleDeviceProfileSelector/ExampleDeviceProfileSelector.uplugin
LogPluginManager: Loaded Plugin GearVR, From C:/Program Files/Epic Games/UE_4.14/Engine/Plugins/Runtime/GearVR/GearVR.uplugin
LogPluginManager: Loaded Plugin GoogleVRController, From C:/Program Files/Epic Games/UE_4.14/Engine/Plugins/Runtime/GoogleVR/GoogleVRController/GoogleVRController.uplugin
LogPluginManager: Loaded Plugin GoogleVRHMD, From C:/Program Files/Epic Games/UE_4.14/Engine/Plugins/Runtime/GoogleVR/GoogleVRHMD/GoogleVRHMD.uplugin
LogPluginManager: Loaded Plugin IOSDeviceProfileSelector, From C:/Program Files/Epic Games/UE_4.14/Engine/Plugins/Runtime/IOSDeviceProfileSelector/IOSDeviceProfileSelector.uplugin
LogPluginManager: Loaded Plugin LeapMotion, From C:/Program Files/Epic Games/UE_4.14/Engine/Plugins/Runtime/LeapMotion/LeapMotion.uplugin
LogPluginManager: Loaded Plugin LinuxDeviceProfileSelector, From C:/Program Files/Epic Games/UE_4.14/Engine/Plugins/Runtime/LinuxDeviceProfileSelector/LinuxDeviceProfileSelector.uplugin
LogPluginManager: Loaded Plugin MIDIDevice, From C:/Program Files/Epic Games/UE_4.14/Engine/Plugins/Runtime/MIDIDevice/MIDIDevice.uplugin
LogPluginManager: Loaded Plugin MobilePatchingUtils, From C:/Program Files/Epic Games/UE_4.14/Engine/Plugins/Runtime/MobilePatchingUtils/MobilePatchingUtils.uplugin
LogPluginManager: Loaded Plugin Ansel, From C:/Program Files/Epic Games/UE_4.14/Engine/Plugins/Runtime/Nvidia/Ansel/Ansel.uplugin
LogPluginManager: Loaded Plugin OculusAudio, From C:/Program Files/Epic Games/UE_4.14/Engine/Plugins/Runtime/OculusAudio/OculusAudio.uplugin
LogPluginManager: Loaded Plugin OculusInput, From C:/Program Files/Epic Games/UE_4.14/Engine/Plugins/Runtime/OculusInput/OculusInput.uplugin
LogPluginManager: Loaded Plugin OculusLibrary, From C:/Program Files/Epic Games/UE_4.14/Engine/Plugins/Runtime/OculusLibrary/OculusLibrary.uplugin
LogPluginManager: Loaded Plugin OculusRift, From C:/Program Files/Epic Games/UE_4.14/Engine/Plugins/Runtime/OculusRift/OculusRift.uplugin
LogPluginManager: Loaded Plugin Oodle, From C:/Program Files/Epic Games/UE_4.14/Engine/Plugins/Runtime/PacketHandlers/CompressionComponents/Oodle/Oodle.uplugin
LogPluginManager: Loaded Plugin ProceduralMeshComponent, From C:/Program Files/Epic Games/UE_4.14/Engine/Plugins/Runtime/ProceduralMeshComponent/ProceduralMeshComponent.uplugin
LogPluginManager: Loaded Plugin SoundMod, From C:/Program Files/Epic Games/UE_4.14/Engine/Plugins/Runtime/SoundMod/SoundMod.uplugin
LogPluginManager: Loaded Plugin SoundVisualizations, From C:/Program Files/Epic Games/UE_4.14/Engine/Plugins/Runtime/SoundVisualizations/SoundVisualizations.uplugin
LogPluginManager: Loaded Plugin SteamController, From C:/Program Files/Epic Games/UE_4.14/Engine/Plugins/Runtime/Steam/SteamController/SteamController.uplugin
LogPluginManager: Loaded Plugin SteamVR, From C:/Program Files/Epic Games/UE_4.14/Engine/Plugins/Runtime/Steam/SteamVR/SteamVR.uplugin
LogPluginManager: Loaded Plugin WebBrowserWidget, From C:/Program Files/Epic Games/UE_4.14/Engine/Plugins/Runtime/WebBrowserWidget/WebBrowserWidget.uplugin
LogPluginManager: Loaded Plugin WindowsDeviceProfileSelector, From C:/Program Files/Epic Games/UE_4.14/Engine/Plugins/Runtime/WindowsDeviceProfileSelector/WindowsDeviceProfileSelector.uplugin
LogPluginManager: Loaded Plugin WindowsMoviePlayer, From C:/Program Files/Epic Games/UE_4.14/Engine/Plugins/Runtime/WindowsMoviePlayer/WindowsMoviePlayer.uplugin
LogPluginManager: Loaded Plugin ScriptPlugin, From C:/Program Files/Epic Games/UE_4.14/Engine/Plugins/ScriptPlugin/ScriptPlugin.uplugin
LogPluginManager: Loaded Plugin SlateRemote, From C:/Program Files/Epic Games/UE_4.14/Engine/Plugins/Slate/SlateRemote/SlateRemote.uplugin
LogPluginManager: Loaded Plugin EditorTests, From C:/Program Files/Epic Games/UE_4.14/Engine/Plugins/Tests/EditorTests/EditorTests.uplugin
LogPluginManager: Loaded Plugin FbxAutomationTestBuilder, From C:/Program Files/Epic Games/UE_4.14/Engine/Plugins/Tests/FbxAutomationTestBuilder/FbxAutomationTestBuilder.uplugin
LogPluginManager: Loaded Plugin FunctionalTestingEditor, From C:/Program Files/Epic Games/UE_4.14/Engine/Plugins/Tests/FunctionalTestingEditor/FunctionalTestingEditor.uplugin
LogPluginManager: Loaded Plugin RuntimeTests, From C:/Program Files/Epic Games/UE_4.14/Engine/Plugins/Tests/RuntimeTests/RuntimeTests.uplugin
LogPluginManager: Loaded Plugin ScreenshotTools, From C:/Program Files/Epic Games/UE_4.14/Engine/Plugins/Tests/ScreenshotTools/ScreenshotTools.uplugin
LogInit: Using libcurl 7.47.1
LogInit:  - built for x86_64-pc-win32
LogInit:  - supports SSL with OpenSSL/1.0.2g
LogInit:  - supports HTTP deflate (compression) using libz 1.2.8
LogInit:  - other features:
LogInit:      CURL_VERSION_SSL
LogInit:      CURL_VERSION_LIBZ
LogInit:      CURL_VERSION_IPV6
LogInit:      CURL_VERSION_ASYNCHDNS
LogInit:      CURL_VERSION_LARGEFILE
LogInit:      CURL_VERSION_IDN
LogInit:  CurlRequestOptions (configurable via config and command line):
LogInit:  - bVerifyPeer = false  - Libcurl will NOT verify peer certificate
LogInit:  - bUseHttpProxy = false  - Libcurl will NOT use HTTP proxy
LogInit:  - bDontReuseConnections = false  - Libcurl will reuse connections
LogInit:  - CertBundlePath = nullptr  - Libcurl will use whatever was configured at build time.
LogInit: Build: ++UE4+Release-4.14-CL-3249277
LogInit: Engine Version: 4.14.3-3249277+++UE4+Release-4.14
LogInit: Compatible Engine Version: 4.14.0-3195953+++UE4+Release-4.14
LogInit: Net CL: 3195953
LogDevObjectVersion: Number of dev versions registered: 13
LogDevObjectVersion:   Dev-Blueprints (B0D832E4-1F89-4F0D-ACCF-7EB736FD4AA2): 7
LogDevObjectVersion:   Dev-Build (E1C64328-A22C-4D53-A36C-8E866417BD8C): 0
LogDevObjectVersion:   Dev-Core (375EC13C-06E4-48FB-B500-84F0262A717E): 1
LogDevObjectVersion:   Dev-Editor (E4B068ED-F494-42E9-A231-DA0B2E46BB41): 8
LogDevObjectVersion:   Dev-Framework (CFFC743F-43B0-4480-9391-14DF171D2073): 17
LogDevObjectVersion:   Dev-Mobile (B02B49B5-BB20-44E9-A304-32B752E40360): 0
LogDevObjectVersion:   Dev-Networking (A4E4105C-59A1-49B5-A7C5-40C4547EDFEE): 0
LogDevObjectVersion:   Dev-Online (39C831C9-5AE6-47DC-9A44-9C173E1C8E7C): 0
LogDevObjectVersion:   Dev-Physics (78F01B33-EBEA-4F98-B9B4-84EACCB95AA2): 0
LogDevObjectVersion:   Dev-Platform (6631380F-2D4D-43E0-8009-CF276956A95A): 0
LogDevObjectVersion:   Dev-Rendering (12F88B9F-8875-4AFC-A67C-D90C383ABD29): 12
LogDevObjectVersion:   Dev-Sequencer (7B5AE74C-D270-4C10-A958-57980B212A5A): 1
LogDevObjectVersion:   Dev-VR (D7296918-1DD6-4BDD-9DE2-64A83CC13884): 0
LogInit: Compiled (64-bit): Jan  6 2017 10:49:43
LogInit: Compiled with Visual C++: 19.00.23026.00
LogInit: Build Configuration: Development
LogInit: Branch Name: ++UE4+Release-4.14
LogInit: Command line: 
LogInit: Base directory: C:/Program Files/Epic Games/UE_4.14/Engine/Binaries/Win64/
LogInit: Installed Engine Build: 1
LogInit: Presizing for max 8388607 objects, including 0 objects not considered by GC, pre-allocating 0 bytes for permanent pool.
LogInit: Object subsystem initialized
[2019.03.17-09.35.58:508][  0]LogInit: Selected Device Profile: [Windows]
[2019.03.17-09.35.58:508][  0]LogInit: Applying CVar settings loaded from the selected device profile: [Windows]
[2019.03.17-09.35.58:527][  0]LogInit: Computer: ROHIT-PANJWANI
[2019.03.17-09.35.58:527][  0]LogInit: User: RohitPanjwani
[2019.03.17-09.35.58:527][  0]LogInit: CPU Page size=65536, Cores=4
[2019.03.17-09.35.58:527][  0]LogInit: High frequency timer resolution =2.531247 MHz
[2019.03.17-09.35.58:527][  0]LogMemory: Memory total: Physical=15.9GB (16GB approx)
[2019.03.17-09.35.58:527][  0]LogMemory: Platform Memory Stats for Windows
[2019.03.17-09.35.58:527][  0]LogMemory: Process Physical Memory: 265.06 MB used, 265.06 MB peak
[2019.03.17-09.35.58:527][  0]LogMemory: Process Virtual Memory: 262.73 MB used, 262.73 MB peak
[2019.03.17-09.35.58:527][  0]LogMemory: Physical Memory: 7009.88 MB used,  9272.65 MB free, 16282.52 MB total
[2019.03.17-09.35.58:527][  0]LogMemory: Virtual Memory: 4812.63 MB used,  9272.65 MB free, 134217728.00 MB total
[2019.03.17-09.35.59:579][  0]LogTextLocalizationManager: No specific translations for ('en-IN') exist, so ('en') translations will be used.
[2019.03.17-09.36.00:735][  0]LogD3D11RHI: D3D11 adapters:
[2019.03.17-09.36.00:799][  0]LogD3D11RHI:    0. 'NVIDIA GeForce GTX 960M' (Feature Level 11_0)
[2019.03.17-09.36.00:799][  0]LogD3D11RHI:       4055/0/8141 MB DedicatedVideo/DedicatedSystem/SharedSystem, Outputs:1, VendorId:0x10de
[2019.03.17-09.36.00:809][  0]LogD3D11RHI:    1. 'Intel(R) HD Graphics 530' (Feature Level 11_0)
[2019.03.17-09.36.00:809][  0]LogD3D11RHI:       128/0/8141 MB DedicatedVideo/DedicatedSystem/SharedSystem, Outputs:0, VendorId:0x8086
[2019.03.17-09.36.00:812][  0]LogD3D11RHI:    2. 'Microsoft Basic Render Driver' (Feature Level 11_0)
[2019.03.17-09.36.00:812][  0]LogD3D11RHI:       0/0/8141 MB DedicatedVideo/DedicatedSystem/SharedSystem, Outputs:0, VendorId:0x1414
[2019.03.17-09.36.00:812][  0]LogD3D11RHI: Chosen D3D11 Adapter: 0
[2019.03.17-09.36.00:849][  0]LogD3D11RHI: Creating new Direct3DDevice
[2019.03.17-09.36.00:849][  0]LogD3D11RHI:     GPU DeviceId: 0x139b (for the marketing name, search the web for "GPU Device Id")
[2019.03.17-09.36.00:849][  0]LogWindows: EnumDisplayDevices:
[2019.03.17-09.36.00:849][  0]LogWindows:    0. 'Intel(R) HD Graphics 530' (P:1 D:1)
[2019.03.17-09.36.00:849][  0]LogWindows:    1. 'Intel(R) HD Graphics 530' (P:0 D:0)
[2019.03.17-09.36.00:850][  0]LogWindows:    2. 'Intel(R) HD Graphics 530' (P:0 D:0)
[2019.03.17-09.36.00:850][  0]LogWindows: DebugString: GetVideoDriverDetailsInvalid PrimaryIsNotTheChoosenAdapter GetVideoDriverDetailsInvalid PrimaryIsNotTheChoosenAdapter GetVideoDriverDetailsInvalid PrimaryIsNotTheChoosenAdapter FoundDriverCount:0 
[2019.03.17-09.36.00:850][  0]LogD3D11RHI:     Adapter Name: NVIDIA GeForce GTX 960M
[2019.03.17-09.36.00:850][  0]LogD3D11RHI:   Driver Version: Unknown (internal:Unknown, unified:Unknown)
[2019.03.17-09.36.00:850][  0]LogD3D11RHI:      Driver Date: Unknown
[2019.03.17-09.36.00:850][  0]LogRHI: Texture pool is 1361 MB (70% of 1945 MB)
[2019.03.17-09.36.00:907][  0]LogD3D11RHI: Async texture creation enabled
[2019.03.17-09.36.00:928][  0]LogD3D11RHI: GPU Timing Frequency: 1000.000000 (Debug: 2 1)
[2019.03.17-09.36.00:930][  0]LogShaderCompilers: Guid format shader working directory is -15 characters bigger than the processId version (../../../../../../Users/Rohit Panjwani/Documents/Unreal Projects/Chess/Intermediate/Shaders/WorkingDirectory/8824/).
[2019.03.17-09.36.00:930][  0]LogShaderCompilers: Cleaned the shader compiler working directory 'C:/Users/Rohit Panjwani/AppData/Local/Temp/UnrealShaderWorkingDir/85168B1344FA6D6CDB8EA580D8801FC8/'.
[2019.03.17-09.36.00:930][  0]LogShaderCompilers:Display: Using Local Shader Compiler.
[2019.03.17-09.36.02:932][  0]LogTemp:Display: Loaded TP AllDesktopTargetPlatform
[2019.03.17-09.36.03:092][  0]LogTemp:Display: Loaded TP MacClientTargetPlatform
[2019.03.17-09.36.03:270][  0]LogTemp:Display: Loaded TP MacNoEditorTargetPlatform
[2019.03.17-09.36.03:417][  0]LogTemp:Display: Loaded TP MacServerTargetPlatform
[2019.03.17-09.36.03:537][  0]LogTemp:Display: Loaded TP MacTargetPlatform
[2019.03.17-09.36.03:663][  0]LogTemp:Display: Loaded TP WindowsClientTargetPlatform
[2019.03.17-09.36.03:797][  0]LogTemp:Display: Loaded TP WindowsNoEditorTargetPlatform
[2019.03.17-09.36.03:975][  0]LogTemp:Display: Loaded TP WindowsServerTargetPlatform
[2019.03.17-09.36.04:129][  0]LogTemp:Display: Loaded TP WindowsTargetPlatform
[2019.03.17-09.36.04:344][  0]LogTemp:Display: Loaded TP AndroidTargetPlatform
[2019.03.17-09.36.04:493][  0]LogTemp:Display: Loaded TP Android_ASTCTargetPlatform
[2019.03.17-09.36.04:684][  0]LogTemp:Display: Loaded TP Android_ATCTargetPlatform
[2019.03.17-09.36.04:919][  0]LogTemp:Display: Loaded TP Android_DXTTargetPlatform
[2019.03.17-09.36.05:132][  0]LogTemp:Display: Loaded TP Android_ETC1TargetPlatform
[2019.03.17-09.36.05:279][  0]LogTemp:Display: Loaded TP Android_ETC2TargetPlatform
[2019.03.17-09.36.05:538][  0]LogTemp:Display: Loaded TP Android_MultiTargetPlatform
[2019.03.17-09.36.05:538][  0]LogTemp:Display: Loaded TP Android_PVRTCTargetPlatform
[2019.03.17-09.36.05:634][  0]LogTemp:Display: Loaded TP HTML5TargetPlatform
[2019.03.17-09.36.05:811][  0]LogTemp:Display: Loaded TP IOSTargetPlatform
[2019.03.17-09.36.05:933][  0]LogTemp:Display: Loaded TP TVOSTargetPlatform
[2019.03.17-09.36.06:076][  0]LogTemp:Display: Loaded TP LinuxClientTargetPlatform
[2019.03.17-09.36.06:245][  0]LogTemp:Display: Loaded TP LinuxNoEditorTargetPlatform
[2019.03.17-09.36.06:424][  0]LogTemp:Display: Loaded TP LinuxServerTargetPlatform
[2019.03.17-09.36.06:580][  0]LogTemp:Display: Loaded TP LinuxTargetPlatform
[2019.03.17-09.36.06:580][  0]LogTargetPlatformManager:Display: Building Assets For Windows
[2019.03.17-09.36.08:128][  0]LogDerivedDataCache:Display: Max Cache Size: 512 MB
[2019.03.17-09.36.08:182][  0]LogDerivedDataCache: Loaded boot cache 0.05s 50MB C:/Users/Rohit Panjwani/AppData/Local/UnrealEngine/4.14/DerivedDataCache/Boot.ddc.
[2019.03.17-09.36.08:182][  0]LogDerivedDataCache:Display: Loaded Boot cache: C:/Users/Rohit Panjwani/AppData/Local/UnrealEngine/4.14/DerivedDataCache/Boot.ddc
[2019.03.17-09.36.08:182][  0]LogDerivedDataCache: FDerivedDataBackendGraph:  Pak pak cache file ../../../../../../Users/Rohit Panjwani/Documents/Unreal Projects/Chess/DerivedDataCache/DDC.ddp not found, will not use a pak cache.
[2019.03.17-09.36.08:182][  0]LogDerivedDataCache: Unable to find inner node Pak for hierarchical cache Hierarchy.
[2019.03.17-09.36.08:182][  0]LogDerivedDataCache: FDerivedDataBackendGraph:  CompressedPak pak cache file ../../../../../../Users/Rohit Panjwani/Documents/Unreal Projects/Chess/DerivedDataCache/Compressed.ddp not found, will not use a pak cache.
[2019.03.17-09.36.08:182][  0]LogDerivedDataCache: Unable to find inner node CompressedPak for hierarchical cache Hierarchy.
[2019.03.17-09.36.08:201][  0]LogDerivedDataCache:Display: Pak cache opened for reading ../../../Engine/DerivedDataCache/Compressed.ddp.
[2019.03.17-09.36.08:214][  0]LogDerivedDataCache: Using Local data cache path C:/Users/Rohit Panjwani/AppData/Local/UnrealEngine/Common/DerivedDataCache: Writable
[2019.03.17-09.36.08:602][  0]LogInit: Selected Device Profile: [Windows]
[2019.03.17-09.36.08:609][  0]LogContentStreaming: Texture pool size is 0.00 MB
[2019.03.17-09.36.09:114][  0]LogMeshUtilities: Using QuadricMeshReduction for automatic static mesh reduction
[2019.03.17-09.36.09:222][  0]LogSimplygon: Simplygon DLL not present - disabling.
[2019.03.17-09.36.09:373][  0]LogMeshUtilities: Using SimplygonSwarm for distributed automatic mesh merging
[2019.03.17-09.36.09:373][  0]LogMeshUtilities: No automatic skeletal mesh reduction module available
[2019.03.17-09.36.09:373][  0]LogMeshUtilities: No automatic mesh merging module available
[2019.03.17-09.36.10:461][  0]LogNetVersion: GetLocalNetworkVersion: CL: 3195953, ProjectName: chess, ProjectVersion: , EngineNetworkVersion: 2, GameNetworkVersion: 0, NetworkChecksum: 1690184528
[2019.03.17-09.36.10:561][  0]LogAssetRegistry: FAssetRegistry took 0.0224 seconds to start up
[2019.03.17-09.36.10:657][  0]LogPackageLocalizationCache: Processed 3 localized package path(s) for 2 prioritized culture(s) in 0.043599 seconds
[2019.03.17-09.36.10:664][  0]LogUObjectArray: 31946 objects as part of root set at end of initial load.
[2019.03.17-09.36.10:664][  0]LogUObjectAllocator: 6935848 out of 0 bytes used by permanent object pool.
[2019.03.17-09.36.10:664][  0]LogUObjectArray: CloseDisregardForGC: 0/0 objects in disregard for GC pool
[2019.03.17-09.36.10:830][  0]LogInit: WinSock: version 1.1 (2.2), MaxSocks=32767, MaxUdp=65467
[2019.03.17-09.36.12:923][  0]LogSlate: Using Freetype 2.6.0
[2019.03.17-09.36.12:924][  0]LogSlate: SlateFontCache - WITH_FREETYPE: 1, WITH_HARFBUZZ: 1
[2019.03.17-09.36.12:924][  0]LogSlate: SlateFontCache - WITH_FREETYPE: 1, WITH_HARFBUZZ: 1
[2019.03.17-09.36.14:388][  0]LogTcpMessaging: Initializing TcpMessaging bridge
[2019.03.17-09.36.14:482][  0]LogUdpMessaging: Initializing bridge on interface 0.0.0.0:0 to multicast group 230.0.0.1:6666.
[2019.03.17-09.36.15:380][  0]LogMaterial: Uniform references updated for custom material expression Custom.
[2019.03.17-09.36.16:277][  0]SourceControl: Info Source control is disabled
[2019.03.17-09.36.16:395][  0]SourceControl: Info Source control is disabled
[2019.03.17-09.36.16:528][  0]SourceControl: Info Source control is disabled
[2019.03.17-09.36.16:659][  0]SourceControl: Info Source control is disabled
[2019.03.17-09.36.20:437][  0]LogEngine: Initializing Engine...
[2019.03.17-09.36.20:439][  0]LogHMD: Failed to initialize OpenVR with code 110
[2019.03.17-09.36.21:055][  0]LogAIModule: Creating AISystem for world Untitled
[2019.03.17-09.36.21:088][  0]LogInit: XAudio2 using 'Speakers (Conexant SmartAudio HD)' : 2 channels at 48 kHz using 32 bits per sample (channel mask 0x3)
[2019.03.17-09.36.21:250][  0]LogInit: FAudioDevice initialized.
[2019.03.17-09.36.21:285][  0]LogDerivedDataCache: Saved boot cache 0.04s 50MB C:/Users/Rohit Panjwani/AppData/Local/UnrealEngine/4.14/DerivedDataCache/Boot.ddc.
[2019.03.17-09.36.21:295][  0]LogInit: Texture streaming: Enabled
[2019.03.17-09.36.21:750][  0]LogInit: Transaction tracking system initialized
[2019.03.17-09.36.22:673][  0]BlueprintLog: New page: Editor Load
[2019.03.17-09.36.25:023][  0]LocalizationService: Info Localization service is disabled
[2019.03.17-09.36.27:104][  0]LogConsoleResponse:Display: 
[2019.03.17-09.36.27:341][  0]LogCook:Display: Max memory allowance for cook 16384mb min free memory 0mb
[2019.03.17-09.36.27:341][  0]LogCook:Display: Mobile HDR setting 1
[2019.03.17-09.36.27:923][  0]LogFileCache: Scanning file cache for directory 'C:/Users/Rohit Panjwani/Documents/Unreal Projects/Chess/Content/' took 0.01s
[2019.03.17-09.36.30:218][  0]SourceControl: Info Source control is disabled
[2019.03.17-09.36.30:218][  0]Cmd: MAP LOAD FILE="../../../Engine/Content/Maps/Templates/Template_Default.umap" TEMPLATE=1 SHOWPROGRESS=1 FEATURELEVEL=3
[2019.03.17-09.36.30:219][  0]LightingResults: New page: Lighting Build
[2019.03.17-09.36.30:317][  0]MapCheck: New page: Map Check
[2019.03.17-09.36.30:317][  0]LightingResults: New page: Lighting Build
[2019.03.17-09.36.30:550][  0]LogAIModule: Creating AISystem for world Untitled_1
[2019.03.17-09.36.30:551][  0]LogActorComponent: RegisterComponentWithWorld: (/Temp/Untitled_1.Untitled_1:PersistentLevel.WorldSettings_1.StaticMeshComponent0) Trying to register component with IsPendingKill() == true. Aborting.
[2019.03.17-09.36.30:559][  0]LogEditorServer: Finished looking for orphan Actors (0.000 secs)
[2019.03.17-09.36.30:564][  0]Cmd: MAP CHECKDEP NOCLEARLOG
[2019.03.17-09.36.30:666][  0]MapCheck: Info Map check complete: 0 Error(s), 0 Warning(s), took 101.634ms to complete.
[2019.03.17-09.36.30:666][  0]LogFileHelpers: Loading map 'Template_Default' took 0.447
[2019.03.17-09.36.30:935][  0]LogCollectionManager: Loaded 0 collections in 0.003263 seconds
[2019.03.17-09.36.31:256][  0]LogFileCache: Scanning file cache for directory 'C:/Users/Rohit Panjwani/Documents/Unreal Projects/Chess/Saved/Collections/' took 0.01s
[2019.03.17-09.36.31:256][  0]LogFileCache: Scanning file cache for directory 'C:/Users/Rohit Panjwani/Documents/Unreal Projects/Chess/Content/Developers/RohitPanjwani/Collections/' took 0.01s
[2019.03.17-09.36.31:256][  0]LogFileCache: Scanning file cache for directory 'C:/Users/Rohit Panjwani/Documents/Unreal Projects/Chess/Content/Collections/' took 0.01s
[2019.03.17-09.36.31:256][  0]LogCollectionManager: Rebuilt the GUID cache for 0 collections in 0.000006 seconds
[2019.03.17-09.36.31:280][  0]LogContentBrowser: Native class hierarchy populated in 0.0240 seconds. Added 2190 classes and 428 folders.
[2019.03.17-09.36.31:560][  0]LogStats: UGameplayTagsManager::ConstructGameplayTagTree: Construct from data asset -  0.000 s
[2019.03.17-09.36.31:560][  0]LogStats: UGameplayTagsManager::ConstructGameplayTagTree: GameplayTagTreeChangedEvent.Broadcast -  0.000 s
[2019.03.17-09.36.31:562][  0]LogContentBrowser: Native class hierarchy updated for 'GameplayTags' in 0.0020 seconds. Added 13 classes and 0 folders.
[2019.03.17-09.36.31:848][  0]LogContentBrowser: Native class hierarchy updated for 'WidgetCarousel' in 0.0007 seconds. Added 0 classes and 0 folders.
[2019.03.17-09.36.31:949][  0]LogContentBrowser: Native class hierarchy updated for 'AddContentDialog' in 0.0006 seconds. Added 0 classes and 0 folders.
[2019.03.17-09.36.32:117][  0]LogContentBrowser: Native class hierarchy updated for 'SceneOutliner' in 0.0012 seconds. Added 1 classes and 2 folders.
[2019.03.17-09.36.32:245][  0]LogCrashTracker: Crashtracker disabled due to settings.
[2019.03.17-09.36.32:252][  0]LogUObjectGlobals:Warning: Failed to find object 'Class None.'
[2019.03.17-09.36.32:387][  0]LogContentBrowser: Native class hierarchy updated for 'HierarchicalLODOutliner' in 0.0011 seconds. Added 1 classes and 2 folders.
[2019.03.17-09.36.32:388][  0]LogLoad: (Engine Initialization) Total time: 37.57 seconds
[2019.03.17-09.36.32:388][  0]LogLoad: (Engine Initialization) Total Blueprint compile time: 0.24 seconds
[2019.03.17-09.36.32:388][  0]LogExternalProfiler: Found external profiler: VSPerf
[2019.03.17-09.36.32:388][  0]LogExternalProfiler: Using external profiler: VSPerf
[2019.03.17-09.36.32:407][  0]LogWindowsTextInputMethodSystem:Display: IME system now deactivated.
[2019.03.17-09.36.32:408][  0]LogOcInput: OculusInput pre-init called
[2019.03.17-09.36.32:429][  0]LogContentStreaming: Texture pool size now 3000 MB
[2019.03.17-09.36.32:646][  0]LogRenderer: Reallocating scene render targets to support 744x448 NumSamples 1 (Frame:2).
[2019.03.17-09.36.32:744][  1]LogAssetRegistry: Asset discovery search completed in 22.2058 seconds
[2019.03.17-09.36.32:744][  1]LogCollectionManager: Rebuilt the object cache for 0 collections in 0.000000 seconds (found 0 objects)
[2019.03.17-09.36.32:744][  1]LogCollectionManager: Fixed up redirectors for 0 collections in 0.000028 seconds (updated 0 objects)
[2019.03.17-09.36.36:382][ 88]LogContentBrowser: Native class hierarchy updated for 'BlueprintGraph' in 0.0012 seconds. Added 111 classes and 0 folders.
[2019.03.17-09.39.05:324][591]LogTemp: Repeting last play command: Selected Viewport
[2019.03.17-09.39.05:356][591]LogPlayLevel: PlayLevel: No blueprints needed recompiling
[2019.03.17-09.39.05:357][591]PIE: New page: PIE session: Untitled_1 (17-Mar-2019 8:39:05 pm)
[2019.03.17-09.39.05:357][591]LogPlayLevel: Creating play world package: /Temp/UEDPIE_0_Untitled_1
[2019.03.17-09.39.05:360][591]LogPlayLevel: PIE: StaticDuplicateObject took: (0.003461s)
[2019.03.17-09.39.05:362][591]LogAIModule: Creating AISystem for world Untitled_1
[2019.03.17-09.39.05:363][591]LogPlayLevel: PIE: World Init took: (0.001573s)
[2019.03.17-09.39.05:363][591]LogPlayLevel: PIE: Created PIE world by copying editor world from /Temp/Untitled_1.Untitled_1 to /Temp/UEDPIE_0_Untitled_1.Untitled_1 (0.005395s)
[2019.03.17-09.39.05:421][591]LogInit: XAudio2 using 'Speakers (Conexant SmartAudio HD)' : 2 channels at 48 kHz using 32 bits per sample (channel mask 0x3)
[2019.03.17-09.39.05:514][591]LogInit: FAudioDevice initialized.
[2019.03.17-09.39.05:603][591]LogLoad: Game class is 'ChessGameMode_C'
[2019.03.17-09.39.05:608][591]LogWorld: Bringing World /Temp/UEDPIE_0_Untitled_1.Untitled_1 up for play (max tick rate 60) at 2019.03.17-15.09.05
[2019.03.17-09.39.05:609][591]LogWorld: Bringing up level for play took: 0.002388
[2019.03.17-09.39.05:777][591]LogContentBrowser: Native class hierarchy updated for 'MovieSceneCapture' in 0.0013 seconds. Added 11 classes and 0 folders.
[2019.03.17-09.39.05:783][591]PIE: Info Play in editor start time for /Temp/UEDPIE_0_Untitled_1 -0.235
[2019.03.17-09.39.05:814][591]LogRenderer: Reallocating scene render targets to support 1292x756 NumSamples 1 (Frame:87).
[2019.03.17-09.39.12:280][800]LogAIModule: Creating AISystem for world FirstLevel
[2019.03.17-09.39.12:337][800]Cmd: MAP LOAD FILE="../../../../../../Users/Rohit Panjwani/Documents/Unreal Projects/Chess/Content/FirstLevel.umap" TEMPLATE=0 SHOWPROGRESS=1 FEATURELEVEL=3
[2019.03.17-09.39.12:337][800]LightingResults: New page: Lighting Build
[2019.03.17-09.39.12:338][800]LoadErrors: New page: Loading map: FirstLevel.umap
[2019.03.17-09.39.12:339][800]MapCheck: New page: Map Check
[2019.03.17-09.39.12:339][800]LightingResults: New page: Lighting Build
[2019.03.17-09.39.12:447][800]LogEditorServer: Finished looking for orphan Actors (0.000 secs)
[2019.03.17-09.39.12:483][800]Cmd: MAP CHECKDEP NOCLEARLOG
[2019.03.17-09.39.12:637][800]MapCheck: Info Map check complete: 0 Error(s), 0 Warning(s), took 153.259ms to complete.
[2019.03.17-09.39.12:639][800]LogFileHelpers: Loading map 'FirstLevel' took 0.303
[2019.03.17-09.39.15:003][899]LogTemp: Repeting last play command: Selected Viewport
[2019.03.17-09.39.15:045][899]LogPlayLevel: PlayLevel: No blueprints needed recompiling
[2019.03.17-09.39.15:045][899]PIE: New page: PIE session: FirstLevel (17-Mar-2019 8:39:15 pm)
[2019.03.17-09.39.15:045][899]LogPlayLevel: Creating play world package: /Game/UEDPIE_0_FirstLevel
[2019.03.17-09.39.15:056][899]LogPlayLevel: PIE: StaticDuplicateObject took: (0.011620s)
[2019.03.17-09.39.15:057][899]LogAIModule: Creating AISystem for world FirstLevel
[2019.03.17-09.39.15:057][899]LogPlayLevel: PIE: World Init took: (0.000732s)
[2019.03.17-09.39.15:057][899]LogPlayLevel: PIE: Created PIE world by copying editor world from /Game/FirstLevel.FirstLevel to /Game/UEDPIE_0_FirstLevel.FirstLevel (0.012626s)
[2019.03.17-09.39.15:090][899]LogInit: XAudio2 using 'Speakers (Conexant SmartAudio HD)' : 2 channels at 48 kHz using 32 bits per sample (channel mask 0x3)
[2019.03.17-09.39.15:182][899]LogInit: FAudioDevice initialized.
[2019.03.17-09.39.15:227][899]LogLoad: Game class is 'ChessGameMode_C'
[2019.03.17-09.39.15:242][899]LogWorld: Bringing World /Game/UEDPIE_0_FirstLevel.FirstLevel up for play (max tick rate 60) at 2019.03.17-15.09.15
[2019.03.17-09.39.15:243][899]LogWorld: Bringing up level for play took: 0.010511
[2019.03.17-09.39.15:247][899]PIE: Info Play in editor start time for /Game/UEDPIE_0_FirstLevel 1.229
[2019.03.17-09.39.54:514][569]LogEditorTransaction: Undo Move Nodes
[2019.03.17-09.39.55:691][597]LogEditorTransaction: Undo Create Pin Link
[2019.03.17-09.39.56:674][624]LogEditorTransaction: Undo Move Nodes
[2019.03.17-09.40.04:759][832]LogEditorTransaction: Undo Add Node
[2019.03.17-09.40.24:496][620]BlueprintLog: New page: Compile King
[2019.03.17-09.40.25:256][635]Cmd: OBJ SAVEPACKAGE PACKAGE="/Game/Blueprints/King" FILE="../../../../../../Users/Rohit Panjwani/Documents/Unreal Projects/Chess/Content/Blueprints/King.uasset" SILENT=true
[2019.03.17-09.40.25:369][635]LogSavePackage: Save=55.40ms
[2019.03.17-09.40.25:369][635]LogSavePackage: Moving '../../../../../../Users/Rohit Panjwani/Documents/Unreal Projects/Chess/Saved/King5BAC7A2C49A9BC57F205A1828278ED68.tmp' to '../../../../../../Users/Rohit Panjwani/Documents/Unreal Projects/Chess/Content/Blueprints/King.uasset'
[2019.03.17-09.40.25:375][635]LogSavePackage:Display: Finished SavePackage ../../../../../../Users/Rohit Panjwani/Documents/Unreal Projects/Chess/Content/Blueprints/King.uasset
[2019.03.17-09.40.36:126][ 35]LogTemp: Repeting last play command: Selected Viewport
[2019.03.17-09.40.36:142][ 35]LogPlayLevel: PlayLevel: No blueprints needed recompiling
[2019.03.17-09.40.36:142][ 35]PIE: New page: PIE session: FirstLevel (17-Mar-2019 8:40:36 pm)
[2019.03.17-09.40.36:142][ 35]LogPlayLevel: Creating play world package: /Game/UEDPIE_0_FirstLevel
[2019.03.17-09.40.36:150][ 35]LogPlayLevel: PIE: StaticDuplicateObject took: (0.008131s)
[2019.03.17-09.40.36:151][ 35]LogAIModule: Creating AISystem for world FirstLevel
[2019.03.17-09.40.36:151][ 35]LogPlayLevel: PIE: World Init took: (0.000735s)
[2019.03.17-09.40.36:151][ 35]LogPlayLevel: PIE: Created PIE world by copying editor world from /Game/FirstLevel.FirstLevel to /Game/UEDPIE_0_FirstLevel.FirstLevel (0.009081s)
[2019.03.17-09.40.36:178][ 35]LogInit: XAudio2 using 'Speakers (Conexant SmartAudio HD)' : 2 channels at 48 kHz using 32 bits per sample (channel mask 0x3)
[2019.03.17-09.40.36:307][ 35]LogInit: FAudioDevice initialized.
[2019.03.17-09.40.36:394][ 35]LogLoad: Game class is 'ChessGameMode_C'
[2019.03.17-09.40.36:410][ 35]LogWorld: Bringing World /Game/UEDPIE_0_FirstLevel.FirstLevel up for play (max tick rate 60) at 2019.03.17-15.10.36
[2019.03.17-09.40.36:412][ 35]LogWorld: Bringing up level for play took: 0.013855
[2019.03.17-09.40.36:423][ 35]PIE: Info Play in editor start time for /Game/UEDPIE_0_FirstLevel 0.405
[2019.03.17-09.41.14:148][850]LogTemp: Repeting last play command: Selected Viewport
[2019.03.17-09.41.14:166][850]LogPlayLevel: PlayLevel: No blueprints needed recompiling
[2019.03.17-09.41.14:166][850]PIE: New page: PIE session: FirstLevel (17-Mar-2019 8:41:14 pm)
[2019.03.17-09.41.14:167][850]LogPlayLevel: Creating play world package: /Game/UEDPIE_0_FirstLevel
[2019.03.17-09.41.14:176][850]LogPlayLevel: PIE: StaticDuplicateObject took: (0.009742s)
[2019.03.17-09.41.14:177][850]LogAIModule: Creating AISystem for world FirstLevel
[2019.03.17-09.41.14:177][850]LogPlayLevel: PIE: World Init took: (0.000836s)
[2019.03.17-09.41.14:177][850]LogPlayLevel: PIE: Created PIE world by copying editor world from /Game/FirstLevel.FirstLevel to /Game/UEDPIE_0_FirstLevel.FirstLevel (0.010838s)
[2019.03.17-09.41.14:207][850]LogInit: XAudio2 using 'Speakers (Conexant SmartAudio HD)' : 2 channels at 48 kHz using 32 bits per sample (channel mask 0x3)
[2019.03.17-09.41.14:292][850]LogInit: FAudioDevice initialized.
[2019.03.17-09.41.14:351][850]LogLoad: Game class is 'ChessGameMode_C'
[2019.03.17-09.41.14:357][850]LogWorld: Bringing World /Game/UEDPIE_0_FirstLevel.FirstLevel up for play (max tick rate 60) at 2019.03.17-15.11.14
[2019.03.17-09.41.14:358][850]LogWorld: Bringing up level for play took: 0.004833
[2019.03.17-09.41.14:363][850]PIE: Info Play in editor start time for /Game/UEDPIE_0_FirstLevel 0.344
[2019.03.17-09.41.33:589][688]BlueprintLog: New page: Compile ChessGameMode
[2019.03.17-09.41.34:323][703]Cmd: OBJ SAVEPACKAGE PACKAGE="/Game/Blueprints/ChessGameMode" FILE="../../../../../../Users/Rohit Panjwani/Documents/Unreal Projects/Chess/Content/Blueprints/ChessGameMode.uasset" SILENT=true
[2019.03.17-09.41.34:386][703]LogSavePackage: Save=25.56ms
[2019.03.17-09.41.34:386][703]LogSavePackage: Moving '../../../../../../Users/Rohit Panjwani/Documents/Unreal Projects/Chess/Saved/ChessGameMode615850454592D286F33A9EBD29FD8A69.tmp' to '../../../../../../Users/Rohit Panjwani/Documents/Unreal Projects/Chess/Content/Blueprints/ChessGameMode.uasset'
[2019.03.17-09.41.34:394][703]LogSavePackage:Display: Finished SavePackage ../../../../../../Users/Rohit Panjwani/Documents/Unreal Projects/Chess/Content/Blueprints/ChessGameMode.uasset
[2019.03.17-09.41.34:988][728]LogTemp: Repeting last play command: Selected Viewport
[2019.03.17-09.41.35:005][728]LogPlayLevel: PlayLevel: No blueprints needed recompiling
[2019.03.17-09.41.35:005][728]PIE: New page: PIE session: FirstLevel (17-Mar-2019 8:41:35 pm)
[2019.03.17-09.41.35:005][728]LogPlayLevel: Creating play world package: /Game/UEDPIE_0_FirstLevel
[2019.03.17-09.41.35:014][728]LogPlayLevel: PIE: StaticDuplicateObject took: (0.008604s)
[2019.03.17-09.41.35:014][728]LogAIModule: Creating AISystem for world FirstLevel
[2019.03.17-09.41.35:015][728]LogPlayLevel: PIE: World Init took: (0.000692s)
[2019.03.17-09.41.35:015][728]LogPlayLevel: PIE: Created PIE world by copying editor world from /Game/FirstLevel.FirstLevel to /Game/UEDPIE_0_FirstLevel.FirstLevel (0.009544s)
[2019.03.17-09.41.35:055][728]LogInit: XAudio2 using 'Speakers (Conexant SmartAudio HD)' : 2 channels at 48 kHz using 32 bits per sample (channel mask 0x3)
[2019.03.17-09.41.35:163][728]LogInit: FAudioDevice initialized.
[2019.03.17-09.41.35:238][728]LogLoad: Game class is 'ChessGameMode_C'
[2019.03.17-09.41.35:248][728]LogWorld: Bringing World /Game/UEDPIE_0_FirstLevel.FirstLevel up for play (max tick rate 60) at 2019.03.17-15.11.35
[2019.03.17-09.41.35:249][728]LogWorld: Bringing up level for play took: 0.007196
[2019.03.17-09.41.35:257][728]PIE: Info Play in editor start time for /Game/UEDPIE_0_FirstLevel 1.238
[2019.03.17-09.41.49:617][224]BlueprintLog: New page: Compile ChessGameMode
[2019.03.17-09.41.50:350][237]Cmd: OBJ SAVEPACKAGE PACKAGE="/Game/Blueprints/ChessGameMode" FILE="../../../../../../Users/Rohit Panjwani/Documents/Unreal Projects/Chess/Content/Blueprints/ChessGameMode.uasset" SILENT=true
[2019.03.17-09.41.50:421][237]LogSavePackage: Save=31.22ms
[2019.03.17-09.41.50:422][237]LogSavePackage: Moving '../../../../../../Users/Rohit Panjwani/Documents/Unreal Projects/Chess/Saved/ChessGameModeF8D7F3AF47DE69FFD7575AA8328BAF88.tmp' to '../../../../../../Users/Rohit Panjwani/Documents/Unreal Projects/Chess/Content/Blueprints/ChessGameMode.uasset'
[2019.03.17-09.41.50:429][237]LogSavePackage:Display: Finished SavePackage ../../../../../../Users/Rohit Panjwani/Documents/Unreal Projects/Chess/Content/Blueprints/ChessGameMode.uasset
[2019.03.17-09.41.51:067][258]LogTemp: Repeting last play command: Selected Viewport
[2019.03.17-09.41.51:085][258]LogPlayLevel: PlayLevel: No blueprints needed recompiling
[2019.03.17-09.41.51:086][258]PIE: New page: PIE session: FirstLevel (17-Mar-2019 8:41:51 pm)
[2019.03.17-09.41.51:086][258]LogPlayLevel: Creating play world package: /Game/UEDPIE_0_FirstLevel
[2019.03.17-09.41.51:098][258]LogPlayLevel: PIE: StaticDuplicateObject took: (0.011671s)
[2019.03.17-09.41.51:098][258]LogAIModule: Creating AISystem for world FirstLevel
[2019.03.17-09.41.51:098][258]LogPlayLevel: PIE: World Init took: (0.000739s)
[2019.03.17-09.41.51:099][258]LogPlayLevel: PIE: Created PIE world by copying editor world from /Game/FirstLevel.FirstLevel to /Game/UEDPIE_0_FirstLevel.FirstLevel (0.012743s)
[2019.03.17-09.41.51:125][258]LogInit: XAudio2 using 'Speakers (Conexant SmartAudio HD)' : 2 channels at 48 kHz using 32 bits per sample (channel mask 0x3)
[2019.03.17-09.41.51:193][258]LogInit: FAudioDevice initialized.
[2019.03.17-09.41.51:244][258]LogLoad: Game class is 'ChessGameMode_C'
[2019.03.17-09.41.51:252][258]LogWorld: Bringing World /Game/UEDPIE_0_FirstLevel.FirstLevel up for play (max tick rate 60) at 2019.03.17-15.11.51
[2019.03.17-09.41.51:252][258]LogWorld: Bringing up level for play took: 0.005996
[2019.03.17-09.41.51:259][258]PIE: Info Play in editor start time for /Game/UEDPIE_0_FirstLevel -0.759
[2019.03.17-09.43.44:247][548]LogTemp: Repeting last play command: Selected Viewport
[2019.03.17-09.43.44:267][548]LogPlayLevel: PlayLevel: No blueprints needed recompiling
[2019.03.17-09.43.44:267][548]PIE: New page: PIE session: FirstLevel (17-Mar-2019 8:43:44 pm)
[2019.03.17-09.43.44:267][548]LogPlayLevel: Creating play world package: /Game/UEDPIE_0_FirstLevel
[2019.03.17-09.43.44:277][548]LogPlayLevel: PIE: StaticDuplicateObject took: (0.009344s)
[2019.03.17-09.43.44:277][548]LogAIModule: Creating AISystem for world FirstLevel
[2019.03.17-09.43.44:278][548]LogPlayLevel: PIE: World Init took: (0.000968s)
[2019.03.17-09.43.44:278][548]LogPlayLevel: PIE: Created PIE world by copying editor world from /Game/FirstLevel.FirstLevel to /Game/UEDPIE_0_FirstLevel.FirstLevel (0.010811s)
[2019.03.17-09.43.44:303][548]LogInit: XAudio2 using 'Speakers (Conexant SmartAudio HD)' : 2 channels at 48 kHz using 32 bits per sample (channel mask 0x3)
[2019.03.17-09.43.44:361][548]LogInit: FAudioDevice initialized.
[2019.03.17-09.43.44:424][548]LogLoad: Game class is 'ChessGameMode_C'
[2019.03.17-09.43.44:432][548]LogWorld: Bringing World /Game/UEDPIE_0_FirstLevel.FirstLevel up for play (max tick rate 60) at 2019.03.17-15.13.44
[2019.03.17-09.43.44:434][548]LogWorld: Bringing up level for play took: 0.008238
[2019.03.17-09.43.44:440][548]PIE: Info Play in editor start time for /Game/UEDPIE_0_FirstLevel 0.422
[2019.03.17-09.43.51:114][743]LogBlueprintUserMessages: [board_Piece37] X=-364.000 Y=925.000 Z=10.000
[2019.03.17-09.45.02:087][ 27]LogTemp: Repeting last play command: Selected Viewport
[2019.03.17-09.45.02:108][ 27]BlueprintLog: New page: Pre-Play auto-recompile
[2019.03.17-09.45.02:108][ 27]LogPlayLevel: [PlayLevel] Compiling ChessGameMode before play...
[2019.03.17-09.45.02:273][ 27]LogPlayLevel: PlayLevel: Blueprint regeneration took 164 ms (1 blueprints)
[2019.03.17-09.45.02:273][ 27]PIE: New page: PIE session: FirstLevel (17-Mar-2019 8:45:02 pm)
[2019.03.17-09.45.02:273][ 27]LogPlayLevel: Creating play world package: /Game/UEDPIE_0_FirstLevel
[2019.03.17-09.45.02:284][ 27]LogPlayLevel: PIE: StaticDuplicateObject took: (0.011288s)
[2019.03.17-09.45.02:285][ 27]LogAIModule: Creating AISystem for world FirstLevel
[2019.03.17-09.45.02:286][ 27]LogPlayLevel: PIE: World Init took: (0.001088s)
[2019.03.17-09.45.02:286][ 27]LogPlayLevel: PIE: Created PIE world by copying editor world from /Game/FirstLevel.FirstLevel to /Game/UEDPIE_0_FirstLevel.FirstLevel (0.012676s)
[2019.03.17-09.45.02:317][ 27]LogInit: XAudio2 using 'Speakers (Conexant SmartAudio HD)' : 2 channels at 48 kHz using 32 bits per sample (channel mask 0x3)
[2019.03.17-09.45.02:379][ 27]LogInit: FAudioDevice initialized.
[2019.03.17-09.45.02:436][ 27]LogLoad: Game class is 'ChessGameMode_C'
[2019.03.17-09.45.02:446][ 27]LogWorld: Bringing World /Game/UEDPIE_0_FirstLevel.FirstLevel up for play (max tick rate 60) at 2019.03.17-15.15.02
[2019.03.17-09.45.02:446][ 27]LogWorld: Bringing up level for play took: 0.007366
[2019.03.17-09.45.02:453][ 27]PIE: Info Play in editor start time for /Game/UEDPIE_0_FirstLevel 0.434
[2019.03.17-09.45.04:357][ 78]LogBlueprintUserMessages: [ChessGameMode_C_0] "Default
[2019.03.17-09.45.05:323][107]LogBlueprintUserMessages: [ChessGameMode_C_0] "Default
[2019.03.17-09.45.07:522][173]LogBlueprintUserMessages: [ChessGameMode_C_0] "Default
[2019.03.17-09.45.10:021][248]LogBlueprintUserMessages: [ChessGameMode_C_0] "Default
[2019.03.17-09.45.10:988][277]LogBlueprintUserMessages: [ChessGameMode_C_0] "Default
[2019.03.17-09.45.45:005][958]LogTemp: Repeting last play command: Selected Viewport
[2019.03.17-09.45.45:021][958]BlueprintLog: New page: Pre-Play auto-recompile
[2019.03.17-09.45.45:021][958]LogPlayLevel: [PlayLevel] Compiling ChessGameMode before play...
[2019.03.17-09.45.45:199][958]LogPlayLevel: PlayLevel: Blueprint regeneration took 178 ms (1 blueprints)
[2019.03.17-09.45.45:199][958]PIE: New page: PIE session: FirstLevel (17-Mar-2019 8:45:45 pm)
[2019.03.17-09.45.45:199][958]LogPlayLevel: Creating play world package: /Game/UEDPIE_0_FirstLevel
[2019.03.17-09.45.45:210][958]LogPlayLevel: PIE: StaticDuplicateObject took: (0.009937s)
[2019.03.17-09.45.45:211][958]LogAIModule: Creating AISystem for world FirstLevel
[2019.03.17-09.45.45:211][958]LogPlayLevel: PIE: World Init took: (0.000827s)
[2019.03.17-09.45.45:211][958]LogPlayLevel: PIE: Created PIE world by copying editor world from /Game/FirstLevel.FirstLevel to /Game/UEDPIE_0_FirstLevel.FirstLevel (0.011158s)
[2019.03.17-09.45.45:238][958]LogInit: XAudio2 using 'Speakers (Conexant SmartAudio HD)' : 2 channels at 48 kHz using 32 bits per sample (channel mask 0x3)
[2019.03.17-09.45.45:304][958]LogInit: FAudioDevice initialized.
[2019.03.17-09.45.45:365][958]LogLoad: Game class is 'ChessGameMode_C'
[2019.03.17-09.45.45:375][958]LogWorld: Bringing World /Game/UEDPIE_0_FirstLevel.FirstLevel up for play (max tick rate 60) at 2019.03.17-15.15.45
[2019.03.17-09.45.45:376][958]LogWorld: Bringing up level for play took: 0.007465
[2019.03.17-09.45.45:383][958]PIE: Info Play in editor start time for /Game/UEDPIE_0_FirstLevel 1.365
[2019.03.17-09.45.46:993][  6]LogBlueprintUserMessages: [ChessGameMode_C_0] noone
[2019.03.17-09.45.48:258][ 44]LogBlueprintUserMessages: [ChessGameMode_C_0] a
[2019.03.17-09.45.49:757][ 89]LogBlueprintUserMessages: [ChessGameMode_C_0] 
[2019.03.17-09.45.51:324][136]LogBlueprintUserMessages: [ChessGameMode_C_0] 
[2019.03.17-09.45.52:958][185]LogBlueprintUserMessages: [ChessGameMode_C_0] a
[2019.03.17-09.45.53:989][216]LogBlueprintUserMessages: [ChessGameMode_C_0] 
[2019.03.17-09.45.55:357][257]LogBlueprintUserMessages: [ChessGameMode_C_0] 
[2019.03.17-09.46.03:596][609]Cmd: OBJ SAVEPACKAGE PACKAGE="/Game/Blueprints/ChessGameMode" FILE="../../../../../../Users/Rohit Panjwani/Documents/Unreal Projects/Chess/Content/Blueprints/ChessGameMode.uasset" SILENT=true
[2019.03.17-09.46.03:648][609]LogSavePackage: Save=20.63ms
[2019.03.17-09.46.03:648][609]LogSavePackage: Moving '../../../../../../Users/Rohit Panjwani/Documents/Unreal Projects/Chess/Saved/ChessGameModeBC00A72347C2B7BDA5B9D884481AB17E.tmp' to '../../../../../../Users/Rohit Panjwani/Documents/Unreal Projects/Chess/Content/Blueprints/ChessGameMode.uasset'
[2019.03.17-09.46.03:653][609]LogSavePackage:Display: Finished SavePackage ../../../../../../Users/Rohit Panjwani/Documents/Unreal Projects/Chess/Content/Blueprints/ChessGameMode.uasset
[2019.03.17-09.46.05:681][690]LogTemp: Repeting last play command: Selected Viewport
[2019.03.17-09.46.05:698][690]LogPlayLevel: PlayLevel: No blueprints needed recompiling
[2019.03.17-09.46.05:698][690]PIE: New page: PIE session: FirstLevel (17-Mar-2019 8:46:05 pm)
[2019.03.17-09.46.05:699][690]LogPlayLevel: Creating play world package: /Game/UEDPIE_0_FirstLevel
[2019.03.17-09.46.05:706][690]LogPlayLevel: PIE: StaticDuplicateObject took: (0.007728s)
[2019.03.17-09.46.05:707][690]LogAIModule: Creating AISystem for world FirstLevel
[2019.03.17-09.46.05:707][690]LogPlayLevel: PIE: World Init took: (0.000551s)
[2019.03.17-09.46.05:707][690]LogPlayLevel: PIE: Created PIE world by copying editor world from /Game/FirstLevel.FirstLevel to /Game/UEDPIE_0_FirstLevel.FirstLevel (0.008492s)
[2019.03.17-09.46.05:731][690]LogInit: XAudio2 using 'Speakers (Conexant SmartAudio HD)' : 2 channels at 48 kHz using 32 bits per sample (channel mask 0x3)
[2019.03.17-09.46.05:806][690]LogInit: FAudioDevice initialized.
[2019.03.17-09.46.05:868][690]LogLoad: Game class is 'ChessGameMode_C'
[2019.03.17-09.46.05:877][690]LogWorld: Bringing World /Game/UEDPIE_0_FirstLevel.FirstLevel up for play (max tick rate 60) at 2019.03.17-15.16.05
[2019.03.17-09.46.05:878][690]LogWorld: Bringing up level for play took: 0.007056
[2019.03.17-09.46.05:885][690]PIE: Info Play in editor start time for /Game/UEDPIE_0_FirstLevel -0.134
[2019.03.17-09.46.07:420][733]LogBlueprintUserMessages: [ChessGameMode_C_0] noone
[2019.03.17-09.46.08:087][753]LogBlueprintUserMessages: [ChessGameMode_C_0] a
[2019.03.17-09.46.09:451][794]LogBlueprintUserMessages: [board_Piece35] X=-362.000 Y=725.000 Z=10.000
[2019.03.17-09.46.11:950][869]LogBlueprintUserMessages: [ChessGameMode_C_0] 
[2019.03.17-09.46.13:183][906]LogBlueprintUserMessages: [ChessGameMode_C_0] 
[2019.03.17-09.46.14:948][959]LogBlueprintUserMessages: [ChessGameMode_C_0] a
[2019.03.17-09.46.15:881][987]LogBlueprintUserMessages: [ChessGameMode_C_0] 
[2019.03.17-09.46.16:783][ 14]LogBlueprintUserMessages: [ChessGameMode_C_0] 
[2019.03.17-09.46.19:782][104]LogBlueprintUserMessages: [ChessGameMode_C_0] a
[2019.03.17-09.47.09:695][243]BlueprintLog: New page: Compile ChessGameMode
[2019.03.17-09.47.10:293][253]Cmd: OBJ SAVEPACKAGE PACKAGE="/Game/Blueprints/ChessGameMode" FILE="../../../../../../Users/Rohit Panjwani/Documents/Unreal Projects/Chess/Content/Blueprints/ChessGameMode.uasset" SILENT=true
[2019.03.17-09.47.10:355][253]LogSavePackage: Save=29.28ms
[2019.03.17-09.47.10:355][253]LogSavePackage: Moving '../../../../../../Users/Rohit Panjwani/Documents/Unreal Projects/Chess/Saved/ChessGameMode6C0DBCDD424C8706C7ACAB9B6BA630AD.tmp' to '../../../../../../Users/Rohit Panjwani/Documents/Unreal Projects/Chess/Content/Blueprints/ChessGameMode.uasset'
[2019.03.17-09.47.10:363][253]LogSavePackage:Display: Finished SavePackage ../../../../../../Users/Rohit Panjwani/Documents/Unreal Projects/Chess/Content/Blueprints/ChessGameMode.uasset
[2019.03.17-09.47.11:061][276]LogTemp: Repeting last play command: Selected Viewport
[2019.03.17-09.47.11:076][276]LogPlayLevel: PlayLevel: No blueprints needed recompiling
[2019.03.17-09.47.11:076][276]PIE: New page: PIE session: FirstLevel (17-Mar-2019 8:47:11 pm)
[2019.03.17-09.47.11:076][276]LogPlayLevel: Creating play world package: /Game/UEDPIE_0_FirstLevel
[2019.03.17-09.47.11:084][276]LogPlayLevel: PIE: StaticDuplicateObject took: (0.007867s)
[2019.03.17-09.47.11:084][276]LogAIModule: Creating AISystem for world FirstLevel
[2019.03.17-09.47.11:085][276]LogPlayLevel: PIE: World Init took: (0.000650s)
[2019.03.17-09.47.11:085][276]LogPlayLevel: PIE: Created PIE world by copying editor world from /Game/FirstLevel.FirstLevel to /Game/UEDPIE_0_FirstLevel.FirstLevel (0.008734s)
[2019.03.17-09.47.11:108][276]LogInit: XAudio2 using 'Speakers (Conexant SmartAudio HD)' : 2 channels at 48 kHz using 32 bits per sample (channel mask 0x3)
[2019.03.17-09.47.11:184][276]LogInit: FAudioDevice initialized.
[2019.03.17-09.47.11:249][276]LogLoad: Game class is 'ChessGameMode_C'
[2019.03.17-09.47.11:259][276]LogWorld: Bringing World /Game/UEDPIE_0_FirstLevel.FirstLevel up for play (max tick rate 60) at 2019.03.17-15.17.11
[2019.03.17-09.47.11:260][276]LogWorld: Bringing up level for play took: 0.007954
[2019.03.17-09.47.11:269][276]PIE: Info Play in editor start time for /Game/UEDPIE_0_FirstLevel -0.75
[2019.03.17-09.47.28:336][882]BlueprintLog: New page: Compile ChessGameMode
[2019.03.17-09.47.29:020][897]Cmd: OBJ SAVEPACKAGE PACKAGE="/Game/Blueprints/ChessGameMode" FILE="../../../../../../Users/Rohit Panjwani/Documents/Unreal Projects/Chess/Content/Blueprints/ChessGameMode.uasset" SILENT=true
[2019.03.17-09.47.29:102][897]LogSavePackage: Save=36.14ms
[2019.03.17-09.47.29:103][897]LogSavePackage: Moving '../../../../../../Users/Rohit Panjwani/Documents/Unreal Projects/Chess/Saved/ChessGameMode97AC5DA445878400A98A2394FA39B91C.tmp' to '../../../../../../Users/Rohit Panjwani/Documents/Unreal Projects/Chess/Content/Blueprints/ChessGameMode.uasset'
[2019.03.17-09.47.29:112][897]LogSavePackage:Display: Finished SavePackage ../../../../../../Users/Rohit Panjwani/Documents/Unreal Projects/Chess/Content/Blueprints/ChessGameMode.uasset
[2019.03.17-09.47.31:165][953]Cmd: OBJ SAVEPACKAGE PACKAGE="/Game/Blueprints/Knight" FILE="../../../../../../Users/Rohit Panjwani/Documents/Unreal Projects/Chess/Content/Blueprints/Knight.uasset" SILENT=true
[2019.03.17-09.47.31:346][953]LogSavePackage: Save=103.42ms
[2019.03.17-09.47.31:346][953]LogSavePackage: Moving '../../../../../../Users/Rohit Panjwani/Documents/Unreal Projects/Chess/Saved/Knight41EEEC524E3771B8EBED158CC108A67B.tmp' to '../../../../../../Users/Rohit Panjwani/Documents/Unreal Projects/Chess/Content/Blueprints/Knight.uasset'
[2019.03.17-09.47.31:363][953]LogSavePackage:Display: Finished SavePackage ../../../../../../Users/Rohit Panjwani/Documents/Unreal Projects/Chess/Content/Blueprints/Knight.uasset
[2019.03.17-09.47.32:935][  7]LogTemp: Repeting last play command: Selected Viewport
[2019.03.17-09.47.32:951][  7]LogPlayLevel: PlayLevel: No blueprints needed recompiling
[2019.03.17-09.47.32:951][  7]PIE: New page: PIE session: FirstLevel (17-Mar-2019 8:47:32 pm)
[2019.03.17-09.47.32:952][  7]LogPlayLevel: Creating play world package: /Game/UEDPIE_0_FirstLevel
[2019.03.17-09.47.32:960][  7]LogPlayLevel: PIE: StaticDuplicateObject took: (0.007880s)
[2019.03.17-09.47.32:961][  7]LogAIModule: Creating AISystem for world FirstLevel
[2019.03.17-09.47.32:961][  7]LogPlayLevel: PIE: World Init took: (0.000613s)
[2019.03.17-09.47.32:961][  7]LogPlayLevel: PIE: Created PIE world by copying editor world from /Game/FirstLevel.FirstLevel to /Game/UEDPIE_0_FirstLevel.FirstLevel (0.008712s)
[2019.03.17-09.47.32:986][  7]LogInit: XAudio2 using 'Speakers (Conexant SmartAudio HD)' : 2 channels at 48 kHz using 32 bits per sample (channel mask 0x3)
[2019.03.17-09.47.33:047][  7]LogInit: FAudioDevice initialized.
[2019.03.17-09.47.33:115][  7]LogLoad: Game class is 'ChessGameMode_C'
[2019.03.17-09.47.33:127][  7]LogWorld: Bringing World /Game/UEDPIE_0_FirstLevel.FirstLevel up for play (max tick rate 60) at 2019.03.17-15.17.33
[2019.03.17-09.47.33:128][  7]LogWorld: Bringing up level for play took: 0.010074
[2019.03.17-09.47.33:137][  7]PIE: Info Play in editor start time for /Game/UEDPIE_0_FirstLevel 1.119
[2019.03.17-09.47.34:773][ 56]LogBlueprintUserMessages: [ChessGameMode_C_0] noone
[2019.03.17-09.47.36:438][106]LogBlueprintUserMessages: [ChessGameMode_C_0] a
[2019.03.17-09.47.47:907][530]Cmd: OBJ SAVEPACKAGE PACKAGE="/Game/Blueprints/Bishop" FILE="../../../../../../Users/Rohit Panjwani/Documents/Unreal Projects/Chess/Content/Blueprints/Bishop.uasset" SILENT=true
[2019.03.17-09.47.48:100][530]LogSavePackage: Save=109.62ms
[2019.03.17-09.47.48:100][530]LogSavePackage: Moving '../../../../../../Users/Rohit Panjwani/Documents/Unreal Projects/Chess/Saved/BishopDD40D653475DA65154FDCAB7142EAB39.tmp' to '../../../../../../Users/Rohit Panjwani/Documents/Unreal Projects/Chess/Content/Blueprints/Bishop.uasset'
[2019.03.17-09.47.48:108][530]LogSavePackage:Display: Finished SavePackage ../../../../../../Users/Rohit Panjwani/Documents/Unreal Projects/Chess/Content/Blueprints/Bishop.uasset
[2019.03.17-09.48.12:457][544]BlueprintLog: New page: Compile Bishop
[2019.03.17-09.48.13:307][561]Cmd: OBJ SAVEPACKAGE PACKAGE="/Game/Blueprints/Bishop" FILE="../../../../../../Users/Rohit Panjwani/Documents/Unreal Projects/Chess/Content/Blueprints/Bishop.uasset" SILENT=true
[2019.03.17-09.48.13:396][561]LogSavePackage: Save=43.44ms
[2019.03.17-09.48.13:397][561]LogSavePackage: Moving '../../../../../../Users/Rohit Panjwani/Documents/Unreal Projects/Chess/Saved/Bishop31FF4A8F42FD1FA1CECCFBA3402E0BA4.tmp' to '../../../../../../Users/Rohit Panjwani/Documents/Unreal Projects/Chess/Content/Blueprints/Bishop.uasset'
[2019.03.17-09.48.13:403][561]LogSavePackage:Display: Finished SavePackage ../../../../../../Users/Rohit Panjwani/Documents/Unreal Projects/Chess/Content/Blueprints/Bishop.uasset
[2019.03.17-09.48.14:057][583]LogTemp: Repeting last play command: Selected Viewport
[2019.03.17-09.48.14:073][583]LogPlayLevel: PlayLevel: No blueprints needed recompiling
[2019.03.17-09.48.14:073][583]PIE: New page: PIE session: FirstLevel (17-Mar-2019 8:48:14 pm)
[2019.03.17-09.48.14:073][583]LogPlayLevel: Creating play world package: /Game/UEDPIE_0_FirstLevel
[2019.03.17-09.48.14:082][583]LogPlayLevel: PIE: StaticDuplicateObject took: (0.008850s)
[2019.03.17-09.48.14:082][583]LogAIModule: Creating AISystem for world FirstLevel
[2019.03.17-09.48.14:082][583]LogPlayLevel: PIE: World Init took: (0.000857s)
[2019.03.17-09.48.14:082][583]LogPlayLevel: PIE: Created PIE world by copying editor world from /Game/FirstLevel.FirstLevel to /Game/UEDPIE_0_FirstLevel.FirstLevel (0.010025s)
[2019.03.17-09.48.14:107][583]LogInit: XAudio2 using 'Speakers (Conexant SmartAudio HD)' : 2 channels at 48 kHz using 32 bits per sample (channel mask 0x3)
[2019.03.17-09.48.14:183][583]LogInit: FAudioDevice initialized.
[2019.03.17-09.48.14:243][583]LogLoad: Game class is 'ChessGameMode_C'
[2019.03.17-09.48.14:249][583]LogWorld: Bringing World /Game/UEDPIE_0_FirstLevel.FirstLevel up for play (max tick rate 60) at 2019.03.17-15.18.14
[2019.03.17-09.48.14:250][583]LogWorld: Bringing up level for play took: 0.004912
[2019.03.17-09.48.14:251][583]LogBlueprintUserMessages: [Bishop2] Bishop
[2019.03.17-09.48.14:251][583]LogBlueprintUserMessages: [Bishop3] Bishop
[2019.03.17-09.48.14:251][583]LogBlueprintUserMessages: [Bishop4] Bishop
[2019.03.17-09.48.14:252][583]LogBlueprintUserMessages: [Bishop_257] Bishop
[2019.03.17-09.48.14:255][583]PIE: Info Play in editor start time for /Game/UEDPIE_0_FirstLevel 0.236
[2019.03.17-09.48.17:244][667]LogBlueprintUserMessages: [ChessGameMode_C_0] noone
[2019.03.17-09.48.18:776][713]LogBlueprintUserMessages: [ChessGameMode_C_0] a
[2019.03.17-09.48.45:161][782]Cmd: OBJ SAVEPACKAGE PACKAGE="/Game/Blueprints/ChessGameMode" FILE="../../../../../../Users/Rohit Panjwani/Documents/Unreal Projects/Chess/Content/Blueprints/ChessGameMode.uasset" SILENT=true
[2019.03.17-09.48.45:238][782]LogSavePackage: Save=33.11ms
[2019.03.17-09.48.45:238][782]LogSavePackage: Moving '../../../../../../Users/Rohit Panjwani/Documents/Unreal Projects/Chess/Saved/ChessGameMode375137EC4D76C6225806478FF203A077.tmp' to '../../../../../../Users/Rohit Panjwani/Documents/Unreal Projects/Chess/Content/Blueprints/ChessGameMode.uasset'
[2019.03.17-09.48.45:250][782]LogSavePackage:Display: Finished SavePackage ../../../../../../Users/Rohit Panjwani/Documents/Unreal Projects/Chess/Content/Blueprints/ChessGameMode.uasset
[2019.03.17-09.48.45:678][796]LogTemp: Repeting last play command: Selected Viewport
[2019.03.17-09.48.45:694][796]LogPlayLevel: PlayLevel: No blueprints needed recompiling
[2019.03.17-09.48.45:695][796]PIE: New page: PIE session: FirstLevel (17-Mar-2019 8:48:45 pm)
[2019.03.17-09.48.45:695][796]LogPlayLevel: Creating play world package: /Game/UEDPIE_0_FirstLevel
[2019.03.17-09.48.45:703][796]LogPlayLevel: PIE: StaticDuplicateObject took: (0.008036s)
[2019.03.17-09.48.45:703][796]LogAIModule: Creating AISystem for world FirstLevel
[2019.03.17-09.48.45:703][796]LogPlayLevel: PIE: World Init took: (0.000557s)
[2019.03.17-09.48.45:703][796]LogPlayLevel: PIE: Created PIE world by copying editor world from /Game/FirstLevel.FirstLevel to /Game/UEDPIE_0_FirstLevel.FirstLevel (0.008823s)
[2019.03.17-09.48.45:727][796]LogInit: XAudio2 using 'Speakers (Conexant SmartAudio HD)' : 2 channels at 48 kHz using 32 bits per sample (channel mask 0x3)
[2019.03.17-09.48.45:788][796]LogInit: FAudioDevice initialized.
[2019.03.17-09.48.45:850][796]LogLoad: Game class is 'ChessGameMode_C'
[2019.03.17-09.48.45:859][796]LogWorld: Bringing World /Game/UEDPIE_0_FirstLevel.FirstLevel up for play (max tick rate 60) at 2019.03.17-15.18.45
[2019.03.17-09.48.45:861][796]LogWorld: Bringing up level for play took: 0.007693
[2019.03.17-09.48.45:863][796]LogBlueprintUserMessages: [Bishop2] Bishop
[2019.03.17-09.48.45:863][796]LogBlueprintUserMessages: [Bishop3] Bishop
[2019.03.17-09.48.45:863][796]LogBlueprintUserMessages: [Bishop4] Bishop
[2019.03.17-09.48.45:864][796]LogBlueprintUserMessages: [Bishop_257] Bishop
[2019.03.17-09.48.45:869][796]PIE: Info Play in editor start time for /Game/UEDPIE_0_FirstLevel -0.151
[2019.03.17-09.48.47:647][849]LogBlueprintUserMessages: [ChessGameMode_C_0] noone
[2019.03.17-09.48.48:347][870]LogBlueprintUserMessages: [ChessGameMode_C_0] a
[2019.03.17-09.48.49:847][915]LogBlueprintUserMessages: [ChessGameMode_C_0] 
[2019.03.17-09.48.50:547][936]LogBlueprintUserMessages: [ChessGameMode_C_0] 
[2019.03.17-09.50.00:605][345]BlueprintLog: New page: Compile ChessGameMode
[2019.03.17-09.50.01:302][359]Cmd: OBJ SAVEPACKAGE PACKAGE="/Game/Blueprints/ChessGameMode" FILE="../../../../../../Users/Rohit Panjwani/Documents/Unreal Projects/Chess/Content/Blueprints/ChessGameMode.uasset" SILENT=true
[2019.03.17-09.50.01:381][359]LogSavePackage: Save=32.92ms
[2019.03.17-09.50.01:381][359]LogSavePackage: Moving '../../../../../../Users/Rohit Panjwani/Documents/Unreal Projects/Chess/Saved/ChessGameMode85D73913428A00C28CAAB78F555B889E.tmp' to '../../../../../../Users/Rohit Panjwani/Documents/Unreal Projects/Chess/Content/Blueprints/ChessGameMode.uasset'
[2019.03.17-09.50.01:391][359]LogSavePackage:Display: Finished SavePackage ../../../../../../Users/Rohit Panjwani/Documents/Unreal Projects/Chess/Content/Blueprints/ChessGameMode.uasset
[2019.03.17-09.50.02:720][401]LogTemp: Repeting last play command: Selected Viewport
[2019.03.17-09.50.02:736][401]LogPlayLevel: PlayLevel: No blueprints needed recompiling
[2019.03.17-09.50.02:736][401]PIE: New page: PIE session: FirstLevel (17-Mar-2019 8:50:02 pm)
[2019.03.17-09.50.02:736][401]LogPlayLevel: Creating play world package: /Game/UEDPIE_0_FirstLevel
[2019.03.17-09.50.02:747][401]LogPlayLevel: PIE: StaticDuplicateObject took: (0.010641s)
[2019.03.17-09.50.02:748][401]LogAIModule: Creating AISystem for world FirstLevel
[2019.03.17-09.50.02:748][401]LogPlayLevel: PIE: World Init took: (0.000824s)
[2019.03.17-09.50.02:748][401]LogPlayLevel: PIE: Created PIE world by copying editor world from /Game/FirstLevel.FirstLevel to /Game/UEDPIE_0_FirstLevel.FirstLevel (0.011745s)
[2019.03.17-09.50.02:783][401]LogInit: XAudio2 using 'Speakers (Conexant SmartAudio HD)' : 2 channels at 48 kHz using 32 bits per sample (channel mask 0x3)
[2019.03.17-09.50.02:904][401]LogInit: FAudioDevice initialized.
[2019.03.17-09.50.02:988][401]LogLoad: Game class is 'ChessGameMode_C'
[2019.03.17-09.50.03:004][401]LogWorld: Bringing World /Game/UEDPIE_0_FirstLevel.FirstLevel up for play (max tick rate 60) at 2019.03.17-15.20.03
[2019.03.17-09.50.03:006][401]LogWorld: Bringing up level for play took: 0.013657
[2019.03.17-09.50.03:008][401]LogBlueprintUserMessages: [Bishop2] Bishop
[2019.03.17-09.50.03:009][401]LogBlueprintUserMessages: [Bishop3] Bishop
[2019.03.17-09.50.03:009][401]LogBlueprintUserMessages: [Bishop4] Bishop
[2019.03.17-09.50.03:009][401]LogBlueprintUserMessages: [Bishop_257] Bishop
[2019.03.17-09.50.03:017][401]PIE: Info Play in editor start time for /Game/UEDPIE_0_FirstLevel 0.998
[2019.03.17-09.50.04:571][443]LogBlueprintUserMessages: [ChessGameMode_C_0] noone
[2019.03.17-09.50.06:804][510]LogBlueprintUserMessages: [ChessGameMode_C_0] a
[2019.03.17-09.51.07:731][825]BlueprintLog: New page: Compile ChessGameMode
[2019.03.17-09.51.08:329][837]Cmd: OBJ SAVEPACKAGE PACKAGE="/Game/Blueprints/ChessGameMode" FILE="../../../../../../Users/Rohit Panjwani/Documents/Unreal Projects/Chess/Content/Blueprints/ChessGameMode.uasset" SILENT=true
[2019.03.17-09.51.08:385][837]LogSavePackage: Save=25.07ms
[2019.03.17-09.51.08:385][837]LogSavePackage: Moving '../../../../../../Users/Rohit Panjwani/Documents/Unreal Projects/Chess/Saved/ChessGameModeB41E9C304C0535D1925CE88C7E9A9B0A.tmp' to '../../../../../../Users/Rohit Panjwani/Documents/Unreal Projects/Chess/Content/Blueprints/ChessGameMode.uasset'
[2019.03.17-09.51.08:391][837]LogSavePackage:Display: Finished SavePackage ../../../../../../Users/Rohit Panjwani/Documents/Unreal Projects/Chess/Content/Blueprints/ChessGameMode.uasset
[2019.03.17-09.51.09:248][865]LogTemp: Repeting last play command: Selected Viewport
[2019.03.17-09.51.09:264][865]LogPlayLevel: PlayLevel: No blueprints needed recompiling
[2019.03.17-09.51.09:264][865]PIE: New page: PIE session: FirstLevel (17-Mar-2019 8:51:09 pm)
[2019.03.17-09.51.09:264][865]LogPlayLevel: Creating play world package: /Game/UEDPIE_0_FirstLevel
[2019.03.17-09.51.09:273][865]LogPlayLevel: PIE: StaticDuplicateObject took: (0.008129s)
[2019.03.17-09.51.09:273][865]LogAIModule: Creating AISystem for world FirstLevel
[2019.03.17-09.51.09:273][865]LogPlayLevel: PIE: World Init took: (0.000721s)
[2019.03.17-09.51.09:274][865]LogPlayLevel: PIE: Created PIE world by copying editor world from /Game/FirstLevel.FirstLevel to /Game/UEDPIE_0_FirstLevel.FirstLevel (0.009097s)
[2019.03.17-09.51.09:300][865]LogInit: XAudio2 using 'Speakers (Conexant SmartAudio HD)' : 2 channels at 48 kHz using 32 bits per sample (channel mask 0x3)
[2019.03.17-09.51.09:368][865]LogInit: FAudioDevice initialized.
[2019.03.17-09.51.09:429][865]LogLoad: Game class is 'ChessGameMode_C'
[2019.03.17-09.51.09:438][865]LogWorld: Bringing World /Game/UEDPIE_0_FirstLevel.FirstLevel up for play (max tick rate 60) at 2019.03.17-15.21.09
[2019.03.17-09.51.09:440][865]LogWorld: Bringing up level for play took: 0.007823
[2019.03.17-09.51.09:442][865]LogBlueprintUserMessages: [Bishop2] Bishop
[2019.03.17-09.51.09:442][865]LogBlueprintUserMessages: [Bishop3] Bishop
[2019.03.17-09.51.09:442][865]LogBlueprintUserMessages: [Bishop4] Bishop
[2019.03.17-09.51.09:442][865]LogBlueprintUserMessages: [Bishop_257] Bishop
[2019.03.17-09.51.09:447][865]PIE: Info Play in editor start time for /Game/UEDPIE_0_FirstLevel -0.571
[2019.03.17-09.51.10:966][906]LogBlueprintUserMessages: [ChessGameMode_C_0] noone
[2019.03.17-09.51.11:865][933]LogBlueprintUserMessages: [ChessGameMode_C_0] a
[2019.03.17-09.51.12:766][960]LogBlueprintUserMessages: [ChessGameMode_C_0] 
[2019.03.17-09.51.13:633][986]LogBlueprintUserMessages: [ChessGameMode_C_0] 
[2019.03.17-09.51.17:764][110]LogBlueprintUserMessages: [ChessGameMode_C_0] a
[2019.03.17-09.51.24:795][321]LogBlueprintUserMessages: [ChessGameMode_C_0] a
[2019.03.17-09.51.29:555][477]LogTemp: Repeting last play command: Selected Viewport
[2019.03.17-09.51.29:571][477]LogPlayLevel: PlayLevel: No blueprints needed recompiling
[2019.03.17-09.51.29:572][477]PIE: New page: PIE session: FirstLevel (17-Mar-2019 8:51:29 pm)
[2019.03.17-09.51.29:572][477]LogPlayLevel: Creating play world package: /Game/UEDPIE_0_FirstLevel
[2019.03.17-09.51.29:583][477]LogPlayLevel: PIE: StaticDuplicateObject took: (0.011569s)
[2019.03.17-09.51.29:584][477]LogAIModule: Creating AISystem for world FirstLevel
[2019.03.17-09.51.29:584][477]LogPlayLevel: PIE: World Init took: (0.000628s)
[2019.03.17-09.51.29:584][477]LogPlayLevel: PIE: Created PIE world by copying editor world from /Game/FirstLevel.FirstLevel to /Game/UEDPIE_0_FirstLevel.FirstLevel (0.012442s)
[2019.03.17-09.51.29:611][477]LogInit: XAudio2 using 'Speakers (Conexant SmartAudio HD)' : 2 channels at 48 kHz using 32 bits per sample (channel mask 0x3)
[2019.03.17-09.51.29:671][477]LogInit: FAudioDevice initialized.
[2019.03.17-09.51.29:736][477]LogLoad: Game class is 'ChessGameMode_C'
[2019.03.17-09.51.29:747][477]LogWorld: Bringing World /Game/UEDPIE_0_FirstLevel.FirstLevel up for play (max tick rate 60) at 2019.03.17-15.21.29
[2019.03.17-09.51.29:748][477]LogWorld: Bringing up level for play took: 0.009135
[2019.03.17-09.51.29:750][477]LogBlueprintUserMessages: [Bishop2] Bishop
[2019.03.17-09.51.29:750][477]LogBlueprintUserMessages: [Bishop3] Bishop
[2019.03.17-09.51.29:750][477]LogBlueprintUserMessages: [Bishop4] Bishop
[2019.03.17-09.51.29:750][477]LogBlueprintUserMessages: [Bishop_257] Bishop
[2019.03.17-09.51.29:756][477]PIE: Info Play in editor start time for /Game/UEDPIE_0_FirstLevel -0.263
[2019.03.17-09.52.07:327][439]LogTemp: Repeting last play command: Selected Viewport
[2019.03.17-09.52.07:346][439]LogPlayLevel: PlayLevel: No blueprints needed recompiling
[2019.03.17-09.52.07:346][439]PIE: New page: PIE session: FirstLevel (17-Mar-2019 8:52:07 pm)
[2019.03.17-09.52.07:346][439]LogPlayLevel: Creating play world package: /Game/UEDPIE_0_FirstLevel
[2019.03.17-09.52.07:354][439]LogPlayLevel: PIE: StaticDuplicateObject took: (0.008098s)
[2019.03.17-09.52.07:354][439]LogAIModule: Creating AISystem for world FirstLevel
[2019.03.17-09.52.07:355][439]LogPlayLevel: PIE: World Init took: (0.000680s)
[2019.03.17-09.52.07:355][439]LogPlayLevel: PIE: Created PIE world by copying editor world from /Game/FirstLevel.FirstLevel to /Game/UEDPIE_0_FirstLevel.FirstLevel (0.009059s)
[2019.03.17-09.52.07:383][439]LogInit: XAudio2 using 'Speakers (Conexant SmartAudio HD)' : 2 channels at 48 kHz using 32 bits per sample (channel mask 0x3)
[2019.03.17-09.52.07:448][439]LogInit: FAudioDevice initialized.
[2019.03.17-09.52.07:509][439]LogLoad: Game class is 'ChessGameMode_C'
[2019.03.17-09.52.07:519][439]LogWorld: Bringing World /Game/UEDPIE_0_FirstLevel.FirstLevel up for play (max tick rate 60) at 2019.03.17-15.22.07
[2019.03.17-09.52.07:521][439]LogWorld: Bringing up level for play took: 0.008232
[2019.03.17-09.52.07:523][439]LogBlueprintUserMessages: [Bishop2] Bishop
[2019.03.17-09.52.07:523][439]LogBlueprintUserMessages: [Bishop3] Bishop
[2019.03.17-09.52.07:523][439]LogBlueprintUserMessages: [Bishop4] Bishop
[2019.03.17-09.52.07:523][439]LogBlueprintUserMessages: [Bishop_257] Bishop
[2019.03.17-09.52.07:528][439]PIE: Info Play in editor start time for /Game/UEDPIE_0_FirstLevel -0.491
[2019.03.17-09.52.09:197][483]LogBlueprintUserMessages: [ChessGameMode_C_0] noone
[2019.03.17-09.52.10:961][536]LogBlueprintUserMessages: [ChessGameMode_C_0] a
[2019.03.17-09.52.11:895][564]LogBlueprintUserMessages: [ChessGameMode_C_0] a
[2019.03.17-09.52.12:593][585]LogBlueprintUserMessages: [ChessGameMode_C_0] a
[2019.03.17-09.52.12:995][597]LogBlueprintUserMessages: [ChessGameMode_C_0] a
[2019.03.17-09.53.18:235][288]BlueprintLog: New page: Compile Knight
[2019.03.17-09.53.19:146][302]Cmd: OBJ SAVEPACKAGE PACKAGE="/Game/Blueprints/Knight" FILE="../../../../../../Users/Rohit Panjwani/Documents/Unreal Projects/Chess/Content/Blueprints/Knight.uasset" SILENT=true
[2019.03.17-09.53.19:350][302]LogSavePackage: Save=119.34ms
[2019.03.17-09.53.19:350][302]LogSavePackage: Moving '../../../../../../Users/Rohit Panjwani/Documents/Unreal Projects/Chess/Saved/KnightCFF596084D015F2F8B1711A83429BD16.tmp' to '../../../../../../Users/Rohit Panjwani/Documents/Unreal Projects/Chess/Content/Blueprints/Knight.uasset'
[2019.03.17-09.53.19:358][302]LogSavePackage:Display: Finished SavePackage ../../../../../../Users/Rohit Panjwani/Documents/Unreal Projects/Chess/Content/Blueprints/Knight.uasset
[2019.03.17-09.53.19:751][315]LogTemp: Repeting last play command: Selected Viewport
[2019.03.17-09.53.19:767][315]LogPlayLevel: PlayLevel: No blueprints needed recompiling
[2019.03.17-09.53.19:767][315]PIE: New page: PIE session: FirstLevel (17-Mar-2019 8:53:19 pm)
[2019.03.17-09.53.19:767][315]LogPlayLevel: Creating play world package: /Game/UEDPIE_0_FirstLevel
[2019.03.17-09.53.19:776][315]LogPlayLevel: PIE: StaticDuplicateObject took: (0.009192s)
[2019.03.17-09.53.19:777][315]LogAIModule: Creating AISystem for world FirstLevel
[2019.03.17-09.53.19:777][315]LogPlayLevel: PIE: World Init took: (0.000717s)
[2019.03.17-09.53.19:777][315]LogPlayLevel: PIE: Created PIE world by copying editor world from /Game/FirstLevel.FirstLevel to /Game/UEDPIE_0_FirstLevel.FirstLevel (0.010144s)
[2019.03.17-09.53.19:812][315]LogInit: XAudio2 using 'Speakers (Conexant SmartAudio HD)' : 2 channels at 48 kHz using 32 bits per sample (channel mask 0x3)
[2019.03.17-09.53.19:904][315]LogInit: FAudioDevice initialized.
[2019.03.17-09.53.19:979][315]LogLoad: Game class is 'ChessGameMode_C'
[2019.03.17-09.53.19:988][315]LogWorld: Bringing World /Game/UEDPIE_0_FirstLevel.FirstLevel up for play (max tick rate 60) at 2019.03.17-15.23.19
[2019.03.17-09.53.19:990][315]LogWorld: Bringing up level for play took: 0.008265
[2019.03.17-09.53.19:992][315]LogBlueprintUserMessages: [Bishop2] Bishop
[2019.03.17-09.53.19:992][315]LogBlueprintUserMessages: [Bishop3] Bishop
[2019.03.17-09.53.19:992][315]LogBlueprintUserMessages: [Bishop4] Bishop
[2019.03.17-09.53.19:992][315]LogBlueprintUserMessages: [Bishop_257] Bishop
[2019.03.17-09.53.19:999][315]PIE: Info Play in editor start time for /Game/UEDPIE_0_FirstLevel -0.02
[2019.03.17-09.53.21:457][358]LogBlueprintUserMessages: [ChessGameMode_C_0] noone
[2019.03.17-09.53.22:956][403]LogBlueprintUserMessages: [ChessGameMode_C_0] a
[2019.03.17-09.53.23:755][427]LogBlueprintUserMessages: [ChessGameMode_C_0] a
[2019.03.17-09.53.36:878][946]BlueprintLog: New page: Compile Knight
[2019.03.17-09.53.37:762][972]LogTemp: Repeting last play command: Selected Viewport
[2019.03.17-09.53.37:779][972]LogPlayLevel: PlayLevel: No blueprints needed recompiling
[2019.03.17-09.53.37:779][972]PIE: New page: PIE session: FirstLevel (17-Mar-2019 8:53:37 pm)
[2019.03.17-09.53.37:779][972]LogPlayLevel: Creating play world package: /Game/UEDPIE_0_FirstLevel
[2019.03.17-09.53.37:787][972]LogPlayLevel: PIE: StaticDuplicateObject took: (0.007749s)
[2019.03.17-09.53.37:787][972]LogAIModule: Creating AISystem for world FirstLevel
[2019.03.17-09.53.37:787][972]LogPlayLevel: PIE: World Init took: (0.000556s)
[2019.03.17-09.53.37:787][972]LogPlayLevel: PIE: Created PIE world by copying editor world from /Game/FirstLevel.FirstLevel to /Game/UEDPIE_0_FirstLevel.FirstLevel (0.008514s)
[2019.03.17-09.53.37:814][972]LogInit: XAudio2 using 'Speakers (Conexant SmartAudio HD)' : 2 channels at 48 kHz using 32 bits per sample (channel mask 0x3)
[2019.03.17-09.53.37:920][972]LogInit: FAudioDevice initialized.
[2019.03.17-09.53.37:995][972]LogLoad: Game class is 'ChessGameMode_C'
[2019.03.17-09.53.38:008][972]LogWorld: Bringing World /Game/UEDPIE_0_FirstLevel.FirstLevel up for play (max tick rate 60) at 2019.03.17-15.23.38
[2019.03.17-09.53.38:010][972]LogWorld: Bringing up level for play took: 0.011995
[2019.03.17-09.53.38:012][972]LogBlueprintUserMessages: [Bishop2] Bishop
[2019.03.17-09.53.38:012][972]LogBlueprintUserMessages: [Bishop3] Bishop
[2019.03.17-09.53.38:012][972]LogBlueprintUserMessages: [Bishop4] Bishop
[2019.03.17-09.53.38:012][972]LogBlueprintUserMessages: [Bishop_257] Bishop
[2019.03.17-09.53.38:019][972]PIE: Info Play in editor start time for /Game/UEDPIE_0_FirstLevel -0
[2019.03.17-09.53.39:467][ 15]LogBlueprintUserMessages: [ChessGameMode_C_0] noone
[2019.03.17-09.53.40:096][ 34]LogBlueprintUserMessages: [ChessGameMode_C_0] Knight
[2019.03.17-09.53.41:333][ 71]LogBlueprintUserMessages: [ChessGameMode_C_0] 
[2019.03.17-09.53.42:166][ 96]LogBlueprintUserMessages: [ChessGameMode_C_0] 
[2019.03.17-09.53.43:698][142]LogBlueprintUserMessages: [ChessGameMode_C_0] Knight
[2019.03.17-09.53.53:961][493]LogD3D11RHI:Error: Result failed 
 at D:\Build\++UE4+Release-4.14+Compile\Sync\Engine\Source\Runtime\Windows\D3D11RHI\Private\D3D11Viewport.cpp:275 
 with error DXGI_ERROR_DEVICE_REMOVED DXGI_ERROR_DEVICE_HUNG
[2019.03.17-09.53.53:966][493]LogWindows: Windows GetLastError: The operation completed successfully. (0)
[2019.03.17-09.53.55:623][493]LogCrashTracker: 


[2019.03.17-09.53.55:627][493]LogWindows: Windows GetLastError: The operation completed successfully. (0)
[2019.03.17-09.53.55:627][493]LogCrashTracker: 


[2019.03.17-09.53.55:627][493]LogWindows:Error: === Critical error: ===
[2019.03.17-09.53.55:627][493]LogWindows:Error: 
[2019.03.17-09.53.55:627][493]LogWindows:Error: Fatal error: [File:D:\Build\++UE4+Release-4.14+Compile\Sync\Engine\Source\Runtime\RenderCore\Private\RenderingThread.cpp] [Line: 791] 
[2019.03.17-09.53.55:627][493]LogWindows:Error: Rendering thread exception:
[2019.03.17-09.53.55:627][493]LogWindows:Error: Fatal error: [File:D:\Build\++UE4+Release-4.14+Compile\Sync\Engine\Source\Runtime\Windows\D3D11RHI\Private\D3D11Util.cpp] [Line: 176] 
[2019.03.17-09.53.55:627][493]LogWindows:Error: Unreal Engine is exiting due to D3D device being lost. (Error: 0x887A0006 - 'HUNG')
[2019.03.17-09.53.55:627][493]LogWindows:Error: 
[2019.03.17-09.53.55:627][493]LogWindows:Error: 
[2019.03.17-09.53.55:627][493]LogWindows:Error: KERNELBASE.dll
[2019.03.17-09.53.55:627][493]LogWindows:Error: UE4Editor-Core.dll
[2019.03.17-09.53.55:627][493]LogWindows:Error: UE4Editor-Core.dll
[2019.03.17-09.53.55:627][493]LogWindows:Error: UE4Editor-Core.dll
[2019.03.17-09.53.55:627][493]LogWindows:Error: UE4Editor-D3D11RHI.dll
[2019.03.17-09.53.55:627][493]LogWindows:Error: UE4Editor-D3D11RHI.dll
[2019.03.17-09.53.55:627][493]LogWindows:Error: UE4Editor-D3D11RHI.dll
[2019.03.17-09.53.55:627][493]LogWindows:Error: UE4Editor-D3D11RHI.dll
[2019.03.17-09.53.55:627][493]LogWindows:Error: UE4Editor-D3D11RHI.dll
[2019.03.17-09.53.55:627][493]LogWindows:Error: UE4Editor-RHI.dll
[2019.03.17-09.53.55:627][493]LogWindows:Error: UE4Editor-SlateRHIRenderer.dll
[2019.03.17-09.53.55:627][493]LogWindows:Error: UE4Editor-SlateRHIRenderer.dll
[2019.03.17-09.53.55:627][493]LogWindows:Error: UE4Editor-Core.dll
[2019.03.17-09.53.55:627][493]LogWindows:Error: UE4Editor-Core.dll
[2019.03.17-09.53.55:627][493]LogWindows:Error: UE4Editor-RenderCore.dll
[2019.03.17-09.53.55:627][493]LogWindows:Error: UE4Editor-RenderCore.dll
[2019.03.17-09.53.55:627][493]LogWindows:Error: UE4Editor-Core.dll
[2019.03.17-09.53.55:627][493]LogWindows:Error: UE4Editor-Core.dll
[2019.03.17-09.53.55:627][493]LogWindows:Error: KERNEL32.DLL
[2019.03.17-09.53.55:627][493]LogWindows:Error: ntdll.dll
[2019.03.17-09.53.55:627][493]LogWindows:Error: ntdll.dll
[2019.03.17-09.53.55:627][493]LogWindows:Error: 
[2019.03.17-09.53.55:627][493]LogWindows:Error: 
[2019.03.17-09.53.55:627][493]LogWindows:Error: 
[2019.03.17-09.53.55:627][493]LogWindows:Error: 
[2019.03.17-09.53.55:698][493]LogExit: Executing StaticShutdownAfterError
[2019.03.17-09.53.55:703][493]LogWindows: FPlatformMisc::RequestExit(1)
[2019.03.17-09.53.55:703][493]Log file closed, 03/17/19 15:23:55
