Log file open, 04/13/19 22:54:25
LogInit:Display: Running engine without a game
LogPlatformFile: Not using cached read wrapper
LogInit:Display: Loading recent project file: ../../../../../../Users/Rohit Panjwani/Documents/Unreal Projects/Chess/Chess.uproject
LogInit:Display: RandInit(1174916236) SRandInit(1174916236).
LogTaskGraph: Started task graph with 5 named threads and 8 total threads with 1 sets of task threads.
LogStats: Stats thread started at 0.278187
LogPluginManager: Loaded Plugin Paper2D, From C:/Program Files/Epic Games/UE_4.14/Engine/Plugins/2D/Paper2D/Paper2D.uplugin
LogPluginManager: Loaded Plugin LightPropagationVolume, From C:/Program Files/Epic Games/UE_4.14/Engine/Plugins/Blendables/LightPropagationVolume/LightPropagationVolume.uplugin
LogPluginManager: Loaded Plugin BlankPlugin, From C:/Program Files/Epic Games/UE_4.14/Engine/Plugins/Developer/BlankPlugin/BlankPlugin.uplugin
LogPluginManager: Loaded Plugin CodeLiteSourceCodeAccess, From C:/Program Files/Epic Games/UE_4.14/Engine/Plugins/Developer/CodeLiteSourceCodeAccess/CodeLiteSourceCodeAccess.uplugin
LogPluginManager: Loaded Plugin GitSourceControl, From C:/Program Files/Epic Games/UE_4.14/Engine/Plugins/Developer/GitSourceControl/GitSourceControl.uplugin
LogPluginManager: Loaded Plugin KDevelopSourceCodeAccess, From C:/Program Files/Epic Games/UE_4.14/Engine/Plugins/Developer/KDevelopSourceCodeAccess/KDevelopSourceCodeAccess.uplugin
LogPluginManager: Loaded Plugin NullSourceCodeAccess, From C:/Program Files/Epic Games/UE_4.14/Engine/Plugins/Developer/NullSourceCodeAccess/NullSourceCodeAccess.uplugin
LogPluginManager: Loaded Plugin OneSkyLocalizationService, From C:/Program Files/Epic Games/UE_4.14/Engine/Plugins/Developer/OneSkyLocalizationService/OneSkyLocalizationService.uplugin
LogPluginManager: Loaded Plugin PerforceSourceControl, From C:/Program Files/Epic Games/UE_4.14/Engine/Plugins/Developer/PerforceSourceControl/PerforceSourceControl.uplugin
LogPluginManager: Loaded Plugin SubversionSourceControl, From C:/Program Files/Epic Games/UE_4.14/Engine/Plugins/Developer/SubversionSourceControl/SubversionSourceControl.uplugin
LogPluginManager: Loaded Plugin UObjectPlugin, From C:/Program Files/Epic Games/UE_4.14/Engine/Plugins/Developer/UObjectPlugin/UObjectPlugin.uplugin
LogPluginManager: Loaded Plugin VisualStudioSourceCodeAccess, From C:/Program Files/Epic Games/UE_4.14/Engine/Plugins/Developer/VisualStudioSourceCodeAccess/VisualStudioSourceCodeAccess.uplugin
LogPluginManager: Loaded Plugin XCodeSourceCodeAccess, From C:/Program Files/Epic Games/UE_4.14/Engine/Plugins/Developer/XCodeSourceCodeAccess/XCodeSourceCodeAccess.uplugin
LogPluginManager: Loaded Plugin AudioCapture, From C:/Program Files/Epic Games/UE_4.14/Engine/Plugins/Editor/AudioCapture/AudioCapture.uplugin
LogPluginManager: Loaded Plugin EpicSurvey, From C:/Program Files/Epic Games/UE_4.14/Engine/Plugins/Editor/EpicSurvey/EpicSurvey.uplugin
LogPluginManager: Loaded Plugin MacGraphicsSwitching, From C:/Program Files/Epic Games/UE_4.14/Engine/Plugins/Editor/MacGraphicsSwitching/MacGraphicsSwitching.uplugin
LogPluginManager: Loaded Plugin MobileLauncherProfileWizard, From C:/Program Files/Epic Games/UE_4.14/Engine/Plugins/Editor/MobileLauncherProfileWizard/MobileLauncherProfileWizard.uplugin
LogPluginManager: Loaded Plugin PluginBrowser, From C:/Program Files/Epic Games/UE_4.14/Engine/Plugins/Editor/PluginBrowser/PluginBrowser.uplugin
LogPluginManager: Loaded Plugin SpeedTreeImporter, From C:/Program Files/Epic Games/UE_4.14/Engine/Plugins/Editor/SpeedTreeImporter/SpeedTreeImporter.uplugin
LogPluginManager: Loaded Plugin SuperSearchEditor, From C:/Program Files/Epic Games/UE_4.14/Engine/Plugins/Editor/SuperSearchEditor/SuperSearchEditor.uplugin
LogPluginManager: Loaded Plugin AlembicImporter, From C:/Program Files/Epic Games/UE_4.14/Engine/Plugins/Experimental/AlembicImporter/AlembicImporter.uplugin
LogPluginManager: Loaded Plugin BlueprintStats, From C:/Program Files/Epic Games/UE_4.14/Engine/Plugins/Experimental/BlueprintStats/BlueprintStats.uplugin
LogPluginManager: Loaded Plugin CharacterAI, From C:/Program Files/Epic Games/UE_4.14/Engine/Plugins/Experimental/CharacterAI/CharacterAI.uplugin
LogPluginManager: Loaded Plugin CodeEditor, From C:/Program Files/Epic Games/UE_4.14/Engine/Plugins/Experimental/CodeEditor/CodeEditor.uplugin
LogPluginManager: Loaded Plugin CodeView, From C:/Program Files/Epic Games/UE_4.14/Engine/Plugins/Experimental/CodeView/CodeView.uplugin
LogPluginManager: Loaded Plugin HTML5Networking, From C:/Program Files/Epic Games/UE_4.14/Engine/Plugins/Experimental/HTML5Networking/HTML5Networking.uplugin
LogPluginManager: Loaded Plugin OSVR, From C:/Program Files/Epic Games/UE_4.14/Engine/Plugins/Experimental/OSVR/OSVR.uplugin
LogPluginManager: Loaded Plugin Phya, From C:/Program Files/Epic Games/UE_4.14/Engine/Plugins/Experimental/Phya/Phya.uplugin
LogPluginManager: Loaded Plugin SignificanceManager, From C:/Program Files/Epic Games/UE_4.14/Engine/Plugins/Experimental/SignificanceManager/SignificanceManager.uplugin
LogPluginManager: Loaded Plugin SimpleHMD, From C:/Program Files/Epic Games/UE_4.14/Engine/Plugins/Experimental/SimpleHMD/SimpleHMD.uplugin
LogPluginManager: Loaded Plugin StereoPanorama, From C:/Program Files/Epic Games/UE_4.14/Engine/Plugins/Experimental/StereoPanorama/StereoPanorama.uplugin
LogPluginManager: Loaded Plugin StructBox, From C:/Program Files/Epic Games/UE_4.14/Engine/Plugins/Experimental/StructBox/StructBox.uplugin
LogPluginManager: Loaded Plugin AndroidMedia, From C:/Program Files/Epic Games/UE_4.14/Engine/Plugins/Media/AndroidMedia/AndroidMedia.uplugin
LogPluginManager: Loaded Plugin AvfMedia, From C:/Program Files/Epic Games/UE_4.14/Engine/Plugins/Media/AvfMedia/AvfMedia.uplugin
LogPluginManager: Loaded Plugin MediaPlayerEditor, From C:/Program Files/Epic Games/UE_4.14/Engine/Plugins/Media/MediaPlayerEditor/MediaPlayerEditor.uplugin
LogPluginManager: Loaded Plugin WmfMedia, From C:/Program Files/Epic Games/UE_4.14/Engine/Plugins/Media/WmfMedia/WmfMedia.uplugin
LogPluginManager: Loaded Plugin MessagingDebugger, From C:/Program Files/Epic Games/UE_4.14/Engine/Plugins/Messaging/MessagingDebugger/MessagingDebugger.uplugin
LogPluginManager: Loaded Plugin TcpMessaging, From C:/Program Files/Epic Games/UE_4.14/Engine/Plugins/Messaging/TcpMessaging/TcpMessaging.uplugin
LogPluginManager: Loaded Plugin UdpMessaging, From C:/Program Files/Epic Games/UE_4.14/Engine/Plugins/Messaging/UdpMessaging/UdpMessaging.uplugin
LogPluginManager: Loaded Plugin LevelSequenceEditor, From C:/Program Files/Epic Games/UE_4.14/Engine/Plugins/MovieScene/LevelSequenceEditor/LevelSequenceEditor.uplugin
LogPluginManager: Loaded Plugin MatineeToLevelSequence, From C:/Program Files/Epic Games/UE_4.14/Engine/Plugins/MovieScene/MatineeToLevelSequence/MatineeToLevelSequence.uplugin
LogPluginManager: Loaded Plugin NetcodeUnitTest, From C:/Program Files/Epic Games/UE_4.14/Engine/Plugins/NetcodeUnitTest/NetcodeUnitTest/NetcodeUnitTest.uplugin
LogPluginManager: Loaded Plugin NUTUnrealEngine4, From C:/Program Files/Epic Games/UE_4.14/Engine/Plugins/NetcodeUnitTest/NUTUnrealEngine4/NUTUnrealEngine4.uplugin
LogPluginManager: Loaded Plugin OnlineSubsystemGameCircle, From C:/Program Files/Epic Games/UE_4.14/Engine/Plugins/Online/Android/OnlineSubsystemGameCircle/OnlineSubsystemGameCircle.uplugin
LogPluginManager: Loaded Plugin OnlineSubsystemGooglePlay, From C:/Program Files/Epic Games/UE_4.14/Engine/Plugins/Online/Android/OnlineSubsystemGooglePlay/OnlineSubsystemGooglePlay.uplugin
LogPluginManager: Loaded Plugin OnlineSubsystemIOS, From C:/Program Files/Epic Games/UE_4.14/Engine/Plugins/Online/IOS/OnlineSubsystemIOS/OnlineSubsystemIOS.uplugin
LogPluginManager: Loaded Plugin OnlineFramework, From C:/Program Files/Epic Games/UE_4.14/Engine/Plugins/Online/OnlineFramework/OnlineFramework.uplugin
LogPluginManager: Loaded Plugin OnlineSubsystem, From C:/Program Files/Epic Games/UE_4.14/Engine/Plugins/Online/OnlineSubsystem/OnlineSubsystem.uplugin
LogPluginManager: Loaded Plugin OnlineSubsystemAmazon, From C:/Program Files/Epic Games/UE_4.14/Engine/Plugins/Online/OnlineSubsystemAmazon/OnlineSubsystemAmazon.uplugin
LogPluginManager: Loaded Plugin OnlineSubsystemFacebook, From C:/Program Files/Epic Games/UE_4.14/Engine/Plugins/Online/OnlineSubsystemFacebook/OnlineSubsystemFacebook.uplugin
LogPluginManager: Loaded Plugin OnlineSubsystemNull, From C:/Program Files/Epic Games/UE_4.14/Engine/Plugins/Online/OnlineSubsystemNull/OnlineSubsystemNull.uplugin
LogPluginManager: Loaded Plugin OnlineSubsystemOculus, From C:/Program Files/Epic Games/UE_4.14/Engine/Plugins/Online/OnlineSubsystemOculus/OnlineSubsystemOculus.uplugin
LogPluginManager: Loaded Plugin OnlineSubsystemSteam, From C:/Program Files/Epic Games/UE_4.14/Engine/Plugins/Online/OnlineSubsystemSteam/OnlineSubsystemSteam.uplugin
LogPluginManager: Loaded Plugin OnlineSubsystemUtils, From C:/Program Files/Epic Games/UE_4.14/Engine/Plugins/Online/OnlineSubsystemUtils/OnlineSubsystemUtils.uplugin
LogPluginManager: Loaded Plugin IOSTapJoy, From C:/Program Files/Epic Games/UE_4.14/Engine/Plugins/Runtime/Advertising/IOSTapJoy/IOSTapJoy.uplugin
LogPluginManager: Loaded Plugin AnalyticsBlueprintLibrary, From C:/Program Files/Epic Games/UE_4.14/Engine/Plugins/Runtime/Analytics/AnalyticsBlueprintLibrary/AnalyticsBlueprintLibrary.uplugin
LogPluginManager: Loaded Plugin AnalyticsMulticast, From C:/Program Files/Epic Games/UE_4.14/Engine/Plugins/Runtime/Analytics/AnalyticsMulticast/AnalyticsMulticast.uplugin
LogPluginManager: Loaded Plugin Apsalar, From C:/Program Files/Epic Games/UE_4.14/Engine/Plugins/Runtime/Analytics/Apsalar/Apsalar.uplugin
LogPluginManager: Loaded Plugin FileLogging, From C:/Program Files/Epic Games/UE_4.14/Engine/Plugins/Runtime/Analytics/FileLogging/FileLogging.uplugin
LogPluginManager: Loaded Plugin Flurry, From C:/Program Files/Epic Games/UE_4.14/Engine/Plugins/Runtime/Analytics/Flurry/Flurry.uplugin
LogPluginManager: Loaded Plugin AndroidDeviceProfileSelector, From C:/Program Files/Epic Games/UE_4.14/Engine/Plugins/Runtime/AndroidDeviceProfileSelector/AndroidDeviceProfileSelector.uplugin
LogPluginManager: Loaded Plugin AndroidMoviePlayer, From C:/Program Files/Epic Games/UE_4.14/Engine/Plugins/Runtime/AndroidMoviePlayer/AndroidMoviePlayer.uplugin
LogPluginManager: Loaded Plugin AppleMoviePlayer, From C:/Program Files/Epic Games/UE_4.14/Engine/Plugins/Runtime/AppleMoviePlayer/AppleMoviePlayer.uplugin
LogPluginManager: Loaded Plugin ArchVisCharacter, From C:/Program Files/Epic Games/UE_4.14/Engine/Plugins/Runtime/ArchVisCharacter/ArchVisCharacter.uplugin
LogPluginManager: Loaded Plugin CableComponent, From C:/Program Files/Epic Games/UE_4.14/Engine/Plugins/Runtime/CableComponent/CableComponent.uplugin
LogPluginManager: Loaded Plugin CustomMeshComponent, From C:/Program Files/Epic Games/UE_4.14/Engine/Plugins/Runtime/CustomMeshComponent/CustomMeshComponent.uplugin
LogPluginManager: Loaded Plugin ExampleDeviceProfileSelector, From C:/Program Files/Epic Games/UE_4.14/Engine/Plugins/Runtime/ExampleDeviceProfileSelector/ExampleDeviceProfileSelector.uplugin
LogPluginManager: Loaded Plugin GearVR, From C:/Program Files/Epic Games/UE_4.14/Engine/Plugins/Runtime/GearVR/GearVR.uplugin
LogPluginManager: Loaded Plugin GoogleVRController, From C:/Program Files/Epic Games/UE_4.14/Engine/Plugins/Runtime/GoogleVR/GoogleVRController/GoogleVRController.uplugin
LogPluginManager: Loaded Plugin GoogleVRHMD, From C:/Program Files/Epic Games/UE_4.14/Engine/Plugins/Runtime/GoogleVR/GoogleVRHMD/GoogleVRHMD.uplugin
LogPluginManager: Loaded Plugin IOSDeviceProfileSelector, From C:/Program Files/Epic Games/UE_4.14/Engine/Plugins/Runtime/IOSDeviceProfileSelector/IOSDeviceProfileSelector.uplugin
LogPluginManager: Loaded Plugin LeapMotion, From C:/Program Files/Epic Games/UE_4.14/Engine/Plugins/Runtime/LeapMotion/LeapMotion.uplugin
LogPluginManager: Loaded Plugin LinuxDeviceProfileSelector, From C:/Program Files/Epic Games/UE_4.14/Engine/Plugins/Runtime/LinuxDeviceProfileSelector/LinuxDeviceProfileSelector.uplugin
LogPluginManager: Loaded Plugin MIDIDevice, From C:/Program Files/Epic Games/UE_4.14/Engine/Plugins/Runtime/MIDIDevice/MIDIDevice.uplugin
LogPluginManager: Loaded Plugin MobilePatchingUtils, From C:/Program Files/Epic Games/UE_4.14/Engine/Plugins/Runtime/MobilePatchingUtils/MobilePatchingUtils.uplugin
LogPluginManager: Loaded Plugin Ansel, From C:/Program Files/Epic Games/UE_4.14/Engine/Plugins/Runtime/Nvidia/Ansel/Ansel.uplugin
LogPluginManager: Loaded Plugin OculusAudio, From C:/Program Files/Epic Games/UE_4.14/Engine/Plugins/Runtime/OculusAudio/OculusAudio.uplugin
LogPluginManager: Loaded Plugin OculusInput, From C:/Program Files/Epic Games/UE_4.14/Engine/Plugins/Runtime/OculusInput/OculusInput.uplugin
LogPluginManager: Loaded Plugin OculusLibrary, From C:/Program Files/Epic Games/UE_4.14/Engine/Plugins/Runtime/OculusLibrary/OculusLibrary.uplugin
LogPluginManager: Loaded Plugin OculusRift, From C:/Program Files/Epic Games/UE_4.14/Engine/Plugins/Runtime/OculusRift/OculusRift.uplugin
LogPluginManager: Loaded Plugin Oodle, From C:/Program Files/Epic Games/UE_4.14/Engine/Plugins/Runtime/PacketHandlers/CompressionComponents/Oodle/Oodle.uplugin
LogPluginManager: Loaded Plugin ProceduralMeshComponent, From C:/Program Files/Epic Games/UE_4.14/Engine/Plugins/Runtime/ProceduralMeshComponent/ProceduralMeshComponent.uplugin
LogPluginManager: Loaded Plugin SoundMod, From C:/Program Files/Epic Games/UE_4.14/Engine/Plugins/Runtime/SoundMod/SoundMod.uplugin
LogPluginManager: Loaded Plugin SoundVisualizations, From C:/Program Files/Epic Games/UE_4.14/Engine/Plugins/Runtime/SoundVisualizations/SoundVisualizations.uplugin
LogPluginManager: Loaded Plugin SteamController, From C:/Program Files/Epic Games/UE_4.14/Engine/Plugins/Runtime/Steam/SteamController/SteamController.uplugin
LogPluginManager: Loaded Plugin SteamVR, From C:/Program Files/Epic Games/UE_4.14/Engine/Plugins/Runtime/Steam/SteamVR/SteamVR.uplugin
LogPluginManager: Loaded Plugin WebBrowserWidget, From C:/Program Files/Epic Games/UE_4.14/Engine/Plugins/Runtime/WebBrowserWidget/WebBrowserWidget.uplugin
LogPluginManager: Loaded Plugin WindowsDeviceProfileSelector, From C:/Program Files/Epic Games/UE_4.14/Engine/Plugins/Runtime/WindowsDeviceProfileSelector/WindowsDeviceProfileSelector.uplugin
LogPluginManager: Loaded Plugin WindowsMoviePlayer, From C:/Program Files/Epic Games/UE_4.14/Engine/Plugins/Runtime/WindowsMoviePlayer/WindowsMoviePlayer.uplugin
LogPluginManager: Loaded Plugin ScriptPlugin, From C:/Program Files/Epic Games/UE_4.14/Engine/Plugins/ScriptPlugin/ScriptPlugin.uplugin
LogPluginManager: Loaded Plugin SlateRemote, From C:/Program Files/Epic Games/UE_4.14/Engine/Plugins/Slate/SlateRemote/SlateRemote.uplugin
LogPluginManager: Loaded Plugin EditorTests, From C:/Program Files/Epic Games/UE_4.14/Engine/Plugins/Tests/EditorTests/EditorTests.uplugin
LogPluginManager: Loaded Plugin FbxAutomationTestBuilder, From C:/Program Files/Epic Games/UE_4.14/Engine/Plugins/Tests/FbxAutomationTestBuilder/FbxAutomationTestBuilder.uplugin
LogPluginManager: Loaded Plugin FunctionalTestingEditor, From C:/Program Files/Epic Games/UE_4.14/Engine/Plugins/Tests/FunctionalTestingEditor/FunctionalTestingEditor.uplugin
LogPluginManager: Loaded Plugin RuntimeTests, From C:/Program Files/Epic Games/UE_4.14/Engine/Plugins/Tests/RuntimeTests/RuntimeTests.uplugin
LogPluginManager: Loaded Plugin ScreenshotTools, From C:/Program Files/Epic Games/UE_4.14/Engine/Plugins/Tests/ScreenshotTools/ScreenshotTools.uplugin
LogInit: Using libcurl 7.47.1
LogInit:  - built for x86_64-pc-win32
LogInit:  - supports SSL with OpenSSL/1.0.2g
LogInit:  - supports HTTP deflate (compression) using libz 1.2.8
LogInit:  - other features:
LogInit:      CURL_VERSION_SSL
LogInit:      CURL_VERSION_LIBZ
LogInit:      CURL_VERSION_IPV6
LogInit:      CURL_VERSION_ASYNCHDNS
LogInit:      CURL_VERSION_LARGEFILE
LogInit:      CURL_VERSION_IDN
LogInit:  CurlRequestOptions (configurable via config and command line):
LogInit:  - bVerifyPeer = false  - Libcurl will NOT verify peer certificate
LogInit:  - bUseHttpProxy = false  - Libcurl will NOT use HTTP proxy
LogInit:  - bDontReuseConnections = false  - Libcurl will reuse connections
LogInit:  - CertBundlePath = nullptr  - Libcurl will use whatever was configured at build time.
LogInit: Build: ++UE4+Release-4.14-CL-3249277
LogInit: Engine Version: 4.14.3-3249277+++UE4+Release-4.14
LogInit: Compatible Engine Version: 4.14.0-3195953+++UE4+Release-4.14
LogInit: Net CL: 3195953
LogDevObjectVersion: Number of dev versions registered: 13
LogDevObjectVersion:   Dev-Blueprints (B0D832E4-1F89-4F0D-ACCF-7EB736FD4AA2): 7
LogDevObjectVersion:   Dev-Build (E1C64328-A22C-4D53-A36C-8E866417BD8C): 0
LogDevObjectVersion:   Dev-Core (375EC13C-06E4-48FB-B500-84F0262A717E): 1
LogDevObjectVersion:   Dev-Editor (E4B068ED-F494-42E9-A231-DA0B2E46BB41): 8
LogDevObjectVersion:   Dev-Framework (CFFC743F-43B0-4480-9391-14DF171D2073): 17
LogDevObjectVersion:   Dev-Mobile (B02B49B5-BB20-44E9-A304-32B752E40360): 0
LogDevObjectVersion:   Dev-Networking (A4E4105C-59A1-49B5-A7C5-40C4547EDFEE): 0
LogDevObjectVersion:   Dev-Online (39C831C9-5AE6-47DC-9A44-9C173E1C8E7C): 0
LogDevObjectVersion:   Dev-Physics (78F01B33-EBEA-4F98-B9B4-84EACCB95AA2): 0
LogDevObjectVersion:   Dev-Platform (6631380F-2D4D-43E0-8009-CF276956A95A): 0
LogDevObjectVersion:   Dev-Rendering (12F88B9F-8875-4AFC-A67C-D90C383ABD29): 12
LogDevObjectVersion:   Dev-Sequencer (7B5AE74C-D270-4C10-A958-57980B212A5A): 1
LogDevObjectVersion:   Dev-VR (D7296918-1DD6-4BDD-9DE2-64A83CC13884): 0
LogInit: Compiled (64-bit): Jan  6 2017 10:49:43
LogInit: Compiled with Visual C++: 19.00.23026.00
LogInit: Build Configuration: Development
LogInit: Branch Name: ++UE4+Release-4.14
LogInit: Command line: 
LogInit: Base directory: C:/Program Files/Epic Games/UE_4.14/Engine/Binaries/Win64/
LogInit: Installed Engine Build: 1
LogInit: Presizing for max 8388607 objects, including 0 objects not considered by GC, pre-allocating 0 bytes for permanent pool.
LogInit: Object subsystem initialized
[2019.04.13-17.24.26:443][  0]LogInit: Selected Device Profile: [Windows]
[2019.04.13-17.24.26:443][  0]LogInit: Applying CVar settings loaded from the selected device profile: [Windows]
[2019.04.13-17.24.26:467][  0]LogInit: Computer: ROHIT-PANJWANI
[2019.04.13-17.24.26:467][  0]LogInit: User: RohitPanjwani
[2019.04.13-17.24.26:467][  0]LogInit: CPU Page size=65536, Cores=4
[2019.04.13-17.24.26:467][  0]LogInit: High frequency timer resolution =2.531252 MHz
[2019.04.13-17.24.26:468][  0]LogMemory: Memory total: Physical=15.9GB (16GB approx)
[2019.04.13-17.24.26:468][  0]LogMemory: Platform Memory Stats for Windows
[2019.04.13-17.24.26:468][  0]LogMemory: Process Physical Memory: 263.63 MB used, 263.63 MB peak
[2019.04.13-17.24.26:468][  0]LogMemory: Process Virtual Memory: 262.76 MB used, 262.76 MB peak
[2019.04.13-17.24.26:468][  0]LogMemory: Physical Memory: 8756.66 MB used,  7525.86 MB free, 16282.52 MB total
[2019.04.13-17.24.26:468][  0]LogMemory: Virtual Memory: 4812.63 MB used,  7525.86 MB free, 134217728.00 MB total
[2019.04.13-17.24.26:592][  0]LogTextLocalizationManager: No specific translations for ('en-IN') exist, so ('en') translations will be used.
[2019.04.13-17.24.30:860][  0]LogD3D11RHI: D3D11 adapters:
[2019.04.13-17.24.30:985][  0]LogD3D11RHI:    0. 'NVIDIA GeForce GTX 960M' (Feature Level 11_0)
[2019.04.13-17.24.30:985][  0]LogD3D11RHI:       4055/0/8141 MB DedicatedVideo/DedicatedSystem/SharedSystem, Outputs:1, VendorId:0x10de
[2019.04.13-17.24.31:000][  0]LogD3D11RHI:    1. 'Intel(R) HD Graphics 530' (Feature Level 11_0)
[2019.04.13-17.24.31:000][  0]LogD3D11RHI:       128/0/8141 MB DedicatedVideo/DedicatedSystem/SharedSystem, Outputs:0, VendorId:0x8086
[2019.04.13-17.24.31:004][  0]LogD3D11RHI:    2. 'Microsoft Basic Render Driver' (Feature Level 11_0)
[2019.04.13-17.24.31:004][  0]LogD3D11RHI:       0/0/8141 MB DedicatedVideo/DedicatedSystem/SharedSystem, Outputs:0, VendorId:0x1414
[2019.04.13-17.24.31:004][  0]LogD3D11RHI: Chosen D3D11 Adapter: 0
[2019.04.13-17.24.31:044][  0]LogD3D11RHI: Creating new Direct3DDevice
[2019.04.13-17.24.31:044][  0]LogD3D11RHI:     GPU DeviceId: 0x139b (for the marketing name, search the web for "GPU Device Id")
[2019.04.13-17.24.31:044][  0]LogWindows: EnumDisplayDevices:
[2019.04.13-17.24.31:045][  0]LogWindows:    0. 'Intel(R) HD Graphics 530' (P:1 D:1)
[2019.04.13-17.24.31:045][  0]LogWindows:    1. 'Intel(R) HD Graphics 530' (P:0 D:0)
[2019.04.13-17.24.31:045][  0]LogWindows:    2. 'Intel(R) HD Graphics 530' (P:0 D:0)
[2019.04.13-17.24.31:045][  0]LogWindows: DebugString: GetVideoDriverDetailsInvalid PrimaryIsNotTheChoosenAdapter GetVideoDriverDetailsInvalid PrimaryIsNotTheChoosenAdapter GetVideoDriverDetailsInvalid PrimaryIsNotTheChoosenAdapter FoundDriverCount:0 
[2019.04.13-17.24.31:045][  0]LogD3D11RHI:     Adapter Name: NVIDIA GeForce GTX 960M
[2019.04.13-17.24.31:045][  0]LogD3D11RHI:   Driver Version: Unknown (internal:Unknown, unified:Unknown)
[2019.04.13-17.24.31:045][  0]LogD3D11RHI:      Driver Date: Unknown
[2019.04.13-17.24.31:045][  0]LogRHI: Texture pool is 1361 MB (70% of 1945 MB)
[2019.04.13-17.24.31:096][  0]LogD3D11RHI: Async texture creation enabled
[2019.04.13-17.24.31:115][  0]LogD3D11RHI: GPU Timing Frequency: 1000.000000 (Debug: 2 1)
[2019.04.13-17.24.31:116][  0]LogShaderCompilers: Guid format shader working directory is -16 characters bigger than the processId version (../../../../../../Users/Rohit Panjwani/Documents/Unreal Projects/Chess/Intermediate/Shaders/WorkingDirectory/17620/).
[2019.04.13-17.24.31:116][  0]LogShaderCompilers: Cleaned the shader compiler working directory 'C:/Users/Rohit Panjwani/AppData/Local/Temp/UnrealShaderWorkingDir/2538763E434B655B6978919E92832EF1/'.
[2019.04.13-17.24.31:116][  0]LogShaderCompilers:Display: Using Local Shader Compiler.
[2019.04.13-17.24.34:202][  0]LogTemp:Display: Loaded TP AllDesktopTargetPlatform
[2019.04.13-17.24.34:464][  0]LogTemp:Display: Loaded TP MacClientTargetPlatform
[2019.04.13-17.24.34:682][  0]LogTemp:Display: Loaded TP MacNoEditorTargetPlatform
[2019.04.13-17.24.34:917][  0]LogTemp:Display: Loaded TP MacServerTargetPlatform
[2019.04.13-17.24.35:144][  0]LogTemp:Display: Loaded TP MacTargetPlatform
[2019.04.13-17.24.35:353][  0]LogTemp:Display: Loaded TP WindowsClientTargetPlatform
[2019.04.13-17.24.35:575][  0]LogTemp:Display: Loaded TP WindowsNoEditorTargetPlatform
[2019.04.13-17.24.35:752][  0]LogTemp:Display: Loaded TP WindowsServerTargetPlatform
[2019.04.13-17.24.35:933][  0]LogTemp:Display: Loaded TP WindowsTargetPlatform
[2019.04.13-17.24.36:076][  0]LogTemp:Display: Loaded TP AndroidTargetPlatform
[2019.04.13-17.24.36:215][  0]LogTemp:Display: Loaded TP Android_ASTCTargetPlatform
[2019.04.13-17.24.36:384][  0]LogTemp:Display: Loaded TP Android_ATCTargetPlatform
[2019.04.13-17.24.36:554][  0]LogTemp:Display: Loaded TP Android_DXTTargetPlatform
[2019.04.13-17.24.36:769][  0]LogTemp:Display: Loaded TP Android_ETC1TargetPlatform
[2019.04.13-17.24.36:927][  0]LogTemp:Display: Loaded TP Android_ETC2TargetPlatform
[2019.04.13-17.24.37:346][  0]LogTemp:Display: Loaded TP Android_MultiTargetPlatform
[2019.04.13-17.24.37:346][  0]LogTemp:Display: Loaded TP Android_PVRTCTargetPlatform
[2019.04.13-17.24.37:530][  0]LogTemp:Display: Loaded TP HTML5TargetPlatform
[2019.04.13-17.24.37:838][  0]LogTemp:Display: Loaded TP IOSTargetPlatform
[2019.04.13-17.24.37:952][  0]LogTemp:Display: Loaded TP TVOSTargetPlatform
[2019.04.13-17.24.38:139][  0]LogTemp:Display: Loaded TP LinuxClientTargetPlatform
[2019.04.13-17.24.38:351][  0]LogTemp:Display: Loaded TP LinuxNoEditorTargetPlatform
[2019.04.13-17.24.38:563][  0]LogTemp:Display: Loaded TP LinuxServerTargetPlatform
[2019.04.13-17.24.38:767][  0]LogTemp:Display: Loaded TP LinuxTargetPlatform
[2019.04.13-17.24.38:767][  0]LogTargetPlatformManager:Display: Building Assets For Windows
[2019.04.13-17.24.40:133][  0]LogDerivedDataCache:Display: Max Cache Size: 512 MB
[2019.04.13-17.24.40:205][  0]LogDerivedDataCache: Loaded boot cache 0.07s 50MB C:/Users/Rohit Panjwani/AppData/Local/UnrealEngine/4.14/DerivedDataCache/Boot.ddc.
[2019.04.13-17.24.40:205][  0]LogDerivedDataCache:Display: Loaded Boot cache: C:/Users/Rohit Panjwani/AppData/Local/UnrealEngine/4.14/DerivedDataCache/Boot.ddc
[2019.04.13-17.24.40:205][  0]LogDerivedDataCache: FDerivedDataBackendGraph:  Pak pak cache file ../../../../../../Users/Rohit Panjwani/Documents/Unreal Projects/Chess/DerivedDataCache/DDC.ddp not found, will not use a pak cache.
[2019.04.13-17.24.40:205][  0]LogDerivedDataCache: Unable to find inner node Pak for hierarchical cache Hierarchy.
[2019.04.13-17.24.40:205][  0]LogDerivedDataCache: FDerivedDataBackendGraph:  CompressedPak pak cache file ../../../../../../Users/Rohit Panjwani/Documents/Unreal Projects/Chess/DerivedDataCache/Compressed.ddp not found, will not use a pak cache.
[2019.04.13-17.24.40:205][  0]LogDerivedDataCache: Unable to find inner node CompressedPak for hierarchical cache Hierarchy.
[2019.04.13-17.24.40:234][  0]LogDerivedDataCache:Display: Pak cache opened for reading ../../../Engine/DerivedDataCache/Compressed.ddp.
[2019.04.13-17.24.40:249][  0]LogDerivedDataCache: Using Local data cache path C:/Users/Rohit Panjwani/AppData/Local/UnrealEngine/Common/DerivedDataCache: Writable
[2019.04.13-17.24.40:700][  0]LogInit: Selected Device Profile: [Windows]
[2019.04.13-17.24.40:709][  0]LogContentStreaming: Texture pool size is 0.00 MB
[2019.04.13-17.24.41:272][  0]LogMeshUtilities: Using QuadricMeshReduction for automatic static mesh reduction
[2019.04.13-17.24.41:420][  0]LogSimplygon: Simplygon DLL not present - disabling.
[2019.04.13-17.24.41:561][  0]LogMeshUtilities: Using SimplygonSwarm for distributed automatic mesh merging
[2019.04.13-17.24.41:561][  0]LogMeshUtilities: No automatic skeletal mesh reduction module available
[2019.04.13-17.24.41:561][  0]LogMeshUtilities: No automatic mesh merging module available
[2019.04.13-17.24.42:539][  0]LogNetVersion: GetLocalNetworkVersion: CL: 3195953, ProjectName: chess, ProjectVersion: , EngineNetworkVersion: 2, GameNetworkVersion: 0, NetworkChecksum: 1690184528
[2019.04.13-17.24.42:658][  0]LogAssetRegistry: FAssetRegistry took 0.0222 seconds to start up
[2019.04.13-17.24.42:780][  0]LogPackageLocalizationCache: Processed 3 localized package path(s) for 2 prioritized culture(s) in 0.063866 seconds
[2019.04.13-17.24.42:790][  0]LogUObjectArray: 31946 objects as part of root set at end of initial load.
[2019.04.13-17.24.42:790][  0]LogUObjectAllocator: 6935848 out of 0 bytes used by permanent object pool.
[2019.04.13-17.24.42:790][  0]LogUObjectArray: CloseDisregardForGC: 0/0 objects in disregard for GC pool
[2019.04.13-17.24.43:029][  0]LogInit: WinSock: version 1.1 (2.2), MaxSocks=32767, MaxUdp=65467
[2019.04.13-17.24.45:347][  0]LogSlate: Using Freetype 2.6.0
[2019.04.13-17.24.45:349][  0]LogSlate: SlateFontCache - WITH_FREETYPE: 1, WITH_HARFBUZZ: 1
[2019.04.13-17.24.45:349][  0]LogSlate: SlateFontCache - WITH_FREETYPE: 1, WITH_HARFBUZZ: 1
[2019.04.13-17.24.47:098][  0]LogTcpMessaging: Initializing TcpMessaging bridge
[2019.04.13-17.24.47:186][  0]LogUdpMessaging: Initializing bridge on interface 0.0.0.0:0 to multicast group 230.0.0.1:6666.
[2019.04.13-17.24.47:973][  0]LogMaterial: Uniform references updated for custom material expression Custom.
[2019.04.13-17.24.49:060][  0]SourceControl: Info Source control is disabled
[2019.04.13-17.24.49:186][  0]SourceControl: Info Source control is disabled
[2019.04.13-17.24.49:359][  0]SourceControl: Info Source control is disabled
[2019.04.13-17.24.49:485][  0]SourceControl: Info Source control is disabled
[2019.04.13-17.24.53:348][  0]LogEngine: Initializing Engine...
[2019.04.13-17.24.53:349][  0]LogHMD: Failed to initialize OpenVR with code 110
[2019.04.13-17.24.54:099][  0]LogAIModule: Creating AISystem for world Untitled
[2019.04.13-17.24.54:123][  0]LogInit: XAudio2 using 'Speakers (Conexant SmartAudio HD)' : 2 channels at 48 kHz using 32 bits per sample (channel mask 0x3)
[2019.04.13-17.24.54:243][  0]LogInit: FAudioDevice initialized.
[2019.04.13-17.24.54:307][  0]LogDerivedDataCache: Saved boot cache 0.06s 50MB C:/Users/Rohit Panjwani/AppData/Local/UnrealEngine/4.14/DerivedDataCache/Boot.ddc.
[2019.04.13-17.24.54:313][  0]LogInit: Texture streaming: Enabled
[2019.04.13-17.24.54:858][  0]LogInit: Transaction tracking system initialized
[2019.04.13-17.24.55:996][  0]BlueprintLog: New page: Editor Load
[2019.04.13-17.24.58:968][  0]LocalizationService: Info Localization service is disabled
[2019.04.13-17.25.00:578][  0]LogConsoleResponse:Display: 
[2019.04.13-17.25.00:882][  0]LogCook:Display: Max memory allowance for cook 16384mb min free memory 0mb
[2019.04.13-17.25.00:882][  0]LogCook:Display: Mobile HDR setting 1
[2019.04.13-17.25.01:439][  0]LogFileCache: Scanning file cache for directory 'C:/Users/Rohit Panjwani/Documents/Unreal Projects/Chess/Content/' took 0.02s
[2019.04.13-17.25.03:371][  0]SourceControl: Info Source control is disabled
[2019.04.13-17.25.03:371][  0]Cmd: MAP LOAD FILE="../../../Engine/Content/Maps/Templates/Template_Default.umap" TEMPLATE=1 SHOWPROGRESS=1 FEATURELEVEL=3
[2019.04.13-17.25.03:371][  0]LightingResults: New page: Lighting Build
[2019.04.13-17.25.03:481][  0]MapCheck: New page: Map Check
[2019.04.13-17.25.03:481][  0]LightingResults: New page: Lighting Build
[2019.04.13-17.25.03:695][  0]LogAIModule: Creating AISystem for world Untitled_1
[2019.04.13-17.25.03:696][  0]LogActorComponent: RegisterComponentWithWorld: (/Temp/Untitled_1.Untitled_1:PersistentLevel.WorldSettings_1.StaticMeshComponent0) Trying to register component with IsPendingKill() == true. Aborting.
[2019.04.13-17.25.03:702][  0]LogEditorServer: Finished looking for orphan Actors (0.000 secs)
[2019.04.13-17.25.03:706][  0]Cmd: MAP CHECKDEP NOCLEARLOG
[2019.04.13-17.25.03:812][  0]MapCheck: Info Map check complete: 0 Error(s), 0 Warning(s), took 105.101ms to complete.
[2019.04.13-17.25.03:812][  0]LogFileHelpers: Loading map 'Template_Default' took 0.441
[2019.04.13-17.25.03:996][  0]LogCollectionManager: Loaded 0 collections in 0.002740 seconds
[2019.04.13-17.25.04:130][  0]LogFileCache: Scanning file cache for directory 'C:/Users/Rohit Panjwani/Documents/Unreal Projects/Chess/Saved/Collections/' took 0.01s
[2019.04.13-17.25.04:130][  0]LogFileCache: Scanning file cache for directory 'C:/Users/Rohit Panjwani/Documents/Unreal Projects/Chess/Content/Developers/RohitPanjwani/Collections/' took 0.01s
[2019.04.13-17.25.04:130][  0]LogFileCache: Scanning file cache for directory 'C:/Users/Rohit Panjwani/Documents/Unreal Projects/Chess/Content/Collections/' took 0.01s
[2019.04.13-17.25.04:130][  0]LogCollectionManager: Rebuilt the GUID cache for 0 collections in 0.000002 seconds
[2019.04.13-17.25.04:139][  0]LogContentBrowser: Native class hierarchy populated in 0.0086 seconds. Added 2190 classes and 428 folders.
[2019.04.13-17.25.04:230][  0]LogStats: UGameplayTagsManager::ConstructGameplayTagTree: Construct from data asset -  0.000 s
[2019.04.13-17.25.04:230][  0]LogStats: UGameplayTagsManager::ConstructGameplayTagTree: GameplayTagTreeChangedEvent.Broadcast -  0.000 s
[2019.04.13-17.25.04:231][  0]LogContentBrowser: Native class hierarchy updated for 'GameplayTags' in 0.0007 seconds. Added 13 classes and 0 folders.
[2019.04.13-17.25.04:361][  0]LogContentBrowser: Native class hierarchy updated for 'WidgetCarousel' in 0.0006 seconds. Added 0 classes and 0 folders.
[2019.04.13-17.25.04:438][  0]LogContentBrowser: Native class hierarchy updated for 'AddContentDialog' in 0.0007 seconds. Added 0 classes and 0 folders.
[2019.04.13-17.25.04:560][  0]LogContentBrowser: Native class hierarchy updated for 'SceneOutliner' in 0.0006 seconds. Added 1 classes and 2 folders.
[2019.04.13-17.25.04:660][  0]LogCrashTracker: Crashtracker disabled due to settings.
[2019.04.13-17.25.04:667][  0]LogUObjectGlobals:Warning: Failed to find object 'Class None.'
[2019.04.13-17.25.04:832][  0]LogContentBrowser: Native class hierarchy updated for 'HierarchicalLODOutliner' in 0.0010 seconds. Added 1 classes and 2 folders.
[2019.04.13-17.25.04:832][  0]LogLoad: (Engine Initialization) Total time: 43.48 seconds
[2019.04.13-17.25.04:832][  0]LogLoad: (Engine Initialization) Total Blueprint compile time: 0.16 seconds
[2019.04.13-17.25.04:833][  0]LogExternalProfiler: Found external profiler: VSPerf
[2019.04.13-17.25.04:833][  0]LogExternalProfiler: Using external profiler: VSPerf
[2019.04.13-17.25.05:172][  0]LogOcInput: OculusInput pre-init called
[2019.04.13-17.25.05:190][  0]LogContentStreaming: Texture pool size now 3000 MB
[2019.04.13-17.25.05:342][  0]LogRenderer: Reallocating scene render targets to support 796x472 NumSamples 1 (Frame:2).
[2019.04.13-17.25.05:517][  1]LogAssetRegistry: Asset discovery search completed in 22.8815 seconds
[2019.04.13-17.25.05:517][  1]LogCollectionManager: Rebuilt the object cache for 0 collections in 0.000001 seconds (found 0 objects)
[2019.04.13-17.25.05:517][  1]LogCollectionManager: Fixed up redirectors for 0 collections in 0.000024 seconds (updated 0 objects)
[2019.04.13-17.30.13:958][578]AssetReimport: New page: Outstanding source content changes 4:30:13 am
[2019.04.13-17.30.13:974][578]LogFactory: FactoryCreateFile: Texture with ReimportTextureFactory (0 0 C:/Users/Rohit Panjwani/Documents/Unreal Projects/Chess/Content/Assets/blackWins.png)
[2019.04.13-17.30.14:885][579]LogFactory: FactoryCreateFile: Texture with ReimportTextureFactory (0 0 C:/Users/Rohit Panjwani/Documents/Unreal Projects/Chess/Content/Assets/whiteWins.png)
[2019.04.13-17.30.15:309][580]Cmd: OBJ SAVEPACKAGE PACKAGE="/Game/Assets/blackWins" FILE="../../../../../../Users/Rohit Panjwani/Documents/Unreal Projects/Chess/Content/Assets/blackWins.uasset" SILENT=true
[2019.04.13-17.30.15:616][580]LogSavePackage: Save=301.22ms
[2019.04.13-17.30.15:616][580]LogSavePackage: Moving '../../../../../../Users/Rohit Panjwani/Documents/Unreal Projects/Chess/Saved/blackWins242ED6724A9F4F5336F108BBB804450F.tmp' to '../../../../../../Users/Rohit Panjwani/Documents/Unreal Projects/Chess/Content/Assets/blackWins.uasset'
[2019.04.13-17.30.15:622][580]LogSavePackage:Display: Finished SavePackage ../../../../../../Users/Rohit Panjwani/Documents/Unreal Projects/Chess/Content/Assets/blackWins.uasset
[2019.04.13-17.30.15:644][580]Cmd: OBJ SAVEPACKAGE PACKAGE="/Game/Assets/whiteWins" FILE="../../../../../../Users/Rohit Panjwani/Documents/Unreal Projects/Chess/Content/Assets/whiteWins.uasset" SILENT=true
[2019.04.13-17.30.16:006][580]LogSavePackage: Save=358.32ms
[2019.04.13-17.30.16:006][580]LogSavePackage: Moving '../../../../../../Users/Rohit Panjwani/Documents/Unreal Projects/Chess/Saved/whiteWinsAE15F2A74BFFED54A408299F2A06C4E9.tmp' to '../../../../../../Users/Rohit Panjwani/Documents/Unreal Projects/Chess/Content/Assets/whiteWins.uasset'
[2019.04.13-17.30.16:013][580]LogSavePackage:Display: Finished SavePackage ../../../../../../Users/Rohit Panjwani/Documents/Unreal Projects/Chess/Content/Assets/whiteWins.uasset
[2019.04.13-17.30.19:023][760]AssetReimport: Info Importing new asset /Game/Assets/blackWins.
[2019.04.13-17.30.19:023][760]AssetReimport: Info Importing new asset /Game/Assets/whiteWins.
[2019.04.13-17.30.33:736][351]LogContentBrowser: Native class hierarchy updated for 'BlueprintGraph' in 0.0018 seconds. Added 111 classes and 0 folders.
[2019.04.13-17.30.38:270][361]LogD3D11RHI: Timed out while waiting for GPU to catch up. (0.5 s)
[2019.04.13-17.30.38:816][362]LogD3D11RHI: Timed out while waiting for GPU to catch up. (0.5 s)
[2019.04.13-17.30.40:059][366]LogD3D11RHI: Timed out while waiting for GPU to catch up. (0.5 s)
[2019.04.13-17.30.40:567][367]LogD3D11RHI: Timed out while waiting for GPU to catch up. (0.5 s)
[2019.04.13-17.30.42:458][371]LogD3D11RHI: Timed out while waiting for GPU to catch up. (0.5 s)
[2019.04.13-17.30.43:047][372]LogD3D11RHI: Timed out while waiting for GPU to catch up. (0.5 s)
[2019.04.13-17.30.43:567][373]LogD3D11RHI: Timed out while waiting for GPU to catch up. (0.5 s)
[2019.04.13-17.30.56:478][577]LogAIModule: Creating AISystem for world FirstLevel
[2019.04.13-17.30.56:629][577]Cmd: MAP LOAD FILE="../../../../../../Users/Rohit Panjwani/Documents/Unreal Projects/Chess/Content/FirstLevel.umap" TEMPLATE=0 SHOWPROGRESS=1 FEATURELEVEL=3
[2019.04.13-17.30.56:629][577]LightingResults: New page: Lighting Build
[2019.04.13-17.30.56:630][577]LoadErrors: New page: Loading map: FirstLevel.umap
[2019.04.13-17.30.56:631][577]MapCheck: New page: Map Check
[2019.04.13-17.30.56:631][577]LightingResults: New page: Lighting Build
[2019.04.13-17.30.56:821][577]LogEditorServer: Finished looking for orphan Actors (0.000 secs)
[2019.04.13-17.30.56:861][577]Cmd: MAP CHECKDEP NOCLEARLOG
[2019.04.13-17.30.56:980][577]MapCheck: Info Map check complete: 0 Error(s), 0 Warning(s), took 119.661ms to complete.
[2019.04.13-17.30.56:982][577]LogFileHelpers: Loading map 'FirstLevel' took 0.354
[2019.04.13-17.31.32:626][147]LogMetaData: Removing '/Game/Blueprints/GameEnds.SKEL_GameEnds_C' ref from Metadata '/Game/Blueprints/WhiteWins.PackageMetaData'
[2019.04.13-17.31.32:626][147]LogMetaData: Removing '/Game/Blueprints/GameEnds.GameEnds_C' ref from Metadata '/Game/Blueprints/WhiteWins.PackageMetaData'
[2019.04.13-17.31.32:626][147]LogMetaData: Removing '/Game/Blueprints/GameEnds.GameEnds:EventGraph.K2Node_Event_0' ref from Metadata '/Game/Blueprints/WhiteWins.PackageMetaData'
[2019.04.13-17.31.32:626][147]LogMetaData: Removing '/Game/Blueprints/GameEnds.GameEnds:EventGraph.K2Node_Event_1' ref from Metadata '/Game/Blueprints/WhiteWins.PackageMetaData'
[2019.04.13-17.31.32:697][147]Cmd: OBJ SAVEPACKAGE PACKAGE="/Game/Blueprints/GameEnds" FILE="../../../../../../Users/Rohit Panjwani/Documents/Unreal Projects/Chess/Content/Blueprints/GameEnds.uasset" SILENT=true
[2019.04.13-17.31.32:710][147]LogSavePackage: Save=9.18ms
[2019.04.13-17.31.32:710][147]LogSavePackage: Moving '../../../../../../Users/Rohit Panjwani/Documents/Unreal Projects/Chess/Saved/GameEnds5FF59FEA4DA29B6AFC4070BDF73A452E.tmp' to '../../../../../../Users/Rohit Panjwani/Documents/Unreal Projects/Chess/Content/Blueprints/GameEnds.uasset'
[2019.04.13-17.31.32:717][147]LogSavePackage:Display: Finished SavePackage ../../../../../../Users/Rohit Panjwani/Documents/Unreal Projects/Chess/Content/Blueprints/GameEnds.uasset
[2019.04.13-17.36.35:087][922]BlueprintLog: New page: Compile ChessGameMode
[2019.04.13-17.36.39:437][929]LogD3D11RHI: Timed out while waiting for GPU to catch up. (0.5 s)
[2019.04.13-17.36.40:482][929]LogD3D11RHI: Timed out while waiting for GPU to catch up. (0.5 s)
[2019.04.13-17.36.40:620][929]Cmd: OBJ SAVEPACKAGE PACKAGE="/Game/Blueprints/ChessGameMode" FILE="../../../../../../Users/Rohit Panjwani/Documents/Unreal Projects/Chess/Content/Blueprints/ChessGameMode.uasset" SILENT=true
[2019.04.13-17.36.41:046][929]LogSavePackage: Save=257.63ms
[2019.04.13-17.36.41:046][929]LogSavePackage: Moving '../../../../../../Users/Rohit Panjwani/Documents/Unreal Projects/Chess/Saved/ChessGameModeAE1EA9FA452FE4FAF8979F85456F44DB.tmp' to '../../../../../../Users/Rohit Panjwani/Documents/Unreal Projects/Chess/Content/Blueprints/ChessGameMode.uasset'
[2019.04.13-17.36.41:054][929]LogSavePackage:Display: Finished SavePackage ../../../../../../Users/Rohit Panjwani/Documents/Unreal Projects/Chess/Content/Blueprints/ChessGameMode.uasset
[2019.04.13-17.36.44:148][937]LogD3D11RHI: Timed out while waiting for GPU to catch up. (0.5 s)
[2019.04.13-17.36.44:649][937]LogD3D11RHI: Timed out while waiting for GPU to catch up. (0.5 s)
[2019.04.13-17.36.45:160][938]LogD3D11RHI: Timed out while waiting for GPU to catch up. (0.5 s)
[2019.04.13-17.42.18:031][206]LogSlate:Warning: Prevented a slow task dialog from being summoned while a context menu was open
[2019.04.13-17.42.40:719][535]LogTemp: Repeting last play command: Selected Viewport
[2019.04.13-17.42.40:744][535]BlueprintLog: New page: Pre-Play auto-recompile
[2019.04.13-17.42.40:744][535]LogPlayLevel: [PlayLevel] Compiling King before play...
[2019.04.13-17.42.40:989][535]LogPlayLevel: [PlayLevel] Compiling GameEnds before play...
[2019.04.13-17.42.41:182][535]LogPlayLevel: PlayLevel: Blueprint regeneration took 438 ms (2 blueprints)
[2019.04.13-17.42.41:182][535]PIE: New page: PIE session: FirstLevel (14-Apr-2019 4:42:41 am)
[2019.04.13-17.42.41:183][535]LogPlayLevel: Creating play world package: /Game/UEDPIE_0_FirstLevel
[2019.04.13-17.42.41:195][535]LogPlayLevel: PIE: StaticDuplicateObject took: (0.012099s)
[2019.04.13-17.42.41:195][535]LogAIModule: Creating AISystem for world FirstLevel
[2019.04.13-17.42.41:196][535]LogPlayLevel: PIE: World Init took: (0.000889s)
[2019.04.13-17.42.41:196][535]LogPlayLevel: PIE: Created PIE world by copying editor world from /Game/FirstLevel.FirstLevel to /Game/UEDPIE_0_FirstLevel.FirstLevel (0.013536s)
[2019.04.13-17.42.41:220][535]LogInit: XAudio2 using 'Speakers (Conexant SmartAudio HD)' : 2 channels at 48 kHz using 32 bits per sample (channel mask 0x3)
[2019.04.13-17.42.41:277][535]LogInit: FAudioDevice initialized.
[2019.04.13-17.42.41:333][535]LogLoad: Game class is 'ChessGameMode_C'
[2019.04.13-17.42.41:340][535]LogWorld: Bringing World /Game/UEDPIE_0_FirstLevel.FirstLevel up for play (max tick rate 60) at 2019.04.13-23.12.41
[2019.04.13-17.42.41:341][535]LogWorld: Bringing up level for play took: 0.006205
[2019.04.13-17.42.41:454][535]LogContentBrowser: Native class hierarchy updated for 'MovieSceneCapture' in 0.0008 seconds. Added 11 classes and 0 folders.
[2019.04.13-17.42.41:492][535]PIE: Info Play in editor start time for /Game/UEDPIE_0_FirstLevel 0.758
[2019.04.13-17.42.41:655][535]LogRenderer: Reallocating scene render targets to support 1292x756 NumSamples 1 (Frame:7109).
[2019.04.13-17.42.42:652][539]LogD3D11RHI: Timed out while waiting for GPU to catch up. (0.5 s)
[2019.04.13-17.42.45:351][674]LogRenderer: Reallocating scene render targets to support 1536x800 NumSamples 1 (Frame:7397).
[2019.04.13-17.43.21:774][835]LogScript:Warning: Attempted to access Pawn13 via property CallFunc_Array_Get_Item14, but Pawn13 is pending kill
	ChessGameMode_C /Game/UEDPIE_0_FirstLevel.FirstLevel:PersistentLevel.ChessGameMode_C_0
	Function /Game/Blueprints/ChessGameMode.ChessGameMode_C:ExecuteUbergraph_ChessGameMode:3356
[2019.04.13-17.43.21:774][835]PIE:Error: Error Blueprint Runtime Error: Attempted to access Pawn13 via property CallFunc_Array_Get_Item14, but Pawn13 is pending kill from function: 'ExecuteUbergraph_ChessGameMode' from node: Branch in graph: EventGraph in object: ChessGameMode with description: Attempted to access Pawn13 via property CallFunc_Array_Get_Item14, but Pawn13 is pending kill
[2019.04.13-17.43.21:774][835]LogScript:Warning: Accessed None reading structure index_8_4D89B9C3475C6850CB0F55ADD021C5BF
	ChessGameMode_C /Game/UEDPIE_0_FirstLevel.FirstLevel:PersistentLevel.ChessGameMode_C_0
	Function /Game/Blueprints/ChessGameMode.ChessGameMode_C:ExecuteUbergraph_ChessGameMode:336B
[2019.04.13-17.43.21:775][835]PIE:Error: Error Blueprint Runtime Error: Accessed None reading structure index_8_4D89B9C3475C6850CB0F55ADD021C5BF from function: 'ExecuteUbergraph_ChessGameMode' from node: Branch in graph: EventGraph in object: ChessGameMode with description: Accessed None reading structure index_8_4D89B9C3475C6850CB0F55ADD021C5BF
[2019.04.13-17.43.21:775][835]LogScript:Warning: Attempted to access Pawn13 via property CallFunc_Array_Get_Item14, but Pawn13 is pending kill
	ChessGameMode_C /Game/UEDPIE_0_FirstLevel.FirstLevel:PersistentLevel.ChessGameMode_C_0
	Function /Game/Blueprints/ChessGameMode.ChessGameMode_C:ExecuteUbergraph_ChessGameMode:33BA
[2019.04.13-17.43.21:775][835]PIE:Error: Error Blueprint Runtime Error: Attempted to access Pawn13 via property CallFunc_Array_Get_Item14, but Pawn13 is pending kill from function: 'ExecuteUbergraph_ChessGameMode' from node: Branch in graph: EventGraph in object: ChessGameMode with description: Attempted to access Pawn13 via property CallFunc_Array_Get_Item14, but Pawn13 is pending kill
[2019.04.13-17.43.21:775][835]LogScript:Warning: Accessed None reading structure Name_5_F9593F8840905CC2B3A3B2A898E7B6CF
	ChessGameMode_C /Game/UEDPIE_0_FirstLevel.FirstLevel:PersistentLevel.ChessGameMode_C_0
	Function /Game/Blueprints/ChessGameMode.ChessGameMode_C:ExecuteUbergraph_ChessGameMode:33CF
[2019.04.13-17.43.21:775][835]PIE:Error: Error Blueprint Runtime Error: Accessed None reading structure Name_5_F9593F8840905CC2B3A3B2A898E7B6CF from function: 'ExecuteUbergraph_ChessGameMode' from node: Branch in graph: EventGraph in object: ChessGameMode with description: Accessed None reading structure Name_5_F9593F8840905CC2B3A3B2A898E7B6CF
[2019.04.13-17.43.21:775][835]LogScript:Warning: Attempted to access Pawn13 via property CallFunc_Array_Get_Item14, but Pawn13 is pending kill
	ChessGameMode_C /Game/UEDPIE_0_FirstLevel.FirstLevel:PersistentLevel.ChessGameMode_C_0
	Function /Game/Blueprints/ChessGameMode.ChessGameMode_C:ExecuteUbergraph_ChessGameMode:3408
[2019.04.13-17.43.21:775][835]PIE:Error: Error Blueprint Runtime Error: Attempted to access Pawn13 via property CallFunc_Array_Get_Item14, but Pawn13 is pending kill from function: 'ExecuteUbergraph_ChessGameMode' from node: Branch in graph: EventGraph in object: ChessGameMode with description: Attempted to access Pawn13 via property CallFunc_Array_Get_Item14, but Pawn13 is pending kill
[2019.04.13-17.43.21:775][835]LogScript:Warning: Accessed None reading structure color_2_67E031134EC1B07DA9A0B1BCE7FB563C
	ChessGameMode_C /Game/UEDPIE_0_FirstLevel.FirstLevel:PersistentLevel.ChessGameMode_C_0
	Function /Game/Blueprints/ChessGameMode.ChessGameMode_C:ExecuteUbergraph_ChessGameMode:341D
[2019.04.13-17.43.21:775][835]PIE:Error: Error Blueprint Runtime Error: Accessed None reading structure color_2_67E031134EC1B07DA9A0B1BCE7FB563C from function: 'ExecuteUbergraph_ChessGameMode' from node: Branch in graph: EventGraph in object: ChessGameMode with description: Accessed None reading structure color_2_67E031134EC1B07DA9A0B1BCE7FB563C
[2019.04.13-17.43.44:193][ 92]LogTemp: Repeting last play command: Selected Viewport
[2019.04.13-17.43.44:238][ 92]BlueprintLog: New page: Pre-Play auto-recompile
[2019.04.13-17.43.44:238][ 92]LogPlayLevel: [PlayLevel] Compiling King before play...
[2019.04.13-17.43.44:533][ 92]LogPlayLevel: PlayLevel: Blueprint regeneration took 295 ms (1 blueprints)
[2019.04.13-17.43.44:534][ 92]PIE: New page: PIE session: FirstLevel (14-Apr-2019 4:43:44 am)
[2019.04.13-17.43.44:534][ 92]LogPlayLevel: Creating play world package: /Game/UEDPIE_0_FirstLevel
[2019.04.13-17.43.44:553][ 92]LogPlayLevel: PIE: StaticDuplicateObject took: (0.019129s)
[2019.04.13-17.43.44:553][ 92]LogAIModule: Creating AISystem for world FirstLevel
[2019.04.13-17.43.44:554][ 92]LogPlayLevel: PIE: World Init took: (0.001451s)
[2019.04.13-17.43.44:554][ 92]LogPlayLevel: PIE: Created PIE world by copying editor world from /Game/FirstLevel.FirstLevel to /Game/UEDPIE_0_FirstLevel.FirstLevel (0.021104s)
[2019.04.13-17.43.44:590][ 92]LogInit: XAudio2 using 'Speakers (Conexant SmartAudio HD)' : 2 channels at 48 kHz using 32 bits per sample (channel mask 0x3)
[2019.04.13-17.43.44:673][ 92]LogInit: FAudioDevice initialized.
[2019.04.13-17.43.44:719][ 92]LogLoad: Game class is 'ChessGameMode_C'
[2019.04.13-17.43.44:729][ 92]LogWorld: Bringing World /Game/UEDPIE_0_FirstLevel.FirstLevel up for play (max tick rate 60) at 2019.04.13-23.13.44
[2019.04.13-17.43.44:731][ 92]LogWorld: Bringing up level for play took: 0.009211
[2019.04.13-17.43.44:830][ 92]PIE: Info Play in editor start time for /Game/UEDPIE_0_FirstLevel 0.096
[2019.04.13-17.44.07:511][366]LogScript:Warning: Attempted to access Pawn13 via property CallFunc_Array_Get_Item14, but Pawn13 is pending kill
	ChessGameMode_C /Game/UEDPIE_0_FirstLevel.FirstLevel:PersistentLevel.ChessGameMode_C_0
	Function /Game/Blueprints/ChessGameMode.ChessGameMode_C:ExecuteUbergraph_ChessGameMode:3356
[2019.04.13-17.44.07:511][366]PIE:Error: Error Blueprint Runtime Error: Attempted to access Pawn13 via property CallFunc_Array_Get_Item14, but Pawn13 is pending kill from function: 'ExecuteUbergraph_ChessGameMode' from node: Branch in graph: EventGraph in object: ChessGameMode with description: Attempted to access Pawn13 via property CallFunc_Array_Get_Item14, but Pawn13 is pending kill
[2019.04.13-17.44.07:512][366]LogScript:Warning: Accessed None reading structure index_8_4D89B9C3475C6850CB0F55ADD021C5BF
	ChessGameMode_C /Game/UEDPIE_0_FirstLevel.FirstLevel:PersistentLevel.ChessGameMode_C_0
	Function /Game/Blueprints/ChessGameMode.ChessGameMode_C:ExecuteUbergraph_ChessGameMode:336B
[2019.04.13-17.44.07:512][366]PIE:Error: Error Blueprint Runtime Error: Accessed None reading structure index_8_4D89B9C3475C6850CB0F55ADD021C5BF from function: 'ExecuteUbergraph_ChessGameMode' from node: Branch in graph: EventGraph in object: ChessGameMode with description: Accessed None reading structure index_8_4D89B9C3475C6850CB0F55ADD021C5BF
[2019.04.13-17.44.07:512][366]LogScript:Warning: Attempted to access Pawn13 via property CallFunc_Array_Get_Item14, but Pawn13 is pending kill
	ChessGameMode_C /Game/UEDPIE_0_FirstLevel.FirstLevel:PersistentLevel.ChessGameMode_C_0
	Function /Game/Blueprints/ChessGameMode.ChessGameMode_C:ExecuteUbergraph_ChessGameMode:33BA
[2019.04.13-17.44.07:512][366]PIE:Error: Error Blueprint Runtime Error: Attempted to access Pawn13 via property CallFunc_Array_Get_Item14, but Pawn13 is pending kill from function: 'ExecuteUbergraph_ChessGameMode' from node: Branch in graph: EventGraph in object: ChessGameMode with description: Attempted to access Pawn13 via property CallFunc_Array_Get_Item14, but Pawn13 is pending kill
[2019.04.13-17.44.07:512][366]LogScript:Warning: Accessed None reading structure Name_5_F9593F8840905CC2B3A3B2A898E7B6CF
	ChessGameMode_C /Game/UEDPIE_0_FirstLevel.FirstLevel:PersistentLevel.ChessGameMode_C_0
	Function /Game/Blueprints/ChessGameMode.ChessGameMode_C:ExecuteUbergraph_ChessGameMode:33CF
[2019.04.13-17.44.07:512][366]PIE:Error: Error Blueprint Runtime Error: Accessed None reading structure Name_5_F9593F8840905CC2B3A3B2A898E7B6CF from function: 'ExecuteUbergraph_ChessGameMode' from node: Branch in graph: EventGraph in object: ChessGameMode with description: Accessed None reading structure Name_5_F9593F8840905CC2B3A3B2A898E7B6CF
[2019.04.13-17.44.07:512][366]LogScript:Warning: Attempted to access Pawn13 via property CallFunc_Array_Get_Item14, but Pawn13 is pending kill
	ChessGameMode_C /Game/UEDPIE_0_FirstLevel.FirstLevel:PersistentLevel.ChessGameMode_C_0
	Function /Game/Blueprints/ChessGameMode.ChessGameMode_C:ExecuteUbergraph_ChessGameMode:3408
[2019.04.13-17.44.07:512][366]PIE:Error: Error Blueprint Runtime Error: Attempted to access Pawn13 via property CallFunc_Array_Get_Item14, but Pawn13 is pending kill from function: 'ExecuteUbergraph_ChessGameMode' from node: Branch in graph: EventGraph in object: ChessGameMode with description: Attempted to access Pawn13 via property CallFunc_Array_Get_Item14, but Pawn13 is pending kill
[2019.04.13-17.44.07:512][366]LogScript:Warning: Accessed None reading structure color_2_67E031134EC1B07DA9A0B1BCE7FB563C
	ChessGameMode_C /Game/UEDPIE_0_FirstLevel.FirstLevel:PersistentLevel.ChessGameMode_C_0
	Function /Game/Blueprints/ChessGameMode.ChessGameMode_C:ExecuteUbergraph_ChessGameMode:341D
[2019.04.13-17.44.07:512][366]PIE:Error: Error Blueprint Runtime Error: Accessed None reading structure color_2_67E031134EC1B07DA9A0B1BCE7FB563C from function: 'ExecuteUbergraph_ChessGameMode' from node: Branch in graph: EventGraph in object: ChessGameMode with description: Accessed None reading structure color_2_67E031134EC1B07DA9A0B1BCE7FB563C
[2019.04.13-17.44.16:981][874]LogScript:Warning: Attempted to access King2 via property CallFunc_Array_Get_Item15, but King2 is pending kill
	ChessGameMode_C /Game/UEDPIE_0_FirstLevel.FirstLevel:PersistentLevel.ChessGameMode_C_0
	Function /Game/Blueprints/ChessGameMode.ChessGameMode_C:ExecuteUbergraph_ChessGameMode:354C
[2019.04.13-17.44.16:981][874]PIE:Error: Error Blueprint Runtime Error: Attempted to access King2 via property CallFunc_Array_Get_Item15, but King2 is pending kill from function: 'ExecuteUbergraph_ChessGameMode' from node: Branch in graph: EventGraph in object: ChessGameMode with description: Attempted to access King2 via property CallFunc_Array_Get_Item15, but King2 is pending kill
[2019.04.13-17.44.16:981][874]LogScript:Warning: Accessed None reading structure index_8_4D89B9C3475C6850CB0F55ADD021C5BF
	ChessGameMode_C /Game/UEDPIE_0_FirstLevel.FirstLevel:PersistentLevel.ChessGameMode_C_0
	Function /Game/Blueprints/ChessGameMode.ChessGameMode_C:ExecuteUbergraph_ChessGameMode:3561
[2019.04.13-17.44.16:981][874]PIE:Error: Error Blueprint Runtime Error: Accessed None reading structure index_8_4D89B9C3475C6850CB0F55ADD021C5BF from function: 'ExecuteUbergraph_ChessGameMode' from node: Branch in graph: EventGraph in object: ChessGameMode with description: Accessed None reading structure index_8_4D89B9C3475C6850CB0F55ADD021C5BF
[2019.04.13-17.44.16:982][874]LogScript:Warning: Attempted to access King2 via property CallFunc_Array_Get_Item15, but King2 is pending kill
	ChessGameMode_C /Game/UEDPIE_0_FirstLevel.FirstLevel:PersistentLevel.ChessGameMode_C_0
	Function /Game/Blueprints/ChessGameMode.ChessGameMode_C:ExecuteUbergraph_ChessGameMode:35B0
[2019.04.13-17.44.16:982][874]PIE:Error: Error Blueprint Runtime Error: Attempted to access King2 via property CallFunc_Array_Get_Item15, but King2 is pending kill from function: 'ExecuteUbergraph_ChessGameMode' from node: Branch in graph: EventGraph in object: ChessGameMode with description: Attempted to access King2 via property CallFunc_Array_Get_Item15, but King2 is pending kill
[2019.04.13-17.44.16:982][874]LogScript:Warning: Accessed None reading structure Name_5_F9593F8840905CC2B3A3B2A898E7B6CF
	ChessGameMode_C /Game/UEDPIE_0_FirstLevel.FirstLevel:PersistentLevel.ChessGameMode_C_0
	Function /Game/Blueprints/ChessGameMode.ChessGameMode_C:ExecuteUbergraph_ChessGameMode:35C5
[2019.04.13-17.44.16:982][874]PIE:Error: Error Blueprint Runtime Error: Accessed None reading structure Name_5_F9593F8840905CC2B3A3B2A898E7B6CF from function: 'ExecuteUbergraph_ChessGameMode' from node: Branch in graph: EventGraph in object: ChessGameMode with description: Accessed None reading structure Name_5_F9593F8840905CC2B3A3B2A898E7B6CF
[2019.04.13-17.44.16:982][874]LogScript:Warning: Attempted to access King2 via property CallFunc_Array_Get_Item15, but King2 is pending kill
	ChessGameMode_C /Game/UEDPIE_0_FirstLevel.FirstLevel:PersistentLevel.ChessGameMode_C_0
	Function /Game/Blueprints/ChessGameMode.ChessGameMode_C:ExecuteUbergraph_ChessGameMode:35FE
[2019.04.13-17.44.16:982][874]PIE:Error: Error Blueprint Runtime Error: Attempted to access King2 via property CallFunc_Array_Get_Item15, but King2 is pending kill from function: 'ExecuteUbergraph_ChessGameMode' from node: Branch in graph: EventGraph in object: ChessGameMode with description: Attempted to access King2 via property CallFunc_Array_Get_Item15, but King2 is pending kill
[2019.04.13-17.44.16:982][874]PIE:Error: Error Blueprint Runtime Error: Accessed None reading structure color_2_67E031134EC1B07DA9A0B1BCE7FB563C from function: 'ExecuteUbergraph_ChessGameMode' from node: Branch in graph: EventGraph in object: ChessGameMode with description: Accessed None reading structure color_2_67E031134EC1B07DA9A0B1BCE7FB563C
[2019.04.13-17.44.40:359][223]BlueprintLog: New page: Compile King
[2019.04.13-17.44.42:020][268]LogTemp: Repeting last play command: Selected Viewport
[2019.04.13-17.44.42:075][268]LogPlayLevel: PlayLevel: No blueprints needed recompiling
[2019.04.13-17.44.42:075][268]PIE: New page: PIE session: FirstLevel (14-Apr-2019 4:44:42 am)
[2019.04.13-17.44.42:075][268]LogPlayLevel: Creating play world package: /Game/UEDPIE_0_FirstLevel
[2019.04.13-17.44.42:092][268]LogPlayLevel: PIE: StaticDuplicateObject took: (0.016749s)
[2019.04.13-17.44.42:093][268]LogAIModule: Creating AISystem for world FirstLevel
[2019.04.13-17.44.42:093][268]LogPlayLevel: PIE: World Init took: (0.001127s)
[2019.04.13-17.44.42:093][268]LogPlayLevel: PIE: Created PIE world by copying editor world from /Game/FirstLevel.FirstLevel to /Game/UEDPIE_0_FirstLevel.FirstLevel (0.018259s)
[2019.04.13-17.44.42:124][268]LogInit: XAudio2 using 'Speakers (Conexant SmartAudio HD)' : 2 channels at 48 kHz using 32 bits per sample (channel mask 0x3)
[2019.04.13-17.44.42:201][268]LogInit: FAudioDevice initialized.
[2019.04.13-17.44.42:247][268]LogLoad: Game class is 'ChessGameMode_C'
[2019.04.13-17.44.42:259][268]LogWorld: Bringing World /Game/UEDPIE_0_FirstLevel.FirstLevel up for play (max tick rate 60) at 2019.04.13-23.14.42
[2019.04.13-17.44.42:260][268]LogWorld: Bringing up level for play took: 0.010485
[2019.04.13-17.44.42:354][268]PIE: Info Play in editor start time for /Game/UEDPIE_0_FirstLevel -0.38
[2019.04.13-17.44.59:844][297]PIE:Error: Error Blueprint Runtime Error: Attempted to access Pawn13 via property CallFunc_Array_Get_Item14, but Pawn13 is pending kill from function: 'ExecuteUbergraph_ChessGameMode' from node: Branch in graph: EventGraph in object: ChessGameMode with description: Attempted to access Pawn13 via property CallFunc_Array_Get_Item14, but Pawn13 is pending kill
[2019.04.13-17.44.59:844][297]PIE:Error: Error Blueprint Runtime Error: Accessed None reading structure index_8_4D89B9C3475C6850CB0F55ADD021C5BF from function: 'ExecuteUbergraph_ChessGameMode' from node: Branch in graph: EventGraph in object: ChessGameMode with description: Accessed None reading structure index_8_4D89B9C3475C6850CB0F55ADD021C5BF
[2019.04.13-17.44.59:844][297]PIE:Error: Error Blueprint Runtime Error: Attempted to access Pawn13 via property CallFunc_Array_Get_Item14, but Pawn13 is pending kill from function: 'ExecuteUbergraph_ChessGameMode' from node: Branch in graph: EventGraph in object: ChessGameMode with description: Attempted to access Pawn13 via property CallFunc_Array_Get_Item14, but Pawn13 is pending kill
[2019.04.13-17.44.59:844][297]PIE:Error: Error Blueprint Runtime Error: Accessed None reading structure Name_5_F9593F8840905CC2B3A3B2A898E7B6CF from function: 'ExecuteUbergraph_ChessGameMode' from node: Branch in graph: EventGraph in object: ChessGameMode with description: Accessed None reading structure Name_5_F9593F8840905CC2B3A3B2A898E7B6CF
[2019.04.13-17.44.59:844][297]PIE:Error: Error Blueprint Runtime Error: Attempted to access Pawn13 via property CallFunc_Array_Get_Item14, but Pawn13 is pending kill from function: 'ExecuteUbergraph_ChessGameMode' from node: Branch in graph: EventGraph in object: ChessGameMode with description: Attempted to access Pawn13 via property CallFunc_Array_Get_Item14, but Pawn13 is pending kill
[2019.04.13-17.44.59:845][297]PIE:Error: Error Blueprint Runtime Error: Accessed None reading structure color_2_67E031134EC1B07DA9A0B1BCE7FB563C from function: 'ExecuteUbergraph_ChessGameMode' from node: Branch in graph: EventGraph in object: ChessGameMode with description: Accessed None reading structure color_2_67E031134EC1B07DA9A0B1BCE7FB563C
[2019.04.13-17.45.45:289][ 18]PIE:Error: Error Blueprint Runtime Error: Accessed None trying to read property CallFunc_Array_Get_Item15 from function: 'ExecuteUbergraph_ChessGameMode' from node: Branch in graph: EventGraph in object: ChessGameMode with description: Accessed None trying to read property CallFunc_Array_Get_Item15
[2019.04.13-17.45.45:289][ 18]PIE:Error: Error Blueprint Runtime Error: Accessed None reading structure index_8_4D89B9C3475C6850CB0F55ADD021C5BF from function: 'ExecuteUbergraph_ChessGameMode' from node: Branch in graph: EventGraph in object: ChessGameMode with description: Accessed None reading structure index_8_4D89B9C3475C6850CB0F55ADD021C5BF
[2019.04.13-17.45.45:289][ 18]PIE:Error: Error Blueprint Runtime Error: Accessed None trying to read property CallFunc_Array_Get_Item15 from function: 'ExecuteUbergraph_ChessGameMode' from node: Branch in graph: EventGraph in object: ChessGameMode with description: Accessed None trying to read property CallFunc_Array_Get_Item15
[2019.04.13-17.45.45:289][ 18]PIE:Error: Error Blueprint Runtime Error: Accessed None reading structure Name_5_F9593F8840905CC2B3A3B2A898E7B6CF from function: 'ExecuteUbergraph_ChessGameMode' from node: Branch in graph: EventGraph in object: ChessGameMode with description: Accessed None reading structure Name_5_F9593F8840905CC2B3A3B2A898E7B6CF
[2019.04.13-17.45.45:290][ 18]PIE:Error: Error Blueprint Runtime Error: Accessed None trying to read property CallFunc_Array_Get_Item15 from function: 'ExecuteUbergraph_ChessGameMode' from node: Branch in graph: EventGraph in object: ChessGameMode with description: Accessed None trying to read property CallFunc_Array_Get_Item15
[2019.04.13-17.45.45:290][ 18]PIE:Error: Error Blueprint Runtime Error: Accessed None reading structure color_2_67E031134EC1B07DA9A0B1BCE7FB563C from function: 'ExecuteUbergraph_ChessGameMode' from node: Branch in graph: EventGraph in object: ChessGameMode with description: Accessed None reading structure color_2_67E031134EC1B07DA9A0B1BCE7FB563C
[2019.04.13-17.45.45:290][ 18]LogBlueprintUserMessages: [King_353] wons
[2019.04.13-17.47.13:251][187]Cmd: OBJ SAVEPACKAGE PACKAGE="/Game/Blueprints/GameEnds" FILE="../../../../../../Users/Rohit Panjwani/Documents/Unreal Projects/Chess/Content/Blueprints/GameEnds.uasset" SILENT=true
[2019.04.13-17.47.13:401][187]LogSavePackage: Save=13.21ms
[2019.04.13-17.47.13:401][187]LogSavePackage: Moving '../../../../../../Users/Rohit Panjwani/Documents/Unreal Projects/Chess/Saved/GameEnds4D6AC227436C91A6E2C7EC8743ED6123.tmp' to '../../../../../../Users/Rohit Panjwani/Documents/Unreal Projects/Chess/Content/Blueprints/GameEnds.uasset'
[2019.04.13-17.47.13:406][187]LogSavePackage:Display: Finished SavePackage ../../../../../../Users/Rohit Panjwani/Documents/Unreal Projects/Chess/Content/Blueprints/GameEnds.uasset
[2019.04.13-17.47.42:179][888]Cmd: OBJ SAVEPACKAGE PACKAGE="/Game/Blueprints/GameEnds" FILE="../../../../../../Users/Rohit Panjwani/Documents/Unreal Projects/Chess/Content/Blueprints/GameEnds.uasset" SILENT=true
[2019.04.13-17.47.42:361][888]LogSavePackage: Save=75.46ms
[2019.04.13-17.47.42:361][888]LogSavePackage: Moving '../../../../../../Users/Rohit Panjwani/Documents/Unreal Projects/Chess/Saved/GameEndsBC9B4AA04FD94EF41AB9088C40239F76.tmp' to '../../../../../../Users/Rohit Panjwani/Documents/Unreal Projects/Chess/Content/Blueprints/GameEnds.uasset'
[2019.04.13-17.47.42:368][888]LogSavePackage:Display: Finished SavePackage ../../../../../../Users/Rohit Panjwani/Documents/Unreal Projects/Chess/Content/Blueprints/GameEnds.uasset
[2019.04.13-17.47.43:397][950]LogTemp: Repeting last play command: Selected Viewport
[2019.04.13-17.47.43:444][950]BlueprintLog: New page: Pre-Play auto-recompile
[2019.04.13-17.47.43:444][950]LogPlayLevel: [PlayLevel] Compiling GameEnds before play...
[2019.04.13-17.47.43:718][950]LogPlayLevel: PlayLevel: Blueprint regeneration took 273 ms (1 blueprints)
[2019.04.13-17.47.43:718][950]PIE: New page: PIE session: FirstLevel (14-Apr-2019 4:47:43 am)
[2019.04.13-17.47.43:718][950]LogPlayLevel: Creating play world package: /Game/UEDPIE_0_FirstLevel
[2019.04.13-17.47.43:733][950]LogPlayLevel: PIE: StaticDuplicateObject took: (0.014809s)
[2019.04.13-17.47.43:733][950]LogAIModule: Creating AISystem for world FirstLevel
[2019.04.13-17.47.43:734][950]LogPlayLevel: PIE: World Init took: (0.001063s)
[2019.04.13-17.47.43:734][950]LogPlayLevel: PIE: Created PIE world by copying editor world from /Game/FirstLevel.FirstLevel to /Game/UEDPIE_0_FirstLevel.FirstLevel (0.016181s)
[2019.04.13-17.47.43:765][950]LogInit: XAudio2 using 'Speakers (Conexant SmartAudio HD)' : 2 channels at 48 kHz using 32 bits per sample (channel mask 0x3)
[2019.04.13-17.47.43:831][950]LogInit: FAudioDevice initialized.
[2019.04.13-17.47.43:876][950]LogLoad: Game class is 'ChessGameMode_C'
[2019.04.13-17.47.43:884][950]LogWorld: Bringing World /Game/UEDPIE_0_FirstLevel.FirstLevel up for play (max tick rate 60) at 2019.04.13-23.17.43
[2019.04.13-17.47.43:885][950]LogWorld: Bringing up level for play took: 0.006317
[2019.04.13-17.47.43:938][950]PIE: Info Play in editor start time for /Game/UEDPIE_0_FirstLevel 1.204
[2019.04.13-17.48.06:410][252]PIE:Error: Error Blueprint Runtime Error: Attempted to access Pawn13 via property CallFunc_Array_Get_Item14, but Pawn13 is pending kill from function: 'ExecuteUbergraph_ChessGameMode' from node: Branch in graph: EventGraph in object: ChessGameMode with description: Attempted to access Pawn13 via property CallFunc_Array_Get_Item14, but Pawn13 is pending kill
[2019.04.13-17.48.06:410][252]PIE:Error: Error Blueprint Runtime Error: Accessed None reading structure index_8_4D89B9C3475C6850CB0F55ADD021C5BF from function: 'ExecuteUbergraph_ChessGameMode' from node: Branch in graph: EventGraph in object: ChessGameMode with description: Accessed None reading structure index_8_4D89B9C3475C6850CB0F55ADD021C5BF
[2019.04.13-17.48.06:410][252]PIE:Error: Error Blueprint Runtime Error: Attempted to access Pawn13 via property CallFunc_Array_Get_Item14, but Pawn13 is pending kill from function: 'ExecuteUbergraph_ChessGameMode' from node: Branch in graph: EventGraph in object: ChessGameMode with description: Attempted to access Pawn13 via property CallFunc_Array_Get_Item14, but Pawn13 is pending kill
[2019.04.13-17.48.06:410][252]PIE:Error: Error Blueprint Runtime Error: Accessed None reading structure Name_5_F9593F8840905CC2B3A3B2A898E7B6CF from function: 'ExecuteUbergraph_ChessGameMode' from node: Branch in graph: EventGraph in object: ChessGameMode with description: Accessed None reading structure Name_5_F9593F8840905CC2B3A3B2A898E7B6CF
[2019.04.13-17.48.06:411][252]PIE:Error: Error Blueprint Runtime Error: Attempted to access Pawn13 via property CallFunc_Array_Get_Item14, but Pawn13 is pending kill from function: 'ExecuteUbergraph_ChessGameMode' from node: Branch in graph: EventGraph in object: ChessGameMode with description: Attempted to access Pawn13 via property CallFunc_Array_Get_Item14, but Pawn13 is pending kill
[2019.04.13-17.48.06:411][252]PIE:Error: Error Blueprint Runtime Error: Accessed None reading structure color_2_67E031134EC1B07DA9A0B1BCE7FB563C from function: 'ExecuteUbergraph_ChessGameMode' from node: Branch in graph: EventGraph in object: ChessGameMode with description: Accessed None reading structure color_2_67E031134EC1B07DA9A0B1BCE7FB563C
[2019.04.13-17.48.32:550][810]LogBlueprintUserMessages: [King_353] wons
[2019.04.13-17.48.32:551][810]PIE:Error: Error Blueprint Runtime Error: Attempted to access King2 via property CallFunc_Array_Get_Item15, but King2 is pending kill from function: 'ExecuteUbergraph_ChessGameMode' from node: Branch in graph: EventGraph in object: ChessGameMode with description: Attempted to access King2 via property CallFunc_Array_Get_Item15, but King2 is pending kill
[2019.04.13-17.48.32:551][810]PIE:Error: Error Blueprint Runtime Error: Accessed None reading structure index_8_4D89B9C3475C6850CB0F55ADD021C5BF from function: 'ExecuteUbergraph_ChessGameMode' from node: Branch in graph: EventGraph in object: ChessGameMode with description: Accessed None reading structure index_8_4D89B9C3475C6850CB0F55ADD021C5BF
[2019.04.13-17.48.32:551][810]PIE:Error: Error Blueprint Runtime Error: Attempted to access King2 via property CallFunc_Array_Get_Item15, but King2 is pending kill from function: 'ExecuteUbergraph_ChessGameMode' from node: Branch in graph: EventGraph in object: ChessGameMode with description: Attempted to access King2 via property CallFunc_Array_Get_Item15, but King2 is pending kill
[2019.04.13-17.48.32:551][810]PIE:Error: Error Blueprint Runtime Error: Accessed None reading structure Name_5_F9593F8840905CC2B3A3B2A898E7B6CF from function: 'ExecuteUbergraph_ChessGameMode' from node: Branch in graph: EventGraph in object: ChessGameMode with description: Accessed None reading structure Name_5_F9593F8840905CC2B3A3B2A898E7B6CF
[2019.04.13-17.48.32:551][810]PIE:Error: Error Blueprint Runtime Error: Attempted to access King2 via property CallFunc_Array_Get_Item15, but King2 is pending kill from function: 'ExecuteUbergraph_ChessGameMode' from node: Branch in graph: EventGraph in object: ChessGameMode with description: Attempted to access King2 via property CallFunc_Array_Get_Item15, but King2 is pending kill
[2019.04.13-17.48.32:552][810]PIE:Error: Error Blueprint Runtime Error: Accessed None reading structure color_2_67E031134EC1B07DA9A0B1BCE7FB563C from function: 'ExecuteUbergraph_ChessGameMode' from node: Branch in graph: EventGraph in object: ChessGameMode with description: Accessed None reading structure color_2_67E031134EC1B07DA9A0B1BCE7FB563C
[2019.04.13-17.49.02:564][486]Cmd: OBJ SAVEPACKAGE PACKAGE="/Game/Blueprints/GameEnds" FILE="../../../../../../Users/Rohit Panjwani/Documents/Unreal Projects/Chess/Content/Blueprints/GameEnds.uasset" SILENT=true
[2019.04.13-17.49.02:731][486]LogSavePackage: Save=18.39ms
[2019.04.13-17.49.02:731][486]LogSavePackage: Moving '../../../../../../Users/Rohit Panjwani/Documents/Unreal Projects/Chess/Saved/GameEnds370BBE104BB912EAA96006A88ED5C117.tmp' to '../../../../../../Users/Rohit Panjwani/Documents/Unreal Projects/Chess/Content/Blueprints/GameEnds.uasset'
[2019.04.13-17.49.02:739][486]LogSavePackage:Display: Finished SavePackage ../../../../../../Users/Rohit Panjwani/Documents/Unreal Projects/Chess/Content/Blueprints/GameEnds.uasset
[2019.04.13-17.49.04:924][617]LogTemp: Repeting last play command: Selected Viewport
[2019.04.13-17.49.04:948][617]BlueprintLog: New page: Pre-Play auto-recompile
[2019.04.13-17.49.04:949][617]LogPlayLevel: [PlayLevel] Compiling GameEnds before play...
[2019.04.13-17.49.05:131][617]LogPlayLevel: PlayLevel: Blueprint regeneration took 181 ms (1 blueprints)
[2019.04.13-17.49.05:131][617]PIE: New page: PIE session: FirstLevel (14-Apr-2019 4:49:05 am)
[2019.04.13-17.49.05:131][617]LogPlayLevel: Creating play world package: /Game/UEDPIE_0_FirstLevel
[2019.04.13-17.49.05:146][617]LogPlayLevel: PIE: StaticDuplicateObject took: (0.014937s)
[2019.04.13-17.49.05:147][617]LogAIModule: Creating AISystem for world FirstLevel
[2019.04.13-17.49.05:147][617]LogPlayLevel: PIE: World Init took: (0.000730s)
[2019.04.13-17.49.05:147][617]LogPlayLevel: PIE: Created PIE world by copying editor world from /Game/FirstLevel.FirstLevel to /Game/UEDPIE_0_FirstLevel.FirstLevel (0.015985s)
[2019.04.13-17.49.05:183][617]LogInit: XAudio2 using 'Speakers (Conexant SmartAudio HD)' : 2 channels at 48 kHz using 32 bits per sample (channel mask 0x3)
[2019.04.13-17.49.05:268][617]LogInit: FAudioDevice initialized.
[2019.04.13-17.49.05:320][617]LogLoad: Game class is 'ChessGameMode_C'
[2019.04.13-17.49.05:333][617]LogWorld: Bringing World /Game/UEDPIE_0_FirstLevel.FirstLevel up for play (max tick rate 60) at 2019.04.13-23.19.05
[2019.04.13-17.49.05:334][617]LogWorld: Bringing up level for play took: 0.010771
[2019.04.13-17.49.05:403][617]PIE: Info Play in editor start time for /Game/UEDPIE_0_FirstLevel 0.668
[2019.04.13-17.49.21:603][520]PIE:Error: Error Blueprint Runtime Error: Attempted to access Pawn13 via property CallFunc_Array_Get_Item14, but Pawn13 is pending kill from function: 'ExecuteUbergraph_ChessGameMode' from node: Branch in graph: EventGraph in object: ChessGameMode with description: Attempted to access Pawn13 via property CallFunc_Array_Get_Item14, but Pawn13 is pending kill
[2019.04.13-17.49.21:603][520]PIE:Error: Error Blueprint Runtime Error: Accessed None reading structure index_8_4D89B9C3475C6850CB0F55ADD021C5BF from function: 'ExecuteUbergraph_ChessGameMode' from node: Branch in graph: EventGraph in object: ChessGameMode with description: Accessed None reading structure index_8_4D89B9C3475C6850CB0F55ADD021C5BF
[2019.04.13-17.49.21:604][520]PIE:Error: Error Blueprint Runtime Error: Attempted to access Pawn13 via property CallFunc_Array_Get_Item14, but Pawn13 is pending kill from function: 'ExecuteUbergraph_ChessGameMode' from node: Branch in graph: EventGraph in object: ChessGameMode with description: Attempted to access Pawn13 via property CallFunc_Array_Get_Item14, but Pawn13 is pending kill
[2019.04.13-17.49.21:604][520]PIE:Error: Error Blueprint Runtime Error: Accessed None reading structure Name_5_F9593F8840905CC2B3A3B2A898E7B6CF from function: 'ExecuteUbergraph_ChessGameMode' from node: Branch in graph: EventGraph in object: ChessGameMode with description: Accessed None reading structure Name_5_F9593F8840905CC2B3A3B2A898E7B6CF
[2019.04.13-17.49.21:604][520]PIE:Error: Error Blueprint Runtime Error: Attempted to access Pawn13 via property CallFunc_Array_Get_Item14, but Pawn13 is pending kill from function: 'ExecuteUbergraph_ChessGameMode' from node: Branch in graph: EventGraph in object: ChessGameMode with description: Attempted to access Pawn13 via property CallFunc_Array_Get_Item14, but Pawn13 is pending kill
[2019.04.13-17.49.21:605][520]PIE:Error: Error Blueprint Runtime Error: Accessed None reading structure color_2_67E031134EC1B07DA9A0B1BCE7FB563C from function: 'ExecuteUbergraph_ChessGameMode' from node: Branch in graph: EventGraph in object: ChessGameMode with description: Accessed None reading structure color_2_67E031134EC1B07DA9A0B1BCE7FB563C
[2019.04.13-17.49.44:524][734]LogBlueprintUserMessages: [King_353] wons
[2019.04.13-17.49.44:526][734]PIE:Error: Error Blueprint Runtime Error: Attempted to access King2 via property CallFunc_Array_Get_Item15, but King2 is pending kill from function: 'ExecuteUbergraph_ChessGameMode' from node: Branch in graph: EventGraph in object: ChessGameMode with description: Attempted to access King2 via property CallFunc_Array_Get_Item15, but King2 is pending kill
[2019.04.13-17.49.44:526][734]PIE:Error: Error Blueprint Runtime Error: Accessed None reading structure index_8_4D89B9C3475C6850CB0F55ADD021C5BF from function: 'ExecuteUbergraph_ChessGameMode' from node: Branch in graph: EventGraph in object: ChessGameMode with description: Accessed None reading structure index_8_4D89B9C3475C6850CB0F55ADD021C5BF
[2019.04.13-17.49.44:526][734]PIE:Error: Error Blueprint Runtime Error: Attempted to access King2 via property CallFunc_Array_Get_Item15, but King2 is pending kill from function: 'ExecuteUbergraph_ChessGameMode' from node: Branch in graph: EventGraph in object: ChessGameMode with description: Attempted to access King2 via property CallFunc_Array_Get_Item15, but King2 is pending kill
[2019.04.13-17.49.44:526][734]PIE:Error: Error Blueprint Runtime Error: Accessed None reading structure Name_5_F9593F8840905CC2B3A3B2A898E7B6CF from function: 'ExecuteUbergraph_ChessGameMode' from node: Branch in graph: EventGraph in object: ChessGameMode with description: Accessed None reading structure Name_5_F9593F8840905CC2B3A3B2A898E7B6CF
[2019.04.13-17.49.44:526][734]PIE:Error: Error Blueprint Runtime Error: Attempted to access King2 via property CallFunc_Array_Get_Item15, but King2 is pending kill from function: 'ExecuteUbergraph_ChessGameMode' from node: Branch in graph: EventGraph in object: ChessGameMode with description: Attempted to access King2 via property CallFunc_Array_Get_Item15, but King2 is pending kill
[2019.04.13-17.49.44:526][734]PIE:Error: Error Blueprint Runtime Error: Accessed None reading structure color_2_67E031134EC1B07DA9A0B1BCE7FB563C from function: 'ExecuteUbergraph_ChessGameMode' from node: Branch in graph: EventGraph in object: ChessGameMode with description: Accessed None reading structure color_2_67E031134EC1B07DA9A0B1BCE7FB563C
[2019.04.13-17.51.06:994][233]LogSavePackage: Save=314.31ms
[2019.04.13-17.51.06:994][233]LogSavePackage: Moving '../../../../../../Users/Rohit Panjwani/Documents/Unreal Projects/Chess/Saved/FirstLevel_Auto16CEB6CB54CB0281C5AF83D9C24131CB9.tmp' to '../../../../../../Users/Rohit Panjwani/Documents/Unreal Projects/Chess/Saved/Autosaves/Game/FirstLevel_Auto1.umap'
[2019.04.13-17.51.06:999][233]LogSavePackage:Display: Finished SavePackage ../../../../../../Users/Rohit Panjwani/Documents/Unreal Projects/Chess/Saved/Autosaves/Game/FirstLevel_Auto1.umap
[2019.04.13-17.51.07:002][233]LogFileHelpers: Editor autosave (incl. sublevels) for '/Game/FirstLevel' took 0.559
[2019.04.13-17.51.07:002][233]LogFileHelpers: Editor autosave (incl. sublevels) for all levels took 0.559
[2019.04.13-17.51.07:015][233]LogSavePackage: Save=2.76ms
[2019.04.13-17.51.07:015][233]LogSavePackage: Moving '../../../../../../Users/Rohit Panjwani/Documents/Unreal Projects/Chess/Saved/WhiteWins_Auto149AD42D7478878707E1545B42611B1E0.tmp' to '../../../../../../Users/Rohit Panjwani/Documents/Unreal Projects/Chess/Saved/Autosaves/Game/Blueprints/WhiteWins_Auto1.uasset'
[2019.04.13-17.51.07:018][233]LogSavePackage:Display: Finished SavePackage ../../../../../../Users/Rohit Panjwani/Documents/Unreal Projects/Chess/Saved/Autosaves/Game/Blueprints/WhiteWins_Auto1.uasset
[2019.04.13-17.51.07:021][233]OBJ SavePackage: Generating thumbnails for [1] asset(s) in package [/Game/Blueprints/King] ([1] browsable assets)...
[2019.04.13-17.51.07:172][233]OBJ SavePackage:     Rendered thumbnail for [Blueprint /Game/Blueprints/King.King]
[2019.04.13-17.51.07:172][233]OBJ SavePackage: Finished generating thumbnails for package [/Game/Blueprints/King]
[2019.04.13-17.51.07:585][233]LogSavePackage: Save=247.34ms
[2019.04.13-17.51.07:585][233]LogSavePackage: Moving '../../../../../../Users/Rohit Panjwani/Documents/Unreal Projects/Chess/Saved/King_Auto1B4CB1E6D4B3A9A383258D9A25AB36C94.tmp' to '../../../../../../Users/Rohit Panjwani/Documents/Unreal Projects/Chess/Saved/Autosaves/Game/Blueprints/King_Auto1.uasset'
[2019.04.13-17.51.07:592][233]LogSavePackage:Display: Finished SavePackage ../../../../../../Users/Rohit Panjwani/Documents/Unreal Projects/Chess/Saved/Autosaves/Game/Blueprints/King_Auto1.uasset
[2019.04.13-17.51.07:593][233]LogFileHelpers: Auto-saving content packages took 0.587
[2019.04.13-19.09.31:633][165]Cmd: OBJ SAVEPACKAGE PACKAGE="/Game/Blueprints/King" FILE="../../../../../../Users/Rohit Panjwani/Documents/Unreal Projects/Chess/Content/Blueprints/King.uasset" SILENT=true
[2019.04.13-19.09.31:913][165]LogSavePackage: Save=105.37ms
[2019.04.13-19.09.31:913][165]LogSavePackage: Moving '../../../../../../Users/Rohit Panjwani/Documents/Unreal Projects/Chess/Saved/King18D84EB54961515DB573609E38AC9F99.tmp' to '../../../../../../Users/Rohit Panjwani/Documents/Unreal Projects/Chess/Content/Blueprints/King.uasset'
[2019.04.13-19.09.31:921][165]LogSavePackage:Display: Finished SavePackage ../../../../../../Users/Rohit Panjwani/Documents/Unreal Projects/Chess/Content/Blueprints/King.uasset
[2019.04.13-19.09.33:453][257]LogTemp: Repeting last play command: Selected Viewport
[2019.04.13-19.09.33:482][257]LogPlayLevel: PlayLevel: No blueprints needed recompiling
[2019.04.13-19.09.33:482][257]PIE: New page: PIE session: FirstLevel (14-Apr-2019 6:09:33 am)
[2019.04.13-19.09.33:482][257]LogPlayLevel: Creating play world package: /Game/UEDPIE_0_FirstLevel
[2019.04.13-19.09.33:494][257]LogPlayLevel: PIE: StaticDuplicateObject took: (0.011939s)
[2019.04.13-19.09.33:495][257]LogAIModule: Creating AISystem for world FirstLevel
[2019.04.13-19.09.33:495][257]LogPlayLevel: PIE: World Init took: (0.001165s)
[2019.04.13-19.09.33:496][257]LogPlayLevel: PIE: Created PIE world by copying editor world from /Game/FirstLevel.FirstLevel to /Game/UEDPIE_0_FirstLevel.FirstLevel (0.013518s)
[2019.04.13-19.09.33:526][257]LogInit: XAudio2 using 'Speakers (Conexant SmartAudio HD)' : 2 channels at 48 kHz using 32 bits per sample (channel mask 0x3)
[2019.04.13-19.09.33:588][257]LogInit: FAudioDevice initialized.
[2019.04.13-19.09.33:645][257]LogLoad: Game class is 'ChessGameMode_C'
[2019.04.13-19.09.33:655][257]LogWorld: Bringing World /Game/UEDPIE_0_FirstLevel.FirstLevel up for play (max tick rate 60) at 2019.04.14-00.39.33
[2019.04.13-19.09.33:657][257]LogWorld: Bringing up level for play took: 0.009709
[2019.04.13-19.09.33:716][257]PIE: Info Play in editor start time for /Game/UEDPIE_0_FirstLevel 0.991
[2019.04.13-19.10.00:831][857]PIE:Error: Error Blueprint Runtime Error: Attempted to access Pawn13 via property CallFunc_Array_Get_Item14, but Pawn13 is pending kill from function: 'ExecuteUbergraph_ChessGameMode' from node: Branch in graph: EventGraph in object: ChessGameMode with description: Attempted to access Pawn13 via property CallFunc_Array_Get_Item14, but Pawn13 is pending kill
[2019.04.13-19.10.00:831][857]PIE:Error: Error Blueprint Runtime Error: Accessed None reading structure index_8_4D89B9C3475C6850CB0F55ADD021C5BF from function: 'ExecuteUbergraph_ChessGameMode' from node: Branch in graph: EventGraph in object: ChessGameMode with description: Accessed None reading structure index_8_4D89B9C3475C6850CB0F55ADD021C5BF
[2019.04.13-19.10.00:831][857]PIE:Error: Error Blueprint Runtime Error: Attempted to access Pawn13 via property CallFunc_Array_Get_Item14, but Pawn13 is pending kill from function: 'ExecuteUbergraph_ChessGameMode' from node: Branch in graph: EventGraph in object: ChessGameMode with description: Attempted to access Pawn13 via property CallFunc_Array_Get_Item14, but Pawn13 is pending kill
[2019.04.13-19.10.00:831][857]PIE:Error: Error Blueprint Runtime Error: Accessed None reading structure Name_5_F9593F8840905CC2B3A3B2A898E7B6CF from function: 'ExecuteUbergraph_ChessGameMode' from node: Branch in graph: EventGraph in object: ChessGameMode with description: Accessed None reading structure Name_5_F9593F8840905CC2B3A3B2A898E7B6CF
[2019.04.13-19.10.00:831][857]PIE:Error: Error Blueprint Runtime Error: Attempted to access Pawn13 via property CallFunc_Array_Get_Item14, but Pawn13 is pending kill from function: 'ExecuteUbergraph_ChessGameMode' from node: Branch in graph: EventGraph in object: ChessGameMode with description: Attempted to access Pawn13 via property CallFunc_Array_Get_Item14, but Pawn13 is pending kill
[2019.04.13-19.10.00:831][857]PIE:Error: Error Blueprint Runtime Error: Accessed None reading structure color_2_67E031134EC1B07DA9A0B1BCE7FB563C from function: 'ExecuteUbergraph_ChessGameMode' from node: Branch in graph: EventGraph in object: ChessGameMode with description: Accessed None reading structure color_2_67E031134EC1B07DA9A0B1BCE7FB563C
[2019.04.13-19.10.38:863][128]LogBlueprintUserMessages: [King_353] wons
[2019.04.13-19.10.38:864][128]PIE:Error: Error Blueprint Runtime Error: Accessed None trying to read property CallFunc_Array_Get_Item15 from function: 'ExecuteUbergraph_ChessGameMode' from node: Branch in graph: EventGraph in object: ChessGameMode with description: Accessed None trying to read property CallFunc_Array_Get_Item15
[2019.04.13-19.10.38:864][128]PIE:Error: Error Blueprint Runtime Error: Accessed None reading structure index_8_4D89B9C3475C6850CB0F55ADD021C5BF from function: 'ExecuteUbergraph_ChessGameMode' from node: Branch in graph: EventGraph in object: ChessGameMode with description: Accessed None reading structure index_8_4D89B9C3475C6850CB0F55ADD021C5BF
[2019.04.13-19.10.38:864][128]PIE:Error: Error Blueprint Runtime Error: Accessed None trying to read property CallFunc_Array_Get_Item15 from function: 'ExecuteUbergraph_ChessGameMode' from node: Branch in graph: EventGraph in object: ChessGameMode with description: Accessed None trying to read property CallFunc_Array_Get_Item15
[2019.04.13-19.10.38:864][128]PIE:Error: Error Blueprint Runtime Error: Accessed None reading structure Name_5_F9593F8840905CC2B3A3B2A898E7B6CF from function: 'ExecuteUbergraph_ChessGameMode' from node: Branch in graph: EventGraph in object: ChessGameMode with description: Accessed None reading structure Name_5_F9593F8840905CC2B3A3B2A898E7B6CF
[2019.04.13-19.10.38:865][128]PIE:Error: Error Blueprint Runtime Error: Accessed None trying to read property CallFunc_Array_Get_Item15 from function: 'ExecuteUbergraph_ChessGameMode' from node: Branch in graph: EventGraph in object: ChessGameMode with description: Accessed None trying to read property CallFunc_Array_Get_Item15
[2019.04.13-19.10.38:865][128]PIE:Error: Error Blueprint Runtime Error: Accessed None reading structure color_2_67E031134EC1B07DA9A0B1BCE7FB563C from function: 'ExecuteUbergraph_ChessGameMode' from node: Branch in graph: EventGraph in object: ChessGameMode with description: Accessed None reading structure color_2_67E031134EC1B07DA9A0B1BCE7FB563C
[2019.04.13-19.13.34:921][ 22]Cmd: OBJ SAVEPACKAGE PACKAGE="/Game/Blueprints/GameEnds" FILE="../../../../../../Users/Rohit Panjwani/Documents/Unreal Projects/Chess/Content/Blueprints/GameEnds.uasset" SILENT=true
[2019.04.13-19.13.35:126][ 22]LogSavePackage: Save=22.34ms
[2019.04.13-19.13.35:126][ 22]LogSavePackage: Moving '../../../../../../Users/Rohit Panjwani/Documents/Unreal Projects/Chess/Saved/GameEnds8473B1E14F467CF24F7ACD9475C02F91.tmp' to '../../../../../../Users/Rohit Panjwani/Documents/Unreal Projects/Chess/Content/Blueprints/GameEnds.uasset'
[2019.04.13-19.13.35:134][ 22]LogSavePackage:Display: Finished SavePackage ../../../../../../Users/Rohit Panjwani/Documents/Unreal Projects/Chess/Content/Blueprints/GameEnds.uasset
[2019.04.13-19.13.36:022][ 75]LogTemp: Repeting last play command: Selected Viewport
[2019.04.13-19.13.36:069][ 75]BlueprintLog: New page: Pre-Play auto-recompile
[2019.04.13-19.13.36:069][ 75]LogPlayLevel: [PlayLevel] Compiling GameEnds before play...
[2019.04.13-19.13.36:355][ 75]LogPlayLevel: PlayLevel: Blueprint regeneration took 286 ms (1 blueprints)
[2019.04.13-19.13.36:356][ 75]PIE: New page: PIE session: FirstLevel (14-Apr-2019 6:13:36 am)
[2019.04.13-19.13.36:356][ 75]LogPlayLevel: Creating play world package: /Game/UEDPIE_0_FirstLevel
[2019.04.13-19.13.36:367][ 75]LogPlayLevel: PIE: StaticDuplicateObject took: (0.011093s)
[2019.04.13-19.13.36:367][ 75]LogAIModule: Creating AISystem for world FirstLevel
[2019.04.13-19.13.36:368][ 75]LogPlayLevel: PIE: World Init took: (0.000699s)
[2019.04.13-19.13.36:368][ 75]LogPlayLevel: PIE: Created PIE world by copying editor world from /Game/FirstLevel.FirstLevel to /Game/UEDPIE_0_FirstLevel.FirstLevel (0.012082s)
[2019.04.13-19.13.36:395][ 75]LogInit: XAudio2 using 'Speakers (Conexant SmartAudio HD)' : 2 channels at 48 kHz using 32 bits per sample (channel mask 0x3)
[2019.04.13-19.13.36:467][ 75]LogInit: FAudioDevice initialized.
[2019.04.13-19.13.36:515][ 75]LogLoad: Game class is 'ChessGameMode_C'
[2019.04.13-19.13.36:524][ 75]LogWorld: Bringing World /Game/UEDPIE_0_FirstLevel.FirstLevel up for play (max tick rate 60) at 2019.04.14-00.43.36
[2019.04.13-19.13.36:525][ 75]LogWorld: Bringing up level for play took: 0.008111
[2019.04.13-19.13.36:576][ 75]PIE: Info Play in editor start time for /Game/UEDPIE_0_FirstLevel -0.148
[2019.04.13-19.13.55:353][167]PIE:Error: Error Blueprint Runtime Error: Attempted to access Pawn13 via property CallFunc_Array_Get_Item14, but Pawn13 is pending kill from function: 'ExecuteUbergraph_ChessGameMode' from node: Branch in graph: EventGraph in object: ChessGameMode with description: Attempted to access Pawn13 via property CallFunc_Array_Get_Item14, but Pawn13 is pending kill
[2019.04.13-19.13.55:353][167]PIE:Error: Error Blueprint Runtime Error: Accessed None reading structure index_8_4D89B9C3475C6850CB0F55ADD021C5BF from function: 'ExecuteUbergraph_ChessGameMode' from node: Branch in graph: EventGraph in object: ChessGameMode with description: Accessed None reading structure index_8_4D89B9C3475C6850CB0F55ADD021C5BF
[2019.04.13-19.13.55:353][167]PIE:Error: Error Blueprint Runtime Error: Attempted to access Pawn13 via property CallFunc_Array_Get_Item14, but Pawn13 is pending kill from function: 'ExecuteUbergraph_ChessGameMode' from node: Branch in graph: EventGraph in object: ChessGameMode with description: Attempted to access Pawn13 via property CallFunc_Array_Get_Item14, but Pawn13 is pending kill
[2019.04.13-19.13.55:353][167]PIE:Error: Error Blueprint Runtime Error: Accessed None reading structure Name_5_F9593F8840905CC2B3A3B2A898E7B6CF from function: 'ExecuteUbergraph_ChessGameMode' from node: Branch in graph: EventGraph in object: ChessGameMode with description: Accessed None reading structure Name_5_F9593F8840905CC2B3A3B2A898E7B6CF
[2019.04.13-19.13.55:353][167]PIE:Error: Error Blueprint Runtime Error: Attempted to access Pawn13 via property CallFunc_Array_Get_Item14, but Pawn13 is pending kill from function: 'ExecuteUbergraph_ChessGameMode' from node: Branch in graph: EventGraph in object: ChessGameMode with description: Attempted to access Pawn13 via property CallFunc_Array_Get_Item14, but Pawn13 is pending kill
[2019.04.13-19.13.55:354][167]PIE:Error: Error Blueprint Runtime Error: Accessed None reading structure color_2_67E031134EC1B07DA9A0B1BCE7FB563C from function: 'ExecuteUbergraph_ChessGameMode' from node: Branch in graph: EventGraph in object: ChessGameMode with description: Accessed None reading structure color_2_67E031134EC1B07DA9A0B1BCE7FB563C
[2019.04.13-19.14.00:546][448]Cmd: RestartLevel
[2019.04.13-19.14.00:548][448]LogNet: Browse: /Game/FirstLevel?restart
[2019.04.13-19.14.00:549][448]LogLoad: LoadMap: /Game/FirstLevel
[2019.04.13-19.14.00:596][448]Cmd: MEM
[2019.04.13-19.14.00:622][448]LogMemory: Platform Memory Stats for Windows
[2019.04.13-19.14.00:622][448]LogMemory: Process Physical Memory: 1764.46 MB used, 2705.58 MB peak
[2019.04.13-19.14.00:622][448]LogMemory: Process Virtual Memory: 3813.36 MB used, 3918.57 MB peak
[2019.04.13-19.14.00:622][448]LogMemory: Physical Memory: 11563.90 MB used,  4718.63 MB free, 16282.52 MB total
[2019.04.13-19.14.00:622][448]LogMemory: Virtual Memory: 9058.68 MB used,  4718.63 MB free, 134217728.00 MB total
[2019.04.13-19.14.00:622][448]LogMemory: 
[2019.04.13-19.14.00:622][448]Allocator Stats for TBB: (not implemented)
[2019.04.13-19.14.00:622][448]LogPlayLevel: Creating play world package: /Game/UEDPIE_0_FirstLevel
[2019.04.13-19.14.00:639][448]LogPlayLevel: PIE: StaticDuplicateObject took: (0.016146s)
[2019.04.13-19.14.00:639][448]LogAIModule: Creating AISystem for world FirstLevel
[2019.04.13-19.14.00:640][448]LogPlayLevel: PIE: World Init took: (0.001261s)
[2019.04.13-19.14.00:640][448]LogPlayLevel: PIE: Created PIE world by copying editor world from /Game/FirstLevel.FirstLevel to /Game/UEDPIE_0_FirstLevel.FirstLevel (0.017909s)
[2019.04.13-19.14.00:640][448]LogLoad: Game class is 'ChessGameMode_C'
[2019.04.13-19.14.00:653][448]LogWorld: Bringing World /Game/UEDPIE_0_FirstLevel.FirstLevel up for play (max tick rate 60) at 2019.04.14-00.44.00
[2019.04.13-19.14.00:654][448]LogWorld: Bringing up level for play took: 0.010950
[2019.04.13-19.14.00:734][448]LogLoad: Took 0.184713 seconds to LoadMap(/Game/UEDPIE_0_FirstLevel)
[2019.04.13-19.15.24:544][ 48]LogSavePackage: Save=184.52ms
[2019.04.13-19.15.24:544][ 48]LogSavePackage: Moving '../../../../../../Users/Rohit Panjwani/Documents/Unreal Projects/Chess/Saved/FirstLevel_Auto220B16830480B7578789EC0AAB534B95A.tmp' to '../../../../../../Users/Rohit Panjwani/Documents/Unreal Projects/Chess/Saved/Autosaves/Game/FirstLevel_Auto2.umap'
[2019.04.13-19.15.24:547][ 48]LogSavePackage:Display: Finished SavePackage ../../../../../../Users/Rohit Panjwani/Documents/Unreal Projects/Chess/Saved/Autosaves/Game/FirstLevel_Auto2.umap
