Log file open, 04/05/19 20:07:03
LogInit:Display: Running engine without a game
LogPlatformFile: Not using cached read wrapper
LogInit:Display: Loading recent project file: ../../../../../../Users/Rohit Panjwani/Documents/Unreal Projects/Chess/Chess.uproject
LogInit:Display: RandInit(403219352) SRandInit(403219352).
LogTaskGraph: Started task graph with 5 named threads and 8 total threads with 1 sets of task threads.
LogStats: Stats thread started at 0.222976
LogPluginManager: Loaded Plugin Paper2D, From C:/Program Files/Epic Games/UE_4.14/Engine/Plugins/2D/Paper2D/Paper2D.uplugin
LogPluginManager: Loaded Plugin LightPropagationVolume, From C:/Program Files/Epic Games/UE_4.14/Engine/Plugins/Blendables/LightPropagationVolume/LightPropagationVolume.uplugin
LogPluginManager: Loaded Plugin BlankPlugin, From C:/Program Files/Epic Games/UE_4.14/Engine/Plugins/Developer/BlankPlugin/BlankPlugin.uplugin
LogPluginManager: Loaded Plugin CodeLiteSourceCodeAccess, From C:/Program Files/Epic Games/UE_4.14/Engine/Plugins/Developer/CodeLiteSourceCodeAccess/CodeLiteSourceCodeAccess.uplugin
LogPluginManager: Loaded Plugin GitSourceControl, From C:/Program Files/Epic Games/UE_4.14/Engine/Plugins/Developer/GitSourceControl/GitSourceControl.uplugin
LogPluginManager: Loaded Plugin KDevelopSourceCodeAccess, From C:/Program Files/Epic Games/UE_4.14/Engine/Plugins/Developer/KDevelopSourceCodeAccess/KDevelopSourceCodeAccess.uplugin
LogPluginManager: Loaded Plugin NullSourceCodeAccess, From C:/Program Files/Epic Games/UE_4.14/Engine/Plugins/Developer/NullSourceCodeAccess/NullSourceCodeAccess.uplugin
LogPluginManager: Loaded Plugin OneSkyLocalizationService, From C:/Program Files/Epic Games/UE_4.14/Engine/Plugins/Developer/OneSkyLocalizationService/OneSkyLocalizationService.uplugin
LogPluginManager: Loaded Plugin PerforceSourceControl, From C:/Program Files/Epic Games/UE_4.14/Engine/Plugins/Developer/PerforceSourceControl/PerforceSourceControl.uplugin
LogPluginManager: Loaded Plugin SubversionSourceControl, From C:/Program Files/Epic Games/UE_4.14/Engine/Plugins/Developer/SubversionSourceControl/SubversionSourceControl.uplugin
LogPluginManager: Loaded Plugin UObjectPlugin, From C:/Program Files/Epic Games/UE_4.14/Engine/Plugins/Developer/UObjectPlugin/UObjectPlugin.uplugin
LogPluginManager: Loaded Plugin VisualStudioSourceCodeAccess, From C:/Program Files/Epic Games/UE_4.14/Engine/Plugins/Developer/VisualStudioSourceCodeAccess/VisualStudioSourceCodeAccess.uplugin
LogPluginManager: Loaded Plugin XCodeSourceCodeAccess, From C:/Program Files/Epic Games/UE_4.14/Engine/Plugins/Developer/XCodeSourceCodeAccess/XCodeSourceCodeAccess.uplugin
LogPluginManager: Loaded Plugin AudioCapture, From C:/Program Files/Epic Games/UE_4.14/Engine/Plugins/Editor/AudioCapture/AudioCapture.uplugin
LogPluginManager: Loaded Plugin EpicSurvey, From C:/Program Files/Epic Games/UE_4.14/Engine/Plugins/Editor/EpicSurvey/EpicSurvey.uplugin
LogPluginManager: Loaded Plugin MacGraphicsSwitching, From C:/Program Files/Epic Games/UE_4.14/Engine/Plugins/Editor/MacGraphicsSwitching/MacGraphicsSwitching.uplugin
LogPluginManager: Loaded Plugin MobileLauncherProfileWizard, From C:/Program Files/Epic Games/UE_4.14/Engine/Plugins/Editor/MobileLauncherProfileWizard/MobileLauncherProfileWizard.uplugin
LogPluginManager: Loaded Plugin PluginBrowser, From C:/Program Files/Epic Games/UE_4.14/Engine/Plugins/Editor/PluginBrowser/PluginBrowser.uplugin
LogPluginManager: Loaded Plugin SpeedTreeImporter, From C:/Program Files/Epic Games/UE_4.14/Engine/Plugins/Editor/SpeedTreeImporter/SpeedTreeImporter.uplugin
LogPluginManager: Loaded Plugin SuperSearchEditor, From C:/Program Files/Epic Games/UE_4.14/Engine/Plugins/Editor/SuperSearchEditor/SuperSearchEditor.uplugin
LogPluginManager: Loaded Plugin AlembicImporter, From C:/Program Files/Epic Games/UE_4.14/Engine/Plugins/Experimental/AlembicImporter/AlembicImporter.uplugin
LogPluginManager: Loaded Plugin BlueprintStats, From C:/Program Files/Epic Games/UE_4.14/Engine/Plugins/Experimental/BlueprintStats/BlueprintStats.uplugin
LogPluginManager: Loaded Plugin CharacterAI, From C:/Program Files/Epic Games/UE_4.14/Engine/Plugins/Experimental/CharacterAI/CharacterAI.uplugin
LogPluginManager: Loaded Plugin CodeEditor, From C:/Program Files/Epic Games/UE_4.14/Engine/Plugins/Experimental/CodeEditor/CodeEditor.uplugin
LogPluginManager: Loaded Plugin CodeView, From C:/Program Files/Epic Games/UE_4.14/Engine/Plugins/Experimental/CodeView/CodeView.uplugin
LogPluginManager: Loaded Plugin HTML5Networking, From C:/Program Files/Epic Games/UE_4.14/Engine/Plugins/Experimental/HTML5Networking/HTML5Networking.uplugin
LogPluginManager: Loaded Plugin OSVR, From C:/Program Files/Epic Games/UE_4.14/Engine/Plugins/Experimental/OSVR/OSVR.uplugin
LogPluginManager: Loaded Plugin Phya, From C:/Program Files/Epic Games/UE_4.14/Engine/Plugins/Experimental/Phya/Phya.uplugin
LogPluginManager: Loaded Plugin SignificanceManager, From C:/Program Files/Epic Games/UE_4.14/Engine/Plugins/Experimental/SignificanceManager/SignificanceManager.uplugin
LogPluginManager: Loaded Plugin SimpleHMD, From C:/Program Files/Epic Games/UE_4.14/Engine/Plugins/Experimental/SimpleHMD/SimpleHMD.uplugin
LogPluginManager: Loaded Plugin StereoPanorama, From C:/Program Files/Epic Games/UE_4.14/Engine/Plugins/Experimental/StereoPanorama/StereoPanorama.uplugin
LogPluginManager: Loaded Plugin StructBox, From C:/Program Files/Epic Games/UE_4.14/Engine/Plugins/Experimental/StructBox/StructBox.uplugin
LogPluginManager: Loaded Plugin AndroidMedia, From C:/Program Files/Epic Games/UE_4.14/Engine/Plugins/Media/AndroidMedia/AndroidMedia.uplugin
LogPluginManager: Loaded Plugin AvfMedia, From C:/Program Files/Epic Games/UE_4.14/Engine/Plugins/Media/AvfMedia/AvfMedia.uplugin
LogPluginManager: Loaded Plugin MediaPlayerEditor, From C:/Program Files/Epic Games/UE_4.14/Engine/Plugins/Media/MediaPlayerEditor/MediaPlayerEditor.uplugin
LogPluginManager: Loaded Plugin WmfMedia, From C:/Program Files/Epic Games/UE_4.14/Engine/Plugins/Media/WmfMedia/WmfMedia.uplugin
LogPluginManager: Loaded Plugin MessagingDebugger, From C:/Program Files/Epic Games/UE_4.14/Engine/Plugins/Messaging/MessagingDebugger/MessagingDebugger.uplugin
LogPluginManager: Loaded Plugin TcpMessaging, From C:/Program Files/Epic Games/UE_4.14/Engine/Plugins/Messaging/TcpMessaging/TcpMessaging.uplugin
LogPluginManager: Loaded Plugin UdpMessaging, From C:/Program Files/Epic Games/UE_4.14/Engine/Plugins/Messaging/UdpMessaging/UdpMessaging.uplugin
LogPluginManager: Loaded Plugin LevelSequenceEditor, From C:/Program Files/Epic Games/UE_4.14/Engine/Plugins/MovieScene/LevelSequenceEditor/LevelSequenceEditor.uplugin
LogPluginManager: Loaded Plugin MatineeToLevelSequence, From C:/Program Files/Epic Games/UE_4.14/Engine/Plugins/MovieScene/MatineeToLevelSequence/MatineeToLevelSequence.uplugin
LogPluginManager: Loaded Plugin NetcodeUnitTest, From C:/Program Files/Epic Games/UE_4.14/Engine/Plugins/NetcodeUnitTest/NetcodeUnitTest/NetcodeUnitTest.uplugin
LogPluginManager: Loaded Plugin NUTUnrealEngine4, From C:/Program Files/Epic Games/UE_4.14/Engine/Plugins/NetcodeUnitTest/NUTUnrealEngine4/NUTUnrealEngine4.uplugin
LogPluginManager: Loaded Plugin OnlineSubsystemGameCircle, From C:/Program Files/Epic Games/UE_4.14/Engine/Plugins/Online/Android/OnlineSubsystemGameCircle/OnlineSubsystemGameCircle.uplugin
LogPluginManager: Loaded Plugin OnlineSubsystemGooglePlay, From C:/Program Files/Epic Games/UE_4.14/Engine/Plugins/Online/Android/OnlineSubsystemGooglePlay/OnlineSubsystemGooglePlay.uplugin
LogPluginManager: Loaded Plugin OnlineSubsystemIOS, From C:/Program Files/Epic Games/UE_4.14/Engine/Plugins/Online/IOS/OnlineSubsystemIOS/OnlineSubsystemIOS.uplugin
LogPluginManager: Loaded Plugin OnlineFramework, From C:/Program Files/Epic Games/UE_4.14/Engine/Plugins/Online/OnlineFramework/OnlineFramework.uplugin
LogPluginManager: Loaded Plugin OnlineSubsystem, From C:/Program Files/Epic Games/UE_4.14/Engine/Plugins/Online/OnlineSubsystem/OnlineSubsystem.uplugin
LogPluginManager: Loaded Plugin OnlineSubsystemAmazon, From C:/Program Files/Epic Games/UE_4.14/Engine/Plugins/Online/OnlineSubsystemAmazon/OnlineSubsystemAmazon.uplugin
LogPluginManager: Loaded Plugin OnlineSubsystemFacebook, From C:/Program Files/Epic Games/UE_4.14/Engine/Plugins/Online/OnlineSubsystemFacebook/OnlineSubsystemFacebook.uplugin
LogPluginManager: Loaded Plugin OnlineSubsystemNull, From C:/Program Files/Epic Games/UE_4.14/Engine/Plugins/Online/OnlineSubsystemNull/OnlineSubsystemNull.uplugin
LogPluginManager: Loaded Plugin OnlineSubsystemOculus, From C:/Program Files/Epic Games/UE_4.14/Engine/Plugins/Online/OnlineSubsystemOculus/OnlineSubsystemOculus.uplugin
LogPluginManager: Loaded Plugin OnlineSubsystemSteam, From C:/Program Files/Epic Games/UE_4.14/Engine/Plugins/Online/OnlineSubsystemSteam/OnlineSubsystemSteam.uplugin
LogPluginManager: Loaded Plugin OnlineSubsystemUtils, From C:/Program Files/Epic Games/UE_4.14/Engine/Plugins/Online/OnlineSubsystemUtils/OnlineSubsystemUtils.uplugin
LogPluginManager: Loaded Plugin IOSTapJoy, From C:/Program Files/Epic Games/UE_4.14/Engine/Plugins/Runtime/Advertising/IOSTapJoy/IOSTapJoy.uplugin
LogPluginManager: Loaded Plugin AnalyticsBlueprintLibrary, From C:/Program Files/Epic Games/UE_4.14/Engine/Plugins/Runtime/Analytics/AnalyticsBlueprintLibrary/AnalyticsBlueprintLibrary.uplugin
LogPluginManager: Loaded Plugin AnalyticsMulticast, From C:/Program Files/Epic Games/UE_4.14/Engine/Plugins/Runtime/Analytics/AnalyticsMulticast/AnalyticsMulticast.uplugin
LogPluginManager: Loaded Plugin Apsalar, From C:/Program Files/Epic Games/UE_4.14/Engine/Plugins/Runtime/Analytics/Apsalar/Apsalar.uplugin
LogPluginManager: Loaded Plugin FileLogging, From C:/Program Files/Epic Games/UE_4.14/Engine/Plugins/Runtime/Analytics/FileLogging/FileLogging.uplugin
LogPluginManager: Loaded Plugin Flurry, From C:/Program Files/Epic Games/UE_4.14/Engine/Plugins/Runtime/Analytics/Flurry/Flurry.uplugin
LogPluginManager: Loaded Plugin AndroidDeviceProfileSelector, From C:/Program Files/Epic Games/UE_4.14/Engine/Plugins/Runtime/AndroidDeviceProfileSelector/AndroidDeviceProfileSelector.uplugin
LogPluginManager: Loaded Plugin AndroidMoviePlayer, From C:/Program Files/Epic Games/UE_4.14/Engine/Plugins/Runtime/AndroidMoviePlayer/AndroidMoviePlayer.uplugin
LogPluginManager: Loaded Plugin AppleMoviePlayer, From C:/Program Files/Epic Games/UE_4.14/Engine/Plugins/Runtime/AppleMoviePlayer/AppleMoviePlayer.uplugin
LogPluginManager: Loaded Plugin ArchVisCharacter, From C:/Program Files/Epic Games/UE_4.14/Engine/Plugins/Runtime/ArchVisCharacter/ArchVisCharacter.uplugin
LogPluginManager: Loaded Plugin CableComponent, From C:/Program Files/Epic Games/UE_4.14/Engine/Plugins/Runtime/CableComponent/CableComponent.uplugin
LogPluginManager: Loaded Plugin CustomMeshComponent, From C:/Program Files/Epic Games/UE_4.14/Engine/Plugins/Runtime/CustomMeshComponent/CustomMeshComponent.uplugin
LogPluginManager: Loaded Plugin ExampleDeviceProfileSelector, From C:/Program Files/Epic Games/UE_4.14/Engine/Plugins/Runtime/ExampleDeviceProfileSelector/ExampleDeviceProfileSelector.uplugin
LogPluginManager: Loaded Plugin GearVR, From C:/Program Files/Epic Games/UE_4.14/Engine/Plugins/Runtime/GearVR/GearVR.uplugin
LogPluginManager: Loaded Plugin GoogleVRController, From C:/Program Files/Epic Games/UE_4.14/Engine/Plugins/Runtime/GoogleVR/GoogleVRController/GoogleVRController.uplugin
LogPluginManager: Loaded Plugin GoogleVRHMD, From C:/Program Files/Epic Games/UE_4.14/Engine/Plugins/Runtime/GoogleVR/GoogleVRHMD/GoogleVRHMD.uplugin
LogPluginManager: Loaded Plugin IOSDeviceProfileSelector, From C:/Program Files/Epic Games/UE_4.14/Engine/Plugins/Runtime/IOSDeviceProfileSelector/IOSDeviceProfileSelector.uplugin
LogPluginManager: Loaded Plugin LeapMotion, From C:/Program Files/Epic Games/UE_4.14/Engine/Plugins/Runtime/LeapMotion/LeapMotion.uplugin
LogPluginManager: Loaded Plugin LinuxDeviceProfileSelector, From C:/Program Files/Epic Games/UE_4.14/Engine/Plugins/Runtime/LinuxDeviceProfileSelector/LinuxDeviceProfileSelector.uplugin
LogPluginManager: Loaded Plugin MIDIDevice, From C:/Program Files/Epic Games/UE_4.14/Engine/Plugins/Runtime/MIDIDevice/MIDIDevice.uplugin
LogPluginManager: Loaded Plugin MobilePatchingUtils, From C:/Program Files/Epic Games/UE_4.14/Engine/Plugins/Runtime/MobilePatchingUtils/MobilePatchingUtils.uplugin
LogPluginManager: Loaded Plugin Ansel, From C:/Program Files/Epic Games/UE_4.14/Engine/Plugins/Runtime/Nvidia/Ansel/Ansel.uplugin
LogPluginManager: Loaded Plugin OculusAudio, From C:/Program Files/Epic Games/UE_4.14/Engine/Plugins/Runtime/OculusAudio/OculusAudio.uplugin
LogPluginManager: Loaded Plugin OculusInput, From C:/Program Files/Epic Games/UE_4.14/Engine/Plugins/Runtime/OculusInput/OculusInput.uplugin
LogPluginManager: Loaded Plugin OculusLibrary, From C:/Program Files/Epic Games/UE_4.14/Engine/Plugins/Runtime/OculusLibrary/OculusLibrary.uplugin
LogPluginManager: Loaded Plugin OculusRift, From C:/Program Files/Epic Games/UE_4.14/Engine/Plugins/Runtime/OculusRift/OculusRift.uplugin
LogPluginManager: Loaded Plugin Oodle, From C:/Program Files/Epic Games/UE_4.14/Engine/Plugins/Runtime/PacketHandlers/CompressionComponents/Oodle/Oodle.uplugin
LogPluginManager: Loaded Plugin ProceduralMeshComponent, From C:/Program Files/Epic Games/UE_4.14/Engine/Plugins/Runtime/ProceduralMeshComponent/ProceduralMeshComponent.uplugin
LogPluginManager: Loaded Plugin SoundMod, From C:/Program Files/Epic Games/UE_4.14/Engine/Plugins/Runtime/SoundMod/SoundMod.uplugin
LogPluginManager: Loaded Plugin SoundVisualizations, From C:/Program Files/Epic Games/UE_4.14/Engine/Plugins/Runtime/SoundVisualizations/SoundVisualizations.uplugin
LogPluginManager: Loaded Plugin SteamController, From C:/Program Files/Epic Games/UE_4.14/Engine/Plugins/Runtime/Steam/SteamController/SteamController.uplugin
LogPluginManager: Loaded Plugin SteamVR, From C:/Program Files/Epic Games/UE_4.14/Engine/Plugins/Runtime/Steam/SteamVR/SteamVR.uplugin
LogPluginManager: Loaded Plugin WebBrowserWidget, From C:/Program Files/Epic Games/UE_4.14/Engine/Plugins/Runtime/WebBrowserWidget/WebBrowserWidget.uplugin
LogPluginManager: Loaded Plugin WindowsDeviceProfileSelector, From C:/Program Files/Epic Games/UE_4.14/Engine/Plugins/Runtime/WindowsDeviceProfileSelector/WindowsDeviceProfileSelector.uplugin
LogPluginManager: Loaded Plugin WindowsMoviePlayer, From C:/Program Files/Epic Games/UE_4.14/Engine/Plugins/Runtime/WindowsMoviePlayer/WindowsMoviePlayer.uplugin
LogPluginManager: Loaded Plugin ScriptPlugin, From C:/Program Files/Epic Games/UE_4.14/Engine/Plugins/ScriptPlugin/ScriptPlugin.uplugin
LogPluginManager: Loaded Plugin SlateRemote, From C:/Program Files/Epic Games/UE_4.14/Engine/Plugins/Slate/SlateRemote/SlateRemote.uplugin
LogPluginManager: Loaded Plugin EditorTests, From C:/Program Files/Epic Games/UE_4.14/Engine/Plugins/Tests/EditorTests/EditorTests.uplugin
LogPluginManager: Loaded Plugin FbxAutomationTestBuilder, From C:/Program Files/Epic Games/UE_4.14/Engine/Plugins/Tests/FbxAutomationTestBuilder/FbxAutomationTestBuilder.uplugin
LogPluginManager: Loaded Plugin FunctionalTestingEditor, From C:/Program Files/Epic Games/UE_4.14/Engine/Plugins/Tests/FunctionalTestingEditor/FunctionalTestingEditor.uplugin
LogPluginManager: Loaded Plugin RuntimeTests, From C:/Program Files/Epic Games/UE_4.14/Engine/Plugins/Tests/RuntimeTests/RuntimeTests.uplugin
LogPluginManager: Loaded Plugin ScreenshotTools, From C:/Program Files/Epic Games/UE_4.14/Engine/Plugins/Tests/ScreenshotTools/ScreenshotTools.uplugin
LogInit: Using libcurl 7.47.1
LogInit:  - built for x86_64-pc-win32
LogInit:  - supports SSL with OpenSSL/1.0.2g
LogInit:  - supports HTTP deflate (compression) using libz 1.2.8
LogInit:  - other features:
LogInit:      CURL_VERSION_SSL
LogInit:      CURL_VERSION_LIBZ
LogInit:      CURL_VERSION_IPV6
LogInit:      CURL_VERSION_ASYNCHDNS
LogInit:      CURL_VERSION_LARGEFILE
LogInit:      CURL_VERSION_IDN
LogInit:  CurlRequestOptions (configurable via config and command line):
LogInit:  - bVerifyPeer = false  - Libcurl will NOT verify peer certificate
LogInit:  - bUseHttpProxy = false  - Libcurl will NOT use HTTP proxy
LogInit:  - bDontReuseConnections = false  - Libcurl will reuse connections
LogInit:  - CertBundlePath = nullptr  - Libcurl will use whatever was configured at build time.
LogInit: Build: ++UE4+Release-4.14-CL-3249277
LogInit: Engine Version: 4.14.3-3249277+++UE4+Release-4.14
LogInit: Compatible Engine Version: 4.14.0-3195953+++UE4+Release-4.14
LogInit: Net CL: 3195953
LogDevObjectVersion: Number of dev versions registered: 13
LogDevObjectVersion:   Dev-Blueprints (B0D832E4-1F89-4F0D-ACCF-7EB736FD4AA2): 7
LogDevObjectVersion:   Dev-Build (E1C64328-A22C-4D53-A36C-8E866417BD8C): 0
LogDevObjectVersion:   Dev-Core (375EC13C-06E4-48FB-B500-84F0262A717E): 1
LogDevObjectVersion:   Dev-Editor (E4B068ED-F494-42E9-A231-DA0B2E46BB41): 8
LogDevObjectVersion:   Dev-Framework (CFFC743F-43B0-4480-9391-14DF171D2073): 17
LogDevObjectVersion:   Dev-Mobile (B02B49B5-BB20-44E9-A304-32B752E40360): 0
LogDevObjectVersion:   Dev-Networking (A4E4105C-59A1-49B5-A7C5-40C4547EDFEE): 0
LogDevObjectVersion:   Dev-Online (39C831C9-5AE6-47DC-9A44-9C173E1C8E7C): 0
LogDevObjectVersion:   Dev-Physics (78F01B33-EBEA-4F98-B9B4-84EACCB95AA2): 0
LogDevObjectVersion:   Dev-Platform (6631380F-2D4D-43E0-8009-CF276956A95A): 0
LogDevObjectVersion:   Dev-Rendering (12F88B9F-8875-4AFC-A67C-D90C383ABD29): 12
LogDevObjectVersion:   Dev-Sequencer (7B5AE74C-D270-4C10-A958-57980B212A5A): 1
LogDevObjectVersion:   Dev-VR (D7296918-1DD6-4BDD-9DE2-64A83CC13884): 0
LogInit: Compiled (64-bit): Jan  6 2017 10:49:43
LogInit: Compiled with Visual C++: 19.00.23026.00
LogInit: Build Configuration: Development
LogInit: Branch Name: ++UE4+Release-4.14
LogInit: Command line: 
LogInit: Base directory: C:/Program Files/Epic Games/UE_4.14/Engine/Binaries/Win64/
LogInit: Installed Engine Build: 1
LogInit: Presizing for max 8388607 objects, including 0 objects not considered by GC, pre-allocating 0 bytes for permanent pool.
LogInit: Object subsystem initialized
[2019.04.05-14.37.04:638][  0]LogInit: Selected Device Profile: [Windows]
[2019.04.05-14.37.04:638][  0]LogInit: Applying CVar settings loaded from the selected device profile: [Windows]
[2019.04.05-14.37.04:662][  0]LogInit: Computer: ROHIT-PANJWANI
[2019.04.05-14.37.04:662][  0]LogInit: User: RohitPanjwani
[2019.04.05-14.37.04:662][  0]LogInit: CPU Page size=65536, Cores=4
[2019.04.05-14.37.04:663][  0]LogInit: High frequency timer resolution =2.531249 MHz
[2019.04.05-14.37.04:663][  0]LogMemory: Memory total: Physical=15.9GB (16GB approx)
[2019.04.05-14.37.04:663][  0]LogMemory: Platform Memory Stats for Windows
[2019.04.05-14.37.04:663][  0]LogMemory: Process Physical Memory: 263.37 MB used, 263.37 MB peak
[2019.04.05-14.37.04:663][  0]LogMemory: Process Virtual Memory: 262.84 MB used, 262.84 MB peak
[2019.04.05-14.37.04:663][  0]LogMemory: Physical Memory: 8155.93 MB used,  8126.59 MB free, 16282.52 MB total
[2019.04.05-14.37.04:663][  0]LogMemory: Virtual Memory: 4812.63 MB used,  8126.59 MB free, 134217728.00 MB total
[2019.04.05-14.37.04:970][  0]LogTextLocalizationManager: No specific translations for ('en-IN') exist, so ('en') translations will be used.
[2019.04.05-14.37.07:640][  0]LogD3D11RHI: D3D11 adapters:
[2019.04.05-14.37.07:668][  0]LogD3D11RHI:    0. 'Intel(R) HD Graphics 530' (Feature Level 11_0)
[2019.04.05-14.37.07:668][  0]LogD3D11RHI:       128/0/8141 MB DedicatedVideo/DedicatedSystem/SharedSystem, Outputs:1, VendorId:0x8086
[2019.04.05-14.37.07:797][  0]LogD3D11RHI:    1. 'NVIDIA GeForce GTX 960M' (Feature Level 11_0)
[2019.04.05-14.37.07:797][  0]LogD3D11RHI:       4055/0/8141 MB DedicatedVideo/DedicatedSystem/SharedSystem, Outputs:0, VendorId:0x10de
[2019.04.05-14.37.07:802][  0]LogD3D11RHI:    2. 'Microsoft Basic Render Driver' (Feature Level 11_0)
[2019.04.05-14.37.07:802][  0]LogD3D11RHI:       0/0/8141 MB DedicatedVideo/DedicatedSystem/SharedSystem, Outputs:0, VendorId:0x1414
[2019.04.05-14.37.07:802][  0]LogD3D11RHI: Chosen D3D11 Adapter: 1
[2019.04.05-14.37.07:818][  0]LogD3D11RHI: Creating new Direct3DDevice
[2019.04.05-14.37.07:818][  0]LogD3D11RHI:     GPU DeviceId: 0x139b (for the marketing name, search the web for "GPU Device Id")
[2019.04.05-14.37.07:818][  0]LogWindows: EnumDisplayDevices:
[2019.04.05-14.37.07:819][  0]LogWindows:    0. 'Intel(R) HD Graphics 530' (P:1 D:1)
[2019.04.05-14.37.07:819][  0]LogWindows:    1. 'Intel(R) HD Graphics 530' (P:0 D:0)
[2019.04.05-14.37.07:819][  0]LogWindows:    2. 'Intel(R) HD Graphics 530' (P:0 D:0)
[2019.04.05-14.37.07:819][  0]LogWindows: DebugString: GetVideoDriverDetailsInvalid PrimaryIsNotTheChoosenAdapter GetVideoDriverDetailsInvalid PrimaryIsNotTheChoosenAdapter GetVideoDriverDetailsInvalid PrimaryIsNotTheChoosenAdapter FoundDriverCount:0 
[2019.04.05-14.37.07:819][  0]LogD3D11RHI:     Adapter Name: NVIDIA GeForce GTX 960M
[2019.04.05-14.37.07:819][  0]LogD3D11RHI:   Driver Version: Unknown (internal:Unknown, unified:Unknown)
[2019.04.05-14.37.07:819][  0]LogD3D11RHI:      Driver Date: Unknown
[2019.04.05-14.37.07:819][  0]LogRHI: Texture pool is 1361 MB (70% of 1945 MB)
[2019.04.05-14.37.07:882][  0]LogD3D11RHI: Async texture creation enabled
[2019.04.05-14.37.07:962][  0]LogD3D11RHI: GPU Timing Frequency: 1000.000000 (Debug: 2 1)
[2019.04.05-14.37.07:963][  0]LogShaderCompilers: Guid format shader working directory is -16 characters bigger than the processId version (../../../../../../Users/Rohit Panjwani/Documents/Unreal Projects/Chess/Intermediate/Shaders/WorkingDirectory/27712/).
[2019.04.05-14.37.07:964][  0]LogShaderCompilers: Cleaned the shader compiler working directory 'C:/Users/Rohit Panjwani/AppData/Local/Temp/UnrealShaderWorkingDir/D9E933C44D31A5EA6CB9A582C4375ADB/'.
[2019.04.05-14.37.07:964][  0]LogShaderCompilers:Display: Using Local Shader Compiler.
[2019.04.05-14.37.11:731][  0]LogTemp:Display: Loaded TP AllDesktopTargetPlatform
[2019.04.05-14.37.11:848][  0]LogTemp:Display: Loaded TP MacClientTargetPlatform
[2019.04.05-14.37.11:973][  0]LogTemp:Display: Loaded TP MacNoEditorTargetPlatform
[2019.04.05-14.37.12:164][  0]LogTemp:Display: Loaded TP MacServerTargetPlatform
[2019.04.05-14.37.12:331][  0]LogTemp:Display: Loaded TP MacTargetPlatform
[2019.04.05-14.37.12:514][  0]LogTemp:Display: Loaded TP WindowsClientTargetPlatform
[2019.04.05-14.37.12:681][  0]LogTemp:Display: Loaded TP WindowsNoEditorTargetPlatform
[2019.04.05-14.37.12:834][  0]LogTemp:Display: Loaded TP WindowsServerTargetPlatform
[2019.04.05-14.37.13:000][  0]LogTemp:Display: Loaded TP WindowsTargetPlatform
[2019.04.05-14.37.13:204][  0]LogTemp:Display: Loaded TP AndroidTargetPlatform
[2019.04.05-14.37.13:385][  0]LogTemp:Display: Loaded TP Android_ASTCTargetPlatform
[2019.04.05-14.37.13:544][  0]LogTemp:Display: Loaded TP Android_ATCTargetPlatform
[2019.04.05-14.37.13:679][  0]LogTemp:Display: Loaded TP Android_DXTTargetPlatform
[2019.04.05-14.37.13:819][  0]LogTemp:Display: Loaded TP Android_ETC1TargetPlatform
[2019.04.05-14.37.13:989][  0]LogTemp:Display: Loaded TP Android_ETC2TargetPlatform
[2019.04.05-14.37.14:228][  0]LogTemp:Display: Loaded TP Android_MultiTargetPlatform
[2019.04.05-14.37.14:228][  0]LogTemp:Display: Loaded TP Android_PVRTCTargetPlatform
[2019.04.05-14.37.14:342][  0]LogTemp:Display: Loaded TP HTML5TargetPlatform
[2019.04.05-14.37.14:567][  0]LogTemp:Display: Loaded TP IOSTargetPlatform
[2019.04.05-14.37.14:636][  0]LogTemp:Display: Loaded TP TVOSTargetPlatform
[2019.04.05-14.37.14:753][  0]LogTemp:Display: Loaded TP LinuxClientTargetPlatform
[2019.04.05-14.37.14:878][  0]LogTemp:Display: Loaded TP LinuxNoEditorTargetPlatform
[2019.04.05-14.37.15:010][  0]LogTemp:Display: Loaded TP LinuxServerTargetPlatform
[2019.04.05-14.37.15:120][  0]LogTemp:Display: Loaded TP LinuxTargetPlatform
[2019.04.05-14.37.15:120][  0]LogTargetPlatformManager:Display: Building Assets For Windows
[2019.04.05-14.37.16:221][  0]LogDerivedDataCache:Display: Max Cache Size: 512 MB
[2019.04.05-14.37.16:353][  0]LogDerivedDataCache: Loaded boot cache 0.13s 50MB C:/Users/Rohit Panjwani/AppData/Local/UnrealEngine/4.14/DerivedDataCache/Boot.ddc.
[2019.04.05-14.37.16:353][  0]LogDerivedDataCache:Display: Loaded Boot cache: C:/Users/Rohit Panjwani/AppData/Local/UnrealEngine/4.14/DerivedDataCache/Boot.ddc
[2019.04.05-14.37.16:353][  0]LogDerivedDataCache: FDerivedDataBackendGraph:  Pak pak cache file ../../../../../../Users/Rohit Panjwani/Documents/Unreal Projects/Chess/DerivedDataCache/DDC.ddp not found, will not use a pak cache.
[2019.04.05-14.37.16:353][  0]LogDerivedDataCache: Unable to find inner node Pak for hierarchical cache Hierarchy.
[2019.04.05-14.37.16:353][  0]LogDerivedDataCache: FDerivedDataBackendGraph:  CompressedPak pak cache file ../../../../../../Users/Rohit Panjwani/Documents/Unreal Projects/Chess/DerivedDataCache/Compressed.ddp not found, will not use a pak cache.
[2019.04.05-14.37.16:353][  0]LogDerivedDataCache: Unable to find inner node CompressedPak for hierarchical cache Hierarchy.
[2019.04.05-14.37.16:377][  0]LogDerivedDataCache:Display: Pak cache opened for reading ../../../Engine/DerivedDataCache/Compressed.ddp.
[2019.04.05-14.37.16:391][  0]LogDerivedDataCache: Using Local data cache path C:/Users/Rohit Panjwani/AppData/Local/UnrealEngine/Common/DerivedDataCache: Writable
[2019.04.05-14.37.16:743][  0]LogInit: Selected Device Profile: [Windows]
[2019.04.05-14.37.16:750][  0]LogContentStreaming: Texture pool size is 0.00 MB
[2019.04.05-14.37.17:202][  0]LogMeshUtilities: Using QuadricMeshReduction for automatic static mesh reduction
[2019.04.05-14.37.17:327][  0]LogSimplygon: Simplygon DLL not present - disabling.
[2019.04.05-14.37.17:506][  0]LogMeshUtilities: Using SimplygonSwarm for distributed automatic mesh merging
[2019.04.05-14.37.17:506][  0]LogMeshUtilities: No automatic skeletal mesh reduction module available
[2019.04.05-14.37.17:506][  0]LogMeshUtilities: No automatic mesh merging module available
[2019.04.05-14.37.18:570][  0]LogNetVersion: GetLocalNetworkVersion: CL: 3195953, ProjectName: chess, ProjectVersion: , EngineNetworkVersion: 2, GameNetworkVersion: 0, NetworkChecksum: 1690184528
[2019.04.05-14.37.18:681][  0]LogAssetRegistry: FAssetRegistry took 0.0218 seconds to start up
[2019.04.05-14.37.18:835][  0]LogPackageLocalizationCache: Processed 3 localized package path(s) for 2 prioritized culture(s) in 0.101911 seconds
[2019.04.05-14.37.18:843][  0]LogUObjectArray: 31946 objects as part of root set at end of initial load.
[2019.04.05-14.37.18:843][  0]LogUObjectAllocator: 6935848 out of 0 bytes used by permanent object pool.
[2019.04.05-14.37.18:843][  0]LogUObjectArray: CloseDisregardForGC: 0/0 objects in disregard for GC pool
[2019.04.05-14.37.19:036][  0]LogInit: WinSock: version 1.1 (2.2), MaxSocks=32767, MaxUdp=65467
[2019.04.05-14.37.21:100][  0]LogSlate: Using Freetype 2.6.0
[2019.04.05-14.37.21:101][  0]LogSlate: SlateFontCache - WITH_FREETYPE: 1, WITH_HARFBUZZ: 1
[2019.04.05-14.37.21:101][  0]LogSlate: SlateFontCache - WITH_FREETYPE: 1, WITH_HARFBUZZ: 1
[2019.04.05-14.37.26:262][  0]LogTcpMessaging: Initializing TcpMessaging bridge
[2019.04.05-14.37.26:364][  0]LogUdpMessaging: Initializing bridge on interface 0.0.0.0:0 to multicast group 230.0.0.1:6666.
[2019.04.05-14.37.27:263][  0]LogMaterial: Uniform references updated for custom material expression Custom.
[2019.04.05-14.37.28:453][  0]SourceControl: Info Source control is disabled
[2019.04.05-14.37.28:600][  0]SourceControl: Info Source control is disabled
[2019.04.05-14.37.28:752][  0]SourceControl: Info Source control is disabled
[2019.04.05-14.37.28:919][  0]SourceControl: Info Source control is disabled
[2019.04.05-14.37.33:180][  0]LogEngine: Initializing Engine...
[2019.04.05-14.37.33:181][  0]LogHMD: Failed to initialize OpenVR with code 110
[2019.04.05-14.37.34:116][  0]LogAIModule: Creating AISystem for world Untitled
[2019.04.05-14.37.34:137][  0]LogInit: XAudio2 using 'Speakers (Conexant SmartAudio HD)' : 2 channels at 48 kHz using 32 bits per sample (channel mask 0x3)
[2019.04.05-14.37.34:214][  0]LogInit: FAudioDevice initialized.
[2019.04.05-14.37.34:251][  0]LogDerivedDataCache: Saved boot cache 0.04s 50MB C:/Users/Rohit Panjwani/AppData/Local/UnrealEngine/4.14/DerivedDataCache/Boot.ddc.
[2019.04.05-14.37.34:257][  0]LogInit: Texture streaming: Enabled
[2019.04.05-14.37.34:768][  0]LogInit: Transaction tracking system initialized
[2019.04.05-14.37.35:946][  0]BlueprintLog: New page: Editor Load
[2019.04.05-14.37.38:718][  0]LocalizationService: Info Localization service is disabled
[2019.04.05-14.37.40:812][  0]LogConsoleResponse:Display: 
[2019.04.05-14.37.41:285][  0]LogCook:Display: Max memory allowance for cook 16384mb min free memory 0mb
[2019.04.05-14.37.41:285][  0]LogCook:Display: Mobile HDR setting 1
[2019.04.05-14.37.41:516][  0]LogFileCache: Scanning file cache for directory 'C:/Users/Rohit Panjwani/Documents/Unreal Projects/Chess/Content/' took 0.02s
[2019.04.05-14.37.44:528][  0]SourceControl: Info Source control is disabled
[2019.04.05-14.37.44:528][  0]Cmd: MAP LOAD FILE="../../../Engine/Content/Maps/Templates/Template_Default.umap" TEMPLATE=1 SHOWPROGRESS=1 FEATURELEVEL=3
[2019.04.05-14.37.44:529][  0]LightingResults: New page: Lighting Build
[2019.04.05-14.37.44:676][  0]MapCheck: New page: Map Check
[2019.04.05-14.37.44:676][  0]LightingResults: New page: Lighting Build
[2019.04.05-14.37.45:034][  0]LogAIModule: Creating AISystem for world Untitled_1
[2019.04.05-14.37.45:036][  0]LogActorComponent: RegisterComponentWithWorld: (/Temp/Untitled_1.Untitled_1:PersistentLevel.WorldSettings_1.StaticMeshComponent0) Trying to register component with IsPendingKill() == true. Aborting.
[2019.04.05-14.37.45:047][  0]LogEditorServer: Finished looking for orphan Actors (0.000 secs)
[2019.04.05-14.37.45:053][  0]Cmd: MAP CHECKDEP NOCLEARLOG
[2019.04.05-14.37.45:183][  0]MapCheck: Info Map check complete: 0 Error(s), 0 Warning(s), took 128.972ms to complete.
[2019.04.05-14.37.45:183][  0]LogFileHelpers: Loading map 'Template_Default' took 0.655
[2019.04.05-14.37.45:460][  0]LogCollectionManager: Loaded 0 collections in 0.004029 seconds
[2019.04.05-14.37.45:624][  0]LogFileCache: Scanning file cache for directory 'C:/Users/Rohit Panjwani/Documents/Unreal Projects/Chess/Saved/Collections/' took 0.01s
[2019.04.05-14.37.45:624][  0]LogFileCache: Scanning file cache for directory 'C:/Users/Rohit Panjwani/Documents/Unreal Projects/Chess/Content/Developers/RohitPanjwani/Collections/' took 0.01s
[2019.04.05-14.37.45:624][  0]LogFileCache: Scanning file cache for directory 'C:/Users/Rohit Panjwani/Documents/Unreal Projects/Chess/Content/Collections/' took 0.01s
[2019.04.05-14.37.45:624][  0]LogCollectionManager: Rebuilt the GUID cache for 0 collections in 0.000003 seconds
[2019.04.05-14.37.45:636][  0]LogContentBrowser: Native class hierarchy populated in 0.0115 seconds. Added 2190 classes and 428 folders.
[2019.04.05-14.37.45:769][  0]LogStats: UGameplayTagsManager::ConstructGameplayTagTree: Construct from data asset -  0.000 s
[2019.04.05-14.37.45:769][  0]LogStats: UGameplayTagsManager::ConstructGameplayTagTree: GameplayTagTreeChangedEvent.Broadcast -  0.000 s
[2019.04.05-14.37.45:770][  0]LogContentBrowser: Native class hierarchy updated for 'GameplayTags' in 0.0010 seconds. Added 13 classes and 0 folders.
[2019.04.05-14.37.45:968][  0]LogContentBrowser: Native class hierarchy updated for 'WidgetCarousel' in 0.0012 seconds. Added 0 classes and 0 folders.
[2019.04.05-14.37.46:210][  0]LogContentBrowser: Native class hierarchy updated for 'AddContentDialog' in 0.0007 seconds. Added 0 classes and 0 folders.
[2019.04.05-14.37.46:329][  0]LogContentBrowser: Native class hierarchy updated for 'SceneOutliner' in 0.0008 seconds. Added 1 classes and 2 folders.
[2019.04.05-14.37.46:502][  0]LogCrashTracker: Crashtracker disabled due to settings.
[2019.04.05-14.37.46:513][  0]LogUObjectGlobals:Warning: Failed to find object 'Class None.'
[2019.04.05-14.37.46:721][  0]LogContentBrowser: Native class hierarchy updated for 'HierarchicalLODOutliner' in 0.0010 seconds. Added 1 classes and 2 folders.
[2019.04.05-14.37.46:722][  0]LogLoad: (Engine Initialization) Total time: 45.61 seconds
[2019.04.05-14.37.46:722][  0]LogLoad: (Engine Initialization) Total Blueprint compile time: 0.19 seconds
[2019.04.05-14.37.46:722][  0]LogExternalProfiler: Found external profiler: VSPerf
[2019.04.05-14.37.46:722][  0]LogExternalProfiler: Using external profiler: VSPerf
[2019.04.05-14.37.46:731][  0]LogWindowsTextInputMethodSystem:Display: IME system now deactivated.
[2019.04.05-14.37.46:732][  0]LogOcInput: OculusInput pre-init called
[2019.04.05-14.37.46:752][  0]LogContentStreaming: Texture pool size now 3000 MB
[2019.04.05-14.37.47:028][  0]LogRenderer: Reallocating scene render targets to support 860x428 NumSamples 1 (Frame:2).
[2019.04.05-14.37.47:285][  2]LogAssetRegistry: Asset discovery search completed in 28.6258 seconds
[2019.04.05-14.37.47:285][  2]LogCollectionManager: Rebuilt the object cache for 0 collections in 0.000001 seconds (found 0 objects)
[2019.04.05-14.37.47:285][  2]LogCollectionManager: Fixed up redirectors for 0 collections in 0.000036 seconds (updated 0 objects)
[2019.04.05-14.37.54:083][514]LogContentBrowser: Native class hierarchy updated for 'TextureEditor' in 0.0008 seconds. Added 1 classes and 2 folders.
[2019.04.05-14.37.59:149][514]LogContentBrowser: Native class hierarchy updated for 'BlueprintGraph' in 0.0016 seconds. Added 111 classes and 0 folders.
[2019.04.05-14.39.38:512][689]LogTemp: Repeting last play command: Selected Viewport
[2019.04.05-14.39.38:565][689]LogPlayLevel: PlayLevel: No blueprints needed recompiling
[2019.04.05-14.39.38:566][689]PIE: New page: PIE session: Untitled_1 (06-Apr-2019 1:39:38 am)
[2019.04.05-14.39.38:566][689]LogPlayLevel: Creating play world package: /Temp/UEDPIE_0_Untitled_1
[2019.04.05-14.39.38:571][689]LogPlayLevel: PIE: StaticDuplicateObject took: (0.004674s)
[2019.04.05-14.39.38:571][689]LogAIModule: Creating AISystem for world Untitled_1
[2019.04.05-14.39.38:572][689]LogPlayLevel: PIE: World Init took: (0.001259s)
[2019.04.05-14.39.38:572][689]LogPlayLevel: PIE: Created PIE world by copying editor world from /Temp/Untitled_1.Untitled_1 to /Temp/UEDPIE_0_Untitled_1.Untitled_1 (0.006352s)
[2019.04.05-14.39.38:668][689]LogInit: XAudio2 using 'Speakers (Conexant SmartAudio HD)' : 2 channels at 48 kHz using 32 bits per sample (channel mask 0x3)
[2019.04.05-14.39.38:735][689]LogInit: FAudioDevice initialized.
[2019.04.05-14.39.38:814][689]LogLoad: Game class is 'ChessGameMode_C'
[2019.04.05-14.39.38:819][689]LogWorld: Bringing World /Temp/UEDPIE_0_Untitled_1.Untitled_1 up for play (max tick rate 0) at 2019.04.05-20.09.38
[2019.04.05-14.39.38:819][689]LogWorld: Bringing up level for play took: 0.002351
[2019.04.05-14.39.38:974][689]LogContentBrowser: Native class hierarchy updated for 'MovieSceneCapture' in 0.0012 seconds. Added 11 classes and 0 folders.
[2019.04.05-14.39.38:988][689]PIE: Info Play in editor start time for /Temp/UEDPIE_0_Untitled_1 1.139
[2019.04.05-14.39.39:022][689]LogRenderer: Reallocating scene render targets to support 1292x756 NumSamples 1 (Frame:8).
[2019.04.05-14.39.45:869][185]LogAIModule: Creating AISystem for world FirstLevel
[2019.04.05-14.39.45:953][185]Cmd: MAP LOAD FILE="../../../../../../Users/Rohit Panjwani/Documents/Unreal Projects/Chess/Content/FirstLevel.umap" TEMPLATE=0 SHOWPROGRESS=1 FEATURELEVEL=3
[2019.04.05-14.39.45:953][185]LightingResults: New page: Lighting Build
[2019.04.05-14.39.45:954][185]LoadErrors: New page: Loading map: FirstLevel.umap
[2019.04.05-14.39.45:954][185]MapCheck: New page: Map Check
[2019.04.05-14.39.45:954][185]LightingResults: New page: Lighting Build
[2019.04.05-14.39.46:177][185]LogEditorServer: Finished looking for orphan Actors (0.000 secs)
[2019.04.05-14.39.46:224][185]Cmd: MAP CHECKDEP NOCLEARLOG
[2019.04.05-14.39.46:374][185]MapCheck: Info Map check complete: 0 Error(s), 0 Warning(s), took 150.45ms to complete.
[2019.04.05-14.39.46:374][185]LogFileHelpers: Loading map 'FirstLevel' took 0.423
[2019.04.05-14.39.55:523][453]LogTemp: Repeting last play command: Selected Viewport
[2019.04.05-14.39.55:653][453]LogPlayLevel: PlayLevel: No blueprints needed recompiling
[2019.04.05-14.39.55:653][453]PIE: New page: PIE session: FirstLevel (06-Apr-2019 1:39:55 am)
[2019.04.05-14.39.55:653][453]LogPlayLevel: Creating play world package: /Game/UEDPIE_0_FirstLevel
[2019.04.05-14.39.55:669][453]LogPlayLevel: PIE: StaticDuplicateObject took: (0.016062s)
[2019.04.05-14.39.55:670][453]LogAIModule: Creating AISystem for world FirstLevel
[2019.04.05-14.39.55:670][453]LogPlayLevel: PIE: World Init took: (0.000782s)
[2019.04.05-14.39.55:671][453]LogPlayLevel: PIE: Created PIE world by copying editor world from /Game/FirstLevel.FirstLevel to /Game/UEDPIE_0_FirstLevel.FirstLevel (0.017213s)
[2019.04.05-14.39.55:698][453]LogInit: XAudio2 using 'Speakers (Conexant SmartAudio HD)' : 2 channels at 48 kHz using 32 bits per sample (channel mask 0x3)
[2019.04.05-14.39.55:775][453]LogInit: FAudioDevice initialized.
[2019.04.05-14.39.55:830][453]LogLoad: Game class is 'ChessGameMode_C'
[2019.04.05-14.39.55:841][453]LogWorld: Bringing World /Game/UEDPIE_0_FirstLevel.FirstLevel up for play (max tick rate 0) at 2019.04.05-20.09.55
[2019.04.05-14.39.55:843][453]LogWorld: Bringing up level for play took: 0.010584
[2019.04.05-14.39.55:895][453]PIE: Info Play in editor start time for /Game/UEDPIE_0_FirstLevel 0.045
[2019.04.05-14.39.58:708][578]LogBlueprintUserMessages: [movable_Rod2] Hello
[2019.04.05-14.40.00:068][664]LogBlueprintUserMessages: [movable_Rod11] Pawn3
[2019.04.05-14.40.00:071][664]LogBlueprintUserMessages: [movable_Rod11] Pawn10
[2019.04.05-14.40.09:461][282]LogBlueprintUserMessages: [movable_Rod2] Hello
[2019.04.05-14.40.11:128][393]LogBlueprintUserMessages: [movable_Rod_63] Pawn3
[2019.04.05-14.40.11:130][393]LogBlueprintUserMessages: [movable_Rod_63] Pawn10
[2019.04.05-14.41.32:819][456]LogEditorViewport: Clicking on Actor (LMB): movable_Rod_C (movable_Rod5)
[2019.04.05-14.41.39:282][915]LogEditorViewport: Clicking on Actor (LMB): movable_Rod_C (movable_Rod2)
[2019.04.05-14.41.41:625][116]LogEditorViewport: Clicking on Actor (LMB): BP_Sky_Sphere_C (Sky Sphere4)
[2019.04.05-14.41.43:850][296]LogTemp: Repeting last play command: Selected Viewport
[2019.04.05-14.41.43:884][296]BlueprintLog: New page: Pre-Play auto-recompile
[2019.04.05-14.41.43:884][296]LogPlayLevel: [PlayLevel] Compiling movable_Rod before play...
[2019.04.05-14.41.45:743][296]LogPlayLevel: PlayLevel: Blueprint regeneration took 1858 ms (1 blueprints)
[2019.04.05-14.41.45:743][296]PIE: New page: PIE session: FirstLevel (06-Apr-2019 1:41:45 am)
[2019.04.05-14.41.45:743][296]LogPlayLevel: Creating play world package: /Game/UEDPIE_0_FirstLevel
[2019.04.05-14.41.45:771][296]LogPlayLevel: PIE: StaticDuplicateObject took: (0.027420s)
[2019.04.05-14.41.45:772][296]LogAIModule: Creating AISystem for world FirstLevel
[2019.04.05-14.41.45:772][296]LogPlayLevel: PIE: World Init took: (0.001606s)
[2019.04.05-14.41.45:773][296]LogPlayLevel: PIE: Created PIE world by copying editor world from /Game/FirstLevel.FirstLevel to /Game/UEDPIE_0_FirstLevel.FirstLevel (0.029413s)
[2019.04.05-14.41.45:811][296]LogInit: XAudio2 using 'Speakers (Conexant SmartAudio HD)' : 2 channels at 48 kHz using 32 bits per sample (channel mask 0x3)
[2019.04.05-14.41.45:897][296]LogInit: FAudioDevice initialized.
[2019.04.05-14.41.45:972][296]LogLoad: Game class is 'ChessGameMode_C'
[2019.04.05-14.41.45:983][296]LogWorld: Bringing World /Game/UEDPIE_0_FirstLevel.FirstLevel up for play (max tick rate 0) at 2019.04.05-20.11.45
[2019.04.05-14.41.45:984][296]LogWorld: Bringing up level for play took: 0.009726
[2019.04.05-14.41.46:051][296]PIE: Info Play in editor start time for /Game/UEDPIE_0_FirstLevel 2.202
[2019.04.05-14.41.48:338][428]LogBlueprintUserMessages: [movable_Rod2] Hello
[2019.04.05-14.41.50:039][541]LogBlueprintUserMessages: [movable_Rod11] movable_Rod2
[2019.04.05-14.41.50:039][541]LogBlueprintUserMessages: [movable_Rod11] Pawn3
[2019.04.05-14.41.50:045][541]LogBlueprintUserMessages: [movable_Rod11] Pawn10
[2019.04.05-14.41.53:762][767]LogEditorTransaction: Undo Clicking on Actors
[2019.04.05-14.41.55:231][888]LogEditorTransaction: Undo Clicking on Actors
[2019.04.05-14.41.56:074][967]LogEditorTransaction: Undo Clicking on Actors
[2019.04.05-14.41.56:899][ 42]LogEditorTransaction: Undo Create Pin Link
[2019.04.05-14.41.58:049][118]LogEditorTransaction: Undo Add Node
[2019.04.05-14.42.06:965][  5]LogEditorViewport: Clicking on Actor (LMB): movable_Rod_C (movable_Rod2)
[2019.04.05-14.42.15:830][795]LogEditorViewport: Clicking on Actor (LMB): board_Piece_C (board_Piece84)
[2019.04.05-14.42.18:219][995]LogEditorViewport: Clicking on Actor (LMB): board_Piece_C (board_Piece85)
[2019.04.05-14.42.21:636][331]LogEditorViewport: Clicking on Actor (LMB): BP_Sky_Sphere_C (Sky Sphere4)
[2019.04.05-14.42.23:666][528]LogEditorViewport: Clicking on Actor (LMB): movable_Rod_C (movable_Rod2)
[2019.04.05-14.43.06:704][ 32]BlueprintLog: New page: Compile movable_Rod
[2019.04.05-14.43.09:619][ 78]Cmd: OBJ SAVEPACKAGE PACKAGE="/Game/Blueprints/movable_Rod" FILE="../../../../../../Users/Rohit Panjwani/Documents/Unreal Projects/Chess/Content/Blueprints/movable_Rod.uasset" SILENT=true
[2019.04.05-14.43.09:992][ 78]LogSavePackage: Save=170.04ms
[2019.04.05-14.43.09:992][ 78]LogSavePackage: Moving '../../../../../../Users/Rohit Panjwani/Documents/Unreal Projects/Chess/Saved/movable_Rod1F65CE9E4A38CC46B7F57ABDFAB88DC3.tmp' to '../../../../../../Users/Rohit Panjwani/Documents/Unreal Projects/Chess/Content/Blueprints/movable_Rod.uasset'
[2019.04.05-14.43.10:000][ 78]LogSavePackage:Display: Finished SavePackage ../../../../../../Users/Rohit Panjwani/Documents/Unreal Projects/Chess/Content/Blueprints/movable_Rod.uasset
[2019.04.05-14.43.11:332][217]LogTemp: Repeting last play command: Selected Viewport
[2019.04.05-14.43.11:356][217]LogPlayLevel: PlayLevel: No blueprints needed recompiling
[2019.04.05-14.43.11:356][217]PIE: New page: PIE session: FirstLevel (06-Apr-2019 1:43:11 am)
[2019.04.05-14.43.11:357][217]LogPlayLevel: Creating play world package: /Game/UEDPIE_0_FirstLevel
[2019.04.05-14.43.11:371][217]LogPlayLevel: PIE: StaticDuplicateObject took: (0.014503s)
[2019.04.05-14.43.11:372][217]LogAIModule: Creating AISystem for world FirstLevel
[2019.04.05-14.43.11:372][217]LogPlayLevel: PIE: World Init took: (0.001031s)
[2019.04.05-14.43.11:372][217]LogPlayLevel: PIE: Created PIE world by copying editor world from /Game/FirstLevel.FirstLevel to /Game/UEDPIE_0_FirstLevel.FirstLevel (0.015846s)
[2019.04.05-14.43.11:401][217]LogInit: XAudio2 using 'Speakers (Conexant SmartAudio HD)' : 2 channels at 48 kHz using 32 bits per sample (channel mask 0x3)
[2019.04.05-14.43.11:482][217]LogInit: FAudioDevice initialized.
[2019.04.05-14.43.11:555][217]LogLoad: Game class is 'ChessGameMode_C'
[2019.04.05-14.43.11:567][217]LogWorld: Bringing World /Game/UEDPIE_0_FirstLevel.FirstLevel up for play (max tick rate 0) at 2019.04.05-20.13.11
[2019.04.05-14.43.11:568][217]LogWorld: Bringing up level for play took: 0.011074
[2019.04.05-14.43.11:624][217]PIE: Info Play in editor start time for /Game/UEDPIE_0_FirstLevel -0.225
[2019.04.05-14.43.14:098][400]LogBlueprintUserMessages: [movable_Rod2] Hello
[2019.04.05-14.50.22:067][182]LogSavePackage: Save=245.42ms
[2019.04.05-14.50.22:067][182]LogSavePackage: Moving '../../../../../../Users/Rohit Panjwani/Documents/Unreal Projects/Chess/Saved/FirstLevel_Auto1F30F592940B476026318B3BA8EB23C47.tmp' to '../../../../../../Users/Rohit Panjwani/Documents/Unreal Projects/Chess/Saved/Autosaves/Game/FirstLevel_Auto1.umap'
[2019.04.05-14.50.22:078][182]LogSavePackage:Display: Finished SavePackage ../../../../../../Users/Rohit Panjwani/Documents/Unreal Projects/Chess/Saved/Autosaves/Game/FirstLevel_Auto1.umap
[2019.04.05-14.50.22:083][182]LogFileHelpers: Editor autosave (incl. sublevels) for '/Game/FirstLevel' took 0.503
[2019.04.05-14.50.22:084][182]LogFileHelpers: Editor autosave (incl. sublevels) for all levels took 0.503
[2019.04.05-14.54.34:340][387]BlueprintLog: New page: Compile movable_Rod
[2019.04.05-14.54.36:910][413]Cmd: OBJ SAVEPACKAGE PACKAGE="/Game/Blueprints/movable_Rod" FILE="../../../../../../Users/Rohit Panjwani/Documents/Unreal Projects/Chess/Content/Blueprints/movable_Rod.uasset" SILENT=true
[2019.04.05-14.54.37:239][413]LogSavePackage: Save=144.70ms
[2019.04.05-14.54.37:239][413]LogSavePackage: Moving '../../../../../../Users/Rohit Panjwani/Documents/Unreal Projects/Chess/Saved/movable_RodDE0453DC42C40903668513B4E4448771.tmp' to '../../../../../../Users/Rohit Panjwani/Documents/Unreal Projects/Chess/Content/Blueprints/movable_Rod.uasset'
[2019.04.05-14.54.37:245][413]LogSavePackage:Display: Finished SavePackage ../../../../../../Users/Rohit Panjwani/Documents/Unreal Projects/Chess/Content/Blueprints/movable_Rod.uasset
[2019.04.05-14.54.37:895][446]LogTemp: Repeting last play command: Selected Viewport
[2019.04.05-14.54.37:923][446]LogPlayLevel: PlayLevel: No blueprints needed recompiling
[2019.04.05-14.54.37:923][446]PIE: New page: PIE session: FirstLevel (06-Apr-2019 1:54:37 am)
[2019.04.05-14.54.37:924][446]LogPlayLevel: Creating play world package: /Game/UEDPIE_0_FirstLevel
[2019.04.05-14.54.37:936][446]LogPlayLevel: PIE: StaticDuplicateObject took: (0.012860s)
[2019.04.05-14.54.37:937][446]LogAIModule: Creating AISystem for world FirstLevel
[2019.04.05-14.54.37:937][446]LogPlayLevel: PIE: World Init took: (0.000676s)
[2019.04.05-14.54.37:937][446]LogPlayLevel: PIE: Created PIE world by copying editor world from /Game/FirstLevel.FirstLevel to /Game/UEDPIE_0_FirstLevel.FirstLevel (0.013803s)
[2019.04.05-14.54.37:972][446]LogInit: XAudio2 using 'Speakers (Conexant SmartAudio HD)' : 2 channels at 48 kHz using 32 bits per sample (channel mask 0x3)
[2019.04.05-14.54.38:060][446]LogInit: FAudioDevice initialized.
[2019.04.05-14.54.38:135][446]LogLoad: Game class is 'ChessGameMode_C'
[2019.04.05-14.54.38:147][446]LogWorld: Bringing World /Game/UEDPIE_0_FirstLevel.FirstLevel up for play (max tick rate 60) at 2019.04.05-20.24.38
[2019.04.05-14.54.38:150][446]LogWorld: Bringing up level for play took: 0.012396
[2019.04.05-14.54.38:214][446]PIE: Info Play in editor start time for /Game/UEDPIE_0_FirstLevel 0.366
[2019.04.05-14.54.40:399][571]LogBlueprintUserMessages: [movable_Rod2] Hello
[2019.04.05-14.55.03:047][867]BlueprintLog: New page: Compile movable_Rod
[2019.04.05-14.55.06:042][904]Cmd: OBJ SAVEPACKAGE PACKAGE="/Game/Blueprints/movable_Rod" FILE="../../../../../../Users/Rohit Panjwani/Documents/Unreal Projects/Chess/Content/Blueprints/movable_Rod.uasset" SILENT=true
[2019.04.05-14.55.06:371][904]LogSavePackage: Save=152.07ms
[2019.04.05-14.55.06:371][904]LogSavePackage: Moving '../../../../../../Users/Rohit Panjwani/Documents/Unreal Projects/Chess/Saved/movable_Rod82898B6241142780E2E58083971C6E0C.tmp' to '../../../../../../Users/Rohit Panjwani/Documents/Unreal Projects/Chess/Content/Blueprints/movable_Rod.uasset'
[2019.04.05-14.55.06:378][904]LogSavePackage:Display: Finished SavePackage ../../../../../../Users/Rohit Panjwani/Documents/Unreal Projects/Chess/Content/Blueprints/movable_Rod.uasset
[2019.04.05-14.55.07:816][986]LogTemp: Repeting last play command: Selected Viewport
[2019.04.05-14.55.07:845][986]LogPlayLevel: PlayLevel: No blueprints needed recompiling
[2019.04.05-14.55.07:845][986]PIE: New page: PIE session: FirstLevel (06-Apr-2019 1:55:07 am)
[2019.04.05-14.55.07:845][986]LogPlayLevel: Creating play world package: /Game/UEDPIE_0_FirstLevel
[2019.04.05-14.55.07:864][986]LogPlayLevel: PIE: StaticDuplicateObject took: (0.018953s)
[2019.04.05-14.55.07:864][986]LogAIModule: Creating AISystem for world FirstLevel
[2019.04.05-14.55.07:865][986]LogPlayLevel: PIE: World Init took: (0.001017s)
[2019.04.05-14.55.07:865][986]LogPlayLevel: PIE: Created PIE world by copying editor world from /Game/FirstLevel.FirstLevel to /Game/UEDPIE_0_FirstLevel.FirstLevel (0.020557s)
[2019.04.05-14.55.07:906][986]LogInit: XAudio2 using 'Speakers (Conexant SmartAudio HD)' : 2 channels at 48 kHz using 32 bits per sample (channel mask 0x3)
[2019.04.05-14.55.07:989][986]LogInit: FAudioDevice initialized.
[2019.04.05-14.55.08:067][986]LogLoad: Game class is 'ChessGameMode_C'
[2019.04.05-14.55.08:081][986]LogWorld: Bringing World /Game/UEDPIE_0_FirstLevel.FirstLevel up for play (max tick rate 60) at 2019.04.05-20.25.08
[2019.04.05-14.55.08:084][986]LogWorld: Bringing up level for play took: 0.013125
[2019.04.05-14.55.08:170][986]PIE: Info Play in editor start time for /Game/UEDPIE_0_FirstLevel 0.32
[2019.04.05-14.55.10:499][121]LogBlueprintUserMessages: [movable_Rod2] Hello
[2019.04.05-14.55.13:724][314]LogBlueprintUserMessages: [movable_Rod_63] Hello
[2019.04.05-15.00.46:822][828]LogSavePackage: Save=246.76ms
[2019.04.05-15.00.46:822][828]LogSavePackage: Moving '../../../../../../Users/Rohit Panjwani/Documents/Unreal Projects/Chess/Saved/FirstLevel_Auto2FA8F80564941CB647C814C93E9622C66.tmp' to '../../../../../../Users/Rohit Panjwani/Documents/Unreal Projects/Chess/Saved/Autosaves/Game/FirstLevel_Auto2.umap'
[2019.04.05-15.00.46:825][828]LogSavePackage:Display: Finished SavePackage ../../../../../../Users/Rohit Panjwani/Documents/Unreal Projects/Chess/Saved/Autosaves/Game/FirstLevel_Auto2.umap
[2019.04.05-15.00.46:828][828]LogFileHelpers: Editor autosave (incl. sublevels) for '/Game/FirstLevel' took 0.508
[2019.04.05-15.00.46:828][828]LogFileHelpers: Editor autosave (incl. sublevels) for all levels took 0.508
[2019.04.05-16.21.24:452][950]LogD3D11RHI: Timed out while waiting for GPU to catch up. (0.5 s)
[2019.04.05-19.03.25:495][238]LogTemp: Repeting last play command: Selected Viewport
[2019.04.05-19.03.25:733][238]LogPlayLevel: PlayLevel: No blueprints needed recompiling
[2019.04.05-19.03.25:733][238]PIE: New page: PIE session: FirstLevel (06-Apr-2019 6:03:25 am)
[2019.04.05-19.03.25:735][238]LogPlayLevel: Creating play world package: /Game/UEDPIE_0_FirstLevel
[2019.04.05-19.03.25:779][238]LogPlayLevel: PIE: StaticDuplicateObject took: (0.043601s)
[2019.04.05-19.03.25:784][238]LogAIModule: Creating AISystem for world FirstLevel
[2019.04.05-19.03.25:785][238]LogPlayLevel: PIE: World Init took: (0.006529s)
[2019.04.05-19.03.25:786][238]LogPlayLevel: PIE: Created PIE world by copying editor world from /Game/FirstLevel.FirstLevel to /Game/UEDPIE_0_FirstLevel.FirstLevel (0.051212s)
[2019.04.05-19.03.25:969][238]LogInit: XAudio2 using 'Speakers (Conexant SmartAudio HD)' : 2 channels at 48 kHz using 32 bits per sample (channel mask 0x3)
[2019.04.05-19.03.26:036][238]LogInit: FAudioDevice initialized.
[2019.04.05-19.03.26:111][238]LogLoad: Game class is 'ChessGameMode_C'
[2019.04.05-19.03.26:131][238]LogWorld: Bringing World /Game/UEDPIE_0_FirstLevel.FirstLevel up for play (max tick rate 60) at 2019.04.06-00.33.26
[2019.04.05-19.03.26:132][238]LogWorld: Bringing up level for play took: 0.018064
[2019.04.05-19.03.26:200][238]PIE: Info Play in editor start time for /Game/UEDPIE_0_FirstLevel 0.392
[2019.04.05-19.03.29:410][409]LogBlueprintUserMessages: [movable_Rod2] Hello
[2019.04.05-19.04.02:900][373]LogTemp: Repeting last play command: Selected Viewport
[2019.04.05-19.04.02:922][373]LogPlayLevel: PlayLevel: No blueprints needed recompiling
[2019.04.05-19.04.02:922][373]PIE: New page: PIE session: FirstLevel (06-Apr-2019 6:04:02 am)
[2019.04.05-19.04.02:922][373]LogPlayLevel: Creating play world package: /Game/UEDPIE_0_FirstLevel
[2019.04.05-19.04.02:936][373]LogPlayLevel: PIE: StaticDuplicateObject took: (0.013903s)
[2019.04.05-19.04.02:938][373]LogAIModule: Creating AISystem for world FirstLevel
[2019.04.05-19.04.02:939][373]LogPlayLevel: PIE: World Init took: (0.002086s)
[2019.04.05-19.04.02:939][373]LogPlayLevel: PIE: Created PIE world by copying editor world from /Game/FirstLevel.FirstLevel to /Game/UEDPIE_0_FirstLevel.FirstLevel (0.016418s)
[2019.04.05-19.04.02:964][373]LogInit: XAudio2 using 'Speakers (Conexant SmartAudio HD)' : 2 channels at 48 kHz using 32 bits per sample (channel mask 0x3)
[2019.04.05-19.04.03:028][373]LogInit: FAudioDevice initialized.
[2019.04.05-19.04.03:092][373]LogLoad: Game class is 'ChessGameMode_C'
[2019.04.05-19.04.03:105][373]LogWorld: Bringing World /Game/UEDPIE_0_FirstLevel.FirstLevel up for play (max tick rate 60) at 2019.04.06-00.34.03
[2019.04.05-19.04.03:107][373]LogWorld: Bringing up level for play took: 0.012269
[2019.04.05-19.04.03:155][373]PIE: Info Play in editor start time for /Game/UEDPIE_0_FirstLevel -0.654
[2019.04.05-19.04.06:168][543]LogBlueprintUserMessages: [movable_Rod2] Hello
[2019.04.05-19.04.45:596][907]LogBlueprintUserMessages: [movable_Rod2] Hello
[2019.04.05-19.05.14:376][566]Cmd: OBJ SAVEPACKAGE PACKAGE="/Game/FirstLevel" FILE="../../../../../../Users/Rohit Panjwani/Documents/Unreal Projects/Chess/Content/FirstLevel.umap" SILENT=true AUTOSAVING=false KEEPDIRTY=false
[2019.04.05-19.05.14:923][566]LogSavePackage: Save=296.58ms
[2019.04.05-19.05.14:923][566]LogSavePackage: Moving '../../../../../../Users/Rohit Panjwani/Documents/Unreal Projects/Chess/Saved/FirstLevelFFC0F08643608235EB9C7A8C5A5A24C6.tmp' to '../../../../../../Users/Rohit Panjwani/Documents/Unreal Projects/Chess/Content/FirstLevel.umap'
[2019.04.05-19.05.14:933][566]LogSavePackage:Display: Finished SavePackage ../../../../../../Users/Rohit Panjwani/Documents/Unreal Projects/Chess/Content/FirstLevel.umap
[2019.04.05-19.05.19:833][825]LogActorComponent: UnregisterComponent: (/Engine/Transient.EditorFloorComp) Not registered. Aborting.
[2019.04.05-19.05.19:974][825]LogActorComponent: UnregisterComponent: (/Engine/Transient.EditorFloorComp) Not registered. Aborting.
[2019.04.05-19.05.20:142][825]LogActorComponent: UnregisterComponent: (/Engine/Transient.EditorFloorComp) Not registered. Aborting.
[2019.04.05-19.05.20:304][825]LogActorComponent: UnregisterComponent: (/Engine/Transient.EditorFloorComp) Not registered. Aborting.
[2019.04.05-19.05.20:890][826]Cmd: QUIT_EDITOR
[2019.04.05-19.05.21:709][826]LogWindowsTextInputMethodSystem:Display: IME system now deactivated.
[2019.04.05-19.05.21:776][826]LogExit: Preparing to exit.
[2019.04.05-19.05.22:726][826]LogDirectoryWatcher: A directory notification for 'C:/Users/Rohit Panjwani/Documents/Unreal Projects/Chess/Content/' was aborted.
[2019.04.05-19.05.23:128][826]LogExit: Editor shut down
[2019.04.05-19.05.23:135][826]LogExit: Transaction tracking system shut down
[2019.04.05-19.05.23:839][826]LogObj: Freed 0b from 0 cluster array pools.
[2019.04.05-19.05.23:841][826]LogExit: Object subsystem successfully closed.
[2019.04.05-19.05.23:902][826]LogD3D11RHI: Shutdown
[2019.04.05-19.05.23:902][826]LogD3D11RHI: CleanupD3DDevice
[2019.04.05-19.05.24:204][826]LogD3D11RHI: ~FD3D11DynamicRHI
[2019.04.05-19.05.24:292][826]LogHttp:Display: Http module shutting down, but needs to wait on 1 outstanding Http requests:
[2019.04.05-19.05.24:292][826]LogHttp:Display: 	verb=[POST] url=[https://datarouter.ol.epicgames.com/datarouter/api/v1/public/data?SessionID=%7B3CFC695E-4194-5339-5CFE-ABA44ECDB5E9%7D&AppID=UEEditor.Rocket.Release&AppVersion=4.14.3-3249277%2B%2B%2BUE4%2BRelease-4.14&UserID=7d91b64c4b01fe95139d64b3048811ce%7C4d184b3c1962427fad7cc0b2904a4a9d%7Ceb2bbdf1-1b92-448e-9b18-4cd591d8df94&AppEnvironment=datacollector-binary&UploadType=eteventstream] status=Processing
[2019.04.05-19.05.24:305][826]LogModuleManager: Shutting down and abandoning module MovieSceneCapture (245)
[2019.04.05-19.05.24:305][826]LogModuleManager: Shutting down and abandoning module BlueprintGraph (244)
[2019.04.05-19.05.24:305][826]LogModuleManager: Shutting down and abandoning module BlueprintProfiler (243)
[2019.04.05-19.05.24:305][826]LogModuleManager: Shutting down and abandoning module TextureEditor (242)
[2019.04.05-19.05.24:305][826]LogModuleManager: Shutting down and abandoning module HierarchicalLODOutliner (241)
[2019.04.05-19.05.24:305][826]LogModuleManager: Shutting down and abandoning module CrashTracker (240)
[2019.04.05-19.05.24:305][826]LogModuleManager: Shutting down and abandoning module SceneOutliner (239)
[2019.04.05-19.05.24:305][826]LogModuleManager: Shutting down and abandoning module WidgetCarousel (238)
[2019.04.05-19.05.24:305][826]LogModuleManager: Shutting down and abandoning module AddContentDialog (237)
[2019.04.05-19.05.24:306][826]LogDirectoryWatcher: A directory notification for 'C:/Program Files/Epic Games/UE_4.14/FeaturePacks/' was aborted.
[2019.04.05-19.05.24:319][826]LogModuleManager: Shutting down and abandoning module GameplayTags (236)
[2019.04.05-19.05.24:319][826]LogModuleManager: Shutting down and abandoning module EditorWidgets (235)
[2019.04.05-19.05.24:319][826]LogModuleManager: Shutting down and abandoning module CollectionManager (234)
[2019.04.05-19.05.24:319][826]LogDirectoryWatcher: A directory notification for 'C:/Users/Rohit Panjwani/Documents/Unreal Projects/Chess/Content/Collections/' was aborted.
[2019.04.05-19.05.24:319][826]LogDirectoryWatcher: A directory notification for 'C:/Users/Rohit Panjwani/Documents/Unreal Projects/Chess/Content/Developers/RohitPanjwani/Collections/' was aborted.
[2019.04.05-19.05.24:319][826]LogDirectoryWatcher: A directory notification for 'C:/Users/Rohit Panjwani/Documents/Unreal Projects/Chess/Saved/Collections/' was aborted.
[2019.04.05-19.05.24:319][826]LogModuleManager: Shutting down and abandoning module StatsViewer (233)
[2019.04.05-19.05.24:319][826]LogModuleManager: Shutting down and abandoning module FoliageEdit (232)
[2019.04.05-19.05.24:319][826]LogModuleManager: Shutting down and abandoning module LandscapeEditor (231)
[2019.04.05-19.05.24:320][826]LogModuleManager: Shutting down and abandoning module SceneDepthPickerMode (230)
[2019.04.05-19.05.24:320][826]LogModuleManager: Shutting down and abandoning module ActorPickerMode (229)
[2019.04.05-19.05.24:320][826]LogModuleManager: Shutting down and abandoning module GeometryMode (228)
[2019.04.05-19.05.24:320][826]LogModuleManager: Shutting down and abandoning module TextureAlignMode (227)
[2019.04.05-19.05.24:320][826]LogModuleManager: Shutting down and abandoning module BspMode (226)
[2019.04.05-19.05.24:320][826]LogModuleManager: Shutting down and abandoning module HardwareSurvey (225)
[2019.04.05-19.05.24:320][826]LogModuleManager: Shutting down and abandoning module SequenceRecorderSections (224)
[2019.04.05-19.05.24:320][826]LogModuleManager: Shutting down and abandoning module AutomationWorker (223)
[2019.04.05-19.05.24:320][826]LogModuleManager: Shutting down and abandoning module MatineeToLevelSequence (222)
[2019.04.05-19.05.24:320][826]LogModuleManager: Shutting down and abandoning module PlacementMode (221)
[2019.04.05-19.05.24:320][826]LogModuleManager: Shutting down and abandoning module LevelSequenceEditor (220)
[2019.04.05-19.05.24:320][826]LogModuleManager: Shutting down and abandoning module WmfMediaFactory (219)
[2019.04.05-19.05.24:320][826]LogModuleManager: Shutting down and abandoning module WmfMediaEditor (218)
[2019.04.05-19.05.24:320][826]LogModuleManager: Shutting down and abandoning module AvfMediaFactory (217)
[2019.04.05-19.05.24:320][826]LogModuleManager: Shutting down and abandoning module AvfMediaEditor (216)
[2019.04.05-19.05.24:320][826]LogModuleManager: Shutting down and abandoning module Media (215)
[2019.04.05-19.05.24:320][826]LogModuleManager: Shutting down and abandoning module AndroidMediaFactory (214)
[2019.04.05-19.05.24:320][826]LogModuleManager: Shutting down and abandoning module AndroidMediaEditor (213)
[2019.04.05-19.05.24:320][826]LogModuleManager: Shutting down and abandoning module CharacterAI (212)
[2019.04.05-19.05.24:320][826]LogModuleManager: Shutting down and abandoning module SequenceRecorder (211)
[2019.04.05-19.05.24:320][826]LogModuleManager: Shutting down and abandoning module AudioCapture (210)
[2019.04.05-19.05.24:320][826]LogModuleManager: Shutting down and abandoning module SmartSnapping (209)
[2019.04.05-19.05.24:320][826]LogModuleManager: Shutting down and abandoning module SessionServices (208)
[2019.04.05-19.05.24:320][826]LogModuleManager: Shutting down and abandoning module ViewportSnapping (207)
[2019.04.05-19.05.24:320][826]LogModuleManager: Shutting down and abandoning module ViewportInteraction (206)
[2019.04.05-19.05.24:320][826]LogModuleManager: Shutting down and abandoning module LogVisualizer (205)
[2019.04.05-19.05.24:321][826]LogModuleManager: Shutting down and abandoning module GameProjectGeneration (204)
[2019.04.05-19.05.24:321][826]LogModuleManager: Shutting down and abandoning module IntroTutorials (203)
[2019.04.05-19.05.24:321][826]LogModuleManager: Shutting down and abandoning module EditorLiveStreaming (202)
[2019.04.05-19.05.24:321][826]LogModuleManager: Shutting down and abandoning module IOSPlatformEditor (201)
[2019.04.05-19.05.24:321][826]LogModuleManager: Shutting down and abandoning module HTML5PlatformEditor (200)
[2019.04.05-19.05.24:321][826]LogModuleManager: Shutting down and abandoning module AndroidDeviceDetection (199)
[2019.04.05-19.05.24:333][826]LogModuleManager: Shutting down and abandoning module AndroidPlatformEditor (198)
[2019.04.05-19.05.24:333][826]LogModuleManager: Shutting down and abandoning module IOSRuntimeSettings (197)
[2019.04.05-19.05.24:333][826]LogModuleManager: Shutting down and abandoning module AndroidRuntimeSettings (196)
[2019.04.05-19.05.24:333][826]LogModuleManager: Shutting down and abandoning module InputBindingEditor (195)
[2019.04.05-19.05.24:333][826]LogModuleManager: Shutting down and abandoning module NiagaraEditor (194)
[2019.04.05-19.05.24:334][826]LogModuleManager: Shutting down and abandoning module MergeActors (193)
[2019.04.05-19.05.24:334][826]LogModuleManager: Shutting down and abandoning module SizeMap (192)
[2019.04.05-19.05.24:334][826]LogModuleManager: Shutting down and abandoning module TreeMap (191)
[2019.04.05-19.05.24:334][826]LogModuleManager: Shutting down and abandoning module ReferenceViewer (190)
[2019.04.05-19.05.24:334][826]LogModuleManager: Shutting down and abandoning module LocalizationService (189)
[2019.04.05-19.05.24:334][826]LogModuleManager: Shutting down and abandoning module LocalizationDashboard (188)
[2019.04.05-19.05.24:334][826]LogModuleManager: Shutting down and abandoning module HardwareTargeting (187)
[2019.04.05-19.05.24:334][826]LogModuleManager: Shutting down and abandoning module DeviceProfileEditor (186)
[2019.04.05-19.05.24:334][826]LogModuleManager: Shutting down and abandoning module UndoHistory (185)
[2019.04.05-19.05.24:334][826]LogModuleManager: Shutting down and abandoning module UserFeedback (184)
[2019.04.05-19.05.24:334][826]LogModuleManager: Shutting down and abandoning module XmlParser (183)
[2019.04.05-19.05.24:334][826]LogModuleManager: Shutting down and abandoning module Blutility (182)
[2019.04.05-19.05.24:334][826]LogModuleManager: Shutting down and abandoning module ProjectTargetPlatformEditor (181)
[2019.04.05-19.05.24:335][826]LogModuleManager: Shutting down and abandoning module ProjectSettingsViewer (180)
[2019.04.05-19.05.24:335][826]LogModuleManager: Shutting down and abandoning module EditorSettingsViewer (179)
[2019.04.05-19.05.24:335][826]LogModuleManager: Shutting down and abandoning module SettingsEditor (178)
[2019.04.05-19.05.24:335][826]LogModuleManager: Shutting down and abandoning module ProjectLauncher (177)
[2019.04.05-19.05.24:335][826]LogModuleManager: Shutting down and abandoning module SessionFrontend (176)
[2019.04.05-19.05.24:335][826]LogModuleManager: Shutting down and abandoning module ProfilerClient (175)
[2019.04.05-19.05.24:335][826]LogModuleManager: Shutting down and abandoning module TargetDeviceServices (174)
[2019.04.05-19.05.24:335][826]LogModuleManager: Shutting down and abandoning module DeviceManager (173)
[2019.04.05-19.05.24:391][826]LogModuleManager: Shutting down and abandoning module AutomationController (172)
[2019.04.05-19.05.24:391][826]LogModuleManager: Shutting down and abandoning module AutomationWindow (171)
[2019.04.05-19.05.24:391][826]LogModuleManager: Shutting down and abandoning module Layers (170)
[2019.04.05-19.05.24:391][826]LogModuleManager: Shutting down and abandoning module ComponentVisualizers (169)
[2019.04.05-19.05.24:391][826]LogModuleManager: Shutting down and abandoning module DetailCustomizations (168)
[2019.04.05-19.05.24:391][826]LogModuleManager: Shutting down and abandoning module PackagesDialog (167)
[2019.04.05-19.05.24:391][826]LogModuleManager: Shutting down and abandoning module AnimGraph (166)
[2019.04.05-19.05.24:391][826]LogModuleManager: Shutting down and abandoning module Persona (165)
[2019.04.05-19.05.24:391][826]LogModuleManager: Shutting down and abandoning module Kismet (164)
[2019.04.05-19.05.24:404][826]LogModuleManager: Shutting down and abandoning module GraphEditor (163)
[2019.04.05-19.05.24:404][826]LogModuleManager: Shutting down and abandoning module ClassViewer (162)
[2019.04.05-19.05.24:404][826]LogModuleManager: Shutting down and abandoning module Toolbox (161)
[2019.04.05-19.05.24:404][826]LogModuleManager: Shutting down and abandoning module ModuleUI (160)
[2019.04.05-19.05.24:404][826]LogModuleManager: Shutting down and abandoning module MovieSceneTools (159)
[2019.04.05-19.05.24:404][826]LogModuleManager: Shutting down and abandoning module OutputLog (158)
[2019.04.05-19.05.24:404][826]LogModuleManager: Shutting down and abandoning module GammaUI (157)
[2019.04.05-19.05.24:404][826]LogModuleManager: Shutting down and abandoning module Documentation (156)
[2019.04.05-19.05.24:405][826]LogModuleManager: Shutting down and abandoning module Niagara (155)
[2019.04.05-19.05.24:405][826]LogModuleManager: Shutting down and abandoning module StreamingPauseRendering (154)
[2019.04.05-19.05.24:405][826]LogModuleManager: Shutting down and abandoning module AnalyticsET (153)
[2019.04.05-19.05.24:405][826]LogModuleManager: Shutting down and abandoning module PortalServices (152)
[2019.04.05-19.05.24:405][826]LogModuleManager: Shutting down and abandoning module PortalRpc (151)
[2019.04.05-19.05.24:405][826]LogModuleManager: Shutting down and abandoning module MessagingRpc (150)
[2019.04.05-19.05.24:405][826]LogModuleManager: Shutting down and abandoning module GameplayDebugger (149)
[2019.04.05-19.05.24:405][826]LogModuleManager: Shutting down and abandoning module AITestSuite (148)
[2019.04.05-19.05.24:405][826]LogModuleManager: Shutting down and abandoning module AIModule (147)
[2019.04.05-19.05.24:405][826]LogModuleManager: Shutting down and abandoning module ProfilerService (146)
[2019.04.05-19.05.24:576][826]LogModuleManager: Shutting down and abandoning module TaskGraph (145)
[2019.04.05-19.05.24:576][826]LogModuleManager: Shutting down and abandoning module SlateRemote (144)
[2019.04.05-19.05.24:576][826]LogModuleManager: Shutting down and abandoning module SteamVRController (143)
[2019.04.05-19.05.24:576][826]LogModuleManager: Shutting down and abandoning module SteamVR (142)
[2019.04.05-19.05.24:576][826]LogModuleManager: Shutting down and abandoning module ProceduralMeshComponentEditor (141)
[2019.04.05-19.05.24:576][826]LogModuleManager: Shutting down and abandoning module ProceduralMeshComponent (140)
[2019.04.05-19.05.24:576][826]LogModuleManager: Shutting down and abandoning module OculusLibrary (139)
[2019.04.05-19.05.24:576][826]LogModuleManager: Shutting down and abandoning module OculusInput (138)
[2019.04.05-19.05.24:577][826]LogModuleManager: Shutting down and abandoning module MobilePatchingUtils (137)
[2019.04.05-19.05.24:577][826]LogModuleManager: Shutting down and abandoning module CustomMeshComponent (136)
[2019.04.05-19.05.24:577][826]LogModuleManager: Shutting down and abandoning module CableComponent (135)
[2019.04.05-19.05.24:577][826]LogModuleManager: Shutting down and abandoning module ArchVisCharacter (134)
[2019.04.05-19.05.24:577][826]LogModuleManager: Shutting down and abandoning module MediaPlayerEditor (132)
[2019.04.05-19.05.24:577][826]LogModuleManager: Shutting down and abandoning module HTML5Networking (131)
[2019.04.05-19.05.24:577][826]LogModuleManager: Shutting down and abandoning module GeometryCacheEd (130)
[2019.04.05-19.05.24:577][826]LogModuleManager: Shutting down and abandoning module GeometryCache (129)
[2019.04.05-19.05.24:577][826]LogModuleManager: Shutting down and abandoning module AlembicLibrary (128)
[2019.04.05-19.05.24:577][826]LogModuleManager: Shutting down and abandoning module AlembicImporter (127)
[2019.04.05-19.05.24:577][826]LogModuleManager: Shutting down and abandoning module SuperSearch (126)
[2019.04.05-19.05.24:577][826]LogModuleManager: Shutting down and abandoning module SuperSearchEditor (125)
[2019.04.05-19.05.24:577][826]LogModuleManager: Shutting down and abandoning module SpeedTreeImporter (124)
[2019.04.05-19.05.24:577][826]LogModuleManager: Shutting down and abandoning module PluginBrowser (123)
[2019.04.05-19.05.24:577][826]LogModuleManager: Shutting down and abandoning module MobileLauncherProfileWizard (122)
[2019.04.05-19.05.24:577][826]LogModuleManager: Shutting down and abandoning module EpicSurvey (121)
[2019.04.05-19.05.24:577][826]LogModuleManager: Shutting down and abandoning module DesktopPlatform (120)
[2019.04.05-19.05.24:577][826]LogModuleManager: Shutting down and abandoning module VisualStudioSourceCodeAccess (119)
[2019.04.05-19.05.24:577][826]LogModuleManager: Shutting down and abandoning module UObjectPlugin (118)
[2019.04.05-19.05.24:577][826]LogModuleManager: Shutting down and abandoning module SubversionSourceControl (117)
[2019.04.05-19.05.24:577][826]LogModuleManager: Shutting down and abandoning module PerforceSourceControl (116)
[2019.04.05-19.05.24:577][826]LogModuleManager: Shutting down and abandoning module SourceControl (115)
[2019.04.05-19.05.24:577][826]LogModuleManager: Shutting down and abandoning module GitSourceControl (114)
[2019.04.05-19.05.24:577][826]LogModuleManager: Shutting down and abandoning module LightPropagationVolumeEditor (113)
[2019.04.05-19.05.24:577][826]LogModuleManager: Shutting down and abandoning module PaperTiledImporter (112)
[2019.04.05-19.05.24:577][826]LogModuleManager: Shutting down and abandoning module PaperSpriteSheetImporter (111)
[2019.04.05-19.05.24:578][826]LogModuleManager: Shutting down and abandoning module MeshPaint (110)
[2019.04.05-19.05.24:578][826]LogModuleManager: Shutting down and abandoning module PixelInspectorModule (109)
[2019.04.05-19.05.24:578][826]LogModuleManager: Shutting down and abandoning module HotReload (108)
[2019.04.05-19.05.24:579][826]LogModuleManager: Shutting down and abandoning module MainFrame (107)
[2019.04.05-19.05.24:579][826]LogModuleManager: Shutting down and abandoning module LevelEditor (106)
[2019.04.05-19.05.24:582][826]LogModuleManager: Shutting down and abandoning module ContentBrowser (105)
[2019.04.05-19.05.24:585][826]LogModuleManager: Shutting down and abandoning module Paper2DEditor (104)
[2019.04.05-19.05.24:585][826]LogModuleManager: Shutting down and abandoning module UdpMessaging (103)
[2019.04.05-19.05.24:685][826]LogModuleManager: Shutting down and abandoning module TcpMessaging (102)
[2019.04.05-19.05.24:786][826]LogModuleManager: Shutting down and abandoning module LightPropagationVolumeRuntime (101)
[2019.04.05-19.05.24:786][826]LogModuleManager: Shutting down and abandoning module Paper2D (100)
[2019.04.05-19.05.24:786][826]LogModuleManager: Shutting down and abandoning module WindowsMoviePlayer (99)
[2019.04.05-19.05.24:786][826]LogModuleManager: Shutting down and abandoning module WmfMedia (98)
[2019.04.05-19.05.24:789][826]LogModuleManager: Shutting down and abandoning module MediaAssets (97)
[2019.04.05-19.05.24:789][826]LogModuleManager: Shutting down and abandoning module GameLiveStreaming (96)
[2019.04.05-19.05.24:789][826]LogModuleManager: Shutting down and abandoning module GameplayTagsEditor (95)
[2019.04.05-19.05.24:789][826]LogModuleManager: Shutting down and abandoning module VREditor (94)
[2019.04.05-19.05.24:789][826]LogModuleManager: Shutting down and abandoning module GameplayTasksEditor (93)
[2019.04.05-19.05.24:789][826]LogModuleManager: Shutting down and abandoning module BehaviorTreeEditor (92)
[2019.04.05-19.05.24:789][826]LogModuleManager: Shutting down and abandoning module FunctionalTesting (91)
[2019.04.05-19.05.24:789][826]LogModuleManager: Shutting down and abandoning module CollisionAnalyzer (90)
[2019.04.05-19.05.24:789][826]LogModuleManager: Shutting down and abandoning module Sequencer (89)
[2019.04.05-19.05.24:789][826]LogModuleManager: Shutting down and abandoning module WorkspaceMenuStructure (88)
[2019.04.05-19.05.24:790][826]LogModuleManager: Shutting down and abandoning module MessageLog (87)
[2019.04.05-19.05.24:790][826]LogModuleManager: Shutting down and abandoning module AssetTools (86)
[2019.04.05-19.05.24:790][826]LogModuleManager: Shutting down and abandoning module UMGEditor (85)
[2019.04.05-19.05.24:790][826]LogModuleManager: Shutting down and abandoning module UMG (84)
[2019.04.05-19.05.24:790][826]LogModuleManager: Shutting down and abandoning module SlateReflector (83)
[2019.04.05-19.05.24:790][826]LogModuleManager: Shutting down and abandoning module Slate (82)
[2019.04.05-19.05.24:790][826]LogModuleManager: Shutting down and abandoning module EditorStyle (81)
[2019.04.05-19.05.24:799][826]LogModuleManager: Shutting down and abandoning module SourceCodeAccess (80)
[2019.04.05-19.05.24:799][826]LogModuleManager: Shutting down and abandoning module HeadMountedDisplay (79)
[2019.04.05-19.05.24:799][826]LogModuleManager: Shutting down and abandoning module XAudio2 (78)
[2019.04.05-19.05.24:799][826]LogModuleManager: Shutting down and abandoning module Networking (76)
[2019.04.05-19.05.24:800][826]LogModuleManager: Shutting down and abandoning module Core (75)
[2019.04.05-19.05.24:800][826]LogModuleManager: Shutting down and abandoning module DirectoryWatcher (74)
[2019.04.05-19.05.24:800][826]LogDirectoryWatcher: A directory notification for '../../../Engine/Content/' was aborted.
[2019.04.05-19.05.24:801][826]LogDirectoryWatcher: A directory notification for '../../../../../../Users/Rohit Panjwani/Documents/Unreal Projects/Chess/Content/' was aborted.
[2019.04.05-19.05.24:802][826]LogDirectoryWatcher: A directory notification for '../../../Engine/Plugins/2D/Paper2D/Content/' was aborted.
[2019.04.05-19.05.24:809][826]LogModuleManager: Shutting down and abandoning module AssetRegistry (73)
[2019.04.05-19.05.25:082][826]LogModuleManager: Shutting down and abandoning module KismetCompiler (72)
[2019.04.05-19.05.25:082][826]LogModuleManager: Shutting down and abandoning module PhysXFormats (71)
[2019.04.05-19.05.25:083][826]LogModuleManager: Shutting down and abandoning module SimplygonSwarm (70)
[2019.04.05-19.05.25:083][826]LogModuleManager: Shutting down and abandoning module SimplygonMeshReduction (69)
[2019.04.05-19.05.25:083][826]LogModuleManager: Shutting down and abandoning module QuadricMeshReduction (68)
[2019.04.05-19.05.25:083][826]LogModuleManager: Shutting down and abandoning module PropertyEditor (67)
[2019.04.05-19.05.25:083][826]LogModuleManager: Shutting down and abandoning module MeshUtilities (66)
[2019.04.05-19.05.25:083][826]LogModuleManager: Shutting down and abandoning module DerivedDataCache (65)
[2019.04.05-19.05.25:170][826]LogDerivedDataCache: Shutdown
[2019.04.05-19.05.25:170][826]LogModuleManager: Shutting down and abandoning module VulkanShaderFormat (64)
[2019.04.05-19.05.25:170][826]LogModuleManager: Shutting down and abandoning module ShaderFormatOpenGL (63)
[2019.04.05-19.05.25:171][826]LogModuleManager: Shutting down and abandoning module ShaderFormatD3D (62)
[2019.04.05-19.05.25:171][826]LogModuleManager: Shutting down and abandoning module MetalShaderFormat (61)
[2019.04.05-19.05.25:171][826]LogModuleManager: Shutting down and abandoning module TextureFormatUncompressed (60)
[2019.04.05-19.05.25:171][826]LogModuleManager: Shutting down and abandoning module TextureFormatPVR (59)
[2019.04.05-19.05.25:171][826]LogModuleManager: Shutting down and abandoning module TextureFormatDXT (58)
[2019.04.05-19.05.25:171][826]LogModuleManager: Shutting down and abandoning module TextureFormatIntelISPCTexComp (57)
[2019.04.05-19.05.25:171][826]LogModuleManager: Shutting down and abandoning module ImageWrapper (56)
[2019.04.05-19.05.25:171][826]LogModuleManager: Shutting down and abandoning module TextureFormatASTC (55)
[2019.04.05-19.05.25:171][826]LogModuleManager: Shutting down and abandoning module TextureFormatAndroid (54)
[2019.04.05-19.05.25:171][826]LogModuleManager: Shutting down and abandoning module AudioFormatOpus (53)
[2019.04.05-19.05.25:171][826]LogModuleManager: Shutting down and abandoning module AudioFormatOgg (52)
[2019.04.05-19.05.25:172][826]LogModuleManager: Shutting down and abandoning module AudioFormatADPCM (51)
[2019.04.05-19.05.25:172][826]LogModuleManager: Shutting down and abandoning module LinuxTargetPlatform (50)
[2019.04.05-19.05.25:172][826]LogModuleManager: Shutting down and abandoning module LinuxServerTargetPlatform (49)
[2019.04.05-19.05.25:172][826]LogModuleManager: Shutting down and abandoning module LinuxNoEditorTargetPlatform (48)
[2019.04.05-19.05.25:172][826]LogModuleManager: Shutting down and abandoning module LinuxClientTargetPlatform (47)
[2019.04.05-19.05.25:172][826]LogModuleManager: Shutting down and abandoning module TVOSTargetPlatform (46)
[2019.04.05-19.05.25:172][826]LogModuleManager: Shutting down and abandoning module Messaging (45)
[2019.04.05-19.05.25:172][826]LogModuleManager: Shutting down and abandoning module IOSTargetPlatform (44)
[2019.04.05-19.05.25:172][826]LogModuleManager: Shutting down and abandoning module HTML5TargetPlatform (43)
[2019.04.05-19.05.25:172][826]LogModuleManager: Shutting down and abandoning module Android_PVRTCTargetPlatform (42)
[2019.04.05-19.05.25:172][826]LogModuleManager: Shutting down and abandoning module Android_MultiTargetPlatform (41)
[2019.04.05-19.05.25:172][826]LogModuleManager: Shutting down and abandoning module Android_ETC2TargetPlatform (40)
[2019.04.05-19.05.25:172][826]LogModuleManager: Shutting down and abandoning module Android_ETC1TargetPlatform (39)
[2019.04.05-19.05.25:172][826]LogModuleManager: Shutting down and abandoning module Android_DXTTargetPlatform (38)
[2019.04.05-19.05.25:172][826]LogModuleManager: Shutting down and abandoning module Android_ATCTargetPlatform (37)
[2019.04.05-19.05.25:172][826]LogModuleManager: Shutting down and abandoning module Android_ASTCTargetPlatform (36)
[2019.04.05-19.05.25:172][826]LogModuleManager: Shutting down and abandoning module AndroidTargetPlatform (35)
[2019.04.05-19.05.25:172][826]LogModuleManager: Shutting down and abandoning module WindowsTargetPlatform (34)
[2019.04.05-19.05.25:172][826]LogModuleManager: Shutting down and abandoning module WindowsServerTargetPlatform (33)
[2019.04.05-19.05.25:172][826]LogModuleManager: Shutting down and abandoning module WindowsNoEditorTargetPlatform (32)
[2019.04.05-19.05.25:172][826]LogModuleManager: Shutting down and abandoning module WindowsClientTargetPlatform (31)
[2019.04.05-19.05.25:172][826]LogModuleManager: Shutting down and abandoning module MacTargetPlatform (30)
[2019.04.05-19.05.25:172][826]LogModuleManager: Shutting down and abandoning module MacServerTargetPlatform (29)
[2019.04.05-19.05.25:172][826]LogModuleManager: Shutting down and abandoning module MacNoEditorTargetPlatform (28)
[2019.04.05-19.05.25:172][826]LogModuleManager: Shutting down and abandoning module MacClientTargetPlatform (27)
[2019.04.05-19.05.25:172][826]LogModuleManager: Shutting down and abandoning module AllDesktopTargetPlatform (26)
[2019.04.05-19.05.25:172][826]LogModuleManager: Shutting down and abandoning module TargetPlatform (25)
[2019.04.05-19.05.25:172][826]LogModuleManager: Shutting down and abandoning module InputCore (24)
[2019.04.05-19.05.25:172][826]LogModuleManager: Shutting down and abandoning module Settings (23)
[2019.04.05-19.05.25:172][826]LogModuleManager: Shutting down and abandoning module OculusRift (22)
[2019.04.05-19.05.25:172][826]LogModuleManager: Shutting down and abandoning module ExampleDeviceProfileSelector (21)
[2019.04.05-19.05.25:173][826]LogModuleManager: Shutting down and abandoning module OnlineBlueprintSupport (20)
[2019.04.05-19.05.25:173][826]LogModuleManager: Shutting down and abandoning module OnlineSubsystem (18)
[2019.04.05-19.05.25:173][826]LogOnline:Display: Unloading online subsystem: NULL
[2019.04.05-19.05.25:173][826]LogModuleManager: Shutting down and abandoning module SSL (17)
[2019.04.05-19.05.25:177][826]LogModuleManager: Shutting down and abandoning module HTTP (16)
[2019.04.05-19.05.25:177][826]LogModuleManager: Shutting down and abandoning module XMPP (15)
[2019.04.05-19.05.25:177][826]LogModuleManager: Shutting down and abandoning module TextureCompressor (14)
[2019.04.05-19.05.25:177][826]LogModuleManager: Shutting down and abandoning module ShaderCore (13)
[2019.04.05-19.05.25:177][826]LogModuleManager: Shutting down and abandoning module Landscape (12)
[2019.04.05-19.05.25:177][826]LogModuleManager: Shutting down and abandoning module SlateRHIRenderer (11)
[2019.04.05-19.05.25:195][826]LogModuleManager: Shutting down and abandoning module OpenGLDrv (10)
[2019.04.05-19.05.25:195][826]LogModuleManager: Shutting down and abandoning module D3D11RHI (9)
[2019.04.05-19.05.25:195][826]LogModuleManager: Shutting down and abandoning module AnimGraphRuntime (8)
[2019.04.05-19.05.25:195][826]LogModuleManager: Shutting down and abandoning module Renderer (7)
[2019.04.05-19.05.25:195][826]LogModuleManager: Shutting down and abandoning module Engine (6)
[2019.04.05-19.05.25:195][826]LogModuleManager: Shutting down and abandoning module CoreUObject (5)
[2019.04.05-19.05.25:195][826]LogModuleManager: Shutting down and abandoning module NetworkFile (4)
[2019.04.05-19.05.25:195][826]LogModuleManager: Shutting down and abandoning module StreamingFile (3)
[2019.04.05-19.05.25:195][826]LogModuleManager: Shutting down and abandoning module SandboxFile (2)
[2019.04.05-19.05.25:195][826]LogModuleManager: Shutting down and abandoning module PakFile (1)
[2019.04.05-19.05.25:198][826]LogExit: Exiting.
[2019.04.05-19.05.25:209][826]Log file closed, 04/06/19 00:35:25
