Log file open, 03/17/19 13:05:47
LogInit:Display: Running engine for game: Chess
LogPlatformFile: Not using cached read wrapper
LogInit:Display: RandInit(-1681787200) SRandInit(-1681787200).
LogTaskGraph: Started task graph with 5 named threads and 8 total threads with 1 sets of task threads.
LogStats: Stats thread started at 0.110666
LogPluginManager: Loaded Plugin Paper2D, From C:/Program Files/Epic Games/UE_4.14/Engine/Plugins/2D/Paper2D/Paper2D.uplugin
LogPluginManager: Loaded Plugin LightPropagationVolume, From C:/Program Files/Epic Games/UE_4.14/Engine/Plugins/Blendables/LightPropagationVolume/LightPropagationVolume.uplugin
LogPluginManager: Loaded Plugin BlankPlugin, From C:/Program Files/Epic Games/UE_4.14/Engine/Plugins/Developer/BlankPlugin/BlankPlugin.uplugin
LogPluginManager: Loaded Plugin CodeLiteSourceCodeAccess, From C:/Program Files/Epic Games/UE_4.14/Engine/Plugins/Developer/CodeLiteSourceCodeAccess/CodeLiteSourceCodeAccess.uplugin
LogPluginManager: Loaded Plugin GitSourceControl, From C:/Program Files/Epic Games/UE_4.14/Engine/Plugins/Developer/GitSourceControl/GitSourceControl.uplugin
LogPluginManager: Loaded Plugin KDevelopSourceCodeAccess, From C:/Program Files/Epic Games/UE_4.14/Engine/Plugins/Developer/KDevelopSourceCodeAccess/KDevelopSourceCodeAccess.uplugin
LogPluginManager: Loaded Plugin NullSourceCodeAccess, From C:/Program Files/Epic Games/UE_4.14/Engine/Plugins/Developer/NullSourceCodeAccess/NullSourceCodeAccess.uplugin
LogPluginManager: Loaded Plugin OneSkyLocalizationService, From C:/Program Files/Epic Games/UE_4.14/Engine/Plugins/Developer/OneSkyLocalizationService/OneSkyLocalizationService.uplugin
LogPluginManager: Loaded Plugin PerforceSourceControl, From C:/Program Files/Epic Games/UE_4.14/Engine/Plugins/Developer/PerforceSourceControl/PerforceSourceControl.uplugin
LogPluginManager: Loaded Plugin SubversionSourceControl, From C:/Program Files/Epic Games/UE_4.14/Engine/Plugins/Developer/SubversionSourceControl/SubversionSourceControl.uplugin
LogPluginManager: Loaded Plugin UObjectPlugin, From C:/Program Files/Epic Games/UE_4.14/Engine/Plugins/Developer/UObjectPlugin/UObjectPlugin.uplugin
LogPluginManager: Loaded Plugin VisualStudioSourceCodeAccess, From C:/Program Files/Epic Games/UE_4.14/Engine/Plugins/Developer/VisualStudioSourceCodeAccess/VisualStudioSourceCodeAccess.uplugin
LogPluginManager: Loaded Plugin XCodeSourceCodeAccess, From C:/Program Files/Epic Games/UE_4.14/Engine/Plugins/Developer/XCodeSourceCodeAccess/XCodeSourceCodeAccess.uplugin
LogPluginManager: Loaded Plugin AudioCapture, From C:/Program Files/Epic Games/UE_4.14/Engine/Plugins/Editor/AudioCapture/AudioCapture.uplugin
LogPluginManager: Loaded Plugin EpicSurvey, From C:/Program Files/Epic Games/UE_4.14/Engine/Plugins/Editor/EpicSurvey/EpicSurvey.uplugin
LogPluginManager: Loaded Plugin MacGraphicsSwitching, From C:/Program Files/Epic Games/UE_4.14/Engine/Plugins/Editor/MacGraphicsSwitching/MacGraphicsSwitching.uplugin
LogPluginManager: Loaded Plugin MobileLauncherProfileWizard, From C:/Program Files/Epic Games/UE_4.14/Engine/Plugins/Editor/MobileLauncherProfileWizard/MobileLauncherProfileWizard.uplugin
LogPluginManager: Loaded Plugin PluginBrowser, From C:/Program Files/Epic Games/UE_4.14/Engine/Plugins/Editor/PluginBrowser/PluginBrowser.uplugin
LogPluginManager: Loaded Plugin SpeedTreeImporter, From C:/Program Files/Epic Games/UE_4.14/Engine/Plugins/Editor/SpeedTreeImporter/SpeedTreeImporter.uplugin
LogPluginManager: Loaded Plugin SuperSearchEditor, From C:/Program Files/Epic Games/UE_4.14/Engine/Plugins/Editor/SuperSearchEditor/SuperSearchEditor.uplugin
LogPluginManager: Loaded Plugin AlembicImporter, From C:/Program Files/Epic Games/UE_4.14/Engine/Plugins/Experimental/AlembicImporter/AlembicImporter.uplugin
LogPluginManager: Loaded Plugin BlueprintStats, From C:/Program Files/Epic Games/UE_4.14/Engine/Plugins/Experimental/BlueprintStats/BlueprintStats.uplugin
LogPluginManager: Loaded Plugin CharacterAI, From C:/Program Files/Epic Games/UE_4.14/Engine/Plugins/Experimental/CharacterAI/CharacterAI.uplugin
LogPluginManager: Loaded Plugin CodeEditor, From C:/Program Files/Epic Games/UE_4.14/Engine/Plugins/Experimental/CodeEditor/CodeEditor.uplugin
LogPluginManager: Loaded Plugin CodeView, From C:/Program Files/Epic Games/UE_4.14/Engine/Plugins/Experimental/CodeView/CodeView.uplugin
LogPluginManager: Loaded Plugin HTML5Networking, From C:/Program Files/Epic Games/UE_4.14/Engine/Plugins/Experimental/HTML5Networking/HTML5Networking.uplugin
LogPluginManager: Loaded Plugin OSVR, From C:/Program Files/Epic Games/UE_4.14/Engine/Plugins/Experimental/OSVR/OSVR.uplugin
LogPluginManager: Loaded Plugin Phya, From C:/Program Files/Epic Games/UE_4.14/Engine/Plugins/Experimental/Phya/Phya.uplugin
LogPluginManager: Loaded Plugin SignificanceManager, From C:/Program Files/Epic Games/UE_4.14/Engine/Plugins/Experimental/SignificanceManager/SignificanceManager.uplugin
LogPluginManager: Loaded Plugin SimpleHMD, From C:/Program Files/Epic Games/UE_4.14/Engine/Plugins/Experimental/SimpleHMD/SimpleHMD.uplugin
LogPluginManager: Loaded Plugin StereoPanorama, From C:/Program Files/Epic Games/UE_4.14/Engine/Plugins/Experimental/StereoPanorama/StereoPanorama.uplugin
LogPluginManager: Loaded Plugin StructBox, From C:/Program Files/Epic Games/UE_4.14/Engine/Plugins/Experimental/StructBox/StructBox.uplugin
LogPluginManager: Loaded Plugin AndroidMedia, From C:/Program Files/Epic Games/UE_4.14/Engine/Plugins/Media/AndroidMedia/AndroidMedia.uplugin
LogPluginManager: Loaded Plugin AvfMedia, From C:/Program Files/Epic Games/UE_4.14/Engine/Plugins/Media/AvfMedia/AvfMedia.uplugin
LogPluginManager: Loaded Plugin MediaPlayerEditor, From C:/Program Files/Epic Games/UE_4.14/Engine/Plugins/Media/MediaPlayerEditor/MediaPlayerEditor.uplugin
LogPluginManager: Loaded Plugin WmfMedia, From C:/Program Files/Epic Games/UE_4.14/Engine/Plugins/Media/WmfMedia/WmfMedia.uplugin
LogPluginManager: Loaded Plugin MessagingDebugger, From C:/Program Files/Epic Games/UE_4.14/Engine/Plugins/Messaging/MessagingDebugger/MessagingDebugger.uplugin
LogPluginManager: Loaded Plugin TcpMessaging, From C:/Program Files/Epic Games/UE_4.14/Engine/Plugins/Messaging/TcpMessaging/TcpMessaging.uplugin
LogPluginManager: Loaded Plugin UdpMessaging, From C:/Program Files/Epic Games/UE_4.14/Engine/Plugins/Messaging/UdpMessaging/UdpMessaging.uplugin
LogPluginManager: Loaded Plugin LevelSequenceEditor, From C:/Program Files/Epic Games/UE_4.14/Engine/Plugins/MovieScene/LevelSequenceEditor/LevelSequenceEditor.uplugin
LogPluginManager: Loaded Plugin MatineeToLevelSequence, From C:/Program Files/Epic Games/UE_4.14/Engine/Plugins/MovieScene/MatineeToLevelSequence/MatineeToLevelSequence.uplugin
LogPluginManager: Loaded Plugin NetcodeUnitTest, From C:/Program Files/Epic Games/UE_4.14/Engine/Plugins/NetcodeUnitTest/NetcodeUnitTest/NetcodeUnitTest.uplugin
LogPluginManager: Loaded Plugin NUTUnrealEngine4, From C:/Program Files/Epic Games/UE_4.14/Engine/Plugins/NetcodeUnitTest/NUTUnrealEngine4/NUTUnrealEngine4.uplugin
LogPluginManager: Loaded Plugin OnlineSubsystemGameCircle, From C:/Program Files/Epic Games/UE_4.14/Engine/Plugins/Online/Android/OnlineSubsystemGameCircle/OnlineSubsystemGameCircle.uplugin
LogPluginManager: Loaded Plugin OnlineSubsystemGooglePlay, From C:/Program Files/Epic Games/UE_4.14/Engine/Plugins/Online/Android/OnlineSubsystemGooglePlay/OnlineSubsystemGooglePlay.uplugin
LogPluginManager: Loaded Plugin OnlineSubsystemIOS, From C:/Program Files/Epic Games/UE_4.14/Engine/Plugins/Online/IOS/OnlineSubsystemIOS/OnlineSubsystemIOS.uplugin
LogPluginManager: Loaded Plugin OnlineFramework, From C:/Program Files/Epic Games/UE_4.14/Engine/Plugins/Online/OnlineFramework/OnlineFramework.uplugin
LogPluginManager: Loaded Plugin OnlineSubsystem, From C:/Program Files/Epic Games/UE_4.14/Engine/Plugins/Online/OnlineSubsystem/OnlineSubsystem.uplugin
LogPluginManager: Loaded Plugin OnlineSubsystemAmazon, From C:/Program Files/Epic Games/UE_4.14/Engine/Plugins/Online/OnlineSubsystemAmazon/OnlineSubsystemAmazon.uplugin
LogPluginManager: Loaded Plugin OnlineSubsystemFacebook, From C:/Program Files/Epic Games/UE_4.14/Engine/Plugins/Online/OnlineSubsystemFacebook/OnlineSubsystemFacebook.uplugin
LogPluginManager: Loaded Plugin OnlineSubsystemNull, From C:/Program Files/Epic Games/UE_4.14/Engine/Plugins/Online/OnlineSubsystemNull/OnlineSubsystemNull.uplugin
LogPluginManager: Loaded Plugin OnlineSubsystemOculus, From C:/Program Files/Epic Games/UE_4.14/Engine/Plugins/Online/OnlineSubsystemOculus/OnlineSubsystemOculus.uplugin
LogPluginManager: Loaded Plugin OnlineSubsystemSteam, From C:/Program Files/Epic Games/UE_4.14/Engine/Plugins/Online/OnlineSubsystemSteam/OnlineSubsystemSteam.uplugin
LogPluginManager: Loaded Plugin OnlineSubsystemUtils, From C:/Program Files/Epic Games/UE_4.14/Engine/Plugins/Online/OnlineSubsystemUtils/OnlineSubsystemUtils.uplugin
LogPluginManager: Loaded Plugin IOSTapJoy, From C:/Program Files/Epic Games/UE_4.14/Engine/Plugins/Runtime/Advertising/IOSTapJoy/IOSTapJoy.uplugin
LogPluginManager: Loaded Plugin AnalyticsBlueprintLibrary, From C:/Program Files/Epic Games/UE_4.14/Engine/Plugins/Runtime/Analytics/AnalyticsBlueprintLibrary/AnalyticsBlueprintLibrary.uplugin
LogPluginManager: Loaded Plugin AnalyticsMulticast, From C:/Program Files/Epic Games/UE_4.14/Engine/Plugins/Runtime/Analytics/AnalyticsMulticast/AnalyticsMulticast.uplugin
LogPluginManager: Loaded Plugin Apsalar, From C:/Program Files/Epic Games/UE_4.14/Engine/Plugins/Runtime/Analytics/Apsalar/Apsalar.uplugin
LogPluginManager: Loaded Plugin FileLogging, From C:/Program Files/Epic Games/UE_4.14/Engine/Plugins/Runtime/Analytics/FileLogging/FileLogging.uplugin
LogPluginManager: Loaded Plugin Flurry, From C:/Program Files/Epic Games/UE_4.14/Engine/Plugins/Runtime/Analytics/Flurry/Flurry.uplugin
LogPluginManager: Loaded Plugin AndroidDeviceProfileSelector, From C:/Program Files/Epic Games/UE_4.14/Engine/Plugins/Runtime/AndroidDeviceProfileSelector/AndroidDeviceProfileSelector.uplugin
LogPluginManager: Loaded Plugin AndroidMoviePlayer, From C:/Program Files/Epic Games/UE_4.14/Engine/Plugins/Runtime/AndroidMoviePlayer/AndroidMoviePlayer.uplugin
LogPluginManager: Loaded Plugin AppleMoviePlayer, From C:/Program Files/Epic Games/UE_4.14/Engine/Plugins/Runtime/AppleMoviePlayer/AppleMoviePlayer.uplugin
LogPluginManager: Loaded Plugin ArchVisCharacter, From C:/Program Files/Epic Games/UE_4.14/Engine/Plugins/Runtime/ArchVisCharacter/ArchVisCharacter.uplugin
LogPluginManager: Loaded Plugin CableComponent, From C:/Program Files/Epic Games/UE_4.14/Engine/Plugins/Runtime/CableComponent/CableComponent.uplugin
LogPluginManager: Loaded Plugin CustomMeshComponent, From C:/Program Files/Epic Games/UE_4.14/Engine/Plugins/Runtime/CustomMeshComponent/CustomMeshComponent.uplugin
LogPluginManager: Loaded Plugin ExampleDeviceProfileSelector, From C:/Program Files/Epic Games/UE_4.14/Engine/Plugins/Runtime/ExampleDeviceProfileSelector/ExampleDeviceProfileSelector.uplugin
LogPluginManager: Loaded Plugin GearVR, From C:/Program Files/Epic Games/UE_4.14/Engine/Plugins/Runtime/GearVR/GearVR.uplugin
LogPluginManager: Loaded Plugin GoogleVRController, From C:/Program Files/Epic Games/UE_4.14/Engine/Plugins/Runtime/GoogleVR/GoogleVRController/GoogleVRController.uplugin
LogPluginManager: Loaded Plugin GoogleVRHMD, From C:/Program Files/Epic Games/UE_4.14/Engine/Plugins/Runtime/GoogleVR/GoogleVRHMD/GoogleVRHMD.uplugin
LogPluginManager: Loaded Plugin IOSDeviceProfileSelector, From C:/Program Files/Epic Games/UE_4.14/Engine/Plugins/Runtime/IOSDeviceProfileSelector/IOSDeviceProfileSelector.uplugin
LogPluginManager: Loaded Plugin LeapMotion, From C:/Program Files/Epic Games/UE_4.14/Engine/Plugins/Runtime/LeapMotion/LeapMotion.uplugin
LogPluginManager: Loaded Plugin LinuxDeviceProfileSelector, From C:/Program Files/Epic Games/UE_4.14/Engine/Plugins/Runtime/LinuxDeviceProfileSelector/LinuxDeviceProfileSelector.uplugin
LogPluginManager: Loaded Plugin MIDIDevice, From C:/Program Files/Epic Games/UE_4.14/Engine/Plugins/Runtime/MIDIDevice/MIDIDevice.uplugin
LogPluginManager: Loaded Plugin MobilePatchingUtils, From C:/Program Files/Epic Games/UE_4.14/Engine/Plugins/Runtime/MobilePatchingUtils/MobilePatchingUtils.uplugin
LogPluginManager: Loaded Plugin Ansel, From C:/Program Files/Epic Games/UE_4.14/Engine/Plugins/Runtime/Nvidia/Ansel/Ansel.uplugin
LogPluginManager: Loaded Plugin OculusAudio, From C:/Program Files/Epic Games/UE_4.14/Engine/Plugins/Runtime/OculusAudio/OculusAudio.uplugin
LogPluginManager: Loaded Plugin OculusInput, From C:/Program Files/Epic Games/UE_4.14/Engine/Plugins/Runtime/OculusInput/OculusInput.uplugin
LogPluginManager: Loaded Plugin OculusLibrary, From C:/Program Files/Epic Games/UE_4.14/Engine/Plugins/Runtime/OculusLibrary/OculusLibrary.uplugin
LogPluginManager: Loaded Plugin OculusRift, From C:/Program Files/Epic Games/UE_4.14/Engine/Plugins/Runtime/OculusRift/OculusRift.uplugin
LogPluginManager: Loaded Plugin Oodle, From C:/Program Files/Epic Games/UE_4.14/Engine/Plugins/Runtime/PacketHandlers/CompressionComponents/Oodle/Oodle.uplugin
LogPluginManager: Loaded Plugin ProceduralMeshComponent, From C:/Program Files/Epic Games/UE_4.14/Engine/Plugins/Runtime/ProceduralMeshComponent/ProceduralMeshComponent.uplugin
LogPluginManager: Loaded Plugin SoundMod, From C:/Program Files/Epic Games/UE_4.14/Engine/Plugins/Runtime/SoundMod/SoundMod.uplugin
LogPluginManager: Loaded Plugin SoundVisualizations, From C:/Program Files/Epic Games/UE_4.14/Engine/Plugins/Runtime/SoundVisualizations/SoundVisualizations.uplugin
LogPluginManager: Loaded Plugin SteamController, From C:/Program Files/Epic Games/UE_4.14/Engine/Plugins/Runtime/Steam/SteamController/SteamController.uplugin
LogPluginManager: Loaded Plugin SteamVR, From C:/Program Files/Epic Games/UE_4.14/Engine/Plugins/Runtime/Steam/SteamVR/SteamVR.uplugin
LogPluginManager: Loaded Plugin WebBrowserWidget, From C:/Program Files/Epic Games/UE_4.14/Engine/Plugins/Runtime/WebBrowserWidget/WebBrowserWidget.uplugin
LogPluginManager: Loaded Plugin WindowsDeviceProfileSelector, From C:/Program Files/Epic Games/UE_4.14/Engine/Plugins/Runtime/WindowsDeviceProfileSelector/WindowsDeviceProfileSelector.uplugin
LogPluginManager: Loaded Plugin WindowsMoviePlayer, From C:/Program Files/Epic Games/UE_4.14/Engine/Plugins/Runtime/WindowsMoviePlayer/WindowsMoviePlayer.uplugin
LogPluginManager: Loaded Plugin ScriptPlugin, From C:/Program Files/Epic Games/UE_4.14/Engine/Plugins/ScriptPlugin/ScriptPlugin.uplugin
LogPluginManager: Loaded Plugin SlateRemote, From C:/Program Files/Epic Games/UE_4.14/Engine/Plugins/Slate/SlateRemote/SlateRemote.uplugin
LogPluginManager: Loaded Plugin EditorTests, From C:/Program Files/Epic Games/UE_4.14/Engine/Plugins/Tests/EditorTests/EditorTests.uplugin
LogPluginManager: Loaded Plugin FbxAutomationTestBuilder, From C:/Program Files/Epic Games/UE_4.14/Engine/Plugins/Tests/FbxAutomationTestBuilder/FbxAutomationTestBuilder.uplugin
LogPluginManager: Loaded Plugin FunctionalTestingEditor, From C:/Program Files/Epic Games/UE_4.14/Engine/Plugins/Tests/FunctionalTestingEditor/FunctionalTestingEditor.uplugin
LogPluginManager: Loaded Plugin RuntimeTests, From C:/Program Files/Epic Games/UE_4.14/Engine/Plugins/Tests/RuntimeTests/RuntimeTests.uplugin
LogPluginManager: Loaded Plugin ScreenshotTools, From C:/Program Files/Epic Games/UE_4.14/Engine/Plugins/Tests/ScreenshotTools/ScreenshotTools.uplugin
LogInit: Using libcurl 7.47.1
LogInit:  - built for x86_64-pc-win32
LogInit:  - supports SSL with OpenSSL/1.0.2g
LogInit:  - supports HTTP deflate (compression) using libz 1.2.8
LogInit:  - other features:
LogInit:      CURL_VERSION_SSL
LogInit:      CURL_VERSION_LIBZ
LogInit:      CURL_VERSION_IPV6
LogInit:      CURL_VERSION_ASYNCHDNS
LogInit:      CURL_VERSION_LARGEFILE
LogInit:      CURL_VERSION_IDN
LogInit:  CurlRequestOptions (configurable via config and command line):
LogInit:  - bVerifyPeer = false  - Libcurl will NOT verify peer certificate
LogInit:  - bUseHttpProxy = false  - Libcurl will NOT use HTTP proxy
LogInit:  - bDontReuseConnections = false  - Libcurl will reuse connections
LogInit:  - CertBundlePath = nullptr  - Libcurl will use whatever was configured at build time.
LogInit: Build: ++UE4+Release-4.14-CL-3249277
LogInit: Engine Version: 4.14.3-3249277+++UE4+Release-4.14
LogInit: Compatible Engine Version: 4.14.0-3195953+++UE4+Release-4.14
LogInit: Net CL: 3195953
LogDevObjectVersion: Number of dev versions registered: 13
LogDevObjectVersion:   Dev-Blueprints (B0D832E4-1F89-4F0D-ACCF-7EB736FD4AA2): 7
LogDevObjectVersion:   Dev-Build (E1C64328-A22C-4D53-A36C-8E866417BD8C): 0
LogDevObjectVersion:   Dev-Core (375EC13C-06E4-48FB-B500-84F0262A717E): 1
LogDevObjectVersion:   Dev-Editor (E4B068ED-F494-42E9-A231-DA0B2E46BB41): 8
LogDevObjectVersion:   Dev-Framework (CFFC743F-43B0-4480-9391-14DF171D2073): 17
LogDevObjectVersion:   Dev-Mobile (B02B49B5-BB20-44E9-A304-32B752E40360): 0
LogDevObjectVersion:   Dev-Networking (A4E4105C-59A1-49B5-A7C5-40C4547EDFEE): 0
LogDevObjectVersion:   Dev-Online (39C831C9-5AE6-47DC-9A44-9C173E1C8E7C): 0
LogDevObjectVersion:   Dev-Physics (78F01B33-EBEA-4F98-B9B4-84EACCB95AA2): 0
LogDevObjectVersion:   Dev-Platform (6631380F-2D4D-43E0-8009-CF276956A95A): 0
LogDevObjectVersion:   Dev-Rendering (12F88B9F-8875-4AFC-A67C-D90C383ABD29): 12
LogDevObjectVersion:   Dev-Sequencer (7B5AE74C-D270-4C10-A958-57980B212A5A): 1
LogDevObjectVersion:   Dev-VR (D7296918-1DD6-4BDD-9DE2-64A83CC13884): 0
LogInit: Compiled (64-bit): Jan  6 2017 10:49:43
LogInit: Compiled with Visual C++: 19.00.23026.00
LogInit: Build Configuration: Development
LogInit: Branch Name: ++UE4+Release-4.14
LogInit: Command line: 
LogInit: Base directory: C:/Program Files/Epic Games/UE_4.14/Engine/Binaries/Win64/
LogInit: Installed Engine Build: 1
LogInit: Presizing for max 8388607 objects, including 0 objects not considered by GC, pre-allocating 0 bytes for permanent pool.
LogInit: Object subsystem initialized
[2019.03.17-07.35.47:773][  0]LogInit: Selected Device Profile: [Windows]
[2019.03.17-07.35.47:773][  0]LogInit: Applying CVar settings loaded from the selected device profile: [Windows]
[2019.03.17-07.35.47:785][  0]LogInit: Computer: ROHIT-PANJWANI
[2019.03.17-07.35.47:785][  0]LogInit: User: RohitPanjwani
[2019.03.17-07.35.47:785][  0]LogInit: CPU Page size=65536, Cores=4
[2019.03.17-07.35.47:785][  0]LogInit: High frequency timer resolution =2.531247 MHz
[2019.03.17-07.35.47:785][  0]LogMemory: Memory total: Physical=15.9GB (16GB approx)
[2019.03.17-07.35.47:785][  0]LogMemory: Platform Memory Stats for Windows
[2019.03.17-07.35.47:785][  0]LogMemory: Process Physical Memory: 265.10 MB used, 265.10 MB peak
[2019.03.17-07.35.47:785][  0]LogMemory: Process Virtual Memory: 262.74 MB used, 262.74 MB peak
[2019.03.17-07.35.47:785][  0]LogMemory: Physical Memory: 5442.02 MB used,  10840.50 MB free, 16282.52 MB total
[2019.03.17-07.35.47:785][  0]LogMemory: Virtual Memory: 4812.63 MB used,  10840.50 MB free, 134217728.00 MB total
[2019.03.17-07.35.48:702][  0]LogTextLocalizationManager: No specific translations for ('en-IN') exist, so ('en') translations will be used.
[2019.03.17-07.35.49:776][  0]LogD3D11RHI: D3D11 adapters:
[2019.03.17-07.35.49:832][  0]LogD3D11RHI:    0. 'NVIDIA GeForce GTX 960M' (Feature Level 11_0)
[2019.03.17-07.35.49:832][  0]LogD3D11RHI:       4055/0/8141 MB DedicatedVideo/DedicatedSystem/SharedSystem, Outputs:1, VendorId:0x10de
[2019.03.17-07.35.49:844][  0]LogD3D11RHI:    1. 'Intel(R) HD Graphics 530' (Feature Level 11_0)
[2019.03.17-07.35.49:844][  0]LogD3D11RHI:       128/0/8141 MB DedicatedVideo/DedicatedSystem/SharedSystem, Outputs:0, VendorId:0x8086
[2019.03.17-07.35.49:848][  0]LogD3D11RHI:    2. 'Microsoft Basic Render Driver' (Feature Level 11_0)
[2019.03.17-07.35.49:848][  0]LogD3D11RHI:       0/0/8141 MB DedicatedVideo/DedicatedSystem/SharedSystem, Outputs:0, VendorId:0x1414
[2019.03.17-07.35.49:848][  0]LogD3D11RHI: Chosen D3D11 Adapter: 0
[2019.03.17-07.35.49:889][  0]LogD3D11RHI: Creating new Direct3DDevice
[2019.03.17-07.35.49:889][  0]LogD3D11RHI:     GPU DeviceId: 0x139b (for the marketing name, search the web for "GPU Device Id")
[2019.03.17-07.35.49:889][  0]LogWindows: EnumDisplayDevices:
[2019.03.17-07.35.49:889][  0]LogWindows:    0. 'Intel(R) HD Graphics 530' (P:1 D:1)
[2019.03.17-07.35.49:889][  0]LogWindows:    1. 'Intel(R) HD Graphics 530' (P:0 D:0)
[2019.03.17-07.35.49:890][  0]LogWindows:    2. 'Intel(R) HD Graphics 530' (P:0 D:0)
[2019.03.17-07.35.49:890][  0]LogWindows: DebugString: GetVideoDriverDetailsInvalid PrimaryIsNotTheChoosenAdapter GetVideoDriverDetailsInvalid PrimaryIsNotTheChoosenAdapter GetVideoDriverDetailsInvalid PrimaryIsNotTheChoosenAdapter FoundDriverCount:0 
[2019.03.17-07.35.49:890][  0]LogD3D11RHI:     Adapter Name: NVIDIA GeForce GTX 960M
[2019.03.17-07.35.49:890][  0]LogD3D11RHI:   Driver Version: Unknown (internal:Unknown, unified:Unknown)
[2019.03.17-07.35.49:890][  0]LogD3D11RHI:      Driver Date: Unknown
[2019.03.17-07.35.49:890][  0]LogRHI: Texture pool is 1361 MB (70% of 1945 MB)
[2019.03.17-07.35.49:947][  0]LogD3D11RHI: Async texture creation enabled
[2019.03.17-07.35.49:967][  0]LogD3D11RHI: GPU Timing Frequency: 1000.000000 (Debug: 2 1)
[2019.03.17-07.35.49:968][  0]LogShaderCompilers: Guid format shader working directory is -16 characters bigger than the processId version (../../../../../../Users/Rohit Panjwani/Documents/Unreal Projects/Chess/Intermediate/Shaders/WorkingDirectory/13352/).
[2019.03.17-07.35.49:968][  0]LogShaderCompilers: Cleaned the shader compiler working directory 'C:/Users/Rohit Panjwani/AppData/Local/Temp/UnrealShaderWorkingDir/B7A2271944BB3261D96B9B86BE5A652E/'.
[2019.03.17-07.35.49:968][  0]LogShaderCompilers:Display: Using Local Shader Compiler.
[2019.03.17-07.35.51:691][  0]LogTemp:Display: Loaded TP AllDesktopTargetPlatform
[2019.03.17-07.35.51:843][  0]LogTemp:Display: Loaded TP MacClientTargetPlatform
[2019.03.17-07.35.51:983][  0]LogTemp:Display: Loaded TP MacNoEditorTargetPlatform
[2019.03.17-07.35.52:109][  0]LogTemp:Display: Loaded TP MacServerTargetPlatform
[2019.03.17-07.35.52:232][  0]LogTemp:Display: Loaded TP MacTargetPlatform
[2019.03.17-07.35.52:373][  0]LogTemp:Display: Loaded TP WindowsClientTargetPlatform
[2019.03.17-07.35.52:510][  0]LogTemp:Display: Loaded TP WindowsNoEditorTargetPlatform
[2019.03.17-07.35.52:645][  0]LogTemp:Display: Loaded TP WindowsServerTargetPlatform
[2019.03.17-07.35.52:763][  0]LogTemp:Display: Loaded TP WindowsTargetPlatform
[2019.03.17-07.35.52:887][  0]LogTemp:Display: Loaded TP AndroidTargetPlatform
[2019.03.17-07.35.53:015][  0]LogTemp:Display: Loaded TP Android_ASTCTargetPlatform
[2019.03.17-07.35.53:154][  0]LogTemp:Display: Loaded TP Android_ATCTargetPlatform
[2019.03.17-07.35.53:338][  0]LogTemp:Display: Loaded TP Android_DXTTargetPlatform
[2019.03.17-07.35.53:504][  0]LogTemp:Display: Loaded TP Android_ETC1TargetPlatform
[2019.03.17-07.35.53:668][  0]LogTemp:Display: Loaded TP Android_ETC2TargetPlatform
[2019.03.17-07.35.53:983][  0]LogTemp:Display: Loaded TP Android_MultiTargetPlatform
[2019.03.17-07.35.53:983][  0]LogTemp:Display: Loaded TP Android_PVRTCTargetPlatform
[2019.03.17-07.35.54:144][  0]LogTemp:Display: Loaded TP HTML5TargetPlatform
[2019.03.17-07.35.54:424][  0]LogTemp:Display: Loaded TP IOSTargetPlatform
[2019.03.17-07.35.54:567][  0]LogTemp:Display: Loaded TP TVOSTargetPlatform
[2019.03.17-07.35.54:737][  0]LogTemp:Display: Loaded TP LinuxClientTargetPlatform
[2019.03.17-07.35.54:945][  0]LogTemp:Display: Loaded TP LinuxNoEditorTargetPlatform
[2019.03.17-07.35.55:196][  0]LogTemp:Display: Loaded TP LinuxServerTargetPlatform
[2019.03.17-07.35.55:464][  0]LogTemp:Display: Loaded TP LinuxTargetPlatform
[2019.03.17-07.35.55:464][  0]LogTargetPlatformManager:Display: Building Assets For Windows
[2019.03.17-07.35.57:312][  0]LogDerivedDataCache:Display: Max Cache Size: 512 MB
[2019.03.17-07.35.57:411][  0]LogDerivedDataCache: Loaded boot cache 0.10s 50MB C:/Users/Rohit Panjwani/AppData/Local/UnrealEngine/4.14/DerivedDataCache/Boot.ddc.
[2019.03.17-07.35.57:411][  0]LogDerivedDataCache:Display: Loaded Boot cache: C:/Users/Rohit Panjwani/AppData/Local/UnrealEngine/4.14/DerivedDataCache/Boot.ddc
[2019.03.17-07.35.57:411][  0]LogDerivedDataCache: FDerivedDataBackendGraph:  Pak pak cache file ../../../../../../Users/Rohit Panjwani/Documents/Unreal Projects/Chess/DerivedDataCache/DDC.ddp not found, will not use a pak cache.
[2019.03.17-07.35.57:411][  0]LogDerivedDataCache: Unable to find inner node Pak for hierarchical cache Hierarchy.
[2019.03.17-07.35.57:411][  0]LogDerivedDataCache: FDerivedDataBackendGraph:  CompressedPak pak cache file ../../../../../../Users/Rohit Panjwani/Documents/Unreal Projects/Chess/DerivedDataCache/Compressed.ddp not found, will not use a pak cache.
[2019.03.17-07.35.57:411][  0]LogDerivedDataCache: Unable to find inner node CompressedPak for hierarchical cache Hierarchy.
[2019.03.17-07.35.57:442][  0]LogDerivedDataCache:Display: Pak cache opened for reading ../../../Engine/DerivedDataCache/Compressed.ddp.
[2019.03.17-07.35.57:458][  0]LogDerivedDataCache: Using Local data cache path C:/Users/Rohit Panjwani/AppData/Local/UnrealEngine/Common/DerivedDataCache: Writable
[2019.03.17-07.35.57:900][  0]LogInit: Selected Device Profile: [Windows]
[2019.03.17-07.35.57:906][  0]LogContentStreaming: Texture pool size is 0.00 MB
[2019.03.17-07.35.58:506][  0]LogMeshUtilities: Using QuadricMeshReduction for automatic static mesh reduction
[2019.03.17-07.35.58:662][  0]LogSimplygon: Simplygon DLL not present - disabling.
[2019.03.17-07.35.58:809][  0]LogMeshUtilities: Using SimplygonSwarm for distributed automatic mesh merging
[2019.03.17-07.35.58:809][  0]LogMeshUtilities: No automatic skeletal mesh reduction module available
[2019.03.17-07.35.58:809][  0]LogMeshUtilities: No automatic mesh merging module available
[2019.03.17-07.35.59:762][  0]LogNetVersion: GetLocalNetworkVersion: CL: 3195953, ProjectName: chess, ProjectVersion: , EngineNetworkVersion: 2, GameNetworkVersion: 0, NetworkChecksum: 1690184528
[2019.03.17-07.35.59:875][  0]LogAssetRegistry: FAssetRegistry took 0.0226 seconds to start up
[2019.03.17-07.36.00:030][  0]LogPackageLocalizationCache: Processed 3 localized package path(s) for 2 prioritized culture(s) in 0.078398 seconds
[2019.03.17-07.36.00:045][  0]LogUObjectArray: 31946 objects as part of root set at end of initial load.
[2019.03.17-07.36.00:045][  0]LogUObjectAllocator: 6935848 out of 0 bytes used by permanent object pool.
[2019.03.17-07.36.00:045][  0]LogUObjectArray: CloseDisregardForGC: 0/0 objects in disregard for GC pool
[2019.03.17-07.36.00:309][  0]LogInit: WinSock: version 1.1 (2.2), MaxSocks=32767, MaxUdp=65467
[2019.03.17-07.36.02:593][  0]LogSlate: Using Freetype 2.6.0
[2019.03.17-07.36.02:594][  0]LogSlate: SlateFontCache - WITH_FREETYPE: 1, WITH_HARFBUZZ: 1
[2019.03.17-07.36.02:594][  0]LogSlate: SlateFontCache - WITH_FREETYPE: 1, WITH_HARFBUZZ: 1
[2019.03.17-07.36.04:746][  0]LogTcpMessaging: Initializing TcpMessaging bridge
[2019.03.17-07.36.04:839][  0]LogUdpMessaging: Initializing bridge on interface 0.0.0.0:0 to multicast group 230.0.0.1:6666.
[2019.03.17-07.36.05:753][  0]LogMaterial: Uniform references updated for custom material expression Custom.
[2019.03.17-07.36.06:884][  0]SourceControl: Info Source control is disabled
[2019.03.17-07.36.06:981][  0]SourceControl: Info Source control is disabled
[2019.03.17-07.36.07:150][  0]SourceControl: Info Source control is disabled
[2019.03.17-07.36.07:334][  0]SourceControl: Info Source control is disabled
[2019.03.17-07.36.11:676][  0]LogEngine: Initializing Engine...
[2019.03.17-07.36.11:677][  0]LogHMD: Failed to initialize OpenVR with code 110
[2019.03.17-07.36.12:231][  0]LogAIModule: Creating AISystem for world Untitled
[2019.03.17-07.36.12:261][  0]LogInit: XAudio2 using 'Speakers (Conexant SmartAudio HD)' : 2 channels at 48 kHz using 32 bits per sample (channel mask 0x3)
[2019.03.17-07.36.12:364][  0]LogInit: FAudioDevice initialized.
[2019.03.17-07.36.12:414][  0]LogDerivedDataCache: Saved boot cache 0.05s 50MB C:/Users/Rohit Panjwani/AppData/Local/UnrealEngine/4.14/DerivedDataCache/Boot.ddc.
[2019.03.17-07.36.12:429][  0]LogInit: Texture streaming: Enabled
[2019.03.17-07.36.12:985][  0]LogInit: Transaction tracking system initialized
[2019.03.17-07.36.14:229][  0]BlueprintLog: New page: Editor Load
[2019.03.17-07.36.16:899][  0]LocalizationService: Info Localization service is disabled
[2019.03.17-07.36.18:754][  0]LogConsoleResponse:Display: 
[2019.03.17-07.36.19:057][  0]LogCook:Display: Max memory allowance for cook 16384mb min free memory 0mb
[2019.03.17-07.36.19:057][  0]LogCook:Display: Mobile HDR setting 1
[2019.03.17-07.36.19:561][  0]LogFileCache: Scanning file cache for directory 'C:/Users/Rohit Panjwani/Documents/Unreal Projects/Chess/Content/' took 0.01s
[2019.03.17-07.36.21:892][  0]SourceControl: Info Source control is disabled
[2019.03.17-07.36.21:892][  0]Cmd: MAP LOAD FILE="../../../Engine/Content/Maps/Templates/Template_Default.umap" TEMPLATE=1 SHOWPROGRESS=1 FEATURELEVEL=3
[2019.03.17-07.36.21:893][  0]LightingResults: New page: Lighting Build
[2019.03.17-07.36.22:022][  0]MapCheck: New page: Map Check
[2019.03.17-07.36.22:023][  0]LightingResults: New page: Lighting Build
[2019.03.17-07.36.22:356][  0]LogAIModule: Creating AISystem for world Untitled_1
[2019.03.17-07.36.22:358][  0]LogActorComponent: RegisterComponentWithWorld: (/Temp/Untitled_1.Untitled_1:PersistentLevel.WorldSettings_1.StaticMeshComponent0) Trying to register component with IsPendingKill() == true. Aborting.
[2019.03.17-07.36.22:367][  0]LogEditorServer: Finished looking for orphan Actors (0.000 secs)
[2019.03.17-07.36.22:372][  0]Cmd: MAP CHECKDEP NOCLEARLOG
[2019.03.17-07.36.22:484][  0]MapCheck: Info Map check complete: 0 Error(s), 0 Warning(s), took 112.981ms to complete.
[2019.03.17-07.36.22:485][  0]LogFileHelpers: Loading map 'Template_Default' took 0.593
[2019.03.17-07.36.22:706][  0]LogCollectionManager: Loaded 0 collections in 0.003662 seconds
[2019.03.17-07.36.22:856][  0]LogFileCache: Scanning file cache for directory 'C:/Users/Rohit Panjwani/Documents/Unreal Projects/Chess/Saved/Collections/' took 0.01s
[2019.03.17-07.36.22:856][  0]LogFileCache: Scanning file cache for directory 'C:/Users/Rohit Panjwani/Documents/Unreal Projects/Chess/Content/Developers/RohitPanjwani/Collections/' took 0.01s
[2019.03.17-07.36.22:856][  0]LogFileCache: Scanning file cache for directory 'C:/Users/Rohit Panjwani/Documents/Unreal Projects/Chess/Content/Collections/' took 0.01s
[2019.03.17-07.36.22:856][  0]LogCollectionManager: Rebuilt the GUID cache for 0 collections in 0.000003 seconds
[2019.03.17-07.36.22:871][  0]LogContentBrowser: Native class hierarchy populated in 0.0153 seconds. Added 2190 classes and 428 folders.
[2019.03.17-07.36.22:996][  0]LogStats: UGameplayTagsManager::ConstructGameplayTagTree: Construct from data asset -  0.000 s
[2019.03.17-07.36.22:996][  0]LogStats: UGameplayTagsManager::ConstructGameplayTagTree: GameplayTagTreeChangedEvent.Broadcast -  0.000 s
[2019.03.17-07.36.22:998][  0]LogContentBrowser: Native class hierarchy updated for 'GameplayTags' in 0.0008 seconds. Added 13 classes and 0 folders.
[2019.03.17-07.36.23:162][  0]LogContentBrowser: Native class hierarchy updated for 'WidgetCarousel' in 0.0008 seconds. Added 0 classes and 0 folders.
[2019.03.17-07.36.23:265][  0]LogContentBrowser: Native class hierarchy updated for 'AddContentDialog' in 0.0007 seconds. Added 0 classes and 0 folders.
[2019.03.17-07.36.23:380][  0]LogContentBrowser: Native class hierarchy updated for 'SceneOutliner' in 0.0008 seconds. Added 1 classes and 2 folders.
[2019.03.17-07.36.23:508][  0]LogCrashTracker: Crashtracker disabled due to settings.
[2019.03.17-07.36.23:516][  0]LogUObjectGlobals:Warning: Failed to find object 'Class None.'
[2019.03.17-07.36.23:680][  0]LogContentBrowser: Native class hierarchy updated for 'HierarchicalLODOutliner' in 0.0013 seconds. Added 1 classes and 2 folders.
[2019.03.17-07.36.23:681][  0]LogLoad: (Engine Initialization) Total time: 38.84 seconds
[2019.03.17-07.36.23:681][  0]LogLoad: (Engine Initialization) Total Blueprint compile time: 0.20 seconds
[2019.03.17-07.36.23:681][  0]LogExternalProfiler: Found external profiler: VSPerf
[2019.03.17-07.36.23:681][  0]LogExternalProfiler: Using external profiler: VSPerf
[2019.03.17-07.36.23:699][  0]LogWindowsTextInputMethodSystem:Display: IME system now deactivated.
[2019.03.17-07.36.23:699][  0]LogOcInput: OculusInput pre-init called
[2019.03.17-07.36.23:719][  0]LogContentStreaming: Texture pool size now 3000 MB
[2019.03.17-07.36.23:949][  0]LogRenderer: Reallocating scene render targets to support 744x448 NumSamples 1 (Frame:2).
[2019.03.17-07.36.24:082][  1]LogAssetRegistry: Asset discovery search completed in 24.2306 seconds
[2019.03.17-07.36.24:082][  1]LogCollectionManager: Rebuilt the object cache for 0 collections in 0.000001 seconds (found 0 objects)
[2019.03.17-07.36.24:082][  1]LogCollectionManager: Fixed up redirectors for 0 collections in 0.000052 seconds (updated 0 objects)
[2019.03.17-07.37.04:371][379]LogAIModule: Creating AISystem for world FirstLevel
[2019.03.17-07.37.04:419][379]Cmd: MAP LOAD FILE="../../../../../../Users/Rohit Panjwani/Documents/Unreal Projects/Chess/Content/FirstLevel.umap" TEMPLATE=0 SHOWPROGRESS=1 FEATURELEVEL=3
[2019.03.17-07.37.04:420][379]LightingResults: New page: Lighting Build
[2019.03.17-07.37.04:420][379]LoadErrors: New page: Loading map: FirstLevel.umap
[2019.03.17-07.37.04:421][379]MapCheck: New page: Map Check
[2019.03.17-07.37.04:421][379]LightingResults: New page: Lighting Build
[2019.03.17-07.37.04:549][379]LogEditorServer: Finished looking for orphan Actors (0.000 secs)
[2019.03.17-07.37.04:580][379]Cmd: MAP CHECKDEP NOCLEARLOG
[2019.03.17-07.37.04:714][379]MapCheck: Info Map check complete: 0 Error(s), 0 Warning(s), took 135.28ms to complete.
[2019.03.17-07.37.04:716][379]LogFileHelpers: Loading map 'FirstLevel' took 0.298
[2019.03.17-07.37.11:412][672]LogContentBrowser: Native class hierarchy updated for 'BlueprintGraph' in 0.0014 seconds. Added 111 classes and 0 folders.
[2019.03.17-07.39.05:339][782]LogEditorTransaction: Undo Resize Node
[2019.03.17-07.39.49:432][360]LogEditorTransaction: Undo Move Node
[2019.03.17-07.40.04:480][232]BlueprintLog: New page: Compile Knight
[2019.03.17-07.40.05:248][257]Cmd: OBJ SAVEPACKAGE PACKAGE="/Game/Blueprints/Knight" FILE="../../../../../../Users/Rohit Panjwani/Documents/Unreal Projects/Chess/Content/Blueprints/Knight.uasset" SILENT=true
[2019.03.17-07.40.05:319][257]LogSavePackage: Save=38.45ms
[2019.03.17-07.40.05:319][257]LogSavePackage: Moving '../../../../../../Users/Rohit Panjwani/Documents/Unreal Projects/Chess/Saved/Knight21CE3C9A4412C52DCA61038C8F581C78.tmp' to '../../../../../../Users/Rohit Panjwani/Documents/Unreal Projects/Chess/Content/Blueprints/Knight.uasset'
[2019.03.17-07.40.05:327][257]LogSavePackage:Display: Finished SavePackage ../../../../../../Users/Rohit Panjwani/Documents/Unreal Projects/Chess/Content/Blueprints/Knight.uasset
[2019.03.17-07.40.06:147][304]LogTemp: Repeting last play command: Selected Viewport
[2019.03.17-07.40.06:163][304]LogPlayLevel: PlayLevel: No blueprints needed recompiling
[2019.03.17-07.40.06:164][304]PIE: New page: PIE session: FirstLevel (17-Mar-2019 6:40:06 pm)
[2019.03.17-07.40.06:164][304]LogPlayLevel: Creating play world package: /Game/UEDPIE_0_FirstLevel
[2019.03.17-07.40.06:174][304]LogPlayLevel: PIE: StaticDuplicateObject took: (0.009546s)
[2019.03.17-07.40.06:174][304]LogAIModule: Creating AISystem for world FirstLevel
[2019.03.17-07.40.06:174][304]LogPlayLevel: PIE: World Init took: (0.000837s)
[2019.03.17-07.40.06:175][304]LogPlayLevel: PIE: Created PIE world by copying editor world from /Game/FirstLevel.FirstLevel to /Game/UEDPIE_0_FirstLevel.FirstLevel (0.010685s)
[2019.03.17-07.40.06:201][304]LogInit: XAudio2 using 'Speakers (Conexant SmartAudio HD)' : 2 channels at 48 kHz using 32 bits per sample (channel mask 0x3)
[2019.03.17-07.40.06:271][304]LogInit: FAudioDevice initialized.
[2019.03.17-07.40.06:364][304]LogLoad: Game class is 'ChessGameMode_C'
[2019.03.17-07.40.06:374][304]LogWorld: Bringing World /Game/UEDPIE_0_FirstLevel.FirstLevel up for play (max tick rate 60) at 2019.03.17-13.10.06
[2019.03.17-07.40.06:375][304]LogWorld: Bringing up level for play took: 0.007134
[2019.03.17-07.40.06:556][304]LogContentBrowser: Native class hierarchy updated for 'MovieSceneCapture' in 0.0015 seconds. Added 11 classes and 0 folders.
[2019.03.17-07.40.06:562][304]PIE: Info Play in editor start time for /Game/UEDPIE_0_FirstLevel 0.543
[2019.03.17-07.40.06:594][304]LogRenderer: Reallocating scene render targets to support 1292x756 NumSamples 1 (Frame:2978).
[2019.03.17-07.41.39:378][736]BlueprintLog: New page: Compile Knight
[2019.03.17-07.41.40:244][777]Cmd: OBJ SAVEPACKAGE PACKAGE="/Game/Blueprints/Knight" FILE="../../../../../../Users/Rohit Panjwani/Documents/Unreal Projects/Chess/Content/Blueprints/Knight.uasset" SILENT=true
[2019.03.17-07.41.40:304][777]LogSavePackage: Save=38.78ms
[2019.03.17-07.41.40:304][777]LogSavePackage: Moving '../../../../../../Users/Rohit Panjwani/Documents/Unreal Projects/Chess/Saved/KnightF4E451E9490677C8E8A99D94E04E9B22.tmp' to '../../../../../../Users/Rohit Panjwani/Documents/Unreal Projects/Chess/Content/Blueprints/Knight.uasset'
[2019.03.17-07.41.40:312][777]LogSavePackage:Display: Finished SavePackage ../../../../../../Users/Rohit Panjwani/Documents/Unreal Projects/Chess/Content/Blueprints/Knight.uasset
[2019.03.17-07.43.02:077][593]BlueprintLog: New page: Compile Knight
[2019.03.17-07.43.02:859][627]Cmd: OBJ SAVEPACKAGE PACKAGE="/Game/Blueprints/Knight" FILE="../../../../../../Users/Rohit Panjwani/Documents/Unreal Projects/Chess/Content/Blueprints/Knight.uasset" SILENT=true
[2019.03.17-07.43.02:911][627]LogSavePackage: Save=33.11ms
[2019.03.17-07.43.02:911][627]LogSavePackage: Moving '../../../../../../Users/Rohit Panjwani/Documents/Unreal Projects/Chess/Saved/Knight03484D444ED75A4C8D7E4D81BCE166CE.tmp' to '../../../../../../Users/Rohit Panjwani/Documents/Unreal Projects/Chess/Content/Blueprints/Knight.uasset'
[2019.03.17-07.43.02:917][627]LogSavePackage:Display: Finished SavePackage ../../../../../../Users/Rohit Panjwani/Documents/Unreal Projects/Chess/Content/Blueprints/Knight.uasset
[2019.03.17-07.43.05:205][759]LogTemp: Repeting last play command: Selected Viewport
[2019.03.17-07.43.05:217][759]LogPlayLevel: PlayLevel: No blueprints needed recompiling
[2019.03.17-07.43.05:217][759]PIE: New page: PIE session: FirstLevel (17-Mar-2019 6:43:05 pm)
[2019.03.17-07.43.05:217][759]LogPlayLevel: Creating play world package: /Game/UEDPIE_0_FirstLevel
[2019.03.17-07.43.05:225][759]LogPlayLevel: PIE: StaticDuplicateObject took: (0.007993s)
[2019.03.17-07.43.05:226][759]LogAIModule: Creating AISystem for world FirstLevel
[2019.03.17-07.43.05:226][759]LogPlayLevel: PIE: World Init took: (0.000753s)
[2019.03.17-07.43.05:226][759]LogPlayLevel: PIE: Created PIE world by copying editor world from /Game/FirstLevel.FirstLevel to /Game/UEDPIE_0_FirstLevel.FirstLevel (0.008967s)
[2019.03.17-07.43.05:245][759]LogInit: XAudio2 using 'Speakers (Conexant SmartAudio HD)' : 2 channels at 48 kHz using 32 bits per sample (channel mask 0x3)
[2019.03.17-07.43.05:314][759]LogInit: FAudioDevice initialized.
[2019.03.17-07.43.05:374][759]LogLoad: Game class is 'ChessGameMode_C'
[2019.03.17-07.43.05:385][759]LogWorld: Bringing World /Game/UEDPIE_0_FirstLevel.FirstLevel up for play (max tick rate 60) at 2019.03.17-13.13.05
[2019.03.17-07.43.05:386][759]LogWorld: Bringing up level for play took: 0.008966
[2019.03.17-07.43.05:393][759]PIE: Info Play in editor start time for /Game/UEDPIE_0_FirstLevel -0.626
[2019.03.17-07.44.06:194][336]BlueprintLog: New page: Compile Knight
[2019.03.17-07.44.06:804][359]Cmd: OBJ SAVEPACKAGE PACKAGE="/Game/Blueprints/Knight" FILE="../../../../../../Users/Rohit Panjwani/Documents/Unreal Projects/Chess/Content/Blueprints/Knight.uasset" SILENT=true
[2019.03.17-07.44.06:876][359]LogSavePackage: Save=40.04ms
[2019.03.17-07.44.06:876][359]LogSavePackage: Moving '../../../../../../Users/Rohit Panjwani/Documents/Unreal Projects/Chess/Saved/Knight680BE5594A8555D3ADADCAAECE7C73BA.tmp' to '../../../../../../Users/Rohit Panjwani/Documents/Unreal Projects/Chess/Content/Blueprints/Knight.uasset'
[2019.03.17-07.44.06:883][359]LogSavePackage:Display: Finished SavePackage ../../../../../../Users/Rohit Panjwani/Documents/Unreal Projects/Chess/Content/Blueprints/Knight.uasset
[2019.03.17-07.44.07:781][411]LogTemp: Repeting last play command: Selected Viewport
[2019.03.17-07.44.07:798][411]LogPlayLevel: PlayLevel: No blueprints needed recompiling
[2019.03.17-07.44.07:798][411]PIE: New page: PIE session: FirstLevel (17-Mar-2019 6:44:07 pm)
[2019.03.17-07.44.07:799][411]LogPlayLevel: Creating play world package: /Game/UEDPIE_0_FirstLevel
[2019.03.17-07.44.07:810][411]LogPlayLevel: PIE: StaticDuplicateObject took: (0.011087s)
[2019.03.17-07.44.07:811][411]LogAIModule: Creating AISystem for world FirstLevel
[2019.03.17-07.44.07:811][411]LogPlayLevel: PIE: World Init took: (0.001146s)
[2019.03.17-07.44.07:811][411]LogPlayLevel: PIE: Created PIE world by copying editor world from /Game/FirstLevel.FirstLevel to /Game/UEDPIE_0_FirstLevel.FirstLevel (0.012657s)
[2019.03.17-07.44.07:845][411]LogInit: XAudio2 using 'Speakers (Conexant SmartAudio HD)' : 2 channels at 48 kHz using 32 bits per sample (channel mask 0x3)
[2019.03.17-07.44.07:933][411]LogInit: FAudioDevice initialized.
[2019.03.17-07.44.07:982][411]LogLoad: Game class is 'ChessGameMode_C'
[2019.03.17-07.44.07:990][411]LogWorld: Bringing World /Game/UEDPIE_0_FirstLevel.FirstLevel up for play (max tick rate 60) at 2019.03.17-13.14.07
[2019.03.17-07.44.07:992][411]LogWorld: Bringing up level for play took: 0.006807
[2019.03.17-07.44.07:997][411]PIE: Info Play in editor start time for /Game/UEDPIE_0_FirstLevel -0.021
[2019.03.17-07.46.41:686][517]Cmd: TRANSACTION UNDO
[2019.03.17-07.46.41:686][517]LogEditorTransaction: Undo Move Node
[2019.03.17-07.46.42:829][576]Cmd: TRANSACTION UNDO
[2019.03.17-07.46.42:829][576]LogEditorTransaction: Undo Rename Node
[2019.03.17-07.46.45:953][760]Cmd: TRANSACTION REDO
[2019.03.17-07.46.45:953][760]LogEditorTransaction: Redo Rename Node
[2019.03.17-07.46.46:908][809]Cmd: TRANSACTION REDO
[2019.03.17-07.46.46:908][809]LogEditorTransaction: Redo Move Node
[2019.03.17-07.46.52:253][127]BlueprintLog: New page: Compile Knight
[2019.03.17-07.46.53:113][163]Cmd: OBJ SAVEPACKAGE PACKAGE="/Game/Blueprints/Knight" FILE="../../../../../../Users/Rohit Panjwani/Documents/Unreal Projects/Chess/Content/Blueprints/Knight.uasset" SILENT=true
[2019.03.17-07.46.53:191][163]LogSavePackage: Save=46.88ms
[2019.03.17-07.46.53:191][163]LogSavePackage: Moving '../../../../../../Users/Rohit Panjwani/Documents/Unreal Projects/Chess/Saved/Knight60B43A864D296D3B027E9980BF35569D.tmp' to '../../../../../../Users/Rohit Panjwani/Documents/Unreal Projects/Chess/Content/Blueprints/Knight.uasset'
[2019.03.17-07.46.53:199][163]LogSavePackage:Display: Finished SavePackage ../../../../../../Users/Rohit Panjwani/Documents/Unreal Projects/Chess/Content/Blueprints/Knight.uasset
[2019.03.17-07.46.57:016][389]LogEditorViewport: Clicking on Actor (LMB): Knight_C (Knight)
[2019.03.17-07.47.02:995][739]LogTemp: Repeting last play command: Selected Viewport
[2019.03.17-07.47.03:008][739]LogPlayLevel: PlayLevel: No blueprints needed recompiling
[2019.03.17-07.47.03:008][739]PIE: New page: PIE session: FirstLevel (17-Mar-2019 6:47:03 pm)
[2019.03.17-07.47.03:008][739]LogPlayLevel: Creating play world package: /Game/UEDPIE_0_FirstLevel
[2019.03.17-07.47.03:017][739]LogPlayLevel: PIE: StaticDuplicateObject took: (0.008552s)
[2019.03.17-07.47.03:018][739]LogAIModule: Creating AISystem for world FirstLevel
[2019.03.17-07.47.03:018][739]LogPlayLevel: PIE: World Init took: (0.001016s)
[2019.03.17-07.47.03:018][739]LogPlayLevel: PIE: Created PIE world by copying editor world from /Game/FirstLevel.FirstLevel to /Game/UEDPIE_0_FirstLevel.FirstLevel (0.009870s)
[2019.03.17-07.47.03:040][739]LogInit: XAudio2 using 'Speakers (Conexant SmartAudio HD)' : 2 channels at 48 kHz using 32 bits per sample (channel mask 0x3)
[2019.03.17-07.47.03:096][739]LogInit: FAudioDevice initialized.
[2019.03.17-07.47.03:133][739]LogLoad: Game class is 'ChessGameMode_C'
[2019.03.17-07.47.03:138][739]LogWorld: Bringing World /Game/UEDPIE_0_FirstLevel.FirstLevel up for play (max tick rate 60) at 2019.03.17-13.17.03
[2019.03.17-07.47.03:138][739]LogWorld: Bringing up level for play took: 0.003508
[2019.03.17-07.47.03:140][739]PIE: Info Play in editor start time for /Game/UEDPIE_0_FirstLevel 1.121
[2019.03.17-07.47.12:535][291]LogEditorViewport: Clicking on Actor (context menu): BP_Sky_Sphere_C (Sky Sphere2)
[2019.03.17-07.47.13:552][336]LogEditorViewport: Clicking on Actor (LMB): BP_Sky_Sphere_C (Sky Sphere2)
[2019.03.17-07.47.17:202][540]LogEditorViewport: Clicking on Actor (context menu): BP_Sky_Sphere_C (Sky Sphere2)
[2019.03.17-07.47.18:078][585]LogEditorViewport: Clicking on Actor (LMB): BP_Sky_Sphere_C (Sky Sphere2)
[2019.03.17-07.47.18:899][634]LogTemp: Repeting last play command: Selected Viewport
[2019.03.17-07.47.18:914][634]LogPlayLevel: PlayLevel: No blueprints needed recompiling
[2019.03.17-07.47.18:914][634]PIE: New page: PIE session: FirstLevel (17-Mar-2019 6:47:18 pm)
[2019.03.17-07.47.18:914][634]LogPlayLevel: Creating play world package: /Game/UEDPIE_0_FirstLevel
[2019.03.17-07.47.18:923][634]LogPlayLevel: PIE: StaticDuplicateObject took: (0.009021s)
[2019.03.17-07.47.18:924][634]LogAIModule: Creating AISystem for world FirstLevel
[2019.03.17-07.47.18:924][634]LogPlayLevel: PIE: World Init took: (0.000761s)
[2019.03.17-07.47.18:924][634]LogPlayLevel: PIE: Created PIE world by copying editor world from /Game/FirstLevel.FirstLevel to /Game/UEDPIE_0_FirstLevel.FirstLevel (0.010052s)
[2019.03.17-07.47.18:948][634]LogInit: XAudio2 using 'Speakers (Conexant SmartAudio HD)' : 2 channels at 48 kHz using 32 bits per sample (channel mask 0x3)
[2019.03.17-07.47.19:012][634]LogInit: FAudioDevice initialized.
[2019.03.17-07.47.19:046][634]LogLoad: Game class is 'ChessGameMode_C'
[2019.03.17-07.47.19:051][634]LogWorld: Bringing World /Game/UEDPIE_0_FirstLevel.FirstLevel up for play (max tick rate 60) at 2019.03.17-13.17.19
[2019.03.17-07.47.19:051][634]LogWorld: Bringing up level for play took: 0.003952
[2019.03.17-07.47.19:053][634]PIE: Info Play in editor start time for /Game/UEDPIE_0_FirstLevel 1.034
[2019.03.17-07.51.35:465][746]LogSavePackage: Save=120.76ms
[2019.03.17-07.51.35:465][746]LogSavePackage: Moving '../../../../../../Users/Rohit Panjwani/Documents/Unreal Projects/Chess/Saved/FirstLevel_Auto1B1248AAD49B24DD773AE87A2372BAB05.tmp' to '../../../../../../Users/Rohit Panjwani/Documents/Unreal Projects/Chess/Saved/Autosaves/Game/FirstLevel_Auto1.umap'
[2019.03.17-07.51.35:468][746]LogSavePackage:Display: Finished SavePackage ../../../../../../Users/Rohit Panjwani/Documents/Unreal Projects/Chess/Saved/Autosaves/Game/FirstLevel_Auto1.umap
[2019.03.17-07.51.35:474][746]LogFileHelpers: Editor autosave (incl. sublevels) for '/Game/FirstLevel' took 0.181
[2019.03.17-07.51.35:474][746]LogFileHelpers: Editor autosave (incl. sublevels) for all levels took 0.181
[2019.03.17-07.51.35:477][746]OBJ SavePackage: Generating thumbnails for [1] asset(s) in package [/Game/Blueprints/Knight] ([1] browsable assets)...
[2019.03.17-07.51.35:512][746]OBJ SavePackage:     Rendered thumbnail for [Blueprint /Game/Blueprints/Knight.Knight]
[2019.03.17-07.51.35:512][746]OBJ SavePackage: Finished generating thumbnails for package [/Game/Blueprints/Knight]
[2019.03.17-07.51.35:559][746]LogSavePackage: Save=31.31ms
[2019.03.17-07.51.35:559][746]LogSavePackage: Moving '../../../../../../Users/Rohit Panjwani/Documents/Unreal Projects/Chess/Saved/Knight_Auto101B1162F43D15F4C8EC562BC0B1A4B99.tmp' to '../../../../../../Users/Rohit Panjwani/Documents/Unreal Projects/Chess/Saved/Autosaves/Game/Blueprints/Knight_Auto1.uasset'
[2019.03.17-07.51.35:577][746]LogSavePackage:Display: Finished SavePackage ../../../../../../Users/Rohit Panjwani/Documents/Unreal Projects/Chess/Saved/Autosaves/Game/Blueprints/Knight_Auto1.uasset
[2019.03.17-07.51.35:579][746]OBJ SavePackage: Generating thumbnails for [0] asset(s) in package [/Game/Blueprints/ChessGameMode] ([1] browsable assets)...
[2019.03.17-07.51.35:579][746]OBJ SavePackage: Finished generating thumbnails for package [/Game/Blueprints/ChessGameMode]
[2019.03.17-07.51.35:605][746]LogSavePackage: Save=8.29ms
[2019.03.17-07.51.35:605][746]LogSavePackage: Moving '../../../../../../Users/Rohit Panjwani/Documents/Unreal Projects/Chess/Saved/ChessGameMode_Auto182BAF57F41CE97CA801EE9A53CBFBBE1.tmp' to '../../../../../../Users/Rohit Panjwani/Documents/Unreal Projects/Chess/Saved/Autosaves/Game/Blueprints/ChessGameMode_Auto1.uasset'
[2019.03.17-07.51.35:607][746]LogSavePackage:Display: Finished SavePackage ../../../../../../Users/Rohit Panjwani/Documents/Unreal Projects/Chess/Saved/Autosaves/Game/Blueprints/ChessGameMode_Auto1.uasset
[2019.03.17-07.51.35:607][746]LogFileHelpers: Auto-saving content packages took 0.132
[2019.03.17-07.56.55:401][391]BlueprintLog: New page: Compile board_Piece
[2019.03.17-07.56.56:624][450]Cmd: OBJ SAVEPACKAGE PACKAGE="/Game/Blueprints/board_Piece" FILE="../../../../../../Users/Rohit Panjwani/Documents/Unreal Projects/Chess/Content/Blueprints/board_Piece.uasset" SILENT=true
[2019.03.17-07.56.56:725][450]LogSavePackage: Save=72.80ms
[2019.03.17-07.56.56:725][450]LogSavePackage: Moving '../../../../../../Users/Rohit Panjwani/Documents/Unreal Projects/Chess/Saved/board_Piece5AD020544C1CDEFEC73C9B8B30BF8A10.tmp' to '../../../../../../Users/Rohit Panjwani/Documents/Unreal Projects/Chess/Content/Blueprints/board_Piece.uasset'
[2019.03.17-07.56.56:731][450]LogSavePackage:Display: Finished SavePackage ../../../../../../Users/Rohit Panjwani/Documents/Unreal Projects/Chess/Content/Blueprints/board_Piece.uasset
[2019.03.17-07.59.35:198][349]Cmd: OBJ SAVEPACKAGE PACKAGE="/Game/Blueprints/ChessGameMode" FILE="../../../../../../Users/Rohit Panjwani/Documents/Unreal Projects/Chess/Content/Blueprints/ChessGameMode.uasset" SILENT=true
[2019.03.17-07.59.35:231][349]LogSavePackage: Save=9.83ms
[2019.03.17-07.59.35:231][349]LogSavePackage: Moving '../../../../../../Users/Rohit Panjwani/Documents/Unreal Projects/Chess/Saved/ChessGameMode780B51234B964FE0A5C0E6824731EB1A.tmp' to '../../../../../../Users/Rohit Panjwani/Documents/Unreal Projects/Chess/Content/Blueprints/ChessGameMode.uasset'
[2019.03.17-07.59.35:237][349]LogSavePackage:Display: Finished SavePackage ../../../../../../Users/Rohit Panjwani/Documents/Unreal Projects/Chess/Content/Blueprints/ChessGameMode.uasset
[2019.03.17-07.59.36:919][448]Cmd: OBJ SAVEPACKAGE PACKAGE="/Game/Blueprints/Knight" FILE="../../../../../../Users/Rohit Panjwani/Documents/Unreal Projects/Chess/Content/Blueprints/Knight.uasset" SILENT=true
[2019.03.17-07.59.36:969][448]LogSavePackage: Save=30.40ms
[2019.03.17-07.59.36:969][448]LogSavePackage: Moving '../../../../../../Users/Rohit Panjwani/Documents/Unreal Projects/Chess/Saved/KnightE3549C234450B0A221ED4AA0E189BE87.tmp' to '../../../../../../Users/Rohit Panjwani/Documents/Unreal Projects/Chess/Content/Blueprints/Knight.uasset'
[2019.03.17-07.59.36:975][448]LogSavePackage:Display: Finished SavePackage ../../../../../../Users/Rohit Panjwani/Documents/Unreal Projects/Chess/Content/Blueprints/Knight.uasset
[2019.03.17-07.59.43:278][783]LogEditorTransaction: Undo Delete current selection
[2019.03.17-07.59.43:841][814]LogEditorTransaction: Undo Split Struct Pin
[2019.03.17-07.59.45:194][893]LogEditorTransaction: Undo Delete current selection
[2019.03.17-07.59.45:918][932]LogEditorTransaction: Undo Move Node
[2019.03.17-07.59.46:345][955]LogEditorTransaction: Undo Create Pin Link
[2019.03.17-07.59.46:661][974]LogEditorTransaction: Undo Add Node
[2019.03.17-07.59.46:951][989]LogEditorTransaction: Undo Create Pin Link
[2019.03.17-07.59.47:225][  3]LogEditorTransaction: Undo Create Pin Link
[2019.03.17-07.59.47:473][ 15]LogEditorTransaction: Undo Edit x_axis
[2019.03.17-07.59.47:729][ 28]LogEditorTransaction: Undo Create Pin Link
[2019.03.17-07.59.47:979][ 43]LogEditorTransaction: Undo Add Node
[2019.03.17-07.59.48:322][ 60]LogEditorTransaction: Undo Add Node
[2019.03.17-07.59.49:122][106]LogEditorTransaction: Undo Delete current selection
[2019.03.17-07.59.49:614][133]LogEditorTransaction: Undo Create Pin Link
[2019.03.17-07.59.49:980][155]LogEditorTransaction: Undo AddPin
[2019.03.17-07.59.50:411][177]LogEditorTransaction: Undo Move Node
[2019.03.17-07.59.50:866][202]LogEditorTransaction: Undo Add Node
[2019.03.17-07.59.51:338][228]LogEditorTransaction: Undo Delete current selection
[2019.03.17-07.59.51:813][254]LogEditorTransaction: Undo Add Node
[2019.03.17-07.59.52:219][276]LogEditorTransaction: Undo Add Node
[2019.03.17-07.59.53:052][324]LogEditorTransaction: Undo Create Pin Link
[2019.03.17-07.59.53:619][358]LogEditorTransaction: Undo Move Node
[2019.03.17-07.59.54:127][388]LogEditorTransaction: Undo Resize Node
[2019.03.17-07.59.55:145][449]LogEditorTransaction: Undo Move Node
[2019.03.17-07.59.59:566][713]Cmd: TRANSACTION REDO
[2019.03.17-07.59.59:566][713]LogEditorTransaction: Redo Move Node
[2019.03.17-08.01.55:312][166]Cmd: OBJ SAVEPACKAGE PACKAGE="/Game/Blueprints/whoisactive" FILE="../../../../../../Users/Rohit Panjwani/Documents/Unreal Projects/Chess/Content/Blueprints/whoisactive.uasset" SILENT=true
[2019.03.17-08.01.55:359][166]LogSavePackage: Save=43.81ms
[2019.03.17-08.01.55:359][166]LogSavePackage: Moving '../../../../../../Users/Rohit Panjwani/Documents/Unreal Projects/Chess/Saved/whoisactive6932AFF0430009F498FE5A96DD859003.tmp' to '../../../../../../Users/Rohit Panjwani/Documents/Unreal Projects/Chess/Content/Blueprints/whoisactive.uasset'
[2019.03.17-08.01.55:363][166]LogSavePackage:Display: Finished SavePackage ../../../../../../Users/Rohit Panjwani/Documents/Unreal Projects/Chess/Content/Blueprints/whoisactive.uasset
[2019.03.17-08.02.40:518][861]BlueprintLog: New page: Compile ChessGameMode
[2019.03.17-08.02.51:446][500]BlueprintLog: New page: Compile ChessGameMode
[2019.03.17-08.04.24:438][621]LogSavePackage: Save=118.52ms
[2019.03.17-08.04.24:438][621]LogSavePackage: Moving '../../../../../../Users/Rohit Panjwani/Documents/Unreal Projects/Chess/Saved/FirstLevel_Auto27E7C9D5145783EF70878D6B44FC2532C.tmp' to '../../../../../../Users/Rohit Panjwani/Documents/Unreal Projects/Chess/Saved/Autosaves/Game/FirstLevel_Auto2.umap'
[2019.03.17-08.04.24:441][621]LogSavePackage:Display: Finished SavePackage ../../../../../../Users/Rohit Panjwani/Documents/Unreal Projects/Chess/Saved/Autosaves/Game/FirstLevel_Auto2.umap
[2019.03.17-08.04.24:444][621]LogFileHelpers: Editor autosave (incl. sublevels) for '/Game/FirstLevel' took 0.175
[2019.03.17-08.04.24:444][621]LogFileHelpers: Editor autosave (incl. sublevels) for all levels took 0.175
[2019.03.17-08.04.24:449][621]OBJ SavePackage: Generating thumbnails for [1] asset(s) in package [/Game/Blueprints/board_Piece] ([1] browsable assets)...
[2019.03.17-08.04.24:516][621]OBJ SavePackage:     Rendered thumbnail for [Blueprint /Game/Blueprints/board_Piece.board_Piece]
[2019.03.17-08.04.24:516][621]OBJ SavePackage: Finished generating thumbnails for package [/Game/Blueprints/board_Piece]
[2019.03.17-08.04.24:588][621]LogSavePackage: Save=42.00ms
[2019.03.17-08.04.24:588][621]LogSavePackage: Moving '../../../../../../Users/Rohit Panjwani/Documents/Unreal Projects/Chess/Saved/board_Piece_Auto288D520AA4EA5815BAC1885AFCD65B717.tmp' to '../../../../../../Users/Rohit Panjwani/Documents/Unreal Projects/Chess/Saved/Autosaves/Game/Blueprints/board_Piece_Auto2.uasset'
[2019.03.17-08.04.24:593][621]LogSavePackage:Display: Finished SavePackage ../../../../../../Users/Rohit Panjwani/Documents/Unreal Projects/Chess/Saved/Autosaves/Game/Blueprints/board_Piece_Auto2.uasset
[2019.03.17-08.04.24:595][621]OBJ SavePackage: Generating thumbnails for [1] asset(s) in package [/Game/Blueprints/Knight] ([1] browsable assets)...
[2019.03.17-08.04.24:669][621]OBJ SavePackage:     Rendered thumbnail for [Blueprint /Game/Blueprints/Knight.Knight]
[2019.03.17-08.04.24:669][621]OBJ SavePackage: Finished generating thumbnails for package [/Game/Blueprints/Knight]
[2019.03.17-08.04.24:739][621]LogSavePackage: Save=41.25ms
[2019.03.17-08.04.24:739][621]LogSavePackage: Moving '../../../../../../Users/Rohit Panjwani/Documents/Unreal Projects/Chess/Saved/Knight_Auto2C885E32D4B3F2CCDC455C694EB24817C.tmp' to '../../../../../../Users/Rohit Panjwani/Documents/Unreal Projects/Chess/Saved/Autosaves/Game/Blueprints/Knight_Auto2.uasset'
[2019.03.17-08.04.24:742][621]LogSavePackage:Display: Finished SavePackage ../../../../../../Users/Rohit Panjwani/Documents/Unreal Projects/Chess/Saved/Autosaves/Game/Blueprints/Knight_Auto2.uasset
[2019.03.17-08.04.24:744][621]OBJ SavePackage: Generating thumbnails for [0] asset(s) in package [/Game/Blueprints/ChessGameMode] ([1] browsable assets)...
[2019.03.17-08.04.24:744][621]OBJ SavePackage: Finished generating thumbnails for package [/Game/Blueprints/ChessGameMode]
[2019.03.17-08.04.24:787][621]LogSavePackage: Save=14.34ms
[2019.03.17-08.04.24:787][621]LogSavePackage: Moving '../../../../../../Users/Rohit Panjwani/Documents/Unreal Projects/Chess/Saved/ChessGameMode_Auto257E75E7B40CF85771E66FBA59DA4B5D1.tmp' to '../../../../../../Users/Rohit Panjwani/Documents/Unreal Projects/Chess/Saved/Autosaves/Game/Blueprints/ChessGameMode_Auto2.uasset'
[2019.03.17-08.04.24:789][621]LogSavePackage:Display: Finished SavePackage ../../../../../../Users/Rohit Panjwani/Documents/Unreal Projects/Chess/Saved/Autosaves/Game/Blueprints/ChessGameMode_Auto2.uasset
[2019.03.17-08.04.24:789][621]LogFileHelpers: Auto-saving content packages took 0.343
[2019.03.17-08.05.28:220][147]Cmd: OBJ SAVEPACKAGE PACKAGE="/Game/Blueprints/ChessGameMode" FILE="../../../../../../Users/Rohit Panjwani/Documents/Unreal Projects/Chess/Content/Blueprints/ChessGameMode.uasset" SILENT=true
[2019.03.17-08.05.28:253][147]LogSavePackage: Save=11.69ms
[2019.03.17-08.05.28:253][147]LogSavePackage: Moving '../../../../../../Users/Rohit Panjwani/Documents/Unreal Projects/Chess/Saved/ChessGameMode5F2BBAE947882481320166B362FEF391.tmp' to '../../../../../../Users/Rohit Panjwani/Documents/Unreal Projects/Chess/Content/Blueprints/ChessGameMode.uasset'
[2019.03.17-08.05.28:259][147]LogSavePackage:Display: Finished SavePackage ../../../../../../Users/Rohit Panjwani/Documents/Unreal Projects/Chess/Content/Blueprints/ChessGameMode.uasset
[2019.03.17-08.05.39:717][812]BlueprintLog: New page: Compile Knight
[2019.03.17-08.05.40:466][846]Cmd: OBJ SAVEPACKAGE PACKAGE="/Game/Blueprints/Knight" FILE="../../../../../../Users/Rohit Panjwani/Documents/Unreal Projects/Chess/Content/Blueprints/Knight.uasset" SILENT=true
[2019.03.17-08.05.40:525][846]LogSavePackage: Save=34.72ms
[2019.03.17-08.05.40:525][846]LogSavePackage: Moving '../../../../../../Users/Rohit Panjwani/Documents/Unreal Projects/Chess/Saved/Knight5B7BCCF9410E2C462FCADFA2FE707059.tmp' to '../../../../../../Users/Rohit Panjwani/Documents/Unreal Projects/Chess/Content/Blueprints/Knight.uasset'
[2019.03.17-08.05.40:531][846]LogSavePackage:Display: Finished SavePackage ../../../../../../Users/Rohit Panjwani/Documents/Unreal Projects/Chess/Content/Blueprints/Knight.uasset
[2019.03.17-08.05.58:479][912]BlueprintLog: New page: Compile ChessGameMode
[2019.03.17-08.05.59:075][940]Cmd: OBJ SAVEPACKAGE PACKAGE="/Game/Blueprints/ChessGameMode" FILE="../../../../../../Users/Rohit Panjwani/Documents/Unreal Projects/Chess/Content/Blueprints/ChessGameMode.uasset" SILENT=true
[2019.03.17-08.05.59:115][940]LogSavePackage: Save=11.87ms
[2019.03.17-08.05.59:115][940]LogSavePackage: Moving '../../../../../../Users/Rohit Panjwani/Documents/Unreal Projects/Chess/Saved/ChessGameModeFC2BFFCD45FA2B275D49C88E32C0554A.tmp' to '../../../../../../Users/Rohit Panjwani/Documents/Unreal Projects/Chess/Content/Blueprints/ChessGameMode.uasset'
[2019.03.17-08.05.59:122][940]LogSavePackage:Display: Finished SavePackage ../../../../../../Users/Rohit Panjwani/Documents/Unreal Projects/Chess/Content/Blueprints/ChessGameMode.uasset
[2019.03.17-08.06.10:019][584]BlueprintLog: New page: Compile ChessGameMode
[2019.03.17-08.06.10:499][603]Cmd: OBJ SAVEPACKAGE PACKAGE="/Game/Blueprints/ChessGameMode" FILE="../../../../../../Users/Rohit Panjwani/Documents/Unreal Projects/Chess/Content/Blueprints/ChessGameMode.uasset" SILENT=true
[2019.03.17-08.06.10:531][603]LogSavePackage: Save=11.20ms
[2019.03.17-08.06.10:531][603]LogSavePackage: Moving '../../../../../../Users/Rohit Panjwani/Documents/Unreal Projects/Chess/Saved/ChessGameModeED60EF6A4C5B6029446F23A60E81CB2E.tmp' to '../../../../../../Users/Rohit Panjwani/Documents/Unreal Projects/Chess/Content/Blueprints/ChessGameMode.uasset'
[2019.03.17-08.06.10:537][603]LogSavePackage:Display: Finished SavePackage ../../../../../../Users/Rohit Panjwani/Documents/Unreal Projects/Chess/Content/Blueprints/ChessGameMode.uasset
[2019.03.17-08.06.48:138][778]BlueprintLog: New page: Compile Knight
[2019.03.17-08.06.48:968][815]Cmd: OBJ SAVEPACKAGE PACKAGE="/Game/Blueprints/Knight" FILE="../../../../../../Users/Rohit Panjwani/Documents/Unreal Projects/Chess/Content/Blueprints/Knight.uasset" SILENT=true
[2019.03.17-08.06.49:043][815]LogSavePackage: Save=49.77ms
[2019.03.17-08.06.49:043][815]LogSavePackage: Moving '../../../../../../Users/Rohit Panjwani/Documents/Unreal Projects/Chess/Saved/Knight9292419743DEDCEF5152A4A3D910080C.tmp' to '../../../../../../Users/Rohit Panjwani/Documents/Unreal Projects/Chess/Content/Blueprints/Knight.uasset'
[2019.03.17-08.06.49:052][815]LogSavePackage:Display: Finished SavePackage ../../../../../../Users/Rohit Panjwani/Documents/Unreal Projects/Chess/Content/Blueprints/Knight.uasset
[2019.03.17-08.06.50:168][881]LogTemp: Repeting last play command: Selected Viewport
[2019.03.17-08.06.50:187][881]BlueprintLog: New page: Pre-Play auto-recompile
[2019.03.17-08.06.50:187][881]LogPlayLevel: [PlayLevel] Compiling board_Piece before play...
[2019.03.17-08.06.50:349][881]LogPlayLevel: PlayLevel: Blueprint regeneration took 163 ms (1 blueprints)
[2019.03.17-08.06.50:349][881]PIE: New page: PIE session: FirstLevel (17-Mar-2019 7:06:50 pm)
[2019.03.17-08.06.50:350][881]LogPlayLevel: Creating play world package: /Game/UEDPIE_0_FirstLevel
[2019.03.17-08.06.50:362][881]LogPlayLevel: PIE: StaticDuplicateObject took: (0.012207s)
[2019.03.17-08.06.50:363][881]LogAIModule: Creating AISystem for world FirstLevel
[2019.03.17-08.06.50:363][881]LogPlayLevel: PIE: World Init took: (0.001239s)
[2019.03.17-08.06.50:363][881]LogPlayLevel: PIE: Created PIE world by copying editor world from /Game/FirstLevel.FirstLevel to /Game/UEDPIE_0_FirstLevel.FirstLevel (0.013739s)
[2019.03.17-08.06.50:401][881]LogInit: XAudio2 using 'Speakers (Conexant SmartAudio HD)' : 2 channels at 48 kHz using 32 bits per sample (channel mask 0x3)
[2019.03.17-08.06.50:471][881]LogInit: FAudioDevice initialized.
[2019.03.17-08.06.50:522][881]LogLoad: Game class is 'ChessGameMode_C'
[2019.03.17-08.06.50:528][881]LogWorld: Bringing World /Game/UEDPIE_0_FirstLevel.FirstLevel up for play (max tick rate 60) at 2019.03.17-13.36.50
[2019.03.17-08.06.50:529][881]LogWorld: Bringing up level for play took: 0.005389
[2019.03.17-08.06.50:535][881]PIE: Info Play in editor start time for /Game/UEDPIE_0_FirstLevel 0.516
[2019.03.17-08.07.02:437][579]LogUProjectInfo: Found projects:
[2019.03.17-08.07.28:984][163]LogEditorViewport: Clicking on Actor (LMB): BP_Sky_Sphere_C (Sky Sphere2)
[2019.03.17-08.07.43:398][900]Cmd: CLOSE_SLATE_MAINFRAME
[2019.03.17-08.07.48:736][900]Cmd: OBJ SAVEPACKAGE PACKAGE="/Game/FirstLevel" FILE="../../../../../../Users/Rohit Panjwani/Documents/Unreal Projects/Chess/Content/FirstLevel.umap" SILENT=true AUTOSAVING=false KEEPDIRTY=false
[2019.03.17-08.07.48:893][900]LogSavePackage: Save=117.98ms
[2019.03.17-08.07.48:893][900]LogSavePackage: Moving '../../../../../../Users/Rohit Panjwani/Documents/Unreal Projects/Chess/Saved/FirstLevel79CB65CB42AF59094DD7E0AB9B8BD1A9.tmp' to '../../../../../../Users/Rohit Panjwani/Documents/Unreal Projects/Chess/Content/FirstLevel.umap'
[2019.03.17-08.07.48:900][900]LogSavePackage:Display: Finished SavePackage ../../../../../../Users/Rohit Panjwani/Documents/Unreal Projects/Chess/Content/FirstLevel.umap
[2019.03.17-08.07.48:925][900]LogFileHelpers: Saving map 'FirstLevel' took 0.296
[2019.03.17-08.07.49:097][900]LogActorComponent: UnregisterComponent: (/Engine/Transient.EditorFloorComp) Not registered. Aborting.
[2019.03.17-08.07.49:149][900]LogActorComponent: UnregisterComponent: (/Engine/Transient.EditorFloorComp) Not registered. Aborting.
[2019.03.17-08.07.49:215][900]LogWindowsTextInputMethodSystem:Display: IME system now deactivated.
[2019.03.17-08.07.49:487][901]Cmd: QUIT_EDITOR
[2019.03.17-08.07.49:759][901]LogExit: Preparing to exit.
[2019.03.17-08.07.49:960][901]LogDirectoryWatcher: A directory notification for 'C:/Users/Rohit Panjwani/Documents/Unreal Projects/Chess/Content/' was aborted.
[2019.03.17-08.07.50:027][901]LogExit: Editor shut down
[2019.03.17-08.07.50:028][901]LogExit: Transaction tracking system shut down
[2019.03.17-08.07.50:205][901]LogObj: Freed 0b from 0 cluster array pools.
[2019.03.17-08.07.50:205][901]LogExit: Object subsystem successfully closed.
[2019.03.17-08.07.50:235][901]LogD3D11RHI: Shutdown
[2019.03.17-08.07.50:235][901]LogD3D11RHI: CleanupD3DDevice
[2019.03.17-08.07.50:477][901]LogD3D11RHI: ~FD3D11DynamicRHI
[2019.03.17-08.07.50:544][901]LogHttp:Display: Http module shutting down, but needs to wait on 1 outstanding Http requests:
[2019.03.17-08.07.50:544][901]LogHttp:Display: 	verb=[POST] url=[https://datarouter.ol.epicgames.com/datarouter/api/v1/public/data?SessionID=%7B73BCEF5D-4475-C1FE-37CB-5DB6DD02E729%7D&AppID=UEEditor.Rocket.Release&AppVersion=4.14.3-3249277%2B%2B%2BUE4%2BRelease-4.14&UserID=7d91b64c4b01fe95139d64b3048811ce%7C4d184b3c1962427fad7cc0b2904a4a9d%7Ceb2bbdf1-1b92-448e-9b18-4cd591d8df94&AppEnvironment=datacollector-binary&UploadType=eteventstream] status=Processing
[2019.03.17-08.07.50:578][901]LogModuleManager: Shutting down and abandoning module MovieSceneCapture (244)
[2019.03.17-08.07.50:578][901]LogModuleManager: Shutting down and abandoning module BlueprintGraph (243)
[2019.03.17-08.07.50:578][901]LogModuleManager: Shutting down and abandoning module BlueprintProfiler (242)
[2019.03.17-08.07.50:624][901]LogModuleManager: Shutting down and abandoning module HierarchicalLODOutliner (241)
[2019.03.17-08.07.50:624][901]LogModuleManager: Shutting down and abandoning module CrashTracker (240)
[2019.03.17-08.07.50:624][901]LogModuleManager: Shutting down and abandoning module SceneOutliner (239)
[2019.03.17-08.07.50:624][901]LogModuleManager: Shutting down and abandoning module WidgetCarousel (238)
[2019.03.17-08.07.50:624][901]LogModuleManager: Shutting down and abandoning module AddContentDialog (237)
[2019.03.17-08.07.50:624][901]LogDirectoryWatcher: A directory notification for 'C:/Program Files/Epic Games/UE_4.14/FeaturePacks/' was aborted.
[2019.03.17-08.07.50:626][901]LogModuleManager: Shutting down and abandoning module GameplayTags (236)
[2019.03.17-08.07.50:626][901]LogModuleManager: Shutting down and abandoning module EditorWidgets (235)
[2019.03.17-08.07.50:626][901]LogModuleManager: Shutting down and abandoning module CollectionManager (234)
[2019.03.17-08.07.50:626][901]LogDirectoryWatcher: A directory notification for 'C:/Users/Rohit Panjwani/Documents/Unreal Projects/Chess/Content/Collections/' was aborted.
[2019.03.17-08.07.50:626][901]LogDirectoryWatcher: A directory notification for 'C:/Users/Rohit Panjwani/Documents/Unreal Projects/Chess/Content/Developers/RohitPanjwani/Collections/' was aborted.
[2019.03.17-08.07.50:626][901]LogDirectoryWatcher: A directory notification for 'C:/Users/Rohit Panjwani/Documents/Unreal Projects/Chess/Saved/Collections/' was aborted.
[2019.03.17-08.07.50:626][901]LogModuleManager: Shutting down and abandoning module StatsViewer (233)
[2019.03.17-08.07.50:626][901]LogModuleManager: Shutting down and abandoning module FoliageEdit (232)
[2019.03.17-08.07.50:626][901]LogModuleManager: Shutting down and abandoning module LandscapeEditor (231)
[2019.03.17-08.07.50:626][901]LogModuleManager: Shutting down and abandoning module SceneDepthPickerMode (230)
[2019.03.17-08.07.50:626][901]LogModuleManager: Shutting down and abandoning module ActorPickerMode (229)
[2019.03.17-08.07.50:626][901]LogModuleManager: Shutting down and abandoning module GeometryMode (228)
[2019.03.17-08.07.50:626][901]LogModuleManager: Shutting down and abandoning module TextureAlignMode (227)
[2019.03.17-08.07.50:626][901]LogModuleManager: Shutting down and abandoning module BspMode (226)
[2019.03.17-08.07.50:626][901]LogModuleManager: Shutting down and abandoning module HardwareSurvey (225)
[2019.03.17-08.07.50:626][901]LogModuleManager: Shutting down and abandoning module SequenceRecorderSections (224)
[2019.03.17-08.07.50:626][901]LogModuleManager: Shutting down and abandoning module AutomationWorker (223)
[2019.03.17-08.07.50:626][901]LogModuleManager: Shutting down and abandoning module MatineeToLevelSequence (222)
[2019.03.17-08.07.50:626][901]LogModuleManager: Shutting down and abandoning module PlacementMode (221)
[2019.03.17-08.07.50:627][901]LogModuleManager: Shutting down and abandoning module LevelSequenceEditor (220)
[2019.03.17-08.07.50:627][901]LogModuleManager: Shutting down and abandoning module WmfMediaFactory (219)
[2019.03.17-08.07.50:627][901]LogModuleManager: Shutting down and abandoning module WmfMediaEditor (218)
[2019.03.17-08.07.50:627][901]LogModuleManager: Shutting down and abandoning module AvfMediaFactory (217)
[2019.03.17-08.07.50:627][901]LogModuleManager: Shutting down and abandoning module AvfMediaEditor (216)
[2019.03.17-08.07.50:627][901]LogModuleManager: Shutting down and abandoning module Media (215)
[2019.03.17-08.07.50:627][901]LogModuleManager: Shutting down and abandoning module AndroidMediaFactory (214)
[2019.03.17-08.07.50:627][901]LogModuleManager: Shutting down and abandoning module AndroidMediaEditor (213)
[2019.03.17-08.07.50:627][901]LogModuleManager: Shutting down and abandoning module CharacterAI (212)
[2019.03.17-08.07.50:627][901]LogModuleManager: Shutting down and abandoning module SequenceRecorder (211)
[2019.03.17-08.07.50:627][901]LogModuleManager: Shutting down and abandoning module AudioCapture (210)
[2019.03.17-08.07.50:627][901]LogModuleManager: Shutting down and abandoning module SmartSnapping (209)
[2019.03.17-08.07.50:627][901]LogModuleManager: Shutting down and abandoning module SessionServices (208)
[2019.03.17-08.07.50:627][901]LogModuleManager: Shutting down and abandoning module ViewportSnapping (207)
[2019.03.17-08.07.50:627][901]LogModuleManager: Shutting down and abandoning module ViewportInteraction (206)
[2019.03.17-08.07.50:627][901]LogModuleManager: Shutting down and abandoning module LogVisualizer (205)
[2019.03.17-08.07.50:627][901]LogModuleManager: Shutting down and abandoning module GameProjectGeneration (204)
[2019.03.17-08.07.50:627][901]LogModuleManager: Shutting down and abandoning module IntroTutorials (203)
[2019.03.17-08.07.50:627][901]LogModuleManager: Shutting down and abandoning module EditorLiveStreaming (202)
[2019.03.17-08.07.50:627][901]LogModuleManager: Shutting down and abandoning module IOSPlatformEditor (201)
[2019.03.17-08.07.50:627][901]LogModuleManager: Shutting down and abandoning module HTML5PlatformEditor (200)
[2019.03.17-08.07.50:627][901]LogModuleManager: Shutting down and abandoning module AndroidDeviceDetection (199)
[2019.03.17-08.07.50:661][901]LogModuleManager: Shutting down and abandoning module AndroidPlatformEditor (198)
[2019.03.17-08.07.50:661][901]LogModuleManager: Shutting down and abandoning module IOSRuntimeSettings (197)
[2019.03.17-08.07.50:661][901]LogModuleManager: Shutting down and abandoning module AndroidRuntimeSettings (196)
[2019.03.17-08.07.50:661][901]LogModuleManager: Shutting down and abandoning module InputBindingEditor (195)
[2019.03.17-08.07.50:662][901]LogModuleManager: Shutting down and abandoning module NiagaraEditor (194)
[2019.03.17-08.07.50:662][901]LogModuleManager: Shutting down and abandoning module MergeActors (193)
[2019.03.17-08.07.50:662][901]LogModuleManager: Shutting down and abandoning module SizeMap (192)
[2019.03.17-08.07.50:662][901]LogModuleManager: Shutting down and abandoning module TreeMap (191)
[2019.03.17-08.07.50:662][901]LogModuleManager: Shutting down and abandoning module ReferenceViewer (190)
[2019.03.17-08.07.50:662][901]LogModuleManager: Shutting down and abandoning module LocalizationService (189)
[2019.03.17-08.07.50:662][901]LogModuleManager: Shutting down and abandoning module LocalizationDashboard (188)
[2019.03.17-08.07.50:662][901]LogModuleManager: Shutting down and abandoning module HardwareTargeting (187)
[2019.03.17-08.07.50:662][901]LogModuleManager: Shutting down and abandoning module DeviceProfileEditor (186)
[2019.03.17-08.07.50:662][901]LogModuleManager: Shutting down and abandoning module UndoHistory (185)
[2019.03.17-08.07.50:662][901]LogModuleManager: Shutting down and abandoning module UserFeedback (184)
[2019.03.17-08.07.50:662][901]LogModuleManager: Shutting down and abandoning module XmlParser (183)
[2019.03.17-08.07.50:662][901]LogModuleManager: Shutting down and abandoning module Blutility (182)
[2019.03.17-08.07.50:662][901]LogModuleManager: Shutting down and abandoning module ProjectTargetPlatformEditor (181)
[2019.03.17-08.07.50:662][901]LogModuleManager: Shutting down and abandoning module ProjectSettingsViewer (180)
[2019.03.17-08.07.50:663][901]LogModuleManager: Shutting down and abandoning module EditorSettingsViewer (179)
[2019.03.17-08.07.50:663][901]LogModuleManager: Shutting down and abandoning module SettingsEditor (178)
[2019.03.17-08.07.50:663][901]LogModuleManager: Shutting down and abandoning module ProjectLauncher (177)
[2019.03.17-08.07.50:663][901]LogModuleManager: Shutting down and abandoning module SessionFrontend (176)
[2019.03.17-08.07.50:663][901]LogModuleManager: Shutting down and abandoning module ProfilerClient (175)
[2019.03.17-08.07.50:663][901]LogModuleManager: Shutting down and abandoning module TargetDeviceServices (174)
[2019.03.17-08.07.50:663][901]LogModuleManager: Shutting down and abandoning module DeviceManager (173)
[2019.03.17-08.07.50:718][901]LogModuleManager: Shutting down and abandoning module AutomationController (172)
[2019.03.17-08.07.50:718][901]LogModuleManager: Shutting down and abandoning module AutomationWindow (171)
[2019.03.17-08.07.50:718][901]LogModuleManager: Shutting down and abandoning module Layers (170)
[2019.03.17-08.07.50:718][901]LogModuleManager: Shutting down and abandoning module ComponentVisualizers (169)
[2019.03.17-08.07.50:718][901]LogModuleManager: Shutting down and abandoning module DetailCustomizations (168)
[2019.03.17-08.07.50:718][901]LogModuleManager: Shutting down and abandoning module PackagesDialog (167)
[2019.03.17-08.07.50:718][901]LogModuleManager: Shutting down and abandoning module AnimGraph (166)
[2019.03.17-08.07.50:718][901]LogModuleManager: Shutting down and abandoning module Persona (165)
[2019.03.17-08.07.50:718][901]LogModuleManager: Shutting down and abandoning module Kismet (164)
[2019.03.17-08.07.50:724][901]LogModuleManager: Shutting down and abandoning module GraphEditor (163)
[2019.03.17-08.07.50:724][901]LogModuleManager: Shutting down and abandoning module ClassViewer (162)
[2019.03.17-08.07.50:725][901]LogModuleManager: Shutting down and abandoning module Toolbox (161)
[2019.03.17-08.07.50:725][901]LogModuleManager: Shutting down and abandoning module ModuleUI (160)
[2019.03.17-08.07.50:725][901]LogModuleManager: Shutting down and abandoning module MovieSceneTools (159)
[2019.03.17-08.07.50:725][901]LogModuleManager: Shutting down and abandoning module OutputLog (158)
[2019.03.17-08.07.50:725][901]LogModuleManager: Shutting down and abandoning module GammaUI (157)
[2019.03.17-08.07.50:725][901]LogModuleManager: Shutting down and abandoning module Documentation (156)
[2019.03.17-08.07.50:725][901]LogModuleManager: Shutting down and abandoning module Niagara (155)
[2019.03.17-08.07.50:725][901]LogModuleManager: Shutting down and abandoning module StreamingPauseRendering (154)
[2019.03.17-08.07.50:725][901]LogModuleManager: Shutting down and abandoning module AnalyticsET (153)
[2019.03.17-08.07.50:725][901]LogModuleManager: Shutting down and abandoning module PortalServices (152)
[2019.03.17-08.07.50:725][901]LogModuleManager: Shutting down and abandoning module PortalRpc (151)
[2019.03.17-08.07.50:725][901]LogModuleManager: Shutting down and abandoning module MessagingRpc (150)
[2019.03.17-08.07.50:725][901]LogModuleManager: Shutting down and abandoning module GameplayDebugger (149)
[2019.03.17-08.07.50:725][901]LogModuleManager: Shutting down and abandoning module AITestSuite (148)
[2019.03.17-08.07.50:725][901]LogModuleManager: Shutting down and abandoning module AIModule (147)
[2019.03.17-08.07.50:725][901]LogModuleManager: Shutting down and abandoning module ProfilerService (146)
[2019.03.17-08.07.50:835][901]LogModuleManager: Shutting down and abandoning module TaskGraph (145)
[2019.03.17-08.07.50:835][901]LogModuleManager: Shutting down and abandoning module SlateRemote (144)
[2019.03.17-08.07.50:835][901]LogModuleManager: Shutting down and abandoning module SteamVRController (143)
[2019.03.17-08.07.50:835][901]LogModuleManager: Shutting down and abandoning module SteamVR (142)
[2019.03.17-08.07.50:835][901]LogModuleManager: Shutting down and abandoning module ProceduralMeshComponentEditor (141)
[2019.03.17-08.07.50:835][901]LogModuleManager: Shutting down and abandoning module ProceduralMeshComponent (140)
[2019.03.17-08.07.50:835][901]LogModuleManager: Shutting down and abandoning module OculusLibrary (139)
[2019.03.17-08.07.50:835][901]LogModuleManager: Shutting down and abandoning module OculusInput (138)
[2019.03.17-08.07.50:835][901]LogModuleManager: Shutting down and abandoning module MobilePatchingUtils (137)
[2019.03.17-08.07.50:835][901]LogModuleManager: Shutting down and abandoning module CustomMeshComponent (136)
[2019.03.17-08.07.50:835][901]LogModuleManager: Shutting down and abandoning module CableComponent (135)
[2019.03.17-08.07.50:835][901]LogModuleManager: Shutting down and abandoning module ArchVisCharacter (134)
[2019.03.17-08.07.50:835][901]LogModuleManager: Shutting down and abandoning module MediaPlayerEditor (132)
[2019.03.17-08.07.50:836][901]LogModuleManager: Shutting down and abandoning module HTML5Networking (131)
[2019.03.17-08.07.50:836][901]LogModuleManager: Shutting down and abandoning module GeometryCacheEd (130)
[2019.03.17-08.07.50:836][901]LogModuleManager: Shutting down and abandoning module GeometryCache (129)
[2019.03.17-08.07.50:836][901]LogModuleManager: Shutting down and abandoning module AlembicLibrary (128)
[2019.03.17-08.07.50:836][901]LogModuleManager: Shutting down and abandoning module AlembicImporter (127)
[2019.03.17-08.07.50:836][901]LogModuleManager: Shutting down and abandoning module SuperSearch (126)
[2019.03.17-08.07.50:836][901]LogModuleManager: Shutting down and abandoning module SuperSearchEditor (125)
[2019.03.17-08.07.50:836][901]LogModuleManager: Shutting down and abandoning module SpeedTreeImporter (124)
[2019.03.17-08.07.50:836][901]LogModuleManager: Shutting down and abandoning module PluginBrowser (123)
[2019.03.17-08.07.50:836][901]LogModuleManager: Shutting down and abandoning module MobileLauncherProfileWizard (122)
[2019.03.17-08.07.50:836][901]LogModuleManager: Shutting down and abandoning module EpicSurvey (121)
[2019.03.17-08.07.50:836][901]LogModuleManager: Shutting down and abandoning module DesktopPlatform (120)
[2019.03.17-08.07.50:836][901]LogModuleManager: Shutting down and abandoning module VisualStudioSourceCodeAccess (119)
[2019.03.17-08.07.50:836][901]LogModuleManager: Shutting down and abandoning module UObjectPlugin (118)
[2019.03.17-08.07.50:836][901]LogModuleManager: Shutting down and abandoning module SubversionSourceControl (117)
[2019.03.17-08.07.50:836][901]LogModuleManager: Shutting down and abandoning module PerforceSourceControl (116)
[2019.03.17-08.07.50:836][901]LogModuleManager: Shutting down and abandoning module SourceControl (115)
[2019.03.17-08.07.50:836][901]LogModuleManager: Shutting down and abandoning module GitSourceControl (114)
[2019.03.17-08.07.50:836][901]LogModuleManager: Shutting down and abandoning module LightPropagationVolumeEditor (113)
[2019.03.17-08.07.50:836][901]LogModuleManager: Shutting down and abandoning module PaperTiledImporter (112)
[2019.03.17-08.07.50:836][901]LogModuleManager: Shutting down and abandoning module PaperSpriteSheetImporter (111)
[2019.03.17-08.07.50:836][901]LogModuleManager: Shutting down and abandoning module MeshPaint (110)
[2019.03.17-08.07.50:836][901]LogModuleManager: Shutting down and abandoning module PixelInspectorModule (109)
[2019.03.17-08.07.50:836][901]LogModuleManager: Shutting down and abandoning module HotReload (108)
[2019.03.17-08.07.50:837][901]LogModuleManager: Shutting down and abandoning module MainFrame (107)
[2019.03.17-08.07.50:837][901]LogModuleManager: Shutting down and abandoning module LevelEditor (106)
[2019.03.17-08.07.50:838][901]LogModuleManager: Shutting down and abandoning module ContentBrowser (105)
[2019.03.17-08.07.50:839][901]LogModuleManager: Shutting down and abandoning module Paper2DEditor (104)
[2019.03.17-08.07.50:839][901]LogModuleManager: Shutting down and abandoning module UdpMessaging (103)
[2019.03.17-08.07.50:939][901]LogModuleManager: Shutting down and abandoning module TcpMessaging (102)
[2019.03.17-08.07.51:040][901]LogModuleManager: Shutting down and abandoning module LightPropagationVolumeRuntime (101)
[2019.03.17-08.07.51:040][901]LogModuleManager: Shutting down and abandoning module Paper2D (100)
[2019.03.17-08.07.51:040][901]LogModuleManager: Shutting down and abandoning module WindowsMoviePlayer (99)
[2019.03.17-08.07.51:040][901]LogModuleManager: Shutting down and abandoning module WmfMedia (98)
[2019.03.17-08.07.51:047][901]LogModuleManager: Shutting down and abandoning module MediaAssets (97)
[2019.03.17-08.07.51:047][901]LogModuleManager: Shutting down and abandoning module GameLiveStreaming (96)
[2019.03.17-08.07.51:048][901]LogModuleManager: Shutting down and abandoning module GameplayTagsEditor (95)
[2019.03.17-08.07.51:048][901]LogModuleManager: Shutting down and abandoning module VREditor (94)
[2019.03.17-08.07.51:048][901]LogModuleManager: Shutting down and abandoning module GameplayTasksEditor (93)
[2019.03.17-08.07.51:048][901]LogModuleManager: Shutting down and abandoning module BehaviorTreeEditor (92)
[2019.03.17-08.07.51:048][901]LogModuleManager: Shutting down and abandoning module FunctionalTesting (91)
[2019.03.17-08.07.51:048][901]LogModuleManager: Shutting down and abandoning module CollisionAnalyzer (90)
[2019.03.17-08.07.51:048][901]LogModuleManager: Shutting down and abandoning module Sequencer (89)
[2019.03.17-08.07.51:048][901]LogModuleManager: Shutting down and abandoning module WorkspaceMenuStructure (88)
[2019.03.17-08.07.51:048][901]LogModuleManager: Shutting down and abandoning module MessageLog (87)
[2019.03.17-08.07.51:048][901]LogModuleManager: Shutting down and abandoning module AssetTools (86)
[2019.03.17-08.07.51:048][901]LogModuleManager: Shutting down and abandoning module UMGEditor (85)
[2019.03.17-08.07.51:048][901]LogModuleManager: Shutting down and abandoning module UMG (84)
[2019.03.17-08.07.51:048][901]LogModuleManager: Shutting down and abandoning module SlateReflector (83)
[2019.03.17-08.07.51:048][901]LogModuleManager: Shutting down and abandoning module Slate (82)
[2019.03.17-08.07.51:048][901]LogModuleManager: Shutting down and abandoning module EditorStyle (81)
[2019.03.17-08.07.51:054][901]LogModuleManager: Shutting down and abandoning module SourceCodeAccess (80)
[2019.03.17-08.07.51:054][901]LogModuleManager: Shutting down and abandoning module HeadMountedDisplay (79)
[2019.03.17-08.07.51:054][901]LogModuleManager: Shutting down and abandoning module XAudio2 (78)
[2019.03.17-08.07.51:054][901]LogModuleManager: Shutting down and abandoning module Networking (76)
[2019.03.17-08.07.51:054][901]LogModuleManager: Shutting down and abandoning module Core (75)
[2019.03.17-08.07.51:054][901]LogModuleManager: Shutting down and abandoning module DirectoryWatcher (74)
[2019.03.17-08.07.51:054][901]LogDirectoryWatcher: A directory notification for '../../../Engine/Content/' was aborted.
[2019.03.17-08.07.51:054][901]LogDirectoryWatcher: A directory notification for '../../../../../../Users/Rohit Panjwani/Documents/Unreal Projects/Chess/Content/' was aborted.
[2019.03.17-08.07.51:054][901]LogDirectoryWatcher: A directory notification for '../../../Engine/Plugins/2D/Paper2D/Content/' was aborted.
[2019.03.17-08.07.51:054][901]LogModuleManager: Shutting down and abandoning module AssetRegistry (73)
[2019.03.17-08.07.51:210][901]LogModuleManager: Shutting down and abandoning module KismetCompiler (72)
[2019.03.17-08.07.51:210][901]LogModuleManager: Shutting down and abandoning module PhysXFormats (71)
[2019.03.17-08.07.51:210][901]LogModuleManager: Shutting down and abandoning module SimplygonSwarm (70)
[2019.03.17-08.07.51:210][901]LogModuleManager: Shutting down and abandoning module SimplygonMeshReduction (69)
[2019.03.17-08.07.51:210][901]LogModuleManager: Shutting down and abandoning module QuadricMeshReduction (68)
[2019.03.17-08.07.51:210][901]LogModuleManager: Shutting down and abandoning module PropertyEditor (67)
[2019.03.17-08.07.51:210][901]LogModuleManager: Shutting down and abandoning module MeshUtilities (66)
[2019.03.17-08.07.51:210][901]LogModuleManager: Shutting down and abandoning module DerivedDataCache (65)
[2019.03.17-08.07.51:221][901]LogDerivedDataCache: Shutdown
[2019.03.17-08.07.51:221][901]LogModuleManager: Shutting down and abandoning module VulkanShaderFormat (64)
[2019.03.17-08.07.51:221][901]LogModuleManager: Shutting down and abandoning module ShaderFormatOpenGL (63)
[2019.03.17-08.07.51:221][901]LogModuleManager: Shutting down and abandoning module ShaderFormatD3D (62)
[2019.03.17-08.07.51:221][901]LogModuleManager: Shutting down and abandoning module MetalShaderFormat (61)
[2019.03.17-08.07.51:221][901]LogModuleManager: Shutting down and abandoning module TextureFormatUncompressed (60)
[2019.03.17-08.07.51:221][901]LogModuleManager: Shutting down and abandoning module TextureFormatPVR (59)
[2019.03.17-08.07.51:221][901]LogModuleManager: Shutting down and abandoning module TextureFormatDXT (58)
[2019.03.17-08.07.51:221][901]LogModuleManager: Shutting down and abandoning module TextureFormatIntelISPCTexComp (57)
[2019.03.17-08.07.51:221][901]LogModuleManager: Shutting down and abandoning module ImageWrapper (56)
[2019.03.17-08.07.51:221][901]LogModuleManager: Shutting down and abandoning module TextureFormatASTC (55)
[2019.03.17-08.07.51:221][901]LogModuleManager: Shutting down and abandoning module TextureFormatAndroid (54)
[2019.03.17-08.07.51:221][901]LogModuleManager: Shutting down and abandoning module AudioFormatOpus (53)
[2019.03.17-08.07.51:221][901]LogModuleManager: Shutting down and abandoning module AudioFormatOgg (52)
[2019.03.17-08.07.51:221][901]LogModuleManager: Shutting down and abandoning module AudioFormatADPCM (51)
[2019.03.17-08.07.51:221][901]LogModuleManager: Shutting down and abandoning module LinuxTargetPlatform (50)
[2019.03.17-08.07.51:221][901]LogModuleManager: Shutting down and abandoning module LinuxServerTargetPlatform (49)
[2019.03.17-08.07.51:221][901]LogModuleManager: Shutting down and abandoning module LinuxNoEditorTargetPlatform (48)
[2019.03.17-08.07.51:221][901]LogModuleManager: Shutting down and abandoning module LinuxClientTargetPlatform (47)
[2019.03.17-08.07.51:221][901]LogModuleManager: Shutting down and abandoning module TVOSTargetPlatform (46)
[2019.03.17-08.07.51:221][901]LogModuleManager: Shutting down and abandoning module Messaging (45)
[2019.03.17-08.07.51:221][901]LogModuleManager: Shutting down and abandoning module IOSTargetPlatform (44)
[2019.03.17-08.07.51:221][901]LogModuleManager: Shutting down and abandoning module HTML5TargetPlatform (43)
[2019.03.17-08.07.51:222][901]LogModuleManager: Shutting down and abandoning module Android_PVRTCTargetPlatform (42)
[2019.03.17-08.07.51:222][901]LogModuleManager: Shutting down and abandoning module Android_MultiTargetPlatform (41)
[2019.03.17-08.07.51:222][901]LogModuleManager: Shutting down and abandoning module Android_ETC2TargetPlatform (40)
[2019.03.17-08.07.51:222][901]LogModuleManager: Shutting down and abandoning module Android_ETC1TargetPlatform (39)
[2019.03.17-08.07.51:222][901]LogModuleManager: Shutting down and abandoning module Android_DXTTargetPlatform (38)
[2019.03.17-08.07.51:222][901]LogModuleManager: Shutting down and abandoning module Android_ATCTargetPlatform (37)
[2019.03.17-08.07.51:222][901]LogModuleManager: Shutting down and abandoning module Android_ASTCTargetPlatform (36)
[2019.03.17-08.07.51:222][901]LogModuleManager: Shutting down and abandoning module AndroidTargetPlatform (35)
[2019.03.17-08.07.51:222][901]LogModuleManager: Shutting down and abandoning module WindowsTargetPlatform (34)
[2019.03.17-08.07.51:222][901]LogModuleManager: Shutting down and abandoning module WindowsServerTargetPlatform (33)
[2019.03.17-08.07.51:222][901]LogModuleManager: Shutting down and abandoning module WindowsNoEditorTargetPlatform (32)
[2019.03.17-08.07.51:222][901]LogModuleManager: Shutting down and abandoning module WindowsClientTargetPlatform (31)
[2019.03.17-08.07.51:222][901]LogModuleManager: Shutting down and abandoning module MacTargetPlatform (30)
[2019.03.17-08.07.51:222][901]LogModuleManager: Shutting down and abandoning module MacServerTargetPlatform (29)
[2019.03.17-08.07.51:222][901]LogModuleManager: Shutting down and abandoning module MacNoEditorTargetPlatform (28)
[2019.03.17-08.07.51:222][901]LogModuleManager: Shutting down and abandoning module MacClientTargetPlatform (27)
[2019.03.17-08.07.51:222][901]LogModuleManager: Shutting down and abandoning module AllDesktopTargetPlatform (26)
[2019.03.17-08.07.51:222][901]LogModuleManager: Shutting down and abandoning module TargetPlatform (25)
[2019.03.17-08.07.51:222][901]LogModuleManager: Shutting down and abandoning module InputCore (24)
[2019.03.17-08.07.51:222][901]LogModuleManager: Shutting down and abandoning module Settings (23)
[2019.03.17-08.07.51:222][901]LogModuleManager: Shutting down and abandoning module OculusRift (22)
[2019.03.17-08.07.51:222][901]LogModuleManager: Shutting down and abandoning module ExampleDeviceProfileSelector (21)
[2019.03.17-08.07.51:222][901]LogModuleManager: Shutting down and abandoning module OnlineBlueprintSupport (20)
[2019.03.17-08.07.51:222][901]LogModuleManager: Shutting down and abandoning module OnlineSubsystem (18)
[2019.03.17-08.07.51:222][901]LogOnline:Display: Unloading online subsystem: NULL
[2019.03.17-08.07.51:222][901]LogModuleManager: Shutting down and abandoning module SSL (17)
[2019.03.17-08.07.51:224][901]LogModuleManager: Shutting down and abandoning module HTTP (16)
[2019.03.17-08.07.51:224][901]LogModuleManager: Shutting down and abandoning module XMPP (15)
[2019.03.17-08.07.51:224][901]LogModuleManager: Shutting down and abandoning module TextureCompressor (14)
[2019.03.17-08.07.51:224][901]LogModuleManager: Shutting down and abandoning module ShaderCore (13)
[2019.03.17-08.07.51:224][901]LogModuleManager: Shutting down and abandoning module Landscape (12)
[2019.03.17-08.07.51:224][901]LogModuleManager: Shutting down and abandoning module SlateRHIRenderer (11)
[2019.03.17-08.07.51:227][901]LogModuleManager: Shutting down and abandoning module OpenGLDrv (10)
[2019.03.17-08.07.51:227][901]LogModuleManager: Shutting down and abandoning module D3D11RHI (9)
[2019.03.17-08.07.51:227][901]LogModuleManager: Shutting down and abandoning module AnimGraphRuntime (8)
[2019.03.17-08.07.51:227][901]LogModuleManager: Shutting down and abandoning module Renderer (7)
[2019.03.17-08.07.51:227][901]LogModuleManager: Shutting down and abandoning module Engine (6)
[2019.03.17-08.07.51:227][901]LogModuleManager: Shutting down and abandoning module CoreUObject (5)
[2019.03.17-08.07.51:227][901]LogModuleManager: Shutting down and abandoning module NetworkFile (4)
[2019.03.17-08.07.51:227][901]LogModuleManager: Shutting down and abandoning module StreamingFile (3)
[2019.03.17-08.07.51:227][901]LogModuleManager: Shutting down and abandoning module SandboxFile (2)
[2019.03.17-08.07.51:227][901]LogModuleManager: Shutting down and abandoning module PakFile (1)
[2019.03.17-08.07.51:232][901]LogExit: Exiting.
[2019.03.17-08.07.51:234][901]Log file closed, 03/17/19 13:37:51
